[2024-10-30T06:25:22.232+0000] {taskinstance.py:1979} INFO - Dependencies all met for dep_context=non-requeueable deps ti=<TaskInstance: user_automation.stream_data_from_api manual__2024-10-30T06:25:21.434874+00:00 [queued]>
[2024-10-30T06:25:22.242+0000] {taskinstance.py:1979} INFO - Dependencies all met for dep_context=requeueable deps ti=<TaskInstance: user_automation.stream_data_from_api manual__2024-10-30T06:25:21.434874+00:00 [queued]>
[2024-10-30T06:25:22.243+0000] {taskinstance.py:2193} INFO - Starting attempt 1 of 1
[2024-10-30T06:25:22.257+0000] {taskinstance.py:2217} INFO - Executing <Task(PythonOperator): stream_data_from_api> on 2024-10-30 06:25:21.434874+00:00
[2024-10-30T06:25:22.262+0000] {standard_task_runner.py:60} INFO - Started process 253 to run task
[2024-10-30T06:25:22.265+0000] {standard_task_runner.py:87} INFO - Running: ['***', 'tasks', 'run', 'user_automation', 'stream_data_from_api', 'manual__2024-10-30T06:25:21.434874+00:00', '--job-id', '21', '--raw', '--subdir', 'DAGS_FOLDER/my_dag.py', '--cfg-path', '/tmp/tmpd5rny9b5']
[2024-10-30T06:25:22.266+0000] {standard_task_runner.py:88} INFO - Job 21: Subtask stream_data_from_api
[2024-10-30T06:25:22.316+0000] {task_command.py:423} INFO - Running <TaskInstance: user_automation.stream_data_from_api manual__2024-10-30T06:25:21.434874+00:00 [running]> on host 40a6e359d100
[2024-10-30T06:25:22.391+0000] {taskinstance.py:2513} INFO - Exporting env vars: AIRFLOW_CTX_DAG_OWNER='airscholar' AIRFLOW_CTX_DAG_ID='user_automation' AIRFLOW_CTX_TASK_ID='stream_data_from_api' AIRFLOW_CTX_EXECUTION_DATE='2024-10-30T06:25:21.434874+00:00' AIRFLOW_CTX_TRY_NUMBER='1' AIRFLOW_CTX_DAG_RUN_ID='manual__2024-10-30T06:25:21.434874+00:00'
[2024-10-30T06:25:22.430+0000] {conn.py:380} INFO - <BrokerConnection node_id=bootstrap-0 host=broker:29092 <connecting> [IPv4 ('172.18.0.10', 29092)]>: connecting to broker:29092 [('172.18.0.10', 29092) IPv4]
[2024-10-30T06:25:22.431+0000] {conn.py:1205} INFO - Probing node bootstrap-0 broker version
[2024-10-30T06:25:22.432+0000] {conn.py:410} INFO - <BrokerConnection node_id=bootstrap-0 host=broker:29092 <connecting> [IPv4 ('172.18.0.10', 29092)]>: Connection complete.
[2024-10-30T06:25:22.536+0000] {conn.py:1267} INFO - Broker version identified as 2.5.0
[2024-10-30T06:25:22.538+0000] {conn.py:1268} INFO - Set configuration api_version=(2, 5, 0) to skip auto check_version requests on startup
[2024-10-30T06:25:23.263+0000] {logging_mixin.py:188} INFO - oke
[2024-10-30T06:25:23.267+0000] {conn.py:380} INFO - <BrokerConnection node_id=1 host=broker:29092 <connecting> [IPv4 ('172.18.0.10', 29092)]>: connecting to broker:29092 [('172.18.0.10', 29092) IPv4]
[2024-10-30T06:25:23.268+0000] {conn.py:410} INFO - <BrokerConnection node_id=1 host=broker:29092 <connecting> [IPv4 ('172.18.0.10', 29092)]>: Connection complete.
[2024-10-30T06:25:23.270+0000] {conn.py:919} INFO - <BrokerConnection node_id=bootstrap-0 host=broker:29092 <connected> [IPv4 ('172.18.0.10', 29092)]>: Closing connection. 
[2024-10-30T06:25:23.666+0000] {logging_mixin.py:188} INFO - oke
[2024-10-30T06:25:24.091+0000] {logging_mixin.py:188} INFO - oke
[2024-10-30T06:25:24.457+0000] {logging_mixin.py:188} INFO - oke
[2024-10-30T06:25:24.809+0000] {logging_mixin.py:188} INFO - oke
[2024-10-30T06:25:25.173+0000] {logging_mixin.py:188} INFO - oke
[2024-10-30T06:25:25.994+0000] {logging_mixin.py:188} INFO - oke
[2024-10-30T06:25:26.399+0000] {logging_mixin.py:188} INFO - oke
[2024-10-30T06:25:27.198+0000] {logging_mixin.py:188} INFO - oke
[2024-10-30T06:25:27.743+0000] {logging_mixin.py:188} INFO - oke
[2024-10-30T06:25:28.816+0000] {logging_mixin.py:188} INFO - oke
[2024-10-30T06:25:29.766+0000] {logging_mixin.py:188} INFO - oke
[2024-10-30T06:25:30.171+0000] {logging_mixin.py:188} INFO - oke
[2024-10-30T06:25:30.583+0000] {logging_mixin.py:188} INFO - oke
[2024-10-30T06:25:30.924+0000] {logging_mixin.py:188} INFO - oke
[2024-10-30T06:25:31.275+0000] {logging_mixin.py:188} INFO - oke
[2024-10-30T06:25:31.634+0000] {logging_mixin.py:188} INFO - oke
[2024-10-30T06:25:32.269+0000] {logging_mixin.py:188} INFO - oke
[2024-10-30T06:25:32.955+0000] {logging_mixin.py:188} INFO - oke
[2024-10-30T06:25:33.434+0000] {logging_mixin.py:188} INFO - oke
[2024-10-30T06:25:33.798+0000] {logging_mixin.py:188} INFO - oke
[2024-10-30T06:25:34.153+0000] {logging_mixin.py:188} INFO - oke
[2024-10-30T06:25:34.565+0000] {logging_mixin.py:188} INFO - oke
[2024-10-30T06:25:34.987+0000] {logging_mixin.py:188} INFO - oke
[2024-10-30T06:25:36.424+0000] {logging_mixin.py:188} INFO - oke
[2024-10-30T06:25:36.827+0000] {logging_mixin.py:188} INFO - oke
[2024-10-30T06:25:37.250+0000] {logging_mixin.py:188} INFO - oke
[2024-10-30T06:25:37.790+0000] {logging_mixin.py:188} INFO - oke
[2024-10-30T06:25:38.413+0000] {logging_mixin.py:188} INFO - oke
[2024-10-30T06:25:39.853+0000] {logging_mixin.py:188} INFO - oke
[2024-10-30T06:25:40.210+0000] {logging_mixin.py:188} INFO - oke
[2024-10-30T06:25:40.573+0000] {logging_mixin.py:188} INFO - oke
[2024-10-30T06:25:41.103+0000] {logging_mixin.py:188} INFO - oke
[2024-10-30T06:25:41.448+0000] {logging_mixin.py:188} INFO - oke
[2024-10-30T06:25:41.821+0000] {logging_mixin.py:188} INFO - oke
[2024-10-30T06:25:42.200+0000] {logging_mixin.py:188} INFO - oke
[2024-10-30T06:25:42.611+0000] {logging_mixin.py:188} INFO - oke
[2024-10-30T06:25:43.021+0000] {logging_mixin.py:188} INFO - oke
[2024-10-30T06:25:43.465+0000] {logging_mixin.py:188} INFO - oke
[2024-10-30T06:25:43.893+0000] {logging_mixin.py:188} INFO - oke
[2024-10-30T06:25:44.306+0000] {logging_mixin.py:188} INFO - oke
[2024-10-30T06:25:44.706+0000] {logging_mixin.py:188} INFO - oke
[2024-10-30T06:25:45.400+0000] {logging_mixin.py:188} INFO - oke
[2024-10-30T06:25:45.969+0000] {logging_mixin.py:188} INFO - oke
[2024-10-30T06:25:46.389+0000] {logging_mixin.py:188} INFO - oke
[2024-10-30T06:25:46.759+0000] {logging_mixin.py:188} INFO - oke
[2024-10-30T06:25:47.118+0000] {logging_mixin.py:188} INFO - oke
[2024-10-30T06:25:47.528+0000] {logging_mixin.py:188} INFO - oke
[2024-10-30T06:25:47.903+0000] {logging_mixin.py:188} INFO - oke
[2024-10-30T06:25:48.333+0000] {logging_mixin.py:188} INFO - oke
[2024-10-30T06:25:48.764+0000] {logging_mixin.py:188} INFO - oke
[2024-10-30T06:25:49.760+0000] {logging_mixin.py:188} INFO - oke
[2024-10-30T06:25:50.234+0000] {logging_mixin.py:188} INFO - oke
[2024-10-30T06:25:50.737+0000] {logging_mixin.py:188} INFO - oke
[2024-10-30T06:25:51.402+0000] {logging_mixin.py:188} INFO - oke
[2024-10-30T06:25:51.986+0000] {logging_mixin.py:188} INFO - oke
[2024-10-30T06:25:52.391+0000] {logging_mixin.py:188} INFO - oke
[2024-10-30T06:25:52.841+0000] {logging_mixin.py:188} INFO - oke
[2024-10-30T06:25:52.843+0000] {conn.py:919} INFO - <BrokerConnection node_id=1 host=broker:29092 <connected> [IPv4 ('172.18.0.10', 29092)]>: Closing connection. 
[2024-10-30T06:25:52.844+0000] {python.py:202} INFO - Done. Returned value was: None
[2024-10-30T06:25:52.855+0000] {taskinstance.py:1149} INFO - Marking task as SUCCESS. dag_id=user_automation, task_id=stream_data_from_api, execution_date=20241030T062521, start_date=20241030T062522, end_date=20241030T062552
[2024-10-30T06:25:52.915+0000] {local_task_job_runner.py:234} INFO - Task exited with return code 0
[2024-10-30T06:25:52.932+0000] {taskinstance.py:3312} INFO - 0 downstream tasks scheduled from follow-on schedule check
