[2024-10-28T00:44:10.548+0000] {processor.py:161} INFO - Started process (PID=6177) to work on /opt/airflow/dags/my_dag.py
[2024-10-28T00:44:10.551+0000] {processor.py:830} INFO - Processing file /opt/airflow/dags/my_dag.py for tasks to queue
[2024-10-28T00:44:10.554+0000] {logging_mixin.py:188} INFO - [2024-10-28T00:44:10.554+0000] {dagbag.py:540} INFO - Filling up the DagBag from /opt/airflow/dags/my_dag.py
[2024-10-28T00:44:10.588+0000] {processor.py:840} INFO - DAG(s) 'user_automation' retrieved from /opt/airflow/dags/my_dag.py
[2024-10-28T00:44:10.636+0000] {logging_mixin.py:188} INFO - [2024-10-28T00:44:10.635+0000] {dag.py:3047} INFO - Sync 1 DAGs
[2024-10-28T00:44:10.669+0000] {logging_mixin.py:188} INFO - [2024-10-28T00:44:10.669+0000] {dag.py:3834} INFO - Setting next_dagrun for user_automation to 2024-10-28 00:00:00+00:00, run_after=2024-10-29 00:00:00+00:00
[2024-10-28T00:44:10.697+0000] {processor.py:183} INFO - Processing /opt/airflow/dags/my_dag.py took 0.160 seconds
[2024-10-28T03:08:08.666+0000] {processor.py:161} INFO - Started process (PID=6178) to work on /opt/airflow/dags/my_dag.py
[2024-10-28T03:08:08.676+0000] {processor.py:830} INFO - Processing file /opt/airflow/dags/my_dag.py for tasks to queue
[2024-10-28T03:08:08.689+0000] {logging_mixin.py:188} INFO - [2024-10-28T03:08:08.688+0000] {dagbag.py:540} INFO - Filling up the DagBag from /opt/airflow/dags/my_dag.py
[2024-10-28T03:08:08.842+0000] {processor.py:840} INFO - DAG(s) 'user_automation' retrieved from /opt/airflow/dags/my_dag.py
[2024-10-28T03:08:08.925+0000] {logging_mixin.py:188} INFO - [2024-10-28T03:08:08.925+0000] {dag.py:3047} INFO - Sync 1 DAGs
[2024-10-28T03:08:09.037+0000] {logging_mixin.py:188} INFO - [2024-10-28T03:08:09.036+0000] {dag.py:3834} INFO - Setting next_dagrun for user_automation to 2024-10-28 00:00:00+00:00, run_after=2024-10-29 00:00:00+00:00
[2024-10-28T03:08:09.121+0000] {processor.py:183} INFO - Processing /opt/airflow/dags/my_dag.py took 0.459 seconds
[2024-10-28T06:06:20.019+0000] {processor.py:161} INFO - Started process (PID=6179) to work on /opt/airflow/dags/my_dag.py
[2024-10-28T06:06:20.029+0000] {processor.py:830} INFO - Processing file /opt/airflow/dags/my_dag.py for tasks to queue
[2024-10-28T06:06:20.034+0000] {logging_mixin.py:188} INFO - [2024-10-28T06:06:20.033+0000] {dagbag.py:540} INFO - Filling up the DagBag from /opt/airflow/dags/my_dag.py
[2024-10-28T06:06:20.101+0000] {processor.py:840} INFO - DAG(s) 'user_automation' retrieved from /opt/airflow/dags/my_dag.py
[2024-10-28T06:06:20.227+0000] {logging_mixin.py:188} INFO - [2024-10-28T06:06:20.227+0000] {dag.py:3047} INFO - Sync 1 DAGs
[2024-10-28T06:06:20.351+0000] {logging_mixin.py:188} INFO - [2024-10-28T06:06:20.341+0000] {dag.py:3834} INFO - Setting next_dagrun for user_automation to 2024-10-28 00:00:00+00:00, run_after=2024-10-29 00:00:00+00:00
[2024-10-28T06:06:20.451+0000] {processor.py:183} INFO - Processing /opt/airflow/dags/my_dag.py took 0.436 seconds
[2024-10-28T06:06:50.862+0000] {processor.py:161} INFO - Started process (PID=6186) to work on /opt/airflow/dags/my_dag.py
[2024-10-28T06:06:50.863+0000] {processor.py:830} INFO - Processing file /opt/airflow/dags/my_dag.py for tasks to queue
[2024-10-28T06:06:50.866+0000] {logging_mixin.py:188} INFO - [2024-10-28T06:06:50.865+0000] {dagbag.py:540} INFO - Filling up the DagBag from /opt/airflow/dags/my_dag.py
[2024-10-28T06:06:50.890+0000] {processor.py:840} INFO - DAG(s) 'user_automation' retrieved from /opt/airflow/dags/my_dag.py
[2024-10-28T06:06:50.919+0000] {logging_mixin.py:188} INFO - [2024-10-28T06:06:50.918+0000] {dag.py:3047} INFO - Sync 1 DAGs
[2024-10-28T06:06:50.940+0000] {logging_mixin.py:188} INFO - [2024-10-28T06:06:50.940+0000] {dag.py:3834} INFO - Setting next_dagrun for user_automation to 2024-10-28 00:00:00+00:00, run_after=2024-10-29 00:00:00+00:00
[2024-10-28T06:06:50.962+0000] {processor.py:183} INFO - Processing /opt/airflow/dags/my_dag.py took 0.104 seconds
[2024-10-28T06:07:21.040+0000] {processor.py:161} INFO - Started process (PID=6193) to work on /opt/airflow/dags/my_dag.py
[2024-10-28T06:07:21.041+0000] {processor.py:830} INFO - Processing file /opt/airflow/dags/my_dag.py for tasks to queue
[2024-10-28T06:07:21.043+0000] {logging_mixin.py:188} INFO - [2024-10-28T06:07:21.043+0000] {dagbag.py:540} INFO - Filling up the DagBag from /opt/airflow/dags/my_dag.py
[2024-10-28T06:07:21.066+0000] {processor.py:840} INFO - DAG(s) 'user_automation' retrieved from /opt/airflow/dags/my_dag.py
[2024-10-28T06:07:21.092+0000] {logging_mixin.py:188} INFO - [2024-10-28T06:07:21.091+0000] {dag.py:3047} INFO - Sync 1 DAGs
[2024-10-28T06:07:21.112+0000] {logging_mixin.py:188} INFO - [2024-10-28T06:07:21.112+0000] {dag.py:3834} INFO - Setting next_dagrun for user_automation to 2024-10-28 00:00:00+00:00, run_after=2024-10-29 00:00:00+00:00
[2024-10-28T06:07:21.135+0000] {processor.py:183} INFO - Processing /opt/airflow/dags/my_dag.py took 0.099 seconds
[2024-10-28T06:07:51.327+0000] {processor.py:161} INFO - Started process (PID=6200) to work on /opt/airflow/dags/my_dag.py
[2024-10-28T06:07:51.328+0000] {processor.py:830} INFO - Processing file /opt/airflow/dags/my_dag.py for tasks to queue
[2024-10-28T06:07:51.330+0000] {logging_mixin.py:188} INFO - [2024-10-28T06:07:51.329+0000] {dagbag.py:540} INFO - Filling up the DagBag from /opt/airflow/dags/my_dag.py
[2024-10-28T06:07:51.352+0000] {processor.py:840} INFO - DAG(s) 'user_automation' retrieved from /opt/airflow/dags/my_dag.py
[2024-10-28T06:07:51.378+0000] {logging_mixin.py:188} INFO - [2024-10-28T06:07:51.378+0000] {dag.py:3047} INFO - Sync 1 DAGs
[2024-10-28T06:07:51.398+0000] {logging_mixin.py:188} INFO - [2024-10-28T06:07:51.398+0000] {dag.py:3834} INFO - Setting next_dagrun for user_automation to 2024-10-28 00:00:00+00:00, run_after=2024-10-29 00:00:00+00:00
[2024-10-28T06:07:51.418+0000] {processor.py:183} INFO - Processing /opt/airflow/dags/my_dag.py took 0.094 seconds
[2024-10-28T06:08:21.562+0000] {processor.py:161} INFO - Started process (PID=6207) to work on /opt/airflow/dags/my_dag.py
[2024-10-28T06:08:21.564+0000] {processor.py:830} INFO - Processing file /opt/airflow/dags/my_dag.py for tasks to queue
[2024-10-28T06:08:21.566+0000] {logging_mixin.py:188} INFO - [2024-10-28T06:08:21.565+0000] {dagbag.py:540} INFO - Filling up the DagBag from /opt/airflow/dags/my_dag.py
[2024-10-28T06:08:21.588+0000] {processor.py:840} INFO - DAG(s) 'user_automation' retrieved from /opt/airflow/dags/my_dag.py
[2024-10-28T06:08:21.617+0000] {logging_mixin.py:188} INFO - [2024-10-28T06:08:21.616+0000] {dag.py:3047} INFO - Sync 1 DAGs
[2024-10-28T06:08:21.638+0000] {logging_mixin.py:188} INFO - [2024-10-28T06:08:21.638+0000] {dag.py:3834} INFO - Setting next_dagrun for user_automation to 2024-10-28 00:00:00+00:00, run_after=2024-10-29 00:00:00+00:00
[2024-10-28T06:08:21.661+0000] {processor.py:183} INFO - Processing /opt/airflow/dags/my_dag.py took 0.103 seconds
[2024-10-28T06:08:51.815+0000] {processor.py:161} INFO - Started process (PID=6214) to work on /opt/airflow/dags/my_dag.py
[2024-10-28T06:08:51.816+0000] {processor.py:830} INFO - Processing file /opt/airflow/dags/my_dag.py for tasks to queue
[2024-10-28T06:08:51.818+0000] {logging_mixin.py:188} INFO - [2024-10-28T06:08:51.817+0000] {dagbag.py:540} INFO - Filling up the DagBag from /opt/airflow/dags/my_dag.py
[2024-10-28T06:08:51.839+0000] {processor.py:840} INFO - DAG(s) 'user_automation' retrieved from /opt/airflow/dags/my_dag.py
[2024-10-28T06:08:51.863+0000] {logging_mixin.py:188} INFO - [2024-10-28T06:08:51.863+0000] {dag.py:3047} INFO - Sync 1 DAGs
[2024-10-28T06:08:51.883+0000] {logging_mixin.py:188} INFO - [2024-10-28T06:08:51.883+0000] {dag.py:3834} INFO - Setting next_dagrun for user_automation to 2024-10-28 00:00:00+00:00, run_after=2024-10-29 00:00:00+00:00
[2024-10-28T06:08:51.904+0000] {processor.py:183} INFO - Processing /opt/airflow/dags/my_dag.py took 0.093 seconds
[2024-10-28T06:09:22.079+0000] {processor.py:161} INFO - Started process (PID=6221) to work on /opt/airflow/dags/my_dag.py
[2024-10-28T06:09:22.079+0000] {processor.py:830} INFO - Processing file /opt/airflow/dags/my_dag.py for tasks to queue
[2024-10-28T06:09:22.081+0000] {logging_mixin.py:188} INFO - [2024-10-28T06:09:22.081+0000] {dagbag.py:540} INFO - Filling up the DagBag from /opt/airflow/dags/my_dag.py
[2024-10-28T06:09:22.103+0000] {processor.py:840} INFO - DAG(s) 'user_automation' retrieved from /opt/airflow/dags/my_dag.py
[2024-10-28T06:09:22.126+0000] {logging_mixin.py:188} INFO - [2024-10-28T06:09:22.126+0000] {dag.py:3047} INFO - Sync 1 DAGs
[2024-10-28T06:09:22.148+0000] {logging_mixin.py:188} INFO - [2024-10-28T06:09:22.148+0000] {dag.py:3834} INFO - Setting next_dagrun for user_automation to 2024-10-28 00:00:00+00:00, run_after=2024-10-29 00:00:00+00:00
[2024-10-28T06:09:22.169+0000] {processor.py:183} INFO - Processing /opt/airflow/dags/my_dag.py took 0.094 seconds
[2024-10-28T06:09:52.348+0000] {processor.py:161} INFO - Started process (PID=6228) to work on /opt/airflow/dags/my_dag.py
[2024-10-28T06:09:52.349+0000] {processor.py:830} INFO - Processing file /opt/airflow/dags/my_dag.py for tasks to queue
[2024-10-28T06:09:52.351+0000] {logging_mixin.py:188} INFO - [2024-10-28T06:09:52.351+0000] {dagbag.py:540} INFO - Filling up the DagBag from /opt/airflow/dags/my_dag.py
[2024-10-28T06:09:52.371+0000] {processor.py:840} INFO - DAG(s) 'user_automation' retrieved from /opt/airflow/dags/my_dag.py
[2024-10-28T06:09:52.396+0000] {logging_mixin.py:188} INFO - [2024-10-28T06:09:52.396+0000] {dag.py:3047} INFO - Sync 1 DAGs
[2024-10-28T06:09:52.416+0000] {logging_mixin.py:188} INFO - [2024-10-28T06:09:52.416+0000] {dag.py:3834} INFO - Setting next_dagrun for user_automation to 2024-10-28 00:00:00+00:00, run_after=2024-10-29 00:00:00+00:00
[2024-10-28T06:09:52.438+0000] {processor.py:183} INFO - Processing /opt/airflow/dags/my_dag.py took 0.093 seconds
[2024-10-28T06:45:02.037+0000] {processor.py:161} INFO - Started process (PID=6235) to work on /opt/airflow/dags/my_dag.py
[2024-10-28T06:45:02.039+0000] {processor.py:830} INFO - Processing file /opt/airflow/dags/my_dag.py for tasks to queue
[2024-10-28T06:45:02.043+0000] {logging_mixin.py:188} INFO - [2024-10-28T06:45:02.042+0000] {dagbag.py:540} INFO - Filling up the DagBag from /opt/airflow/dags/my_dag.py
[2024-10-28T06:45:02.093+0000] {processor.py:840} INFO - DAG(s) 'user_automation' retrieved from /opt/airflow/dags/my_dag.py
[2024-10-28T06:45:02.179+0000] {logging_mixin.py:188} INFO - [2024-10-28T06:45:02.179+0000] {dag.py:3047} INFO - Sync 1 DAGs
[2024-10-28T06:45:02.237+0000] {logging_mixin.py:188} INFO - [2024-10-28T06:45:02.236+0000] {dag.py:3834} INFO - Setting next_dagrun for user_automation to 2024-10-28 00:00:00+00:00, run_after=2024-10-29 00:00:00+00:00
[2024-10-28T06:45:02.269+0000] {processor.py:183} INFO - Processing /opt/airflow/dags/my_dag.py took 0.239 seconds
[2024-10-28T06:45:32.474+0000] {processor.py:161} INFO - Started process (PID=6242) to work on /opt/airflow/dags/my_dag.py
[2024-10-28T06:45:32.476+0000] {processor.py:830} INFO - Processing file /opt/airflow/dags/my_dag.py for tasks to queue
[2024-10-28T06:45:32.478+0000] {logging_mixin.py:188} INFO - [2024-10-28T06:45:32.477+0000] {dagbag.py:540} INFO - Filling up the DagBag from /opt/airflow/dags/my_dag.py
[2024-10-28T06:45:32.503+0000] {processor.py:840} INFO - DAG(s) 'user_automation' retrieved from /opt/airflow/dags/my_dag.py
[2024-10-28T06:45:32.529+0000] {logging_mixin.py:188} INFO - [2024-10-28T06:45:32.529+0000] {dag.py:3047} INFO - Sync 1 DAGs
[2024-10-28T06:45:32.551+0000] {logging_mixin.py:188} INFO - [2024-10-28T06:45:32.551+0000] {dag.py:3834} INFO - Setting next_dagrun for user_automation to 2024-10-28 00:00:00+00:00, run_after=2024-10-29 00:00:00+00:00
[2024-10-28T06:45:32.574+0000] {processor.py:183} INFO - Processing /opt/airflow/dags/my_dag.py took 0.103 seconds
[2024-10-28T06:46:02.687+0000] {processor.py:161} INFO - Started process (PID=6249) to work on /opt/airflow/dags/my_dag.py
[2024-10-28T06:46:02.688+0000] {processor.py:830} INFO - Processing file /opt/airflow/dags/my_dag.py for tasks to queue
[2024-10-28T06:46:02.691+0000] {logging_mixin.py:188} INFO - [2024-10-28T06:46:02.691+0000] {dagbag.py:540} INFO - Filling up the DagBag from /opt/airflow/dags/my_dag.py
[2024-10-28T06:46:02.729+0000] {processor.py:840} INFO - DAG(s) 'user_automation' retrieved from /opt/airflow/dags/my_dag.py
[2024-10-28T06:46:02.766+0000] {logging_mixin.py:188} INFO - [2024-10-28T06:46:02.766+0000] {dag.py:3047} INFO - Sync 1 DAGs
[2024-10-28T06:46:02.796+0000] {logging_mixin.py:188} INFO - [2024-10-28T06:46:02.796+0000] {dag.py:3834} INFO - Setting next_dagrun for user_automation to 2024-10-28 00:00:00+00:00, run_after=2024-10-29 00:00:00+00:00
[2024-10-28T06:46:02.823+0000] {processor.py:183} INFO - Processing /opt/airflow/dags/my_dag.py took 0.141 seconds
[2024-10-28T06:46:32.993+0000] {processor.py:161} INFO - Started process (PID=6256) to work on /opt/airflow/dags/my_dag.py
[2024-10-28T06:46:32.994+0000] {processor.py:830} INFO - Processing file /opt/airflow/dags/my_dag.py for tasks to queue
[2024-10-28T06:46:32.997+0000] {logging_mixin.py:188} INFO - [2024-10-28T06:46:32.996+0000] {dagbag.py:540} INFO - Filling up the DagBag from /opt/airflow/dags/my_dag.py
[2024-10-28T06:46:33.030+0000] {processor.py:840} INFO - DAG(s) 'user_automation' retrieved from /opt/airflow/dags/my_dag.py
[2024-10-28T06:46:33.070+0000] {logging_mixin.py:188} INFO - [2024-10-28T06:46:33.069+0000] {dag.py:3047} INFO - Sync 1 DAGs
[2024-10-28T06:46:33.113+0000] {logging_mixin.py:188} INFO - [2024-10-28T06:46:33.112+0000] {dag.py:3834} INFO - Setting next_dagrun for user_automation to 2024-10-28 00:00:00+00:00, run_after=2024-10-29 00:00:00+00:00
[2024-10-28T06:46:33.147+0000] {processor.py:183} INFO - Processing /opt/airflow/dags/my_dag.py took 0.159 seconds
[2024-10-28T06:47:03.200+0000] {processor.py:161} INFO - Started process (PID=6263) to work on /opt/airflow/dags/my_dag.py
[2024-10-28T06:47:03.202+0000] {processor.py:830} INFO - Processing file /opt/airflow/dags/my_dag.py for tasks to queue
[2024-10-28T06:47:03.205+0000] {logging_mixin.py:188} INFO - [2024-10-28T06:47:03.204+0000] {dagbag.py:540} INFO - Filling up the DagBag from /opt/airflow/dags/my_dag.py
[2024-10-28T06:47:03.232+0000] {processor.py:840} INFO - DAG(s) 'user_automation' retrieved from /opt/airflow/dags/my_dag.py
[2024-10-28T06:47:03.262+0000] {logging_mixin.py:188} INFO - [2024-10-28T06:47:03.261+0000] {dag.py:3047} INFO - Sync 1 DAGs
[2024-10-28T06:47:03.295+0000] {logging_mixin.py:188} INFO - [2024-10-28T06:47:03.295+0000] {dag.py:3834} INFO - Setting next_dagrun for user_automation to 2024-10-28 00:00:00+00:00, run_after=2024-10-29 00:00:00+00:00
[2024-10-28T06:47:03.325+0000] {processor.py:183} INFO - Processing /opt/airflow/dags/my_dag.py took 0.128 seconds
[2024-10-28T06:47:33.437+0000] {processor.py:161} INFO - Started process (PID=6270) to work on /opt/airflow/dags/my_dag.py
[2024-10-28T06:47:33.439+0000] {processor.py:830} INFO - Processing file /opt/airflow/dags/my_dag.py for tasks to queue
[2024-10-28T06:47:33.441+0000] {logging_mixin.py:188} INFO - [2024-10-28T06:47:33.440+0000] {dagbag.py:540} INFO - Filling up the DagBag from /opt/airflow/dags/my_dag.py
[2024-10-28T06:47:33.469+0000] {processor.py:840} INFO - DAG(s) 'user_automation' retrieved from /opt/airflow/dags/my_dag.py
[2024-10-28T06:47:33.501+0000] {logging_mixin.py:188} INFO - [2024-10-28T06:47:33.501+0000] {dag.py:3047} INFO - Sync 1 DAGs
[2024-10-28T06:47:33.527+0000] {logging_mixin.py:188} INFO - [2024-10-28T06:47:33.527+0000] {dag.py:3834} INFO - Setting next_dagrun for user_automation to 2024-10-28 00:00:00+00:00, run_after=2024-10-29 00:00:00+00:00
[2024-10-28T06:47:33.557+0000] {processor.py:183} INFO - Processing /opt/airflow/dags/my_dag.py took 0.124 seconds
[2024-10-28T06:48:03.773+0000] {processor.py:161} INFO - Started process (PID=6277) to work on /opt/airflow/dags/my_dag.py
[2024-10-28T06:48:03.774+0000] {processor.py:830} INFO - Processing file /opt/airflow/dags/my_dag.py for tasks to queue
[2024-10-28T06:48:03.781+0000] {logging_mixin.py:188} INFO - [2024-10-28T06:48:03.780+0000] {dagbag.py:540} INFO - Filling up the DagBag from /opt/airflow/dags/my_dag.py
[2024-10-28T06:48:03.809+0000] {processor.py:840} INFO - DAG(s) 'user_automation' retrieved from /opt/airflow/dags/my_dag.py
[2024-10-28T06:48:03.845+0000] {logging_mixin.py:188} INFO - [2024-10-28T06:48:03.845+0000] {dag.py:3047} INFO - Sync 1 DAGs
[2024-10-28T06:48:03.883+0000] {logging_mixin.py:188} INFO - [2024-10-28T06:48:03.883+0000] {dag.py:3834} INFO - Setting next_dagrun for user_automation to 2024-10-28 00:00:00+00:00, run_after=2024-10-29 00:00:00+00:00
[2024-10-28T06:48:03.916+0000] {processor.py:183} INFO - Processing /opt/airflow/dags/my_dag.py took 0.148 seconds
[2024-10-28T06:48:34.019+0000] {processor.py:161} INFO - Started process (PID=6284) to work on /opt/airflow/dags/my_dag.py
[2024-10-28T06:48:34.026+0000] {processor.py:830} INFO - Processing file /opt/airflow/dags/my_dag.py for tasks to queue
[2024-10-28T06:48:34.029+0000] {logging_mixin.py:188} INFO - [2024-10-28T06:48:34.029+0000] {dagbag.py:540} INFO - Filling up the DagBag from /opt/airflow/dags/my_dag.py
[2024-10-28T06:48:34.055+0000] {processor.py:840} INFO - DAG(s) 'user_automation' retrieved from /opt/airflow/dags/my_dag.py
[2024-10-28T06:48:34.084+0000] {logging_mixin.py:188} INFO - [2024-10-28T06:48:34.084+0000] {dag.py:3047} INFO - Sync 1 DAGs
[2024-10-28T06:48:34.110+0000] {logging_mixin.py:188} INFO - [2024-10-28T06:48:34.110+0000] {dag.py:3834} INFO - Setting next_dagrun for user_automation to 2024-10-28 00:00:00+00:00, run_after=2024-10-29 00:00:00+00:00
[2024-10-28T06:48:34.137+0000] {processor.py:183} INFO - Processing /opt/airflow/dags/my_dag.py took 0.122 seconds
[2024-10-28T06:49:04.409+0000] {processor.py:161} INFO - Started process (PID=6291) to work on /opt/airflow/dags/my_dag.py
[2024-10-28T06:49:04.410+0000] {processor.py:830} INFO - Processing file /opt/airflow/dags/my_dag.py for tasks to queue
[2024-10-28T06:49:04.413+0000] {logging_mixin.py:188} INFO - [2024-10-28T06:49:04.413+0000] {dagbag.py:540} INFO - Filling up the DagBag from /opt/airflow/dags/my_dag.py
[2024-10-28T06:49:04.450+0000] {processor.py:840} INFO - DAG(s) 'user_automation' retrieved from /opt/airflow/dags/my_dag.py
[2024-10-28T06:49:04.487+0000] {logging_mixin.py:188} INFO - [2024-10-28T06:49:04.487+0000] {dag.py:3047} INFO - Sync 1 DAGs
[2024-10-28T06:49:04.521+0000] {logging_mixin.py:188} INFO - [2024-10-28T06:49:04.521+0000] {dag.py:3834} INFO - Setting next_dagrun for user_automation to 2024-10-28 00:00:00+00:00, run_after=2024-10-29 00:00:00+00:00
[2024-10-28T06:49:04.561+0000] {processor.py:183} INFO - Processing /opt/airflow/dags/my_dag.py took 0.157 seconds
[2024-10-28T06:49:34.613+0000] {processor.py:161} INFO - Started process (PID=6298) to work on /opt/airflow/dags/my_dag.py
[2024-10-28T06:49:34.614+0000] {processor.py:830} INFO - Processing file /opt/airflow/dags/my_dag.py for tasks to queue
[2024-10-28T06:49:34.618+0000] {logging_mixin.py:188} INFO - [2024-10-28T06:49:34.618+0000] {dagbag.py:540} INFO - Filling up the DagBag from /opt/airflow/dags/my_dag.py
[2024-10-28T06:49:34.647+0000] {processor.py:840} INFO - DAG(s) 'user_automation' retrieved from /opt/airflow/dags/my_dag.py
[2024-10-28T06:49:34.678+0000] {logging_mixin.py:188} INFO - [2024-10-28T06:49:34.677+0000] {dag.py:3047} INFO - Sync 1 DAGs
[2024-10-28T06:49:34.705+0000] {logging_mixin.py:188} INFO - [2024-10-28T06:49:34.704+0000] {dag.py:3834} INFO - Setting next_dagrun for user_automation to 2024-10-28 00:00:00+00:00, run_after=2024-10-29 00:00:00+00:00
[2024-10-28T06:49:34.730+0000] {processor.py:183} INFO - Processing /opt/airflow/dags/my_dag.py took 0.121 seconds
[2024-10-28T06:50:04.968+0000] {processor.py:161} INFO - Started process (PID=6305) to work on /opt/airflow/dags/my_dag.py
[2024-10-28T06:50:04.969+0000] {processor.py:830} INFO - Processing file /opt/airflow/dags/my_dag.py for tasks to queue
[2024-10-28T06:50:04.971+0000] {logging_mixin.py:188} INFO - [2024-10-28T06:50:04.970+0000] {dagbag.py:540} INFO - Filling up the DagBag from /opt/airflow/dags/my_dag.py
[2024-10-28T06:50:04.992+0000] {processor.py:840} INFO - DAG(s) 'user_automation' retrieved from /opt/airflow/dags/my_dag.py
[2024-10-28T06:50:05.017+0000] {logging_mixin.py:188} INFO - [2024-10-28T06:50:05.017+0000] {dag.py:3047} INFO - Sync 1 DAGs
[2024-10-28T06:50:05.040+0000] {logging_mixin.py:188} INFO - [2024-10-28T06:50:05.040+0000] {dag.py:3834} INFO - Setting next_dagrun for user_automation to 2024-10-28 00:00:00+00:00, run_after=2024-10-29 00:00:00+00:00
[2024-10-28T06:50:05.064+0000] {processor.py:183} INFO - Processing /opt/airflow/dags/my_dag.py took 0.099 seconds
[2024-10-28T06:50:35.181+0000] {processor.py:161} INFO - Started process (PID=6312) to work on /opt/airflow/dags/my_dag.py
[2024-10-28T06:50:35.182+0000] {processor.py:830} INFO - Processing file /opt/airflow/dags/my_dag.py for tasks to queue
[2024-10-28T06:50:35.185+0000] {logging_mixin.py:188} INFO - [2024-10-28T06:50:35.184+0000] {dagbag.py:540} INFO - Filling up the DagBag from /opt/airflow/dags/my_dag.py
[2024-10-28T06:50:35.213+0000] {processor.py:840} INFO - DAG(s) 'user_automation' retrieved from /opt/airflow/dags/my_dag.py
[2024-10-28T06:50:35.246+0000] {logging_mixin.py:188} INFO - [2024-10-28T06:50:35.246+0000] {dag.py:3047} INFO - Sync 1 DAGs
[2024-10-28T06:50:35.275+0000] {logging_mixin.py:188} INFO - [2024-10-28T06:50:35.275+0000] {dag.py:3834} INFO - Setting next_dagrun for user_automation to 2024-10-28 00:00:00+00:00, run_after=2024-10-29 00:00:00+00:00
[2024-10-28T06:50:35.304+0000] {processor.py:183} INFO - Processing /opt/airflow/dags/my_dag.py took 0.127 seconds
[2024-10-28T06:51:05.458+0000] {processor.py:161} INFO - Started process (PID=6319) to work on /opt/airflow/dags/my_dag.py
[2024-10-28T06:51:05.460+0000] {processor.py:830} INFO - Processing file /opt/airflow/dags/my_dag.py for tasks to queue
[2024-10-28T06:51:05.462+0000] {logging_mixin.py:188} INFO - [2024-10-28T06:51:05.462+0000] {dagbag.py:540} INFO - Filling up the DagBag from /opt/airflow/dags/my_dag.py
[2024-10-28T06:51:05.485+0000] {processor.py:840} INFO - DAG(s) 'user_automation' retrieved from /opt/airflow/dags/my_dag.py
[2024-10-28T06:51:05.513+0000] {logging_mixin.py:188} INFO - [2024-10-28T06:51:05.513+0000] {dag.py:3047} INFO - Sync 1 DAGs
[2024-10-28T06:51:05.538+0000] {logging_mixin.py:188} INFO - [2024-10-28T06:51:05.537+0000] {dag.py:3834} INFO - Setting next_dagrun for user_automation to 2024-10-28 00:00:00+00:00, run_after=2024-10-29 00:00:00+00:00
[2024-10-28T06:51:05.562+0000] {processor.py:183} INFO - Processing /opt/airflow/dags/my_dag.py took 0.107 seconds
[2024-10-28T06:51:35.716+0000] {processor.py:161} INFO - Started process (PID=6326) to work on /opt/airflow/dags/my_dag.py
[2024-10-28T06:51:35.718+0000] {processor.py:830} INFO - Processing file /opt/airflow/dags/my_dag.py for tasks to queue
[2024-10-28T06:51:35.720+0000] {logging_mixin.py:188} INFO - [2024-10-28T06:51:35.720+0000] {dagbag.py:540} INFO - Filling up the DagBag from /opt/airflow/dags/my_dag.py
[2024-10-28T06:51:35.742+0000] {processor.py:840} INFO - DAG(s) 'user_automation' retrieved from /opt/airflow/dags/my_dag.py
[2024-10-28T06:51:35.769+0000] {logging_mixin.py:188} INFO - [2024-10-28T06:51:35.769+0000] {dag.py:3047} INFO - Sync 1 DAGs
[2024-10-28T06:51:35.794+0000] {logging_mixin.py:188} INFO - [2024-10-28T06:51:35.794+0000] {dag.py:3834} INFO - Setting next_dagrun for user_automation to 2024-10-28 00:00:00+00:00, run_after=2024-10-29 00:00:00+00:00
[2024-10-28T06:51:35.819+0000] {processor.py:183} INFO - Processing /opt/airflow/dags/my_dag.py took 0.106 seconds
[2024-10-28T06:52:05.956+0000] {processor.py:161} INFO - Started process (PID=6333) to work on /opt/airflow/dags/my_dag.py
[2024-10-28T06:52:05.957+0000] {processor.py:830} INFO - Processing file /opt/airflow/dags/my_dag.py for tasks to queue
[2024-10-28T06:52:05.961+0000] {logging_mixin.py:188} INFO - [2024-10-28T06:52:05.960+0000] {dagbag.py:540} INFO - Filling up the DagBag from /opt/airflow/dags/my_dag.py
[2024-10-28T06:52:05.995+0000] {processor.py:840} INFO - DAG(s) 'user_automation' retrieved from /opt/airflow/dags/my_dag.py
[2024-10-28T06:52:06.031+0000] {logging_mixin.py:188} INFO - [2024-10-28T06:52:06.030+0000] {dag.py:3047} INFO - Sync 1 DAGs
[2024-10-28T06:52:06.058+0000] {logging_mixin.py:188} INFO - [2024-10-28T06:52:06.058+0000] {dag.py:3834} INFO - Setting next_dagrun for user_automation to 2024-10-28 00:00:00+00:00, run_after=2024-10-29 00:00:00+00:00
[2024-10-28T06:52:06.086+0000] {processor.py:183} INFO - Processing /opt/airflow/dags/my_dag.py took 0.135 seconds
[2024-10-28T06:52:36.185+0000] {processor.py:161} INFO - Started process (PID=6340) to work on /opt/airflow/dags/my_dag.py
[2024-10-28T06:52:36.186+0000] {processor.py:830} INFO - Processing file /opt/airflow/dags/my_dag.py for tasks to queue
[2024-10-28T06:52:36.188+0000] {logging_mixin.py:188} INFO - [2024-10-28T06:52:36.188+0000] {dagbag.py:540} INFO - Filling up the DagBag from /opt/airflow/dags/my_dag.py
[2024-10-28T06:52:36.211+0000] {processor.py:840} INFO - DAG(s) 'user_automation' retrieved from /opt/airflow/dags/my_dag.py
[2024-10-28T06:52:36.235+0000] {logging_mixin.py:188} INFO - [2024-10-28T06:52:36.235+0000] {dag.py:3047} INFO - Sync 1 DAGs
[2024-10-28T06:52:36.256+0000] {logging_mixin.py:188} INFO - [2024-10-28T06:52:36.256+0000] {dag.py:3834} INFO - Setting next_dagrun for user_automation to 2024-10-28 00:00:00+00:00, run_after=2024-10-29 00:00:00+00:00
[2024-10-28T06:52:36.278+0000] {processor.py:183} INFO - Processing /opt/airflow/dags/my_dag.py took 0.097 seconds
[2024-10-28T06:53:06.445+0000] {processor.py:161} INFO - Started process (PID=6347) to work on /opt/airflow/dags/my_dag.py
[2024-10-28T06:53:06.446+0000] {processor.py:830} INFO - Processing file /opt/airflow/dags/my_dag.py for tasks to queue
[2024-10-28T06:53:06.448+0000] {logging_mixin.py:188} INFO - [2024-10-28T06:53:06.448+0000] {dagbag.py:540} INFO - Filling up the DagBag from /opt/airflow/dags/my_dag.py
[2024-10-28T06:53:06.471+0000] {processor.py:840} INFO - DAG(s) 'user_automation' retrieved from /opt/airflow/dags/my_dag.py
[2024-10-28T06:53:06.497+0000] {logging_mixin.py:188} INFO - [2024-10-28T06:53:06.496+0000] {dag.py:3047} INFO - Sync 1 DAGs
[2024-10-28T06:53:06.521+0000] {logging_mixin.py:188} INFO - [2024-10-28T06:53:06.521+0000] {dag.py:3834} INFO - Setting next_dagrun for user_automation to 2024-10-28 00:00:00+00:00, run_after=2024-10-29 00:00:00+00:00
[2024-10-28T06:53:06.545+0000] {processor.py:183} INFO - Processing /opt/airflow/dags/my_dag.py took 0.103 seconds
[2024-10-28T06:53:36.631+0000] {processor.py:161} INFO - Started process (PID=6354) to work on /opt/airflow/dags/my_dag.py
[2024-10-28T06:53:36.632+0000] {processor.py:830} INFO - Processing file /opt/airflow/dags/my_dag.py for tasks to queue
[2024-10-28T06:53:36.634+0000] {logging_mixin.py:188} INFO - [2024-10-28T06:53:36.634+0000] {dagbag.py:540} INFO - Filling up the DagBag from /opt/airflow/dags/my_dag.py
[2024-10-28T06:53:36.658+0000] {processor.py:840} INFO - DAG(s) 'user_automation' retrieved from /opt/airflow/dags/my_dag.py
[2024-10-28T06:53:36.688+0000] {logging_mixin.py:188} INFO - [2024-10-28T06:53:36.688+0000] {dag.py:3047} INFO - Sync 1 DAGs
[2024-10-28T06:53:36.720+0000] {logging_mixin.py:188} INFO - [2024-10-28T06:53:36.720+0000] {dag.py:3834} INFO - Setting next_dagrun for user_automation to 2024-10-28 00:00:00+00:00, run_after=2024-10-29 00:00:00+00:00
[2024-10-28T06:53:36.748+0000] {processor.py:183} INFO - Processing /opt/airflow/dags/my_dag.py took 0.121 seconds
[2024-10-28T06:54:06.911+0000] {processor.py:161} INFO - Started process (PID=6361) to work on /opt/airflow/dags/my_dag.py
[2024-10-28T06:54:06.913+0000] {processor.py:830} INFO - Processing file /opt/airflow/dags/my_dag.py for tasks to queue
[2024-10-28T06:54:06.915+0000] {logging_mixin.py:188} INFO - [2024-10-28T06:54:06.914+0000] {dagbag.py:540} INFO - Filling up the DagBag from /opt/airflow/dags/my_dag.py
[2024-10-28T06:54:06.938+0000] {processor.py:840} INFO - DAG(s) 'user_automation' retrieved from /opt/airflow/dags/my_dag.py
[2024-10-28T06:54:06.963+0000] {logging_mixin.py:188} INFO - [2024-10-28T06:54:06.963+0000] {dag.py:3047} INFO - Sync 1 DAGs
[2024-10-28T06:54:06.985+0000] {logging_mixin.py:188} INFO - [2024-10-28T06:54:06.985+0000] {dag.py:3834} INFO - Setting next_dagrun for user_automation to 2024-10-28 00:00:00+00:00, run_after=2024-10-29 00:00:00+00:00
[2024-10-28T06:54:07.006+0000] {processor.py:183} INFO - Processing /opt/airflow/dags/my_dag.py took 0.098 seconds
[2024-10-28T06:54:37.133+0000] {processor.py:161} INFO - Started process (PID=6368) to work on /opt/airflow/dags/my_dag.py
[2024-10-28T06:54:37.134+0000] {processor.py:830} INFO - Processing file /opt/airflow/dags/my_dag.py for tasks to queue
[2024-10-28T06:54:37.137+0000] {logging_mixin.py:188} INFO - [2024-10-28T06:54:37.136+0000] {dagbag.py:540} INFO - Filling up the DagBag from /opt/airflow/dags/my_dag.py
[2024-10-28T06:54:37.161+0000] {processor.py:840} INFO - DAG(s) 'user_automation' retrieved from /opt/airflow/dags/my_dag.py
[2024-10-28T06:54:37.188+0000] {logging_mixin.py:188} INFO - [2024-10-28T06:54:37.188+0000] {dag.py:3047} INFO - Sync 1 DAGs
[2024-10-28T06:54:37.211+0000] {logging_mixin.py:188} INFO - [2024-10-28T06:54:37.210+0000] {dag.py:3834} INFO - Setting next_dagrun for user_automation to 2024-10-28 00:00:00+00:00, run_after=2024-10-29 00:00:00+00:00
[2024-10-28T06:54:37.231+0000] {processor.py:183} INFO - Processing /opt/airflow/dags/my_dag.py took 0.102 seconds
[2024-10-28T06:55:07.421+0000] {processor.py:161} INFO - Started process (PID=6375) to work on /opt/airflow/dags/my_dag.py
[2024-10-28T06:55:07.422+0000] {processor.py:830} INFO - Processing file /opt/airflow/dags/my_dag.py for tasks to queue
[2024-10-28T06:55:07.424+0000] {logging_mixin.py:188} INFO - [2024-10-28T06:55:07.424+0000] {dagbag.py:540} INFO - Filling up the DagBag from /opt/airflow/dags/my_dag.py
[2024-10-28T06:55:07.449+0000] {processor.py:840} INFO - DAG(s) 'user_automation' retrieved from /opt/airflow/dags/my_dag.py
[2024-10-28T06:55:07.478+0000] {logging_mixin.py:188} INFO - [2024-10-28T06:55:07.477+0000] {dag.py:3047} INFO - Sync 1 DAGs
[2024-10-28T06:55:07.503+0000] {logging_mixin.py:188} INFO - [2024-10-28T06:55:07.502+0000] {dag.py:3834} INFO - Setting next_dagrun for user_automation to 2024-10-28 00:00:00+00:00, run_after=2024-10-29 00:00:00+00:00
[2024-10-28T06:55:07.525+0000] {processor.py:183} INFO - Processing /opt/airflow/dags/my_dag.py took 0.107 seconds
[2024-10-28T06:55:37.615+0000] {processor.py:161} INFO - Started process (PID=6382) to work on /opt/airflow/dags/my_dag.py
[2024-10-28T06:55:37.617+0000] {processor.py:830} INFO - Processing file /opt/airflow/dags/my_dag.py for tasks to queue
[2024-10-28T06:55:37.619+0000] {logging_mixin.py:188} INFO - [2024-10-28T06:55:37.618+0000] {dagbag.py:540} INFO - Filling up the DagBag from /opt/airflow/dags/my_dag.py
[2024-10-28T06:55:37.642+0000] {processor.py:840} INFO - DAG(s) 'user_automation' retrieved from /opt/airflow/dags/my_dag.py
[2024-10-28T06:55:37.668+0000] {logging_mixin.py:188} INFO - [2024-10-28T06:55:37.667+0000] {dag.py:3047} INFO - Sync 1 DAGs
[2024-10-28T06:55:37.690+0000] {logging_mixin.py:188} INFO - [2024-10-28T06:55:37.690+0000] {dag.py:3834} INFO - Setting next_dagrun for user_automation to 2024-10-28 00:00:00+00:00, run_after=2024-10-29 00:00:00+00:00
[2024-10-28T06:55:37.712+0000] {processor.py:183} INFO - Processing /opt/airflow/dags/my_dag.py took 0.100 seconds
[2024-10-28T06:56:07.903+0000] {processor.py:161} INFO - Started process (PID=6389) to work on /opt/airflow/dags/my_dag.py
[2024-10-28T06:56:07.905+0000] {processor.py:830} INFO - Processing file /opt/airflow/dags/my_dag.py for tasks to queue
[2024-10-28T06:56:07.906+0000] {logging_mixin.py:188} INFO - [2024-10-28T06:56:07.906+0000] {dagbag.py:540} INFO - Filling up the DagBag from /opt/airflow/dags/my_dag.py
[2024-10-28T06:56:07.928+0000] {processor.py:840} INFO - DAG(s) 'user_automation' retrieved from /opt/airflow/dags/my_dag.py
[2024-10-28T06:56:07.952+0000] {logging_mixin.py:188} INFO - [2024-10-28T06:56:07.952+0000] {dag.py:3047} INFO - Sync 1 DAGs
[2024-10-28T06:56:07.972+0000] {logging_mixin.py:188} INFO - [2024-10-28T06:56:07.972+0000] {dag.py:3834} INFO - Setting next_dagrun for user_automation to 2024-10-28 00:00:00+00:00, run_after=2024-10-29 00:00:00+00:00
[2024-10-28T06:56:07.995+0000] {processor.py:183} INFO - Processing /opt/airflow/dags/my_dag.py took 0.094 seconds
[2024-10-28T06:56:38.100+0000] {processor.py:161} INFO - Started process (PID=6396) to work on /opt/airflow/dags/my_dag.py
[2024-10-28T06:56:38.101+0000] {processor.py:830} INFO - Processing file /opt/airflow/dags/my_dag.py for tasks to queue
[2024-10-28T06:56:38.103+0000] {logging_mixin.py:188} INFO - [2024-10-28T06:56:38.103+0000] {dagbag.py:540} INFO - Filling up the DagBag from /opt/airflow/dags/my_dag.py
[2024-10-28T06:56:38.128+0000] {processor.py:840} INFO - DAG(s) 'user_automation' retrieved from /opt/airflow/dags/my_dag.py
[2024-10-28T06:56:38.152+0000] {logging_mixin.py:188} INFO - [2024-10-28T06:56:38.152+0000] {dag.py:3047} INFO - Sync 1 DAGs
[2024-10-28T06:56:38.173+0000] {logging_mixin.py:188} INFO - [2024-10-28T06:56:38.173+0000] {dag.py:3834} INFO - Setting next_dagrun for user_automation to 2024-10-28 00:00:00+00:00, run_after=2024-10-29 00:00:00+00:00
[2024-10-28T06:56:38.194+0000] {processor.py:183} INFO - Processing /opt/airflow/dags/my_dag.py took 0.099 seconds
[2024-10-28T06:57:08.408+0000] {processor.py:161} INFO - Started process (PID=6403) to work on /opt/airflow/dags/my_dag.py
[2024-10-28T06:57:08.409+0000] {processor.py:830} INFO - Processing file /opt/airflow/dags/my_dag.py for tasks to queue
[2024-10-28T06:57:08.411+0000] {logging_mixin.py:188} INFO - [2024-10-28T06:57:08.411+0000] {dagbag.py:540} INFO - Filling up the DagBag from /opt/airflow/dags/my_dag.py
[2024-10-28T06:57:08.435+0000] {processor.py:840} INFO - DAG(s) 'user_automation' retrieved from /opt/airflow/dags/my_dag.py
[2024-10-28T06:57:08.458+0000] {logging_mixin.py:188} INFO - [2024-10-28T06:57:08.458+0000] {dag.py:3047} INFO - Sync 1 DAGs
[2024-10-28T06:57:08.479+0000] {logging_mixin.py:188} INFO - [2024-10-28T06:57:08.479+0000] {dag.py:3834} INFO - Setting next_dagrun for user_automation to 2024-10-28 00:00:00+00:00, run_after=2024-10-29 00:00:00+00:00
[2024-10-28T06:57:08.501+0000] {processor.py:183} INFO - Processing /opt/airflow/dags/my_dag.py took 0.097 seconds
[2024-10-28T06:57:38.607+0000] {processor.py:161} INFO - Started process (PID=6410) to work on /opt/airflow/dags/my_dag.py
[2024-10-28T06:57:38.608+0000] {processor.py:830} INFO - Processing file /opt/airflow/dags/my_dag.py for tasks to queue
[2024-10-28T06:57:38.610+0000] {logging_mixin.py:188} INFO - [2024-10-28T06:57:38.610+0000] {dagbag.py:540} INFO - Filling up the DagBag from /opt/airflow/dags/my_dag.py
[2024-10-28T06:57:38.633+0000] {processor.py:840} INFO - DAG(s) 'user_automation' retrieved from /opt/airflow/dags/my_dag.py
[2024-10-28T06:57:38.658+0000] {logging_mixin.py:188} INFO - [2024-10-28T06:57:38.658+0000] {dag.py:3047} INFO - Sync 1 DAGs
[2024-10-28T06:57:38.683+0000] {logging_mixin.py:188} INFO - [2024-10-28T06:57:38.682+0000] {dag.py:3834} INFO - Setting next_dagrun for user_automation to 2024-10-28 00:00:00+00:00, run_after=2024-10-29 00:00:00+00:00
[2024-10-28T06:57:38.704+0000] {processor.py:183} INFO - Processing /opt/airflow/dags/my_dag.py took 0.100 seconds
[2024-10-28T06:58:08.868+0000] {processor.py:161} INFO - Started process (PID=6417) to work on /opt/airflow/dags/my_dag.py
[2024-10-28T06:58:08.869+0000] {processor.py:830} INFO - Processing file /opt/airflow/dags/my_dag.py for tasks to queue
[2024-10-28T06:58:08.872+0000] {logging_mixin.py:188} INFO - [2024-10-28T06:58:08.871+0000] {dagbag.py:540} INFO - Filling up the DagBag from /opt/airflow/dags/my_dag.py
[2024-10-28T06:58:08.894+0000] {processor.py:840} INFO - DAG(s) 'user_automation' retrieved from /opt/airflow/dags/my_dag.py
[2024-10-28T06:58:08.919+0000] {logging_mixin.py:188} INFO - [2024-10-28T06:58:08.918+0000] {dag.py:3047} INFO - Sync 1 DAGs
[2024-10-28T06:58:08.941+0000] {logging_mixin.py:188} INFO - [2024-10-28T06:58:08.941+0000] {dag.py:3834} INFO - Setting next_dagrun for user_automation to 2024-10-28 00:00:00+00:00, run_after=2024-10-29 00:00:00+00:00
[2024-10-28T06:58:08.969+0000] {processor.py:183} INFO - Processing /opt/airflow/dags/my_dag.py took 0.104 seconds
[2024-10-28T06:58:39.084+0000] {processor.py:161} INFO - Started process (PID=6424) to work on /opt/airflow/dags/my_dag.py
[2024-10-28T06:58:39.085+0000] {processor.py:830} INFO - Processing file /opt/airflow/dags/my_dag.py for tasks to queue
[2024-10-28T06:58:39.088+0000] {logging_mixin.py:188} INFO - [2024-10-28T06:58:39.087+0000] {dagbag.py:540} INFO - Filling up the DagBag from /opt/airflow/dags/my_dag.py
[2024-10-28T06:58:39.114+0000] {processor.py:840} INFO - DAG(s) 'user_automation' retrieved from /opt/airflow/dags/my_dag.py
[2024-10-28T06:58:39.145+0000] {logging_mixin.py:188} INFO - [2024-10-28T06:58:39.145+0000] {dag.py:3047} INFO - Sync 1 DAGs
[2024-10-28T06:58:39.173+0000] {logging_mixin.py:188} INFO - [2024-10-28T06:58:39.172+0000] {dag.py:3834} INFO - Setting next_dagrun for user_automation to 2024-10-28 00:00:00+00:00, run_after=2024-10-29 00:00:00+00:00
[2024-10-28T06:58:39.224+0000] {processor.py:183} INFO - Processing /opt/airflow/dags/my_dag.py took 0.144 seconds
[2024-10-28T06:59:09.353+0000] {processor.py:161} INFO - Started process (PID=6431) to work on /opt/airflow/dags/my_dag.py
[2024-10-28T06:59:09.354+0000] {processor.py:830} INFO - Processing file /opt/airflow/dags/my_dag.py for tasks to queue
[2024-10-28T06:59:09.356+0000] {logging_mixin.py:188} INFO - [2024-10-28T06:59:09.356+0000] {dagbag.py:540} INFO - Filling up the DagBag from /opt/airflow/dags/my_dag.py
[2024-10-28T06:59:09.381+0000] {processor.py:840} INFO - DAG(s) 'user_automation' retrieved from /opt/airflow/dags/my_dag.py
[2024-10-28T06:59:09.409+0000] {logging_mixin.py:188} INFO - [2024-10-28T06:59:09.408+0000] {dag.py:3047} INFO - Sync 1 DAGs
[2024-10-28T06:59:09.429+0000] {logging_mixin.py:188} INFO - [2024-10-28T06:59:09.429+0000] {dag.py:3834} INFO - Setting next_dagrun for user_automation to 2024-10-28 00:00:00+00:00, run_after=2024-10-29 00:00:00+00:00
[2024-10-28T06:59:09.450+0000] {processor.py:183} INFO - Processing /opt/airflow/dags/my_dag.py took 0.101 seconds
[2024-10-28T06:59:39.593+0000] {processor.py:161} INFO - Started process (PID=6438) to work on /opt/airflow/dags/my_dag.py
[2024-10-28T06:59:39.594+0000] {processor.py:830} INFO - Processing file /opt/airflow/dags/my_dag.py for tasks to queue
[2024-10-28T06:59:39.596+0000] {logging_mixin.py:188} INFO - [2024-10-28T06:59:39.596+0000] {dagbag.py:540} INFO - Filling up the DagBag from /opt/airflow/dags/my_dag.py
[2024-10-28T06:59:39.624+0000] {processor.py:840} INFO - DAG(s) 'user_automation' retrieved from /opt/airflow/dags/my_dag.py
[2024-10-28T06:59:39.656+0000] {logging_mixin.py:188} INFO - [2024-10-28T06:59:39.656+0000] {dag.py:3047} INFO - Sync 1 DAGs
[2024-10-28T06:59:39.677+0000] {logging_mixin.py:188} INFO - [2024-10-28T06:59:39.677+0000] {dag.py:3834} INFO - Setting next_dagrun for user_automation to 2024-10-28 00:00:00+00:00, run_after=2024-10-29 00:00:00+00:00
[2024-10-28T06:59:39.699+0000] {processor.py:183} INFO - Processing /opt/airflow/dags/my_dag.py took 0.109 seconds
[2024-10-28T07:00:09.852+0000] {processor.py:161} INFO - Started process (PID=6445) to work on /opt/airflow/dags/my_dag.py
[2024-10-28T07:00:09.854+0000] {processor.py:830} INFO - Processing file /opt/airflow/dags/my_dag.py for tasks to queue
[2024-10-28T07:00:09.858+0000] {logging_mixin.py:188} INFO - [2024-10-28T07:00:09.857+0000] {dagbag.py:540} INFO - Filling up the DagBag from /opt/airflow/dags/my_dag.py
[2024-10-28T07:00:09.891+0000] {processor.py:840} INFO - DAG(s) 'user_automation' retrieved from /opt/airflow/dags/my_dag.py
[2024-10-28T07:00:09.927+0000] {logging_mixin.py:188} INFO - [2024-10-28T07:00:09.927+0000] {dag.py:3047} INFO - Sync 1 DAGs
[2024-10-28T07:00:09.956+0000] {logging_mixin.py:188} INFO - [2024-10-28T07:00:09.956+0000] {dag.py:3834} INFO - Setting next_dagrun for user_automation to 2024-10-28 00:00:00+00:00, run_after=2024-10-29 00:00:00+00:00
[2024-10-28T07:00:09.989+0000] {processor.py:183} INFO - Processing /opt/airflow/dags/my_dag.py took 0.141 seconds
[2024-10-28T07:00:40.072+0000] {processor.py:161} INFO - Started process (PID=6452) to work on /opt/airflow/dags/my_dag.py
[2024-10-28T07:00:40.074+0000] {processor.py:830} INFO - Processing file /opt/airflow/dags/my_dag.py for tasks to queue
[2024-10-28T07:00:40.076+0000] {logging_mixin.py:188} INFO - [2024-10-28T07:00:40.075+0000] {dagbag.py:540} INFO - Filling up the DagBag from /opt/airflow/dags/my_dag.py
[2024-10-28T07:00:40.098+0000] {processor.py:840} INFO - DAG(s) 'user_automation' retrieved from /opt/airflow/dags/my_dag.py
[2024-10-28T07:00:40.123+0000] {logging_mixin.py:188} INFO - [2024-10-28T07:00:40.123+0000] {dag.py:3047} INFO - Sync 1 DAGs
[2024-10-28T07:00:40.143+0000] {logging_mixin.py:188} INFO - [2024-10-28T07:00:40.143+0000] {dag.py:3834} INFO - Setting next_dagrun for user_automation to 2024-10-28 00:00:00+00:00, run_after=2024-10-29 00:00:00+00:00
[2024-10-28T07:00:40.166+0000] {processor.py:183} INFO - Processing /opt/airflow/dags/my_dag.py took 0.097 seconds
[2024-10-28T08:34:37.725+0000] {processor.py:161} INFO - Started process (PID=6459) to work on /opt/airflow/dags/my_dag.py
[2024-10-28T08:34:37.887+0000] {processor.py:830} INFO - Processing file /opt/airflow/dags/my_dag.py for tasks to queue
[2024-10-28T08:34:38.493+0000] {logging_mixin.py:188} INFO - [2024-10-28T08:34:38.397+0000] {dagbag.py:540} INFO - Filling up the DagBag from /opt/airflow/dags/my_dag.py
[2024-10-28T08:34:41.984+0000] {processor.py:840} INFO - DAG(s) 'user_automation' retrieved from /opt/airflow/dags/my_dag.py
[2024-10-28T08:34:42.967+0000] {logging_mixin.py:188} INFO - [2024-10-28T08:34:42.954+0000] {dag.py:3047} INFO - Sync 1 DAGs
[2024-10-28T08:34:44.523+0000] {logging_mixin.py:188} INFO - [2024-10-28T08:34:44.510+0000] {dag.py:3834} INFO - Setting next_dagrun for user_automation to 2024-10-28 00:00:00+00:00, run_after=2024-10-29 00:00:00+00:00
[2024-10-28T08:34:52.684+0000] {processor.py:183} INFO - Processing /opt/airflow/dags/my_dag.py took 14.951 seconds
[2024-10-28T08:35:24.702+0000] {processor.py:161} INFO - Started process (PID=6466) to work on /opt/airflow/dags/my_dag.py
[2024-10-28T08:35:24.744+0000] {processor.py:830} INFO - Processing file /opt/airflow/dags/my_dag.py for tasks to queue
[2024-10-28T08:35:24.841+0000] {logging_mixin.py:188} INFO - [2024-10-28T08:35:24.838+0000] {dagbag.py:540} INFO - Filling up the DagBag from /opt/airflow/dags/my_dag.py
[2024-10-28T08:35:25.224+0000] {processor.py:840} INFO - DAG(s) 'user_automation' retrieved from /opt/airflow/dags/my_dag.py
[2024-10-28T08:35:26.113+0000] {logging_mixin.py:188} INFO - [2024-10-28T08:35:26.099+0000] {dag.py:3047} INFO - Sync 1 DAGs
[2024-10-28T08:35:27.188+0000] {logging_mixin.py:188} INFO - [2024-10-28T08:35:27.186+0000] {dag.py:3834} INFO - Setting next_dagrun for user_automation to 2024-10-28 00:00:00+00:00, run_after=2024-10-29 00:00:00+00:00
[2024-10-28T08:35:27.892+0000] {processor.py:183} INFO - Processing /opt/airflow/dags/my_dag.py took 3.314 seconds
[2024-10-28T08:35:58.986+0000] {processor.py:161} INFO - Started process (PID=6473) to work on /opt/airflow/dags/my_dag.py
[2024-10-28T08:35:59.007+0000] {processor.py:830} INFO - Processing file /opt/airflow/dags/my_dag.py for tasks to queue
[2024-10-28T08:35:59.047+0000] {logging_mixin.py:188} INFO - [2024-10-28T08:35:59.044+0000] {dagbag.py:540} INFO - Filling up the DagBag from /opt/airflow/dags/my_dag.py
[2024-10-28T08:35:59.557+0000] {processor.py:840} INFO - DAG(s) 'user_automation' retrieved from /opt/airflow/dags/my_dag.py
[2024-10-28T08:35:59.741+0000] {logging_mixin.py:188} INFO - [2024-10-28T08:35:59.740+0000] {dag.py:3047} INFO - Sync 1 DAGs
[2024-10-28T08:35:59.821+0000] {logging_mixin.py:188} INFO - [2024-10-28T08:35:59.819+0000] {dag.py:3834} INFO - Setting next_dagrun for user_automation to 2024-10-28 00:00:00+00:00, run_after=2024-10-29 00:00:00+00:00
[2024-10-28T08:35:59.907+0000] {processor.py:183} INFO - Processing /opt/airflow/dags/my_dag.py took 0.970 seconds
[2024-10-28T08:36:30.082+0000] {processor.py:161} INFO - Started process (PID=6480) to work on /opt/airflow/dags/my_dag.py
[2024-10-28T08:36:30.083+0000] {processor.py:830} INFO - Processing file /opt/airflow/dags/my_dag.py for tasks to queue
[2024-10-28T08:36:30.085+0000] {logging_mixin.py:188} INFO - [2024-10-28T08:36:30.085+0000] {dagbag.py:540} INFO - Filling up the DagBag from /opt/airflow/dags/my_dag.py
[2024-10-28T08:36:30.110+0000] {processor.py:840} INFO - DAG(s) 'user_automation' retrieved from /opt/airflow/dags/my_dag.py
[2024-10-28T08:36:30.136+0000] {logging_mixin.py:188} INFO - [2024-10-28T08:36:30.136+0000] {dag.py:3047} INFO - Sync 1 DAGs
[2024-10-28T08:36:30.158+0000] {logging_mixin.py:188} INFO - [2024-10-28T08:36:30.158+0000] {dag.py:3834} INFO - Setting next_dagrun for user_automation to 2024-10-28 00:00:00+00:00, run_after=2024-10-29 00:00:00+00:00
[2024-10-28T08:36:30.181+0000] {processor.py:183} INFO - Processing /opt/airflow/dags/my_dag.py took 0.102 seconds
[2024-10-28T08:37:00.302+0000] {processor.py:161} INFO - Started process (PID=6487) to work on /opt/airflow/dags/my_dag.py
[2024-10-28T08:37:00.304+0000] {processor.py:830} INFO - Processing file /opt/airflow/dags/my_dag.py for tasks to queue
[2024-10-28T08:37:00.306+0000] {logging_mixin.py:188} INFO - [2024-10-28T08:37:00.306+0000] {dagbag.py:540} INFO - Filling up the DagBag from /opt/airflow/dags/my_dag.py
[2024-10-28T08:37:00.329+0000] {processor.py:840} INFO - DAG(s) 'user_automation' retrieved from /opt/airflow/dags/my_dag.py
[2024-10-28T08:37:00.356+0000] {logging_mixin.py:188} INFO - [2024-10-28T08:37:00.356+0000] {dag.py:3047} INFO - Sync 1 DAGs
[2024-10-28T08:37:00.376+0000] {logging_mixin.py:188} INFO - [2024-10-28T08:37:00.376+0000] {dag.py:3834} INFO - Setting next_dagrun for user_automation to 2024-10-28 00:00:00+00:00, run_after=2024-10-29 00:00:00+00:00
[2024-10-28T08:37:00.397+0000] {processor.py:183} INFO - Processing /opt/airflow/dags/my_dag.py took 0.098 seconds
[2024-10-28T08:38:25.517+0000] {processor.py:161} INFO - Started process (PID=6494) to work on /opt/airflow/dags/my_dag.py
[2024-10-28T08:38:25.518+0000] {processor.py:830} INFO - Processing file /opt/airflow/dags/my_dag.py for tasks to queue
[2024-10-28T08:38:25.521+0000] {logging_mixin.py:188} INFO - [2024-10-28T08:38:25.521+0000] {dagbag.py:540} INFO - Filling up the DagBag from /opt/airflow/dags/my_dag.py
[2024-10-28T08:38:25.547+0000] {processor.py:840} INFO - DAG(s) 'user_automation' retrieved from /opt/airflow/dags/my_dag.py
[2024-10-28T08:38:25.579+0000] {logging_mixin.py:188} INFO - [2024-10-28T08:38:25.578+0000] {dag.py:3047} INFO - Sync 1 DAGs
[2024-10-28T08:38:25.607+0000] {logging_mixin.py:188} INFO - [2024-10-28T08:38:25.606+0000] {dag.py:3834} INFO - Setting next_dagrun for user_automation to 2024-10-28 00:00:00+00:00, run_after=2024-10-29 00:00:00+00:00
[2024-10-28T08:38:25.632+0000] {processor.py:183} INFO - Processing /opt/airflow/dags/my_dag.py took 0.118 seconds
[2024-10-28T08:38:55.717+0000] {processor.py:161} INFO - Started process (PID=6501) to work on /opt/airflow/dags/my_dag.py
[2024-10-28T08:38:55.719+0000] {processor.py:830} INFO - Processing file /opt/airflow/dags/my_dag.py for tasks to queue
[2024-10-28T08:38:55.721+0000] {logging_mixin.py:188} INFO - [2024-10-28T08:38:55.720+0000] {dagbag.py:540} INFO - Filling up the DagBag from /opt/airflow/dags/my_dag.py
[2024-10-28T08:38:55.743+0000] {processor.py:840} INFO - DAG(s) 'user_automation' retrieved from /opt/airflow/dags/my_dag.py
[2024-10-28T08:38:55.768+0000] {logging_mixin.py:188} INFO - [2024-10-28T08:38:55.768+0000] {dag.py:3047} INFO - Sync 1 DAGs
[2024-10-28T08:38:55.792+0000] {logging_mixin.py:188} INFO - [2024-10-28T08:38:55.792+0000] {dag.py:3834} INFO - Setting next_dagrun for user_automation to 2024-10-28 00:00:00+00:00, run_after=2024-10-29 00:00:00+00:00
[2024-10-28T08:38:55.820+0000] {processor.py:183} INFO - Processing /opt/airflow/dags/my_dag.py took 0.106 seconds
[2024-10-28T08:39:26.018+0000] {processor.py:161} INFO - Started process (PID=6508) to work on /opt/airflow/dags/my_dag.py
[2024-10-28T08:39:26.019+0000] {processor.py:830} INFO - Processing file /opt/airflow/dags/my_dag.py for tasks to queue
[2024-10-28T08:39:26.021+0000] {logging_mixin.py:188} INFO - [2024-10-28T08:39:26.021+0000] {dagbag.py:540} INFO - Filling up the DagBag from /opt/airflow/dags/my_dag.py
[2024-10-28T08:39:26.044+0000] {processor.py:840} INFO - DAG(s) 'user_automation' retrieved from /opt/airflow/dags/my_dag.py
[2024-10-28T08:39:26.069+0000] {logging_mixin.py:188} INFO - [2024-10-28T08:39:26.069+0000] {dag.py:3047} INFO - Sync 1 DAGs
[2024-10-28T08:39:26.088+0000] {logging_mixin.py:188} INFO - [2024-10-28T08:39:26.088+0000] {dag.py:3834} INFO - Setting next_dagrun for user_automation to 2024-10-28 00:00:00+00:00, run_after=2024-10-29 00:00:00+00:00
[2024-10-28T08:39:26.111+0000] {processor.py:183} INFO - Processing /opt/airflow/dags/my_dag.py took 0.096 seconds
[2024-10-28T08:39:56.221+0000] {processor.py:161} INFO - Started process (PID=6515) to work on /opt/airflow/dags/my_dag.py
[2024-10-28T08:39:56.223+0000] {processor.py:830} INFO - Processing file /opt/airflow/dags/my_dag.py for tasks to queue
[2024-10-28T08:39:56.226+0000] {logging_mixin.py:188} INFO - [2024-10-28T08:39:56.225+0000] {dagbag.py:540} INFO - Filling up the DagBag from /opt/airflow/dags/my_dag.py
[2024-10-28T08:39:56.249+0000] {processor.py:840} INFO - DAG(s) 'user_automation' retrieved from /opt/airflow/dags/my_dag.py
[2024-10-28T08:39:56.275+0000] {logging_mixin.py:188} INFO - [2024-10-28T08:39:56.275+0000] {dag.py:3047} INFO - Sync 1 DAGs
[2024-10-28T08:39:56.300+0000] {logging_mixin.py:188} INFO - [2024-10-28T08:39:56.300+0000] {dag.py:3834} INFO - Setting next_dagrun for user_automation to 2024-10-28 00:00:00+00:00, run_after=2024-10-29 00:00:00+00:00
[2024-10-28T08:39:56.324+0000] {processor.py:183} INFO - Processing /opt/airflow/dags/my_dag.py took 0.106 seconds
[2024-10-28T08:40:26.429+0000] {processor.py:161} INFO - Started process (PID=6522) to work on /opt/airflow/dags/my_dag.py
[2024-10-28T08:40:26.431+0000] {processor.py:830} INFO - Processing file /opt/airflow/dags/my_dag.py for tasks to queue
[2024-10-28T08:40:26.434+0000] {logging_mixin.py:188} INFO - [2024-10-28T08:40:26.434+0000] {dagbag.py:540} INFO - Filling up the DagBag from /opt/airflow/dags/my_dag.py
[2024-10-28T08:40:26.457+0000] {processor.py:840} INFO - DAG(s) 'user_automation' retrieved from /opt/airflow/dags/my_dag.py
[2024-10-28T08:40:26.493+0000] {logging_mixin.py:188} INFO - [2024-10-28T08:40:26.493+0000] {dag.py:3047} INFO - Sync 1 DAGs
[2024-10-28T08:40:26.519+0000] {logging_mixin.py:188} INFO - [2024-10-28T08:40:26.519+0000] {dag.py:3834} INFO - Setting next_dagrun for user_automation to 2024-10-28 00:00:00+00:00, run_after=2024-10-29 00:00:00+00:00
[2024-10-28T08:40:26.549+0000] {processor.py:183} INFO - Processing /opt/airflow/dags/my_dag.py took 0.133 seconds
[2024-10-28T08:40:56.699+0000] {processor.py:161} INFO - Started process (PID=6529) to work on /opt/airflow/dags/my_dag.py
[2024-10-28T08:40:56.700+0000] {processor.py:830} INFO - Processing file /opt/airflow/dags/my_dag.py for tasks to queue
[2024-10-28T08:40:56.703+0000] {logging_mixin.py:188} INFO - [2024-10-28T08:40:56.702+0000] {dagbag.py:540} INFO - Filling up the DagBag from /opt/airflow/dags/my_dag.py
[2024-10-28T08:40:56.726+0000] {processor.py:840} INFO - DAG(s) 'user_automation' retrieved from /opt/airflow/dags/my_dag.py
[2024-10-28T08:40:56.751+0000] {logging_mixin.py:188} INFO - [2024-10-28T08:40:56.751+0000] {dag.py:3047} INFO - Sync 1 DAGs
[2024-10-28T08:40:56.773+0000] {logging_mixin.py:188} INFO - [2024-10-28T08:40:56.772+0000] {dag.py:3834} INFO - Setting next_dagrun for user_automation to 2024-10-28 00:00:00+00:00, run_after=2024-10-29 00:00:00+00:00
[2024-10-28T08:40:56.795+0000] {processor.py:183} INFO - Processing /opt/airflow/dags/my_dag.py took 0.099 seconds
[2024-10-28T08:41:26.898+0000] {processor.py:161} INFO - Started process (PID=6536) to work on /opt/airflow/dags/my_dag.py
[2024-10-28T08:41:26.900+0000] {processor.py:830} INFO - Processing file /opt/airflow/dags/my_dag.py for tasks to queue
[2024-10-28T08:41:26.902+0000] {logging_mixin.py:188} INFO - [2024-10-28T08:41:26.902+0000] {dagbag.py:540} INFO - Filling up the DagBag from /opt/airflow/dags/my_dag.py
[2024-10-28T08:41:26.925+0000] {processor.py:840} INFO - DAG(s) 'user_automation' retrieved from /opt/airflow/dags/my_dag.py
[2024-10-28T08:41:26.952+0000] {logging_mixin.py:188} INFO - [2024-10-28T08:41:26.951+0000] {dag.py:3047} INFO - Sync 1 DAGs
[2024-10-28T08:41:26.975+0000] {logging_mixin.py:188} INFO - [2024-10-28T08:41:26.975+0000] {dag.py:3834} INFO - Setting next_dagrun for user_automation to 2024-10-28 00:00:00+00:00, run_after=2024-10-29 00:00:00+00:00
[2024-10-28T08:41:26.998+0000] {processor.py:183} INFO - Processing /opt/airflow/dags/my_dag.py took 0.103 seconds
[2024-10-28T08:41:57.165+0000] {processor.py:161} INFO - Started process (PID=6542) to work on /opt/airflow/dags/my_dag.py
[2024-10-28T08:41:57.167+0000] {processor.py:830} INFO - Processing file /opt/airflow/dags/my_dag.py for tasks to queue
[2024-10-28T08:41:57.169+0000] {logging_mixin.py:188} INFO - [2024-10-28T08:41:57.169+0000] {dagbag.py:540} INFO - Filling up the DagBag from /opt/airflow/dags/my_dag.py
[2024-10-28T08:41:57.192+0000] {processor.py:840} INFO - DAG(s) 'user_automation' retrieved from /opt/airflow/dags/my_dag.py
[2024-10-28T08:41:57.222+0000] {logging_mixin.py:188} INFO - [2024-10-28T08:41:57.222+0000] {dag.py:3047} INFO - Sync 1 DAGs
[2024-10-28T08:41:57.252+0000] {logging_mixin.py:188} INFO - [2024-10-28T08:41:57.252+0000] {dag.py:3834} INFO - Setting next_dagrun for user_automation to 2024-10-28 00:00:00+00:00, run_after=2024-10-29 00:00:00+00:00
[2024-10-28T08:41:57.278+0000] {processor.py:183} INFO - Processing /opt/airflow/dags/my_dag.py took 0.115 seconds
[2024-10-28T08:42:27.400+0000] {processor.py:161} INFO - Started process (PID=6549) to work on /opt/airflow/dags/my_dag.py
[2024-10-28T08:42:27.401+0000] {processor.py:830} INFO - Processing file /opt/airflow/dags/my_dag.py for tasks to queue
[2024-10-28T08:42:27.403+0000] {logging_mixin.py:188} INFO - [2024-10-28T08:42:27.403+0000] {dagbag.py:540} INFO - Filling up the DagBag from /opt/airflow/dags/my_dag.py
[2024-10-28T08:42:27.431+0000] {processor.py:840} INFO - DAG(s) 'user_automation' retrieved from /opt/airflow/dags/my_dag.py
[2024-10-28T08:42:27.459+0000] {logging_mixin.py:188} INFO - [2024-10-28T08:42:27.459+0000] {dag.py:3047} INFO - Sync 1 DAGs
[2024-10-28T08:42:27.482+0000] {logging_mixin.py:188} INFO - [2024-10-28T08:42:27.481+0000] {dag.py:3834} INFO - Setting next_dagrun for user_automation to 2024-10-28 00:00:00+00:00, run_after=2024-10-29 00:00:00+00:00
[2024-10-28T08:42:27.504+0000] {processor.py:183} INFO - Processing /opt/airflow/dags/my_dag.py took 0.108 seconds
[2024-10-28T08:42:57.668+0000] {processor.py:161} INFO - Started process (PID=6556) to work on /opt/airflow/dags/my_dag.py
[2024-10-28T08:42:57.670+0000] {processor.py:830} INFO - Processing file /opt/airflow/dags/my_dag.py for tasks to queue
[2024-10-28T08:42:57.672+0000] {logging_mixin.py:188} INFO - [2024-10-28T08:42:57.672+0000] {dagbag.py:540} INFO - Filling up the DagBag from /opt/airflow/dags/my_dag.py
[2024-10-28T08:42:57.697+0000] {processor.py:840} INFO - DAG(s) 'user_automation' retrieved from /opt/airflow/dags/my_dag.py
[2024-10-28T08:42:57.725+0000] {logging_mixin.py:188} INFO - [2024-10-28T08:42:57.725+0000] {dag.py:3047} INFO - Sync 1 DAGs
[2024-10-28T08:42:57.748+0000] {logging_mixin.py:188} INFO - [2024-10-28T08:42:57.748+0000] {dag.py:3834} INFO - Setting next_dagrun for user_automation to 2024-10-28 00:00:00+00:00, run_after=2024-10-29 00:00:00+00:00
[2024-10-28T08:42:57.773+0000] {processor.py:183} INFO - Processing /opt/airflow/dags/my_dag.py took 0.108 seconds
[2024-10-28T08:43:27.883+0000] {processor.py:161} INFO - Started process (PID=6563) to work on /opt/airflow/dags/my_dag.py
[2024-10-28T08:43:27.885+0000] {processor.py:830} INFO - Processing file /opt/airflow/dags/my_dag.py for tasks to queue
[2024-10-28T08:43:27.888+0000] {logging_mixin.py:188} INFO - [2024-10-28T08:43:27.887+0000] {dagbag.py:540} INFO - Filling up the DagBag from /opt/airflow/dags/my_dag.py
[2024-10-28T08:43:27.913+0000] {processor.py:840} INFO - DAG(s) 'user_automation' retrieved from /opt/airflow/dags/my_dag.py
[2024-10-28T08:43:27.938+0000] {logging_mixin.py:188} INFO - [2024-10-28T08:43:27.938+0000] {dag.py:3047} INFO - Sync 1 DAGs
[2024-10-28T08:43:27.961+0000] {logging_mixin.py:188} INFO - [2024-10-28T08:43:27.961+0000] {dag.py:3834} INFO - Setting next_dagrun for user_automation to 2024-10-28 00:00:00+00:00, run_after=2024-10-29 00:00:00+00:00
[2024-10-28T08:43:27.985+0000] {processor.py:183} INFO - Processing /opt/airflow/dags/my_dag.py took 0.106 seconds
[2024-10-28T08:43:58.150+0000] {processor.py:161} INFO - Started process (PID=6570) to work on /opt/airflow/dags/my_dag.py
[2024-10-28T08:43:58.151+0000] {processor.py:830} INFO - Processing file /opt/airflow/dags/my_dag.py for tasks to queue
[2024-10-28T08:43:58.153+0000] {logging_mixin.py:188} INFO - [2024-10-28T08:43:58.153+0000] {dagbag.py:540} INFO - Filling up the DagBag from /opt/airflow/dags/my_dag.py
[2024-10-28T08:43:58.177+0000] {processor.py:840} INFO - DAG(s) 'user_automation' retrieved from /opt/airflow/dags/my_dag.py
[2024-10-28T08:43:58.201+0000] {logging_mixin.py:188} INFO - [2024-10-28T08:43:58.201+0000] {dag.py:3047} INFO - Sync 1 DAGs
[2024-10-28T08:43:58.224+0000] {logging_mixin.py:188} INFO - [2024-10-28T08:43:58.224+0000] {dag.py:3834} INFO - Setting next_dagrun for user_automation to 2024-10-28 00:00:00+00:00, run_after=2024-10-29 00:00:00+00:00
[2024-10-28T08:43:58.247+0000] {processor.py:183} INFO - Processing /opt/airflow/dags/my_dag.py took 0.101 seconds
[2024-10-28T08:44:28.385+0000] {processor.py:161} INFO - Started process (PID=6577) to work on /opt/airflow/dags/my_dag.py
[2024-10-28T08:44:28.386+0000] {processor.py:830} INFO - Processing file /opt/airflow/dags/my_dag.py for tasks to queue
[2024-10-28T08:44:28.389+0000] {logging_mixin.py:188} INFO - [2024-10-28T08:44:28.388+0000] {dagbag.py:540} INFO - Filling up the DagBag from /opt/airflow/dags/my_dag.py
[2024-10-28T08:44:28.412+0000] {processor.py:840} INFO - DAG(s) 'user_automation' retrieved from /opt/airflow/dags/my_dag.py
[2024-10-28T08:44:28.437+0000] {logging_mixin.py:188} INFO - [2024-10-28T08:44:28.437+0000] {dag.py:3047} INFO - Sync 1 DAGs
[2024-10-28T08:44:28.458+0000] {logging_mixin.py:188} INFO - [2024-10-28T08:44:28.458+0000] {dag.py:3834} INFO - Setting next_dagrun for user_automation to 2024-10-28 00:00:00+00:00, run_after=2024-10-29 00:00:00+00:00
[2024-10-28T08:44:28.481+0000] {processor.py:183} INFO - Processing /opt/airflow/dags/my_dag.py took 0.099 seconds
[2024-10-28T08:44:58.620+0000] {processor.py:161} INFO - Started process (PID=6584) to work on /opt/airflow/dags/my_dag.py
[2024-10-28T08:44:58.621+0000] {processor.py:830} INFO - Processing file /opt/airflow/dags/my_dag.py for tasks to queue
[2024-10-28T08:44:58.623+0000] {logging_mixin.py:188} INFO - [2024-10-28T08:44:58.623+0000] {dagbag.py:540} INFO - Filling up the DagBag from /opt/airflow/dags/my_dag.py
[2024-10-28T08:44:58.650+0000] {processor.py:840} INFO - DAG(s) 'user_automation' retrieved from /opt/airflow/dags/my_dag.py
[2024-10-28T08:44:58.677+0000] {logging_mixin.py:188} INFO - [2024-10-28T08:44:58.677+0000] {dag.py:3047} INFO - Sync 1 DAGs
[2024-10-28T08:44:58.699+0000] {logging_mixin.py:188} INFO - [2024-10-28T08:44:58.699+0000] {dag.py:3834} INFO - Setting next_dagrun for user_automation to 2024-10-28 00:00:00+00:00, run_after=2024-10-29 00:00:00+00:00
[2024-10-28T08:44:58.723+0000] {processor.py:183} INFO - Processing /opt/airflow/dags/my_dag.py took 0.107 seconds
[2024-10-28T08:45:28.838+0000] {processor.py:161} INFO - Started process (PID=6591) to work on /opt/airflow/dags/my_dag.py
[2024-10-28T08:45:28.840+0000] {processor.py:830} INFO - Processing file /opt/airflow/dags/my_dag.py for tasks to queue
[2024-10-28T08:45:28.842+0000] {logging_mixin.py:188} INFO - [2024-10-28T08:45:28.841+0000] {dagbag.py:540} INFO - Filling up the DagBag from /opt/airflow/dags/my_dag.py
[2024-10-28T08:45:28.866+0000] {processor.py:840} INFO - DAG(s) 'user_automation' retrieved from /opt/airflow/dags/my_dag.py
[2024-10-28T08:45:28.894+0000] {logging_mixin.py:188} INFO - [2024-10-28T08:45:28.893+0000] {dag.py:3047} INFO - Sync 1 DAGs
[2024-10-28T08:45:28.915+0000] {logging_mixin.py:188} INFO - [2024-10-28T08:45:28.915+0000] {dag.py:3834} INFO - Setting next_dagrun for user_automation to 2024-10-28 00:00:00+00:00, run_after=2024-10-29 00:00:00+00:00
[2024-10-28T08:45:28.939+0000] {processor.py:183} INFO - Processing /opt/airflow/dags/my_dag.py took 0.104 seconds
[2024-10-28T08:45:59.086+0000] {processor.py:161} INFO - Started process (PID=6598) to work on /opt/airflow/dags/my_dag.py
[2024-10-28T08:45:59.088+0000] {processor.py:830} INFO - Processing file /opt/airflow/dags/my_dag.py for tasks to queue
[2024-10-28T08:45:59.090+0000] {logging_mixin.py:188} INFO - [2024-10-28T08:45:59.089+0000] {dagbag.py:540} INFO - Filling up the DagBag from /opt/airflow/dags/my_dag.py
[2024-10-28T08:45:59.113+0000] {processor.py:840} INFO - DAG(s) 'user_automation' retrieved from /opt/airflow/dags/my_dag.py
[2024-10-28T08:45:59.136+0000] {logging_mixin.py:188} INFO - [2024-10-28T08:45:59.136+0000] {dag.py:3047} INFO - Sync 1 DAGs
[2024-10-28T08:45:59.158+0000] {logging_mixin.py:188} INFO - [2024-10-28T08:45:59.157+0000] {dag.py:3834} INFO - Setting next_dagrun for user_automation to 2024-10-28 00:00:00+00:00, run_after=2024-10-29 00:00:00+00:00
[2024-10-28T08:45:59.181+0000] {processor.py:183} INFO - Processing /opt/airflow/dags/my_dag.py took 0.098 seconds
[2024-10-28T08:46:29.298+0000] {processor.py:161} INFO - Started process (PID=6605) to work on /opt/airflow/dags/my_dag.py
[2024-10-28T08:46:29.300+0000] {processor.py:830} INFO - Processing file /opt/airflow/dags/my_dag.py for tasks to queue
[2024-10-28T08:46:29.302+0000] {logging_mixin.py:188} INFO - [2024-10-28T08:46:29.302+0000] {dagbag.py:540} INFO - Filling up the DagBag from /opt/airflow/dags/my_dag.py
[2024-10-28T08:46:29.328+0000] {processor.py:840} INFO - DAG(s) 'user_automation' retrieved from /opt/airflow/dags/my_dag.py
[2024-10-28T08:46:29.356+0000] {logging_mixin.py:188} INFO - [2024-10-28T08:46:29.356+0000] {dag.py:3047} INFO - Sync 1 DAGs
[2024-10-28T08:46:29.381+0000] {logging_mixin.py:188} INFO - [2024-10-28T08:46:29.381+0000] {dag.py:3834} INFO - Setting next_dagrun for user_automation to 2024-10-28 00:00:00+00:00, run_after=2024-10-29 00:00:00+00:00
[2024-10-28T08:46:29.403+0000] {processor.py:183} INFO - Processing /opt/airflow/dags/my_dag.py took 0.109 seconds
[2024-10-28T08:46:59.546+0000] {processor.py:161} INFO - Started process (PID=6612) to work on /opt/airflow/dags/my_dag.py
[2024-10-28T08:46:59.547+0000] {processor.py:830} INFO - Processing file /opt/airflow/dags/my_dag.py for tasks to queue
[2024-10-28T08:46:59.550+0000] {logging_mixin.py:188} INFO - [2024-10-28T08:46:59.549+0000] {dagbag.py:540} INFO - Filling up the DagBag from /opt/airflow/dags/my_dag.py
[2024-10-28T08:46:59.572+0000] {processor.py:840} INFO - DAG(s) 'user_automation' retrieved from /opt/airflow/dags/my_dag.py
[2024-10-28T08:46:59.597+0000] {logging_mixin.py:188} INFO - [2024-10-28T08:46:59.597+0000] {dag.py:3047} INFO - Sync 1 DAGs
[2024-10-28T08:46:59.618+0000] {logging_mixin.py:188} INFO - [2024-10-28T08:46:59.617+0000] {dag.py:3834} INFO - Setting next_dagrun for user_automation to 2024-10-28 00:00:00+00:00, run_after=2024-10-29 00:00:00+00:00
[2024-10-28T08:46:59.642+0000] {processor.py:183} INFO - Processing /opt/airflow/dags/my_dag.py took 0.099 seconds
[2024-10-28T08:47:29.755+0000] {processor.py:161} INFO - Started process (PID=6619) to work on /opt/airflow/dags/my_dag.py
[2024-10-28T08:47:29.756+0000] {processor.py:830} INFO - Processing file /opt/airflow/dags/my_dag.py for tasks to queue
[2024-10-28T08:47:29.758+0000] {logging_mixin.py:188} INFO - [2024-10-28T08:47:29.758+0000] {dagbag.py:540} INFO - Filling up the DagBag from /opt/airflow/dags/my_dag.py
[2024-10-28T08:47:29.781+0000] {processor.py:840} INFO - DAG(s) 'user_automation' retrieved from /opt/airflow/dags/my_dag.py
[2024-10-28T08:47:29.809+0000] {logging_mixin.py:188} INFO - [2024-10-28T08:47:29.809+0000] {dag.py:3047} INFO - Sync 1 DAGs
[2024-10-28T08:47:29.833+0000] {logging_mixin.py:188} INFO - [2024-10-28T08:47:29.833+0000] {dag.py:3834} INFO - Setting next_dagrun for user_automation to 2024-10-28 00:00:00+00:00, run_after=2024-10-29 00:00:00+00:00
[2024-10-28T08:47:29.853+0000] {processor.py:183} INFO - Processing /opt/airflow/dags/my_dag.py took 0.102 seconds
[2024-10-28T08:48:00.008+0000] {processor.py:161} INFO - Started process (PID=6627) to work on /opt/airflow/dags/my_dag.py
[2024-10-28T08:48:00.009+0000] {processor.py:830} INFO - Processing file /opt/airflow/dags/my_dag.py for tasks to queue
[2024-10-28T08:48:00.011+0000] {logging_mixin.py:188} INFO - [2024-10-28T08:48:00.011+0000] {dagbag.py:540} INFO - Filling up the DagBag from /opt/airflow/dags/my_dag.py
[2024-10-28T08:48:00.036+0000] {processor.py:840} INFO - DAG(s) 'user_automation' retrieved from /opt/airflow/dags/my_dag.py
[2024-10-28T08:48:00.061+0000] {logging_mixin.py:188} INFO - [2024-10-28T08:48:00.061+0000] {dag.py:3047} INFO - Sync 1 DAGs
[2024-10-28T08:48:00.084+0000] {logging_mixin.py:188} INFO - [2024-10-28T08:48:00.084+0000] {dag.py:3834} INFO - Setting next_dagrun for user_automation to 2024-10-28 00:00:00+00:00, run_after=2024-10-29 00:00:00+00:00
[2024-10-28T08:48:00.109+0000] {processor.py:183} INFO - Processing /opt/airflow/dags/my_dag.py took 0.104 seconds
[2024-10-28T08:48:30.216+0000] {processor.py:161} INFO - Started process (PID=6634) to work on /opt/airflow/dags/my_dag.py
[2024-10-28T08:48:30.218+0000] {processor.py:830} INFO - Processing file /opt/airflow/dags/my_dag.py for tasks to queue
[2024-10-28T08:48:30.220+0000] {logging_mixin.py:188} INFO - [2024-10-28T08:48:30.219+0000] {dagbag.py:540} INFO - Filling up the DagBag from /opt/airflow/dags/my_dag.py
[2024-10-28T08:48:30.242+0000] {processor.py:840} INFO - DAG(s) 'user_automation' retrieved from /opt/airflow/dags/my_dag.py
[2024-10-28T08:48:30.270+0000] {logging_mixin.py:188} INFO - [2024-10-28T08:48:30.270+0000] {dag.py:3047} INFO - Sync 1 DAGs
[2024-10-28T08:48:30.292+0000] {logging_mixin.py:188} INFO - [2024-10-28T08:48:30.292+0000] {dag.py:3834} INFO - Setting next_dagrun for user_automation to 2024-10-28 00:00:00+00:00, run_after=2024-10-29 00:00:00+00:00
[2024-10-28T08:48:30.315+0000] {processor.py:183} INFO - Processing /opt/airflow/dags/my_dag.py took 0.103 seconds
[2024-10-28T08:49:00.486+0000] {processor.py:161} INFO - Started process (PID=6641) to work on /opt/airflow/dags/my_dag.py
[2024-10-28T08:49:00.487+0000] {processor.py:830} INFO - Processing file /opt/airflow/dags/my_dag.py for tasks to queue
[2024-10-28T08:49:00.489+0000] {logging_mixin.py:188} INFO - [2024-10-28T08:49:00.489+0000] {dagbag.py:540} INFO - Filling up the DagBag from /opt/airflow/dags/my_dag.py
[2024-10-28T08:49:00.512+0000] {processor.py:840} INFO - DAG(s) 'user_automation' retrieved from /opt/airflow/dags/my_dag.py
[2024-10-28T08:49:00.536+0000] {logging_mixin.py:188} INFO - [2024-10-28T08:49:00.536+0000] {dag.py:3047} INFO - Sync 1 DAGs
[2024-10-28T08:49:00.557+0000] {logging_mixin.py:188} INFO - [2024-10-28T08:49:00.557+0000] {dag.py:3834} INFO - Setting next_dagrun for user_automation to 2024-10-28 00:00:00+00:00, run_after=2024-10-29 00:00:00+00:00
[2024-10-28T08:49:00.579+0000] {processor.py:183} INFO - Processing /opt/airflow/dags/my_dag.py took 0.096 seconds
[2024-10-28T08:49:30.727+0000] {processor.py:161} INFO - Started process (PID=6648) to work on /opt/airflow/dags/my_dag.py
[2024-10-28T08:49:30.728+0000] {processor.py:830} INFO - Processing file /opt/airflow/dags/my_dag.py for tasks to queue
[2024-10-28T08:49:30.730+0000] {logging_mixin.py:188} INFO - [2024-10-28T08:49:30.730+0000] {dagbag.py:540} INFO - Filling up the DagBag from /opt/airflow/dags/my_dag.py
[2024-10-28T08:49:30.753+0000] {processor.py:840} INFO - DAG(s) 'user_automation' retrieved from /opt/airflow/dags/my_dag.py
[2024-10-28T08:49:30.777+0000] {logging_mixin.py:188} INFO - [2024-10-28T08:49:30.777+0000] {dag.py:3047} INFO - Sync 1 DAGs
[2024-10-28T08:49:30.798+0000] {logging_mixin.py:188} INFO - [2024-10-28T08:49:30.798+0000] {dag.py:3834} INFO - Setting next_dagrun for user_automation to 2024-10-28 00:00:00+00:00, run_after=2024-10-29 00:00:00+00:00
[2024-10-28T08:49:30.821+0000] {processor.py:183} INFO - Processing /opt/airflow/dags/my_dag.py took 0.097 seconds
[2024-10-28T08:50:00.960+0000] {processor.py:161} INFO - Started process (PID=6655) to work on /opt/airflow/dags/my_dag.py
[2024-10-28T08:50:00.961+0000] {processor.py:830} INFO - Processing file /opt/airflow/dags/my_dag.py for tasks to queue
[2024-10-28T08:50:00.963+0000] {logging_mixin.py:188} INFO - [2024-10-28T08:50:00.963+0000] {dagbag.py:540} INFO - Filling up the DagBag from /opt/airflow/dags/my_dag.py
[2024-10-28T08:50:00.986+0000] {processor.py:840} INFO - DAG(s) 'user_automation' retrieved from /opt/airflow/dags/my_dag.py
[2024-10-28T08:50:01.013+0000] {logging_mixin.py:188} INFO - [2024-10-28T08:50:01.012+0000] {dag.py:3047} INFO - Sync 1 DAGs
[2024-10-28T08:50:01.033+0000] {logging_mixin.py:188} INFO - [2024-10-28T08:50:01.033+0000] {dag.py:3834} INFO - Setting next_dagrun for user_automation to 2024-10-28 00:00:00+00:00, run_after=2024-10-29 00:00:00+00:00
[2024-10-28T08:50:01.054+0000] {processor.py:183} INFO - Processing /opt/airflow/dags/my_dag.py took 0.098 seconds
[2024-10-28T08:50:31.195+0000] {processor.py:161} INFO - Started process (PID=6662) to work on /opt/airflow/dags/my_dag.py
[2024-10-28T08:50:31.196+0000] {processor.py:830} INFO - Processing file /opt/airflow/dags/my_dag.py for tasks to queue
[2024-10-28T08:50:31.199+0000] {logging_mixin.py:188} INFO - [2024-10-28T08:50:31.198+0000] {dagbag.py:540} INFO - Filling up the DagBag from /opt/airflow/dags/my_dag.py
[2024-10-28T08:50:31.221+0000] {processor.py:840} INFO - DAG(s) 'user_automation' retrieved from /opt/airflow/dags/my_dag.py
[2024-10-28T08:50:31.245+0000] {logging_mixin.py:188} INFO - [2024-10-28T08:50:31.244+0000] {dag.py:3047} INFO - Sync 1 DAGs
[2024-10-28T08:50:31.266+0000] {logging_mixin.py:188} INFO - [2024-10-28T08:50:31.265+0000] {dag.py:3834} INFO - Setting next_dagrun for user_automation to 2024-10-28 00:00:00+00:00, run_after=2024-10-29 00:00:00+00:00
[2024-10-28T08:50:31.287+0000] {processor.py:183} INFO - Processing /opt/airflow/dags/my_dag.py took 0.095 seconds
[2024-10-28T08:51:01.437+0000] {processor.py:161} INFO - Started process (PID=6669) to work on /opt/airflow/dags/my_dag.py
[2024-10-28T08:51:01.438+0000] {processor.py:830} INFO - Processing file /opt/airflow/dags/my_dag.py for tasks to queue
[2024-10-28T08:51:01.440+0000] {logging_mixin.py:188} INFO - [2024-10-28T08:51:01.440+0000] {dagbag.py:540} INFO - Filling up the DagBag from /opt/airflow/dags/my_dag.py
[2024-10-28T08:51:01.463+0000] {processor.py:840} INFO - DAG(s) 'user_automation' retrieved from /opt/airflow/dags/my_dag.py
[2024-10-28T08:51:01.488+0000] {logging_mixin.py:188} INFO - [2024-10-28T08:51:01.488+0000] {dag.py:3047} INFO - Sync 1 DAGs
[2024-10-28T08:51:01.509+0000] {logging_mixin.py:188} INFO - [2024-10-28T08:51:01.509+0000] {dag.py:3834} INFO - Setting next_dagrun for user_automation to 2024-10-28 00:00:00+00:00, run_after=2024-10-29 00:00:00+00:00
[2024-10-28T08:51:01.531+0000] {processor.py:183} INFO - Processing /opt/airflow/dags/my_dag.py took 0.097 seconds
[2024-10-28T08:51:31.672+0000] {processor.py:161} INFO - Started process (PID=6676) to work on /opt/airflow/dags/my_dag.py
[2024-10-28T08:51:31.673+0000] {processor.py:830} INFO - Processing file /opt/airflow/dags/my_dag.py for tasks to queue
[2024-10-28T08:51:31.675+0000] {logging_mixin.py:188} INFO - [2024-10-28T08:51:31.674+0000] {dagbag.py:540} INFO - Filling up the DagBag from /opt/airflow/dags/my_dag.py
[2024-10-28T08:51:31.698+0000] {processor.py:840} INFO - DAG(s) 'user_automation' retrieved from /opt/airflow/dags/my_dag.py
[2024-10-28T08:51:31.723+0000] {logging_mixin.py:188} INFO - [2024-10-28T08:51:31.722+0000] {dag.py:3047} INFO - Sync 1 DAGs
[2024-10-28T08:51:31.744+0000] {logging_mixin.py:188} INFO - [2024-10-28T08:51:31.744+0000] {dag.py:3834} INFO - Setting next_dagrun for user_automation to 2024-10-28 00:00:00+00:00, run_after=2024-10-29 00:00:00+00:00
[2024-10-28T08:51:31.766+0000] {processor.py:183} INFO - Processing /opt/airflow/dags/my_dag.py took 0.098 seconds
[2024-10-28T08:52:01.913+0000] {processor.py:161} INFO - Started process (PID=6683) to work on /opt/airflow/dags/my_dag.py
[2024-10-28T08:52:01.915+0000] {processor.py:830} INFO - Processing file /opt/airflow/dags/my_dag.py for tasks to queue
[2024-10-28T08:52:01.917+0000] {logging_mixin.py:188} INFO - [2024-10-28T08:52:01.916+0000] {dagbag.py:540} INFO - Filling up the DagBag from /opt/airflow/dags/my_dag.py
[2024-10-28T08:52:01.939+0000] {processor.py:840} INFO - DAG(s) 'user_automation' retrieved from /opt/airflow/dags/my_dag.py
[2024-10-28T08:52:01.964+0000] {logging_mixin.py:188} INFO - [2024-10-28T08:52:01.963+0000] {dag.py:3047} INFO - Sync 1 DAGs
[2024-10-28T08:52:01.986+0000] {logging_mixin.py:188} INFO - [2024-10-28T08:52:01.986+0000] {dag.py:3834} INFO - Setting next_dagrun for user_automation to 2024-10-28 00:00:00+00:00, run_after=2024-10-29 00:00:00+00:00
[2024-10-28T08:52:02.008+0000] {processor.py:183} INFO - Processing /opt/airflow/dags/my_dag.py took 0.099 seconds
[2024-10-28T08:52:32.131+0000] {processor.py:161} INFO - Started process (PID=6690) to work on /opt/airflow/dags/my_dag.py
[2024-10-28T08:52:32.133+0000] {processor.py:830} INFO - Processing file /opt/airflow/dags/my_dag.py for tasks to queue
[2024-10-28T08:52:32.135+0000] {logging_mixin.py:188} INFO - [2024-10-28T08:52:32.134+0000] {dagbag.py:540} INFO - Filling up the DagBag from /opt/airflow/dags/my_dag.py
[2024-10-28T08:52:32.159+0000] {processor.py:840} INFO - DAG(s) 'user_automation' retrieved from /opt/airflow/dags/my_dag.py
[2024-10-28T08:52:32.187+0000] {logging_mixin.py:188} INFO - [2024-10-28T08:52:32.187+0000] {dag.py:3047} INFO - Sync 1 DAGs
[2024-10-28T08:52:32.211+0000] {logging_mixin.py:188} INFO - [2024-10-28T08:52:32.210+0000] {dag.py:3834} INFO - Setting next_dagrun for user_automation to 2024-10-28 00:00:00+00:00, run_after=2024-10-29 00:00:00+00:00
[2024-10-28T08:52:32.234+0000] {processor.py:183} INFO - Processing /opt/airflow/dags/my_dag.py took 0.106 seconds
[2024-10-28T08:53:02.380+0000] {processor.py:161} INFO - Started process (PID=6697) to work on /opt/airflow/dags/my_dag.py
[2024-10-28T08:53:02.382+0000] {processor.py:830} INFO - Processing file /opt/airflow/dags/my_dag.py for tasks to queue
[2024-10-28T08:53:02.384+0000] {logging_mixin.py:188} INFO - [2024-10-28T08:53:02.383+0000] {dagbag.py:540} INFO - Filling up the DagBag from /opt/airflow/dags/my_dag.py
[2024-10-28T08:53:02.407+0000] {processor.py:840} INFO - DAG(s) 'user_automation' retrieved from /opt/airflow/dags/my_dag.py
[2024-10-28T08:53:02.431+0000] {logging_mixin.py:188} INFO - [2024-10-28T08:53:02.431+0000] {dag.py:3047} INFO - Sync 1 DAGs
[2024-10-28T08:53:02.452+0000] {logging_mixin.py:188} INFO - [2024-10-28T08:53:02.451+0000] {dag.py:3834} INFO - Setting next_dagrun for user_automation to 2024-10-28 00:00:00+00:00, run_after=2024-10-29 00:00:00+00:00
[2024-10-28T08:53:02.474+0000] {processor.py:183} INFO - Processing /opt/airflow/dags/my_dag.py took 0.097 seconds
[2024-10-28T08:53:32.621+0000] {processor.py:161} INFO - Started process (PID=6704) to work on /opt/airflow/dags/my_dag.py
[2024-10-28T08:53:32.622+0000] {processor.py:830} INFO - Processing file /opt/airflow/dags/my_dag.py for tasks to queue
[2024-10-28T08:53:32.624+0000] {logging_mixin.py:188} INFO - [2024-10-28T08:53:32.624+0000] {dagbag.py:540} INFO - Filling up the DagBag from /opt/airflow/dags/my_dag.py
[2024-10-28T08:53:32.646+0000] {processor.py:840} INFO - DAG(s) 'user_automation' retrieved from /opt/airflow/dags/my_dag.py
[2024-10-28T08:53:32.671+0000] {logging_mixin.py:188} INFO - [2024-10-28T08:53:32.671+0000] {dag.py:3047} INFO - Sync 1 DAGs
[2024-10-28T08:53:32.692+0000] {logging_mixin.py:188} INFO - [2024-10-28T08:53:32.692+0000] {dag.py:3834} INFO - Setting next_dagrun for user_automation to 2024-10-28 00:00:00+00:00, run_after=2024-10-29 00:00:00+00:00
[2024-10-28T08:53:32.715+0000] {processor.py:183} INFO - Processing /opt/airflow/dags/my_dag.py took 0.097 seconds
[2024-10-28T08:54:02.840+0000] {processor.py:161} INFO - Started process (PID=6711) to work on /opt/airflow/dags/my_dag.py
[2024-10-28T08:54:02.841+0000] {processor.py:830} INFO - Processing file /opt/airflow/dags/my_dag.py for tasks to queue
[2024-10-28T08:54:02.843+0000] {logging_mixin.py:188} INFO - [2024-10-28T08:54:02.843+0000] {dagbag.py:540} INFO - Filling up the DagBag from /opt/airflow/dags/my_dag.py
[2024-10-28T08:54:02.866+0000] {processor.py:840} INFO - DAG(s) 'user_automation' retrieved from /opt/airflow/dags/my_dag.py
[2024-10-28T08:54:02.892+0000] {logging_mixin.py:188} INFO - [2024-10-28T08:54:02.891+0000] {dag.py:3047} INFO - Sync 1 DAGs
[2024-10-28T08:54:02.918+0000] {logging_mixin.py:188} INFO - [2024-10-28T08:54:02.918+0000] {dag.py:3834} INFO - Setting next_dagrun for user_automation to 2024-10-28 00:00:00+00:00, run_after=2024-10-29 00:00:00+00:00
[2024-10-28T08:54:02.944+0000] {processor.py:183} INFO - Processing /opt/airflow/dags/my_dag.py took 0.108 seconds
[2024-10-28T08:54:33.115+0000] {processor.py:161} INFO - Started process (PID=6718) to work on /opt/airflow/dags/my_dag.py
[2024-10-28T08:54:33.116+0000] {processor.py:830} INFO - Processing file /opt/airflow/dags/my_dag.py for tasks to queue
[2024-10-28T08:54:33.118+0000] {logging_mixin.py:188} INFO - [2024-10-28T08:54:33.118+0000] {dagbag.py:540} INFO - Filling up the DagBag from /opt/airflow/dags/my_dag.py
[2024-10-28T08:54:33.141+0000] {processor.py:840} INFO - DAG(s) 'user_automation' retrieved from /opt/airflow/dags/my_dag.py
[2024-10-28T08:54:33.166+0000] {logging_mixin.py:188} INFO - [2024-10-28T08:54:33.166+0000] {dag.py:3047} INFO - Sync 1 DAGs
[2024-10-28T08:54:33.189+0000] {logging_mixin.py:188} INFO - [2024-10-28T08:54:33.188+0000] {dag.py:3834} INFO - Setting next_dagrun for user_automation to 2024-10-28 00:00:00+00:00, run_after=2024-10-29 00:00:00+00:00
[2024-10-28T08:54:33.210+0000] {processor.py:183} INFO - Processing /opt/airflow/dags/my_dag.py took 0.098 seconds
[2024-10-28T08:55:03.322+0000] {processor.py:161} INFO - Started process (PID=6725) to work on /opt/airflow/dags/my_dag.py
[2024-10-28T08:55:03.323+0000] {processor.py:830} INFO - Processing file /opt/airflow/dags/my_dag.py for tasks to queue
[2024-10-28T08:55:03.326+0000] {logging_mixin.py:188} INFO - [2024-10-28T08:55:03.325+0000] {dagbag.py:540} INFO - Filling up the DagBag from /opt/airflow/dags/my_dag.py
[2024-10-28T08:55:03.349+0000] {processor.py:840} INFO - DAG(s) 'user_automation' retrieved from /opt/airflow/dags/my_dag.py
[2024-10-28T08:55:03.376+0000] {logging_mixin.py:188} INFO - [2024-10-28T08:55:03.376+0000] {dag.py:3047} INFO - Sync 1 DAGs
[2024-10-28T08:55:03.397+0000] {logging_mixin.py:188} INFO - [2024-10-28T08:55:03.396+0000] {dag.py:3834} INFO - Setting next_dagrun for user_automation to 2024-10-28 00:00:00+00:00, run_after=2024-10-29 00:00:00+00:00
[2024-10-28T08:55:03.419+0000] {processor.py:183} INFO - Processing /opt/airflow/dags/my_dag.py took 0.100 seconds
[2024-10-28T09:20:25.758+0000] {processor.py:161} INFO - Started process (PID=6733) to work on /opt/airflow/dags/my_dag.py
[2024-10-28T09:20:25.766+0000] {processor.py:830} INFO - Processing file /opt/airflow/dags/my_dag.py for tasks to queue
[2024-10-28T09:20:25.770+0000] {logging_mixin.py:188} INFO - [2024-10-28T09:20:25.769+0000] {dagbag.py:540} INFO - Filling up the DagBag from /opt/airflow/dags/my_dag.py
[2024-10-28T09:20:25.812+0000] {processor.py:840} INFO - DAG(s) 'user_automation' retrieved from /opt/airflow/dags/my_dag.py
[2024-10-28T09:20:25.867+0000] {logging_mixin.py:188} INFO - [2024-10-28T09:20:25.867+0000] {dag.py:3047} INFO - Sync 1 DAGs
[2024-10-28T09:20:25.906+0000] {logging_mixin.py:188} INFO - [2024-10-28T09:20:25.906+0000] {dag.py:3834} INFO - Setting next_dagrun for user_automation to 2024-10-28 00:00:00+00:00, run_after=2024-10-29 00:00:00+00:00
[2024-10-28T09:20:25.940+0000] {processor.py:183} INFO - Processing /opt/airflow/dags/my_dag.py took 0.190 seconds
