[2024-10-30T06:21:27.115+0000] {taskinstance.py:1979} INFO - Dependencies all met for dep_context=non-requeueable deps ti=<TaskInstance: user_automation.stream_data_from_api manual__2024-10-30T06:21:26.162203+00:00 [queued]>
[2024-10-30T06:21:27.130+0000] {taskinstance.py:1979} INFO - Dependencies all met for dep_context=requeueable deps ti=<TaskInstance: user_automation.stream_data_from_api manual__2024-10-30T06:21:26.162203+00:00 [queued]>
[2024-10-30T06:21:27.132+0000] {taskinstance.py:2193} INFO - Starting attempt 1 of 1
[2024-10-30T06:21:27.161+0000] {taskinstance.py:2217} INFO - Executing <Task(PythonOperator): stream_data_from_api> on 2024-10-30 06:21:26.162203+00:00
[2024-10-30T06:21:27.169+0000] {standard_task_runner.py:60} INFO - Started process 191 to run task
[2024-10-30T06:21:27.177+0000] {standard_task_runner.py:87} INFO - Running: ['***', 'tasks', 'run', 'user_automation', 'stream_data_from_api', 'manual__2024-10-30T06:21:26.162203+00:00', '--job-id', '19', '--raw', '--subdir', 'DAGS_FOLDER/my_dag.py', '--cfg-path', '/tmp/tmpmjcr44lq']
[2024-10-30T06:21:27.179+0000] {standard_task_runner.py:88} INFO - Job 19: Subtask stream_data_from_api
[2024-10-30T06:21:27.317+0000] {task_command.py:423} INFO - Running <TaskInstance: user_automation.stream_data_from_api manual__2024-10-30T06:21:26.162203+00:00 [running]> on host 40a6e359d100
[2024-10-30T06:21:27.426+0000] {taskinstance.py:2513} INFO - Exporting env vars: AIRFLOW_CTX_DAG_OWNER='airscholar' AIRFLOW_CTX_DAG_ID='user_automation' AIRFLOW_CTX_TASK_ID='stream_data_from_api' AIRFLOW_CTX_EXECUTION_DATE='2024-10-30T06:21:26.162203+00:00' AIRFLOW_CTX_TRY_NUMBER='1' AIRFLOW_CTX_DAG_RUN_ID='manual__2024-10-30T06:21:26.162203+00:00'
[2024-10-30T06:21:27.499+0000] {conn.py:380} INFO - <BrokerConnection node_id=bootstrap-0 host=broker:29092 <connecting> [IPv4 ('172.18.0.10', 29092)]>: connecting to broker:29092 [('172.18.0.10', 29092) IPv4]
[2024-10-30T06:21:27.500+0000] {conn.py:1205} INFO - Probing node bootstrap-0 broker version
[2024-10-30T06:21:27.501+0000] {conn.py:410} INFO - <BrokerConnection node_id=bootstrap-0 host=broker:29092 <connecting> [IPv4 ('172.18.0.10', 29092)]>: Connection complete.
[2024-10-30T06:21:27.606+0000] {conn.py:1267} INFO - Broker version identified as 2.5.0
[2024-10-30T06:21:27.608+0000] {conn.py:1268} INFO - Set configuration api_version=(2, 5, 0) to skip auto check_version requests on startup
[2024-10-30T06:21:28.099+0000] {logging_mixin.py:188} INFO - oke
[2024-10-30T06:21:28.100+0000] {conn.py:380} INFO - <BrokerConnection node_id=1 host=broker:29092 <connecting> [IPv4 ('172.18.0.10', 29092)]>: connecting to broker:29092 [('172.18.0.10', 29092) IPv4]
[2024-10-30T06:21:28.103+0000] {conn.py:410} INFO - <BrokerConnection node_id=1 host=broker:29092 <connecting> [IPv4 ('172.18.0.10', 29092)]>: Connection complete.
[2024-10-30T06:21:28.103+0000] {conn.py:919} INFO - <BrokerConnection node_id=bootstrap-0 host=broker:29092 <connected> [IPv4 ('172.18.0.10', 29092)]>: Closing connection. 
[2024-10-30T06:21:28.511+0000] {logging_mixin.py:188} INFO - oke
[2024-10-30T06:21:28.871+0000] {logging_mixin.py:188} INFO - oke
[2024-10-30T06:21:29.242+0000] {logging_mixin.py:188} INFO - oke
[2024-10-30T06:21:29.637+0000] {logging_mixin.py:188} INFO - oke
[2024-10-30T06:21:30.040+0000] {logging_mixin.py:188} INFO - oke
[2024-10-30T06:21:30.418+0000] {logging_mixin.py:188} INFO - oke
[2024-10-30T06:21:30.833+0000] {logging_mixin.py:188} INFO - oke
[2024-10-30T06:21:31.255+0000] {logging_mixin.py:188} INFO - oke
[2024-10-30T06:21:31.669+0000] {logging_mixin.py:188} INFO - oke
[2024-10-30T06:21:32.071+0000] {logging_mixin.py:188} INFO - oke
[2024-10-30T06:21:32.484+0000] {logging_mixin.py:188} INFO - oke
[2024-10-30T06:21:32.905+0000] {logging_mixin.py:188} INFO - oke
[2024-10-30T06:21:33.300+0000] {logging_mixin.py:188} INFO - oke
[2024-10-30T06:21:33.651+0000] {logging_mixin.py:188} INFO - oke
[2024-10-30T06:21:34.051+0000] {logging_mixin.py:188} INFO - oke
[2024-10-30T06:21:34.416+0000] {logging_mixin.py:188} INFO - oke
[2024-10-30T06:21:35.065+0000] {logging_mixin.py:188} INFO - oke
[2024-10-30T06:21:35.479+0000] {logging_mixin.py:188} INFO - oke
[2024-10-30T06:21:35.880+0000] {logging_mixin.py:188} INFO - oke
[2024-10-30T06:21:36.276+0000] {logging_mixin.py:188} INFO - oke
[2024-10-30T06:21:36.686+0000] {logging_mixin.py:188} INFO - oke
[2024-10-30T06:21:37.122+0000] {logging_mixin.py:188} INFO - oke
[2024-10-30T06:21:37.492+0000] {logging_mixin.py:188} INFO - oke
[2024-10-30T06:21:37.860+0000] {logging_mixin.py:188} INFO - oke
[2024-10-30T06:21:38.301+0000] {logging_mixin.py:188} INFO - oke
[2024-10-30T06:21:38.762+0000] {logging_mixin.py:188} INFO - oke
[2024-10-30T06:21:39.186+0000] {logging_mixin.py:188} INFO - oke
[2024-10-30T06:21:39.695+0000] {logging_mixin.py:188} INFO - oke
[2024-10-30T06:21:40.104+0000] {logging_mixin.py:188} INFO - oke
[2024-10-30T06:21:40.515+0000] {logging_mixin.py:188} INFO - oke
[2024-10-30T06:21:40.918+0000] {logging_mixin.py:188} INFO - oke
[2024-10-30T06:21:41.344+0000] {logging_mixin.py:188} INFO - oke
[2024-10-30T06:21:41.743+0000] {logging_mixin.py:188} INFO - oke
[2024-10-30T06:21:42.148+0000] {logging_mixin.py:188} INFO - oke
[2024-10-30T06:21:42.557+0000] {logging_mixin.py:188} INFO - oke
[2024-10-30T06:21:42.939+0000] {logging_mixin.py:188} INFO - oke
[2024-10-30T06:21:43.343+0000] {logging_mixin.py:188} INFO - oke
[2024-10-30T06:21:43.698+0000] {logging_mixin.py:188} INFO - oke
[2024-10-30T06:21:44.045+0000] {logging_mixin.py:188} INFO - oke
[2024-10-30T06:21:44.397+0000] {logging_mixin.py:188} INFO - oke
[2024-10-30T06:21:44.818+0000] {logging_mixin.py:188} INFO - oke
[2024-10-30T06:21:45.237+0000] {logging_mixin.py:188} INFO - oke
[2024-10-30T06:21:45.583+0000] {logging_mixin.py:188} INFO - oke
[2024-10-30T06:21:46.013+0000] {logging_mixin.py:188} INFO - oke
[2024-10-30T06:21:46.533+0000] {logging_mixin.py:188} INFO - oke
[2024-10-30T06:21:46.971+0000] {logging_mixin.py:188} INFO - oke
[2024-10-30T06:21:48.456+0000] {logging_mixin.py:188} INFO - oke
[2024-10-30T06:21:48.867+0000] {logging_mixin.py:188} INFO - oke
[2024-10-30T06:21:49.475+0000] {logging_mixin.py:188} INFO - oke
[2024-10-30T06:21:50.055+0000] {logging_mixin.py:188} INFO - oke
[2024-10-30T06:21:50.565+0000] {logging_mixin.py:188} INFO - oke
[2024-10-30T06:21:50.966+0000] {logging_mixin.py:188} INFO - oke
[2024-10-30T06:21:51.386+0000] {logging_mixin.py:188} INFO - oke
[2024-10-30T06:21:51.932+0000] {logging_mixin.py:188} INFO - oke
[2024-10-30T06:21:52.320+0000] {logging_mixin.py:188} INFO - oke
[2024-10-30T06:21:52.727+0000] {logging_mixin.py:188} INFO - oke
[2024-10-30T06:21:53.276+0000] {logging_mixin.py:188} INFO - oke
[2024-10-30T06:21:53.696+0000] {logging_mixin.py:188} INFO - oke
[2024-10-30T06:21:54.152+0000] {logging_mixin.py:188} INFO - oke
[2024-10-30T06:21:55.065+0000] {logging_mixin.py:188} INFO - oke
[2024-10-30T06:21:55.524+0000] {logging_mixin.py:188} INFO - oke
[2024-10-30T06:21:55.929+0000] {logging_mixin.py:188} INFO - oke
[2024-10-30T06:21:56.406+0000] {logging_mixin.py:188} INFO - oke
[2024-10-30T06:21:56.866+0000] {logging_mixin.py:188} INFO - oke
[2024-10-30T06:21:57.941+0000] {logging_mixin.py:188} INFO - oke
[2024-10-30T06:21:57.944+0000] {conn.py:919} INFO - <BrokerConnection node_id=1 host=broker:29092 <connected> [IPv4 ('172.18.0.10', 29092)]>: Closing connection. 
[2024-10-30T06:21:57.945+0000] {python.py:202} INFO - Done. Returned value was: None
[2024-10-30T06:21:57.954+0000] {taskinstance.py:1149} INFO - Marking task as SUCCESS. dag_id=user_automation, task_id=stream_data_from_api, execution_date=20241030T062126, start_date=20241030T062127, end_date=20241030T062157
[2024-10-30T06:21:57.978+0000] {local_task_job_runner.py:234} INFO - Task exited with return code 0
[2024-10-30T06:21:57.992+0000] {taskinstance.py:3312} INFO - 0 downstream tasks scheduled from follow-on schedule check
