[2024-12-21T05:09:31.223+0000] {taskinstance.py:1979} INFO - Dependencies all met for dep_context=non-requeueable deps ti=<TaskInstance: user_automation.stream_data_from_api manual__2024-12-21T05:09:30.276874+00:00 [queued]>
[2024-12-21T05:09:31.232+0000] {taskinstance.py:1979} INFO - Dependencies all met for dep_context=requeueable deps ti=<TaskInstance: user_automation.stream_data_from_api manual__2024-12-21T05:09:30.276874+00:00 [queued]>
[2024-12-21T05:09:31.233+0000] {taskinstance.py:2193} INFO - Starting attempt 1 of 1
[2024-12-21T05:09:31.247+0000] {taskinstance.py:2217} INFO - Executing <Task(PythonOperator): stream_data_from_api> on 2024-12-21 05:09:30.276874+00:00
[2024-12-21T05:09:31.253+0000] {standard_task_runner.py:60} INFO - Started process 119 to run task
[2024-12-21T05:09:31.256+0000] {standard_task_runner.py:87} INFO - Running: ['***', 'tasks', 'run', 'user_automation', 'stream_data_from_api', 'manual__2024-12-21T05:09:30.276874+00:00', '--job-id', '25', '--raw', '--subdir', 'DAGS_FOLDER/kafka_streaming.py', '--cfg-path', '/tmp/tmpv1kncfpo']
[2024-12-21T05:09:31.257+0000] {standard_task_runner.py:88} INFO - Job 25: Subtask stream_data_from_api
[2024-12-21T05:09:31.302+0000] {task_command.py:423} INFO - Running <TaskInstance: user_automation.stream_data_from_api manual__2024-12-21T05:09:30.276874+00:00 [running]> on host f33240f4e710
[2024-12-21T05:09:31.366+0000] {taskinstance.py:2513} INFO - Exporting env vars: AIRFLOW_CTX_DAG_OWNER='airscholar' AIRFLOW_CTX_DAG_ID='user_automation' AIRFLOW_CTX_TASK_ID='stream_data_from_api' AIRFLOW_CTX_EXECUTION_DATE='2024-12-21T05:09:30.276874+00:00' AIRFLOW_CTX_TRY_NUMBER='1' AIRFLOW_CTX_DAG_RUN_ID='manual__2024-12-21T05:09:30.276874+00:00'
[2024-12-21T05:09:31.414+0000] {conn.py:380} INFO - <BrokerConnection node_id=bootstrap-0 host=broker:29092 <connecting> [IPv4 ('172.18.0.13', 29092)]>: connecting to broker:29092 [('172.18.0.13', 29092) IPv4]
[2024-12-21T05:09:31.415+0000] {conn.py:1205} INFO - Probing node bootstrap-0 broker version
[2024-12-21T05:09:31.416+0000] {conn.py:410} INFO - <BrokerConnection node_id=bootstrap-0 host=broker:29092 <connecting> [IPv4 ('172.18.0.13', 29092)]>: Connection complete.
[2024-12-21T05:09:31.526+0000] {conn.py:1267} INFO - Broker version identified as 2.5.0
[2024-12-21T05:09:31.527+0000] {conn.py:1268} INFO - Set configuration api_version=(2, 5, 0) to skip auto check_version requests on startup
[2024-12-21T05:09:31.991+0000] {conn.py:380} INFO - <BrokerConnection node_id=1 host=broker:29092 <connecting> [IPv4 ('172.18.0.13', 29092)]>: connecting to broker:29092 [('172.18.0.13', 29092) IPv4]
[2024-12-21T05:09:31.991+0000] {conn.py:410} INFO - <BrokerConnection node_id=1 host=broker:29092 <connecting> [IPv4 ('172.18.0.13', 29092)]>: Connection complete.
[2024-12-21T05:09:31.992+0000] {conn.py:919} INFO - <BrokerConnection node_id=bootstrap-0 host=broker:29092 <connected> [IPv4 ('172.18.0.13', 29092)]>: Closing connection. 
[2024-12-21T05:09:32.169+0000] {logging_mixin.py:188} INFO - oke
[2024-12-21T05:09:32.519+0000] {logging_mixin.py:188} INFO - oke
[2024-12-21T05:09:32.908+0000] {logging_mixin.py:188} INFO - oke
[2024-12-21T05:09:33.254+0000] {logging_mixin.py:188} INFO - oke
[2024-12-21T05:09:33.623+0000] {logging_mixin.py:188} INFO - oke
[2024-12-21T05:09:33.995+0000] {logging_mixin.py:188} INFO - oke
[2024-12-21T05:09:34.357+0000] {logging_mixin.py:188} INFO - oke
[2024-12-21T05:09:34.744+0000] {logging_mixin.py:188} INFO - oke
[2024-12-21T05:09:35.103+0000] {logging_mixin.py:188} INFO - oke
[2024-12-21T05:09:35.461+0000] {logging_mixin.py:188} INFO - oke
[2024-12-21T05:09:52.160+0000] {logging_mixin.py:188} INFO - oke
[2024-12-21T05:09:36.174+0000] {logging_mixin.py:188} INFO - oke
[2024-12-21T05:09:36.532+0000] {logging_mixin.py:188} INFO - oke
[2024-12-21T05:09:36.916+0000] {logging_mixin.py:188} INFO - oke
[2024-12-21T05:09:37.299+0000] {logging_mixin.py:188} INFO - oke
[2024-12-21T05:09:37.678+0000] {logging_mixin.py:188} INFO - oke
[2024-12-21T05:09:38.033+0000] {logging_mixin.py:188} INFO - oke
[2024-12-21T05:09:38.423+0000] {logging_mixin.py:188} INFO - oke
[2024-12-21T05:09:38.822+0000] {logging_mixin.py:188} INFO - oke
[2024-12-21T05:09:39.176+0000] {logging_mixin.py:188} INFO - oke
[2024-12-21T05:09:39.563+0000] {logging_mixin.py:188} INFO - oke
[2024-12-21T05:09:39.943+0000] {logging_mixin.py:188} INFO - oke
[2024-12-21T05:09:40.356+0000] {logging_mixin.py:188} INFO - oke
[2024-12-21T05:09:57.061+0000] {logging_mixin.py:188} INFO - oke
[2024-12-21T05:09:41.054+0000] {logging_mixin.py:188} INFO - oke
[2024-12-21T05:09:41.414+0000] {logging_mixin.py:188} INFO - oke
[2024-12-21T05:09:41.790+0000] {logging_mixin.py:188} INFO - oke
[2024-12-21T05:09:42.148+0000] {logging_mixin.py:188} INFO - oke
[2024-12-21T05:09:43.148+0000] {logging_mixin.py:188} INFO - oke
[2024-12-21T05:09:43.521+0000] {logging_mixin.py:188} INFO - oke
[2024-12-21T05:09:43.867+0000] {logging_mixin.py:188} INFO - oke
[2024-12-21T05:09:44.456+0000] {logging_mixin.py:188} INFO - oke
[2024-12-21T05:09:44.819+0000] {logging_mixin.py:188} INFO - oke
[2024-12-21T05:09:45.169+0000] {logging_mixin.py:188} INFO - oke
[2024-12-21T05:09:45.512+0000] {logging_mixin.py:188} INFO - oke
[2024-12-21T05:10:02.210+0000] {logging_mixin.py:188} INFO - oke
[2024-12-21T05:09:46.224+0000] {logging_mixin.py:188} INFO - oke
[2024-12-21T05:09:46.573+0000] {logging_mixin.py:188} INFO - oke
[2024-12-21T05:09:46.929+0000] {logging_mixin.py:188} INFO - oke
[2024-12-21T05:09:47.306+0000] {logging_mixin.py:188} INFO - oke
[2024-12-21T05:09:48.129+0000] {logging_mixin.py:188} INFO - oke
[2024-12-21T05:09:48.487+0000] {logging_mixin.py:188} INFO - oke
[2024-12-21T05:09:48.865+0000] {logging_mixin.py:188} INFO - oke
[2024-12-21T05:09:49.232+0000] {logging_mixin.py:188} INFO - oke
[2024-12-21T05:09:49.588+0000] {logging_mixin.py:188} INFO - oke
[2024-12-21T05:09:49.934+0000] {logging_mixin.py:188} INFO - oke
[2024-12-21T05:09:50.276+0000] {logging_mixin.py:188} INFO - oke
[2024-12-21T05:09:50.651+0000] {logging_mixin.py:188} INFO - oke
[2024-12-21T05:09:51.018+0000] {logging_mixin.py:188} INFO - oke
[2024-12-21T05:09:51.583+0000] {logging_mixin.py:188} INFO - oke
[2024-12-21T05:09:51.928+0000] {logging_mixin.py:188} INFO - oke
[2024-12-21T05:09:52.302+0000] {logging_mixin.py:188} INFO - oke
[2024-12-21T05:09:52.712+0000] {logging_mixin.py:188} INFO - oke
[2024-12-21T05:09:53.083+0000] {logging_mixin.py:188} INFO - oke
[2024-12-21T05:09:53.440+0000] {logging_mixin.py:188} INFO - oke
[2024-12-21T05:09:53.800+0000] {logging_mixin.py:188} INFO - oke
[2024-12-21T05:09:54.164+0000] {logging_mixin.py:188} INFO - oke
[2024-12-21T05:09:54.547+0000] {logging_mixin.py:188} INFO - oke
[2024-12-21T05:09:54.895+0000] {logging_mixin.py:188} INFO - oke
[2024-12-21T05:09:55.269+0000] {logging_mixin.py:188} INFO - oke
[2024-12-21T05:09:55.625+0000] {logging_mixin.py:188} INFO - oke
[2024-12-21T05:10:12.327+0000] {logging_mixin.py:188} INFO - oke
[2024-12-21T05:09:56.512+0000] {logging_mixin.py:188} INFO - oke
[2024-12-21T05:09:56.870+0000] {logging_mixin.py:188} INFO - oke
[2024-12-21T05:09:57.214+0000] {logging_mixin.py:188} INFO - oke
[2024-12-21T05:09:57.576+0000] {logging_mixin.py:188} INFO - oke
[2024-12-21T05:09:57.938+0000] {logging_mixin.py:188} INFO - oke
[2024-12-21T05:09:58.281+0000] {logging_mixin.py:188} INFO - oke
[2024-12-21T05:09:58.629+0000] {logging_mixin.py:188} INFO - oke
[2024-12-21T05:09:58.995+0000] {logging_mixin.py:188} INFO - oke
[2024-12-21T05:09:59.372+0000] {logging_mixin.py:188} INFO - oke
[2024-12-21T05:09:59.764+0000] {logging_mixin.py:188} INFO - oke
[2024-12-21T05:10:00.151+0000] {logging_mixin.py:188} INFO - oke
[2024-12-21T05:10:00.528+0000] {logging_mixin.py:188} INFO - oke
[2024-12-21T05:10:17.252+0000] {logging_mixin.py:188} INFO - oke
[2024-12-21T05:10:01.287+0000] {logging_mixin.py:188} INFO - oke
[2024-12-21T05:10:01.776+0000] {logging_mixin.py:188} INFO - oke
[2024-12-21T05:10:02.240+0000] {logging_mixin.py:188} INFO - oke
[2024-12-21T05:10:02.674+0000] {logging_mixin.py:188} INFO - oke
[2024-12-21T05:10:03.106+0000] {logging_mixin.py:188} INFO - oke
[2024-12-21T05:10:03.501+0000] {logging_mixin.py:188} INFO - oke
[2024-12-21T05:10:04.416+0000] {logging_mixin.py:188} INFO - oke
[2024-12-21T05:10:05.229+0000] {logging_mixin.py:188} INFO - oke
[2024-12-21T05:10:22.074+0000] {logging_mixin.py:188} INFO - oke
[2024-12-21T05:10:06.304+0000] {logging_mixin.py:188} INFO - oke
[2024-12-21T05:10:06.683+0000] {logging_mixin.py:188} INFO - oke
[2024-12-21T05:10:07.038+0000] {logging_mixin.py:188} INFO - oke
[2024-12-21T05:10:07.384+0000] {logging_mixin.py:188} INFO - oke
[2024-12-21T05:10:07.757+0000] {logging_mixin.py:188} INFO - oke
[2024-12-21T05:10:08.113+0000] {logging_mixin.py:188} INFO - oke
[2024-12-21T05:10:08.485+0000] {logging_mixin.py:188} INFO - oke
[2024-12-21T05:10:08.853+0000] {logging_mixin.py:188} INFO - oke
[2024-12-21T05:10:09.265+0000] {logging_mixin.py:188} INFO - oke
[2024-12-21T05:10:09.650+0000] {logging_mixin.py:188} INFO - oke
[2024-12-21T05:10:10.014+0000] {logging_mixin.py:188} INFO - oke
[2024-12-21T05:10:10.387+0000] {logging_mixin.py:188} INFO - oke
[2024-12-21T05:10:27.104+0000] {logging_mixin.py:188} INFO - oke
[2024-12-21T05:10:11.160+0000] {logging_mixin.py:188} INFO - oke
[2024-12-21T05:10:11.589+0000] {logging_mixin.py:188} INFO - oke
[2024-12-21T05:10:11.969+0000] {logging_mixin.py:188} INFO - oke
[2024-12-21T05:10:12.674+0000] {logging_mixin.py:188} INFO - oke
[2024-12-21T05:10:13.168+0000] {logging_mixin.py:188} INFO - oke
[2024-12-21T05:10:13.549+0000] {logging_mixin.py:188} INFO - oke
[2024-12-21T05:10:14.008+0000] {logging_mixin.py:188} INFO - oke
[2024-12-21T05:10:14.366+0000] {logging_mixin.py:188} INFO - oke
[2024-12-21T05:10:14.712+0000] {logging_mixin.py:188} INFO - oke
[2024-12-21T05:10:15.163+0000] {logging_mixin.py:188} INFO - oke
[2024-12-21T05:10:15.535+0000] {logging_mixin.py:188} INFO - oke
[2024-12-21T05:10:32.235+0000] {logging_mixin.py:188} INFO - oke
[2024-12-21T05:10:32.238+0000] {conn.py:919} INFO - <BrokerConnection node_id=1 host=broker:29092 <connected> [IPv4 ('172.18.0.13', 29092)]>: Closing connection. 
[2024-12-21T05:10:32.240+0000] {python.py:202} INFO - Done. Returned value was: None
[2024-12-21T05:10:32.252+0000] {taskinstance.py:1149} INFO - Marking task as SUCCESS. dag_id=user_automation, task_id=stream_data_from_api, execution_date=20241221T050930, start_date=20241221T050931, end_date=20241221T051032
[2024-12-21T05:10:15.948+0000] {local_task_job_runner.py:234} INFO - Task exited with return code 0
[2024-12-21T05:10:15.965+0000] {taskinstance.py:3312} INFO - 0 downstream tasks scheduled from follow-on schedule check
