[2024-10-27T11:07:52.496+0000] {taskinstance.py:1979} INFO - Dependencies all met for dep_context=non-requeueable deps ti=<TaskInstance: user_automation.stream_data_from_api manual__2024-10-27T11:07:51.363947+00:00 [queued]>
[2024-10-27T11:07:52.505+0000] {taskinstance.py:1979} INFO - Dependencies all met for dep_context=requeueable deps ti=<TaskInstance: user_automation.stream_data_from_api manual__2024-10-27T11:07:51.363947+00:00 [queued]>
[2024-10-27T11:07:52.506+0000] {taskinstance.py:2193} INFO - Starting attempt 1 of 1
[2024-10-27T11:07:52.520+0000] {taskinstance.py:2217} INFO - Executing <Task(PythonOperator): stream_data_from_api> on 2024-10-27 11:07:51.363947+00:00
[2024-10-27T11:07:52.525+0000] {standard_task_runner.py:60} INFO - Started process 621 to run task
[2024-10-27T11:07:52.528+0000] {standard_task_runner.py:87} INFO - Running: ['***', 'tasks', 'run', 'user_automation', 'stream_data_from_api', 'manual__2024-10-27T11:07:51.363947+00:00', '--job-id', '71', '--raw', '--subdir', 'DAGS_FOLDER/my_dag.py', '--cfg-path', '/tmp/tmp9l_oyr23']
[2024-10-27T11:07:52.529+0000] {standard_task_runner.py:88} INFO - Job 71: Subtask stream_data_from_api
[2024-10-27T11:07:52.576+0000] {task_command.py:423} INFO - Running <TaskInstance: user_automation.stream_data_from_api manual__2024-10-27T11:07:51.363947+00:00 [running]> on host 5e2d829f4d1d
[2024-10-27T11:07:52.649+0000] {taskinstance.py:2513} INFO - Exporting env vars: AIRFLOW_CTX_DAG_OWNER='airscholar' AIRFLOW_CTX_DAG_ID='user_automation' AIRFLOW_CTX_TASK_ID='stream_data_from_api' AIRFLOW_CTX_EXECUTION_DATE='2024-10-27T11:07:51.363947+00:00' AIRFLOW_CTX_TRY_NUMBER='1' AIRFLOW_CTX_DAG_RUN_ID='manual__2024-10-27T11:07:51.363947+00:00'
[2024-10-27T11:07:52.688+0000] {conn.py:380} INFO - <BrokerConnection node_id=bootstrap-0 host=broker:29092 <connecting> [IPv4 ('172.18.0.17', 29092)]>: connecting to broker:29092 [('172.18.0.17', 29092) IPv4]
[2024-10-27T11:07:52.689+0000] {conn.py:1205} INFO - Probing node bootstrap-0 broker version
[2024-10-27T11:07:52.690+0000] {conn.py:410} INFO - <BrokerConnection node_id=bootstrap-0 host=broker:29092 <connecting> [IPv4 ('172.18.0.17', 29092)]>: Connection complete.
[2024-10-27T11:07:52.795+0000] {conn.py:1267} INFO - Broker version identified as 2.5.0
[2024-10-27T11:07:52.796+0000] {conn.py:1268} INFO - Set configuration api_version=(2, 5, 0) to skip auto check_version requests on startup
[2024-10-27T11:07:53.339+0000] {logging_mixin.py:188} INFO - oke
[2024-10-27T11:07:53.342+0000] {conn.py:380} INFO - <BrokerConnection node_id=1 host=broker:29092 <connecting> [IPv4 ('172.18.0.17', 29092)]>: connecting to broker:29092 [('172.18.0.17', 29092) IPv4]
[2024-10-27T11:07:53.343+0000] {conn.py:410} INFO - <BrokerConnection node_id=1 host=broker:29092 <connecting> [IPv4 ('172.18.0.17', 29092)]>: Connection complete.
[2024-10-27T11:07:53.344+0000] {conn.py:919} INFO - <BrokerConnection node_id=bootstrap-0 host=broker:29092 <connected> [IPv4 ('172.18.0.17', 29092)]>: Closing connection. 
[2024-10-27T11:07:53.732+0000] {logging_mixin.py:188} INFO - oke
[2024-10-27T11:07:54.093+0000] {logging_mixin.py:188} INFO - oke
[2024-10-27T11:07:54.437+0000] {logging_mixin.py:188} INFO - oke
[2024-10-27T11:07:54.799+0000] {logging_mixin.py:188} INFO - oke
[2024-10-27T11:07:55.152+0000] {logging_mixin.py:188} INFO - oke
[2024-10-27T11:07:55.515+0000] {logging_mixin.py:188} INFO - oke
[2024-10-27T11:07:55.910+0000] {logging_mixin.py:188} INFO - oke
[2024-10-27T11:07:56.292+0000] {logging_mixin.py:188} INFO - oke
[2024-10-27T11:07:56.659+0000] {logging_mixin.py:188} INFO - oke
[2024-10-27T11:07:57.054+0000] {logging_mixin.py:188} INFO - oke
[2024-10-27T11:07:57.445+0000] {logging_mixin.py:188} INFO - oke
[2024-10-27T11:07:57.804+0000] {logging_mixin.py:188} INFO - oke
[2024-10-27T11:07:58.169+0000] {logging_mixin.py:188} INFO - oke
[2024-10-27T11:07:58.929+0000] {logging_mixin.py:188} INFO - oke
[2024-10-27T11:07:59.298+0000] {logging_mixin.py:188} INFO - oke
[2024-10-27T11:07:59.679+0000] {logging_mixin.py:188} INFO - oke
[2024-10-27T11:08:00.040+0000] {logging_mixin.py:188} INFO - oke
[2024-10-27T11:08:00.406+0000] {logging_mixin.py:188} INFO - oke
[2024-10-27T11:08:00.780+0000] {logging_mixin.py:188} INFO - oke
[2024-10-27T11:08:01.217+0000] {logging_mixin.py:188} INFO - oke
[2024-10-27T11:08:01.592+0000] {logging_mixin.py:188} INFO - oke
[2024-10-27T11:08:01.949+0000] {logging_mixin.py:188} INFO - oke
[2024-10-27T11:08:02.421+0000] {logging_mixin.py:188} INFO - oke
[2024-10-27T11:08:02.778+0000] {logging_mixin.py:188} INFO - oke
[2024-10-27T11:08:03.160+0000] {logging_mixin.py:188} INFO - oke
[2024-10-27T11:08:03.161+0000] {conn.py:919} INFO - <BrokerConnection node_id=1 host=broker:29092 <connected> [IPv4 ('172.18.0.17', 29092)]>: Closing connection. 
[2024-10-27T11:08:03.162+0000] {python.py:202} INFO - Done. Returned value was: None
[2024-10-27T11:08:03.174+0000] {taskinstance.py:1149} INFO - Marking task as SUCCESS. dag_id=user_automation, task_id=stream_data_from_api, execution_date=20241027T110751, start_date=20241027T110752, end_date=20241027T110803
[2024-10-27T11:08:03.216+0000] {local_task_job_runner.py:234} INFO - Task exited with return code 0
[2024-10-27T11:08:03.232+0000] {taskinstance.py:3312} INFO - 0 downstream tasks scheduled from follow-on schedule check
