[2024-10-17T04:27:15.308+0000] {taskinstance.py:1979} INFO - Dependencies all met for dep_context=non-requeueable deps ti=<TaskInstance: user_automation.stream_data_from_api manual__2024-10-17T04:27:13.922923+00:00 [queued]>
[2024-10-17T04:27:15.316+0000] {taskinstance.py:1979} INFO - Dependencies all met for dep_context=requeueable deps ti=<TaskInstance: user_automation.stream_data_from_api manual__2024-10-17T04:27:13.922923+00:00 [queued]>
[2024-10-17T04:27:15.317+0000] {taskinstance.py:2193} INFO - Starting attempt 1 of 1
[2024-10-17T04:27:15.331+0000] {taskinstance.py:2217} INFO - Executing <Task(PythonOperator): stream_data_from_api> on 2024-10-17 04:27:13.922923+00:00
[2024-10-17T04:27:15.335+0000] {standard_task_runner.py:60} INFO - Started process 999 to run task
[2024-10-17T04:27:15.338+0000] {standard_task_runner.py:87} INFO - Running: ['***', 'tasks', 'run', 'user_automation', 'stream_data_from_api', 'manual__2024-10-17T04:27:13.922923+00:00', '--job-id', '9', '--raw', '--subdir', 'DAGS_FOLDER/my_dag.py', '--cfg-path', '/tmp/tmp87grp2ey']
[2024-10-17T04:27:15.339+0000] {standard_task_runner.py:88} INFO - Job 9: Subtask stream_data_from_api
[2024-10-17T04:27:15.388+0000] {task_command.py:423} INFO - Running <TaskInstance: user_automation.stream_data_from_api manual__2024-10-17T04:27:13.922923+00:00 [running]> on host 5e2d829f4d1d
[2024-10-17T04:27:15.469+0000] {taskinstance.py:2513} INFO - Exporting env vars: AIRFLOW_CTX_DAG_OWNER='airscholar' AIRFLOW_CTX_DAG_ID='user_automation' AIRFLOW_CTX_TASK_ID='stream_data_from_api' AIRFLOW_CTX_EXECUTION_DATE='2024-10-17T04:27:13.922923+00:00' AIRFLOW_CTX_TRY_NUMBER='1' AIRFLOW_CTX_DAG_RUN_ID='manual__2024-10-17T04:27:13.922923+00:00'
[2024-10-17T04:27:15.514+0000] {conn.py:380} INFO - <BrokerConnection node_id=bootstrap-0 host=broker:29092 <connecting> [IPv4 ('172.18.0.15', 29092)]>: connecting to broker:29092 [('172.18.0.15', 29092) IPv4]
[2024-10-17T04:27:15.515+0000] {conn.py:1205} INFO - Probing node bootstrap-0 broker version
[2024-10-17T04:27:15.516+0000] {conn.py:410} INFO - <BrokerConnection node_id=bootstrap-0 host=broker:29092 <connecting> [IPv4 ('172.18.0.15', 29092)]>: Connection complete.
[2024-10-17T04:27:15.622+0000] {conn.py:1267} INFO - Broker version identified as 2.5.0
[2024-10-17T04:27:15.623+0000] {conn.py:1268} INFO - Set configuration api_version=(2, 5, 0) to skip auto check_version requests on startup
[2024-10-17T04:27:16.129+0000] {logging_mixin.py:188} INFO - oke
[2024-10-17T04:27:16.130+0000] {conn.py:380} INFO - <BrokerConnection node_id=1 host=broker:29092 <connecting> [IPv4 ('172.18.0.15', 29092)]>: connecting to broker:29092 [('172.18.0.15', 29092) IPv4]
[2024-10-17T04:27:16.132+0000] {conn.py:410} INFO - <BrokerConnection node_id=1 host=broker:29092 <connecting> [IPv4 ('172.18.0.15', 29092)]>: Connection complete.
[2024-10-17T04:27:16.132+0000] {conn.py:919} INFO - <BrokerConnection node_id=bootstrap-0 host=broker:29092 <connected> [IPv4 ('172.18.0.15', 29092)]>: Closing connection. 
[2024-10-17T04:27:16.540+0000] {logging_mixin.py:188} INFO - oke
[2024-10-17T04:27:17.238+0000] {logging_mixin.py:188} INFO - oke
[2024-10-17T04:27:17.673+0000] {logging_mixin.py:188} INFO - oke
[2024-10-17T04:27:18.516+0000] {logging_mixin.py:188} INFO - oke
[2024-10-17T04:27:18.945+0000] {logging_mixin.py:188} INFO - oke
[2024-10-17T04:27:19.378+0000] {logging_mixin.py:188} INFO - oke
[2024-10-17T04:27:19.785+0000] {logging_mixin.py:188} INFO - oke
[2024-10-17T04:27:20.161+0000] {logging_mixin.py:188} INFO - oke
[2024-10-17T04:27:20.635+0000] {logging_mixin.py:188} INFO - oke
[2024-10-17T04:27:21.023+0000] {logging_mixin.py:188} INFO - oke
[2024-10-17T04:27:21.440+0000] {logging_mixin.py:188} INFO - oke
[2024-10-17T04:27:21.847+0000] {logging_mixin.py:188} INFO - oke
[2024-10-17T04:27:22.196+0000] {logging_mixin.py:188} INFO - oke
[2024-10-17T04:27:22.604+0000] {logging_mixin.py:188} INFO - oke
[2024-10-17T04:27:23.180+0000] {logging_mixin.py:188} INFO - oke
[2024-10-17T04:27:23.578+0000] {logging_mixin.py:188} INFO - oke
[2024-10-17T04:27:24.403+0000] {logging_mixin.py:188} INFO - oke
[2024-10-17T04:27:24.798+0000] {logging_mixin.py:188} INFO - oke
[2024-10-17T04:27:25.162+0000] {logging_mixin.py:188} INFO - oke
[2024-10-17T04:27:25.782+0000] {logging_mixin.py:188} INFO - oke
[2024-10-17T04:27:25.785+0000] {conn.py:919} INFO - <BrokerConnection node_id=1 host=broker:29092 <connected> [IPv4 ('172.18.0.15', 29092)]>: Closing connection. 
[2024-10-17T04:27:25.786+0000] {python.py:202} INFO - Done. Returned value was: None
[2024-10-17T04:27:25.795+0000] {taskinstance.py:1149} INFO - Marking task as SUCCESS. dag_id=user_automation, task_id=stream_data_from_api, execution_date=20241017T042713, start_date=20241017T042715, end_date=20241017T042725
[2024-10-17T04:27:25.820+0000] {local_task_job_runner.py:234} INFO - Task exited with return code 0
[2024-10-17T04:27:25.832+0000] {taskinstance.py:3312} INFO - 0 downstream tasks scheduled from follow-on schedule check
