[2024-10-17T09:38:00.829+0000] {taskinstance.py:1979} INFO - Dependencies all met for dep_context=non-requeueable deps ti=<TaskInstance: user_automation.stream_data_from_api manual__2024-10-17T09:38:00.106392+00:00 [queued]>
[2024-10-17T09:38:00.840+0000] {taskinstance.py:1979} INFO - Dependencies all met for dep_context=requeueable deps ti=<TaskInstance: user_automation.stream_data_from_api manual__2024-10-17T09:38:00.106392+00:00 [queued]>
[2024-10-17T09:38:00.841+0000] {taskinstance.py:2193} INFO - Starting attempt 1 of 1
[2024-10-17T09:38:00.859+0000] {taskinstance.py:2217} INFO - Executing <Task(PythonOperator): stream_data_from_api> on 2024-10-17 09:38:00.106392+00:00
[2024-10-17T09:38:00.865+0000] {standard_task_runner.py:60} INFO - Started process 4812 to run task
[2024-10-17T09:38:00.869+0000] {standard_task_runner.py:87} INFO - Running: ['***', 'tasks', 'run', 'user_automation', 'stream_data_from_api', 'manual__2024-10-17T09:38:00.106392+00:00', '--job-id', '14', '--raw', '--subdir', 'DAGS_FOLDER/my_dag.py', '--cfg-path', '/tmp/tmp_m5ekdh_']
[2024-10-17T09:38:00.871+0000] {standard_task_runner.py:88} INFO - Job 14: Subtask stream_data_from_api
[2024-10-17T09:38:00.938+0000] {task_command.py:423} INFO - Running <TaskInstance: user_automation.stream_data_from_api manual__2024-10-17T09:38:00.106392+00:00 [running]> on host 5e2d829f4d1d
[2024-10-17T09:38:01.025+0000] {taskinstance.py:2513} INFO - Exporting env vars: AIRFLOW_CTX_DAG_OWNER='airscholar' AIRFLOW_CTX_DAG_ID='user_automation' AIRFLOW_CTX_TASK_ID='stream_data_from_api' AIRFLOW_CTX_EXECUTION_DATE='2024-10-17T09:38:00.106392+00:00' AIRFLOW_CTX_TRY_NUMBER='1' AIRFLOW_CTX_DAG_RUN_ID='manual__2024-10-17T09:38:00.106392+00:00'
[2024-10-17T09:38:01.118+0000] {conn.py:380} INFO - <BrokerConnection node_id=bootstrap-0 host=broker:29092 <connecting> [IPv4 ('172.18.0.15', 29092)]>: connecting to broker:29092 [('172.18.0.15', 29092) IPv4]
[2024-10-17T09:38:01.119+0000] {conn.py:1205} INFO - Probing node bootstrap-0 broker version
[2024-10-17T09:38:01.120+0000] {conn.py:410} INFO - <BrokerConnection node_id=bootstrap-0 host=broker:29092 <connecting> [IPv4 ('172.18.0.15', 29092)]>: Connection complete.
[2024-10-17T09:38:01.224+0000] {conn.py:1267} INFO - Broker version identified as 2.5.0
[2024-10-17T09:38:01.225+0000] {conn.py:1268} INFO - Set configuration api_version=(2, 5, 0) to skip auto check_version requests on startup
[2024-10-17T09:38:01.751+0000] {logging_mixin.py:188} INFO - oke
[2024-10-17T09:38:01.755+0000] {conn.py:380} INFO - <BrokerConnection node_id=1 host=broker:29092 <connecting> [IPv4 ('172.18.0.15', 29092)]>: connecting to broker:29092 [('172.18.0.15', 29092) IPv4]
[2024-10-17T09:38:01.757+0000] {conn.py:410} INFO - <BrokerConnection node_id=1 host=broker:29092 <connecting> [IPv4 ('172.18.0.15', 29092)]>: Connection complete.
[2024-10-17T09:38:01.758+0000] {conn.py:919} INFO - <BrokerConnection node_id=bootstrap-0 host=broker:29092 <connected> [IPv4 ('172.18.0.15', 29092)]>: Closing connection. 
[2024-10-17T09:38:02.166+0000] {logging_mixin.py:188} INFO - oke
[2024-10-17T09:38:03.061+0000] {logging_mixin.py:188} INFO - oke
[2024-10-17T09:38:03.631+0000] {logging_mixin.py:188} INFO - oke
[2024-10-17T09:38:05.306+0000] {logging_mixin.py:188} INFO - oke
[2024-10-17T09:38:06.264+0000] {logging_mixin.py:188} INFO - oke
[2024-10-17T09:38:07.792+0000] {logging_mixin.py:188} INFO - oke
[2024-10-17T09:38:08.261+0000] {logging_mixin.py:188} INFO - oke
[2024-10-17T09:38:08.694+0000] {logging_mixin.py:188} INFO - oke
[2024-10-17T09:38:09.246+0000] {logging_mixin.py:188} INFO - oke
[2024-10-17T09:38:09.736+0000] {logging_mixin.py:188} INFO - oke
[2024-10-17T09:38:10.195+0000] {logging_mixin.py:188} INFO - oke
[2024-10-17T09:38:10.642+0000] {logging_mixin.py:188} INFO - oke
[2024-10-17T09:38:11.077+0000] {logging_mixin.py:188} INFO - oke
[2024-10-17T09:38:11.581+0000] {logging_mixin.py:188} INFO - oke
[2024-10-17T09:38:12.028+0000] {logging_mixin.py:188} INFO - oke
[2024-10-17T09:38:12.493+0000] {logging_mixin.py:188} INFO - oke
[2024-10-17T09:38:12.986+0000] {logging_mixin.py:188} INFO - oke
[2024-10-17T09:38:13.357+0000] {logging_mixin.py:188} INFO - oke
[2024-10-17T09:38:13.790+0000] {logging_mixin.py:188} INFO - oke
[2024-10-17T09:38:14.201+0000] {logging_mixin.py:188} INFO - oke
[2024-10-17T09:38:14.645+0000] {logging_mixin.py:188} INFO - oke
[2024-10-17T09:38:15.199+0000] {logging_mixin.py:188} INFO - oke
[2024-10-17T09:38:15.601+0000] {logging_mixin.py:188} INFO - oke
[2024-10-17T09:38:16.001+0000] {logging_mixin.py:188} INFO - oke
[2024-10-17T09:38:16.380+0000] {logging_mixin.py:188} INFO - oke
[2024-10-17T09:38:16.784+0000] {logging_mixin.py:188} INFO - oke
[2024-10-17T09:38:17.625+0000] {logging_mixin.py:188} INFO - oke
[2024-10-17T09:38:18.020+0000] {logging_mixin.py:188} INFO - oke
[2024-10-17T09:38:18.432+0000] {logging_mixin.py:188} INFO - oke
[2024-10-17T09:38:18.851+0000] {logging_mixin.py:188} INFO - oke
[2024-10-17T09:38:19.301+0000] {logging_mixin.py:188} INFO - oke
[2024-10-17T09:38:19.726+0000] {logging_mixin.py:188} INFO - oke
[2024-10-17T09:38:20.185+0000] {logging_mixin.py:188} INFO - oke
[2024-10-17T09:38:20.561+0000] {logging_mixin.py:188} INFO - oke
[2024-10-17T09:38:20.996+0000] {logging_mixin.py:188} INFO - oke
[2024-10-17T09:38:21.427+0000] {logging_mixin.py:188} INFO - oke
[2024-10-17T09:38:21.799+0000] {logging_mixin.py:188} INFO - oke
[2024-10-17T09:38:22.230+0000] {logging_mixin.py:188} INFO - oke
[2024-10-17T09:38:22.645+0000] {logging_mixin.py:188} INFO - oke
[2024-10-17T09:38:23.194+0000] {logging_mixin.py:188} INFO - oke
[2024-10-17T09:38:23.630+0000] {logging_mixin.py:188} INFO - oke
[2024-10-17T09:38:24.076+0000] {logging_mixin.py:188} INFO - oke
[2024-10-17T09:38:24.467+0000] {logging_mixin.py:188} INFO - oke
[2024-10-17T09:38:25.048+0000] {logging_mixin.py:188} INFO - oke
[2024-10-17T09:38:25.472+0000] {logging_mixin.py:188} INFO - oke
[2024-10-17T09:38:25.906+0000] {logging_mixin.py:188} INFO - oke
[2024-10-17T09:38:26.287+0000] {logging_mixin.py:188} INFO - oke
[2024-10-17T09:38:26.716+0000] {logging_mixin.py:188} INFO - oke
[2024-10-17T09:38:27.147+0000] {logging_mixin.py:188} INFO - oke
[2024-10-17T09:38:27.557+0000] {logging_mixin.py:188} INFO - oke
[2024-10-17T09:38:27.974+0000] {logging_mixin.py:188} INFO - oke
[2024-10-17T09:38:28.357+0000] {logging_mixin.py:188} INFO - oke
[2024-10-17T09:38:29.103+0000] {logging_mixin.py:188} INFO - oke
[2024-10-17T09:38:29.553+0000] {logging_mixin.py:188} INFO - oke
[2024-10-17T09:38:29.978+0000] {logging_mixin.py:188} INFO - oke
[2024-10-17T09:38:30.427+0000] {logging_mixin.py:188} INFO - oke
[2024-10-17T09:38:30.838+0000] {logging_mixin.py:188} INFO - oke
[2024-10-17T09:38:31.289+0000] {logging_mixin.py:188} INFO - oke
[2024-10-17T09:38:31.679+0000] {logging_mixin.py:188} INFO - oke
[2024-10-17T09:38:32.103+0000] {logging_mixin.py:188} INFO - oke
[2024-10-17T09:38:32.556+0000] {logging_mixin.py:188} INFO - oke
[2024-10-17T09:38:32.924+0000] {logging_mixin.py:188} INFO - oke
[2024-10-17T09:38:33.348+0000] {logging_mixin.py:188} INFO - oke
[2024-10-17T09:38:33.719+0000] {logging_mixin.py:188} INFO - oke
[2024-10-17T09:38:34.097+0000] {logging_mixin.py:188} INFO - oke
[2024-10-17T09:38:34.521+0000] {logging_mixin.py:188} INFO - oke
[2024-10-17T09:38:34.952+0000] {logging_mixin.py:188} INFO - oke
[2024-10-17T09:38:35.342+0000] {logging_mixin.py:188} INFO - oke
[2024-10-17T09:38:35.939+0000] {logging_mixin.py:188} INFO - oke
[2024-10-17T09:38:36.785+0000] {logging_mixin.py:188} INFO - oke
[2024-10-17T09:38:37.157+0000] {logging_mixin.py:188} INFO - oke
[2024-10-17T09:38:37.658+0000] {logging_mixin.py:188} INFO - oke
[2024-10-17T09:38:38.041+0000] {logging_mixin.py:188} INFO - oke
[2024-10-17T09:38:38.473+0000] {logging_mixin.py:188} INFO - oke
[2024-10-17T09:38:38.902+0000] {logging_mixin.py:188} INFO - oke
[2024-10-17T09:38:39.290+0000] {logging_mixin.py:188} INFO - oke
[2024-10-17T09:38:39.729+0000] {logging_mixin.py:188} INFO - oke
[2024-10-17T09:38:40.236+0000] {logging_mixin.py:188} INFO - oke
[2024-10-17T09:38:40.751+0000] {logging_mixin.py:188} INFO - oke
[2024-10-17T09:38:41.760+0000] {logging_mixin.py:188} INFO - oke
[2024-10-17T09:38:42.319+0000] {logging_mixin.py:188} INFO - oke
[2024-10-17T09:38:42.779+0000] {logging_mixin.py:188} INFO - oke
[2024-10-17T09:38:43.163+0000] {logging_mixin.py:188} INFO - oke
[2024-10-17T09:38:43.574+0000] {logging_mixin.py:188} INFO - oke
[2024-10-17T09:38:44.054+0000] {logging_mixin.py:188} INFO - oke
[2024-10-17T09:38:44.601+0000] {logging_mixin.py:188} INFO - oke
[2024-10-17T09:38:45.239+0000] {logging_mixin.py:188} INFO - oke
[2024-10-17T09:38:45.687+0000] {logging_mixin.py:188} INFO - oke
[2024-10-17T09:38:46.101+0000] {logging_mixin.py:188} INFO - oke
[2024-10-17T09:38:47.002+0000] {logging_mixin.py:188} INFO - oke
[2024-10-17T09:38:47.376+0000] {logging_mixin.py:188} INFO - oke
[2024-10-17T09:38:47.836+0000] {logging_mixin.py:188} INFO - oke
[2024-10-17T09:38:48.251+0000] {logging_mixin.py:188} INFO - oke
[2024-10-17T09:38:48.679+0000] {logging_mixin.py:188} INFO - oke
[2024-10-17T09:38:49.062+0000] {logging_mixin.py:188} INFO - oke
[2024-10-17T09:38:49.438+0000] {logging_mixin.py:188} INFO - oke
[2024-10-17T09:38:50.963+0000] {logging_mixin.py:188} INFO - oke
[2024-10-17T09:38:51.570+0000] {logging_mixin.py:188} INFO - oke
[2024-10-17T09:38:51.976+0000] {logging_mixin.py:188} INFO - oke
[2024-10-17T09:38:52.463+0000] {logging_mixin.py:188} INFO - oke
[2024-10-17T09:38:52.956+0000] {logging_mixin.py:188} INFO - oke
[2024-10-17T09:38:53.394+0000] {logging_mixin.py:188} INFO - oke
[2024-10-17T09:38:53.844+0000] {logging_mixin.py:188} INFO - oke
[2024-10-17T09:38:54.241+0000] {logging_mixin.py:188} INFO - oke
[2024-10-17T09:38:54.670+0000] {logging_mixin.py:188} INFO - oke
[2024-10-17T09:38:55.161+0000] {logging_mixin.py:188} INFO - oke
[2024-10-17T09:38:55.645+0000] {logging_mixin.py:188} INFO - oke
[2024-10-17T09:38:56.139+0000] {logging_mixin.py:188} INFO - oke
[2024-10-17T09:38:56.595+0000] {logging_mixin.py:188} INFO - oke
[2024-10-17T09:38:57.642+0000] {logging_mixin.py:188} INFO - oke
[2024-10-17T09:38:58.075+0000] {logging_mixin.py:188} INFO - oke
[2024-10-17T09:38:58.521+0000] {logging_mixin.py:188} INFO - oke
[2024-10-17T09:38:58.947+0000] {logging_mixin.py:188} INFO - oke
[2024-10-17T09:38:59.387+0000] {logging_mixin.py:188} INFO - oke
[2024-10-17T09:38:59.817+0000] {logging_mixin.py:188} INFO - oke
[2024-10-17T09:39:00.207+0000] {logging_mixin.py:188} INFO - oke
[2024-10-17T09:39:00.581+0000] {logging_mixin.py:188} INFO - oke
[2024-10-17T09:39:00.950+0000] {logging_mixin.py:188} INFO - oke
[2024-10-17T09:39:01.343+0000] {logging_mixin.py:188} INFO - oke
[2024-10-17T09:39:01.756+0000] {logging_mixin.py:188} INFO - oke
[2024-10-17T09:39:02.185+0000] {logging_mixin.py:188} INFO - oke
[2024-10-17T09:39:02.606+0000] {logging_mixin.py:188} INFO - oke
[2024-10-17T09:39:03.281+0000] {logging_mixin.py:188} INFO - oke
[2024-10-17T09:39:03.661+0000] {logging_mixin.py:188} INFO - oke
[2024-10-17T09:39:04.205+0000] {logging_mixin.py:188} INFO - oke
[2024-10-17T09:39:05.107+0000] {logging_mixin.py:188} INFO - oke
[2024-10-17T09:39:05.757+0000] {logging_mixin.py:188} INFO - oke
[2024-10-17T09:39:06.744+0000] {logging_mixin.py:188} INFO - oke
[2024-10-17T09:39:07.145+0000] {logging_mixin.py:188} INFO - oke
[2024-10-17T09:39:07.507+0000] {logging_mixin.py:188} INFO - oke
[2024-10-17T09:39:08.475+0000] {logging_mixin.py:188} INFO - oke
[2024-10-17T09:39:08.913+0000] {logging_mixin.py:188} INFO - oke
[2024-10-17T09:39:09.337+0000] {logging_mixin.py:188} INFO - oke
[2024-10-17T09:39:09.808+0000] {logging_mixin.py:188} INFO - oke
[2024-10-17T09:39:10.239+0000] {logging_mixin.py:188} INFO - oke
[2024-10-17T09:39:10.670+0000] {logging_mixin.py:188} INFO - oke
[2024-10-17T09:39:11.101+0000] {logging_mixin.py:188} INFO - oke
[2024-10-17T09:39:11.474+0000] {logging_mixin.py:188} INFO - oke
[2024-10-17T09:39:11.908+0000] {logging_mixin.py:188} INFO - oke
[2024-10-17T09:39:12.312+0000] {logging_mixin.py:188} INFO - oke
[2024-10-17T09:39:12.712+0000] {logging_mixin.py:188} INFO - oke
[2024-10-17T09:39:13.095+0000] {logging_mixin.py:188} INFO - oke
[2024-10-17T09:39:13.527+0000] {logging_mixin.py:188} INFO - oke
[2024-10-17T09:39:14.673+0000] {logging_mixin.py:188} INFO - oke
[2024-10-17T09:39:15.571+0000] {logging_mixin.py:188} INFO - oke
[2024-10-17T09:39:16.011+0000] {logging_mixin.py:188} INFO - oke
[2024-10-17T09:39:16.434+0000] {logging_mixin.py:188} INFO - oke
[2024-10-17T09:39:16.864+0000] {logging_mixin.py:188} INFO - oke
[2024-10-17T09:39:17.310+0000] {logging_mixin.py:188} INFO - oke
[2024-10-17T09:39:17.798+0000] {logging_mixin.py:188} INFO - oke
[2024-10-17T09:39:18.249+0000] {logging_mixin.py:188} INFO - oke
[2024-10-17T09:39:18.718+0000] {logging_mixin.py:188} INFO - oke
[2024-10-17T09:39:19.182+0000] {logging_mixin.py:188} INFO - oke
[2024-10-17T09:39:19.560+0000] {logging_mixin.py:188} INFO - oke
[2024-10-17T09:39:19.976+0000] {logging_mixin.py:188} INFO - oke
[2024-10-17T09:39:20.432+0000] {logging_mixin.py:188} INFO - oke
[2024-10-17T09:39:20.889+0000] {logging_mixin.py:188} INFO - oke
[2024-10-17T09:39:21.333+0000] {logging_mixin.py:188} INFO - oke
[2024-10-17T09:39:21.834+0000] {logging_mixin.py:188} INFO - oke
[2024-10-17T09:39:22.273+0000] {logging_mixin.py:188} INFO - oke
[2024-10-17T09:39:22.674+0000] {logging_mixin.py:188} INFO - oke
[2024-10-17T09:39:23.073+0000] {logging_mixin.py:188} INFO - oke
[2024-10-17T09:39:23.549+0000] {logging_mixin.py:188} INFO - oke
[2024-10-17T09:39:24.007+0000] {logging_mixin.py:188} INFO - oke
[2024-10-17T09:39:24.409+0000] {logging_mixin.py:188} INFO - oke
[2024-10-17T09:39:24.966+0000] {logging_mixin.py:188} INFO - oke
[2024-10-17T09:39:25.406+0000] {logging_mixin.py:188} INFO - oke
[2024-10-17T09:39:28.424+0000] {logging_mixin.py:188} INFO - oke
[2024-10-17T09:39:29.105+0000] {logging_mixin.py:188} INFO - oke
[2024-10-17T09:39:29.505+0000] {logging_mixin.py:188} INFO - oke
[2024-10-17T09:39:29.939+0000] {logging_mixin.py:188} INFO - oke
[2024-10-17T09:39:30.815+0000] {logging_mixin.py:188} INFO - oke
[2024-10-17T09:39:31.188+0000] {logging_mixin.py:188} INFO - oke
[2024-10-17T09:39:31.618+0000] {logging_mixin.py:188} INFO - oke
[2024-10-17T09:39:32.096+0000] {logging_mixin.py:188} INFO - oke
[2024-10-17T09:39:32.600+0000] {logging_mixin.py:188} INFO - oke
[2024-10-17T09:39:32.963+0000] {logging_mixin.py:188} INFO - oke
[2024-10-17T09:39:33.395+0000] {logging_mixin.py:188} INFO - oke
[2024-10-17T09:39:33.769+0000] {logging_mixin.py:188} INFO - oke
[2024-10-17T09:39:34.144+0000] {logging_mixin.py:188} INFO - oke
[2024-10-17T09:39:34.535+0000] {logging_mixin.py:188} INFO - oke
[2024-10-17T09:39:34.924+0000] {logging_mixin.py:188} INFO - oke
[2024-10-17T09:39:35.396+0000] {logging_mixin.py:188} INFO - oke
[2024-10-17T09:39:35.770+0000] {logging_mixin.py:188} INFO - oke
[2024-10-17T09:39:36.605+0000] {logging_mixin.py:188} INFO - oke
[2024-10-17T09:39:37.088+0000] {logging_mixin.py:188} INFO - oke
[2024-10-17T09:39:37.504+0000] {logging_mixin.py:188} INFO - oke
[2024-10-17T09:39:37.891+0000] {logging_mixin.py:188} INFO - oke
[2024-10-17T09:39:38.319+0000] {logging_mixin.py:188} INFO - oke
[2024-10-17T09:39:38.875+0000] {logging_mixin.py:188} INFO - oke
[2024-10-17T09:39:39.747+0000] {logging_mixin.py:188} INFO - oke
[2024-10-17T09:39:40.218+0000] {logging_mixin.py:188} INFO - oke
[2024-10-17T09:39:40.758+0000] {logging_mixin.py:188} INFO - oke
[2024-10-17T09:39:41.149+0000] {logging_mixin.py:188} INFO - oke
[2024-10-17T09:39:41.590+0000] {logging_mixin.py:188} INFO - oke
[2024-10-17T09:39:42.049+0000] {logging_mixin.py:188} INFO - oke
[2024-10-17T09:39:42.450+0000] {logging_mixin.py:188} INFO - oke
[2024-10-17T09:39:42.825+0000] {logging_mixin.py:188} INFO - oke
[2024-10-17T09:39:43.217+0000] {logging_mixin.py:188} INFO - oke
[2024-10-17T09:39:44.114+0000] {logging_mixin.py:188} INFO - oke
[2024-10-17T09:39:44.566+0000] {logging_mixin.py:188} INFO - oke
[2024-10-17T09:39:45.000+0000] {logging_mixin.py:188} INFO - oke
[2024-10-17T09:39:45.451+0000] {logging_mixin.py:188} INFO - oke
[2024-10-17T09:39:45.905+0000] {logging_mixin.py:188} INFO - oke
[2024-10-17T09:39:46.283+0000] {logging_mixin.py:188} INFO - oke
[2024-10-17T09:39:46.707+0000] {logging_mixin.py:188} INFO - oke
[2024-10-17T09:39:47.178+0000] {logging_mixin.py:188} INFO - oke
[2024-10-17T09:39:47.585+0000] {logging_mixin.py:188} INFO - oke
[2024-10-17T09:39:48.021+0000] {logging_mixin.py:188} INFO - oke
[2024-10-17T09:39:48.448+0000] {logging_mixin.py:188} INFO - oke
[2024-10-17T09:39:49.362+0000] {logging_mixin.py:188} INFO - oke
[2024-10-17T09:39:49.756+0000] {logging_mixin.py:188} INFO - oke
[2024-10-17T09:39:50.301+0000] {logging_mixin.py:188} INFO - oke
[2024-10-17T09:39:50.788+0000] {logging_mixin.py:188} INFO - oke
[2024-10-17T09:39:51.164+0000] {logging_mixin.py:188} INFO - oke
[2024-10-17T09:39:51.612+0000] {logging_mixin.py:188} INFO - oke
[2024-10-17T09:39:52.026+0000] {logging_mixin.py:188} INFO - oke
[2024-10-17T09:39:52.480+0000] {logging_mixin.py:188} INFO - oke
[2024-10-17T09:39:53.161+0000] {logging_mixin.py:188} INFO - oke
[2024-10-17T09:39:53.591+0000] {logging_mixin.py:188} INFO - oke
[2024-10-17T09:39:53.961+0000] {logging_mixin.py:188} INFO - oke
[2024-10-17T09:39:54.367+0000] {logging_mixin.py:188} INFO - oke
[2024-10-17T09:39:54.757+0000] {logging_mixin.py:188} INFO - oke
[2024-10-17T09:39:55.200+0000] {logging_mixin.py:188} INFO - oke
[2024-10-17T09:39:55.591+0000] {logging_mixin.py:188} INFO - oke
[2024-10-17T09:39:56.003+0000] {logging_mixin.py:188} INFO - oke
[2024-10-17T09:39:56.438+0000] {logging_mixin.py:188} INFO - oke
[2024-10-17T09:39:56.866+0000] {logging_mixin.py:188} INFO - oke
[2024-10-17T09:39:57.233+0000] {logging_mixin.py:188} INFO - oke
[2024-10-17T09:39:57.662+0000] {logging_mixin.py:188} INFO - oke
[2024-10-17T09:39:58.549+0000] {logging_mixin.py:188} INFO - oke
[2024-10-17T09:39:58.988+0000] {logging_mixin.py:188} INFO - oke
[2024-10-17T09:39:59.626+0000] {logging_mixin.py:188} INFO - oke
[2024-10-17T09:40:00.031+0000] {logging_mixin.py:188} INFO - oke
[2024-10-17T09:40:00.500+0000] {logging_mixin.py:188} INFO - oke
[2024-10-17T09:40:01.330+0000] {logging_mixin.py:188} INFO - oke
[2024-10-17T09:40:01.776+0000] {logging_mixin.py:188} INFO - oke
[2024-10-17T09:40:02.147+0000] {logging_mixin.py:188} INFO - oke
[2024-10-17T09:40:02.532+0000] {logging_mixin.py:188} INFO - oke
[2024-10-17T09:40:02.996+0000] {logging_mixin.py:188} INFO - oke
[2024-10-17T09:40:03.467+0000] {logging_mixin.py:188} INFO - oke
[2024-10-17T09:40:03.925+0000] {logging_mixin.py:188} INFO - oke
[2024-10-17T09:40:04.557+0000] {logging_mixin.py:188} INFO - oke
[2024-10-17T09:40:05.128+0000] {logging_mixin.py:188} INFO - oke
[2024-10-17T09:40:05.594+0000] {logging_mixin.py:188} INFO - oke
[2024-10-17T09:40:06.430+0000] {logging_mixin.py:188} INFO - oke
[2024-10-17T09:40:07.253+0000] {logging_mixin.py:188} INFO - oke
[2024-10-17T09:40:07.843+0000] {logging_mixin.py:188} INFO - oke
[2024-10-17T09:40:08.443+0000] {logging_mixin.py:188} INFO - oke
[2024-10-17T09:40:09.071+0000] {logging_mixin.py:188} INFO - oke
[2024-10-17T09:40:09.980+0000] {logging_mixin.py:188} INFO - oke
[2024-10-17T09:40:10.377+0000] {logging_mixin.py:188} INFO - oke
[2024-10-17T09:40:10.861+0000] {logging_mixin.py:188} INFO - oke
[2024-10-17T09:40:11.235+0000] {logging_mixin.py:188} INFO - oke
[2024-10-17T09:40:11.689+0000] {logging_mixin.py:188} INFO - oke
[2024-10-17T09:40:12.148+0000] {logging_mixin.py:188} INFO - oke
[2024-10-17T09:40:12.594+0000] {logging_mixin.py:188} INFO - oke
[2024-10-17T09:40:12.978+0000] {logging_mixin.py:188} INFO - oke
[2024-10-17T09:40:13.433+0000] {logging_mixin.py:188} INFO - oke
[2024-10-17T09:40:14.116+0000] {logging_mixin.py:188} INFO - oke
[2024-10-17T09:40:14.534+0000] {logging_mixin.py:188} INFO - oke
[2024-10-17T09:40:14.934+0000] {logging_mixin.py:188} INFO - oke
[2024-10-17T09:40:15.338+0000] {logging_mixin.py:188} INFO - oke
[2024-10-17T09:40:15.729+0000] {logging_mixin.py:188} INFO - oke
[2024-10-17T09:40:16.198+0000] {logging_mixin.py:188} INFO - oke
[2024-10-17T09:40:16.683+0000] {logging_mixin.py:188} INFO - oke
[2024-10-17T09:40:17.210+0000] {logging_mixin.py:188} INFO - oke
[2024-10-17T09:40:17.670+0000] {logging_mixin.py:188} INFO - oke
[2024-10-17T09:40:18.140+0000] {logging_mixin.py:188} INFO - oke
[2024-10-17T09:40:18.678+0000] {logging_mixin.py:188} INFO - oke
[2024-10-17T09:40:19.185+0000] {logging_mixin.py:188} INFO - oke
[2024-10-17T09:40:19.648+0000] {logging_mixin.py:188} INFO - oke
[2024-10-17T09:40:20.049+0000] {logging_mixin.py:188} INFO - oke
[2024-10-17T09:40:20.624+0000] {logging_mixin.py:188} INFO - oke
[2024-10-17T09:40:21.389+0000] {logging_mixin.py:188} INFO - oke
[2024-10-17T09:40:21.808+0000] {logging_mixin.py:188} INFO - oke
[2024-10-17T09:40:22.248+0000] {logging_mixin.py:188} INFO - oke
[2024-10-17T09:40:22.693+0000] {logging_mixin.py:188} INFO - oke
[2024-10-17T09:40:23.077+0000] {logging_mixin.py:188} INFO - oke
[2024-10-17T09:40:23.559+0000] {logging_mixin.py:188} INFO - oke
[2024-10-17T09:40:23.994+0000] {logging_mixin.py:188} INFO - oke
[2024-10-17T09:40:24.427+0000] {logging_mixin.py:188} INFO - oke
[2024-10-17T09:40:24.814+0000] {logging_mixin.py:188} INFO - oke
[2024-10-17T09:40:25.244+0000] {logging_mixin.py:188} INFO - oke
[2024-10-17T09:40:26.110+0000] {logging_mixin.py:188} INFO - oke
[2024-10-17T09:40:26.530+0000] {logging_mixin.py:188} INFO - oke
[2024-10-17T09:40:27.403+0000] {logging_mixin.py:188} INFO - oke
[2024-10-17T09:40:27.856+0000] {logging_mixin.py:188} INFO - oke
[2024-10-17T09:40:28.274+0000] {logging_mixin.py:188} INFO - oke
[2024-10-17T09:40:28.970+0000] {logging_mixin.py:188} INFO - oke
[2024-10-17T09:40:29.433+0000] {logging_mixin.py:188} INFO - oke
[2024-10-17T09:40:29.926+0000] {logging_mixin.py:188} INFO - oke
[2024-10-17T09:40:30.397+0000] {logging_mixin.py:188} INFO - oke
[2024-10-17T09:40:30.832+0000] {logging_mixin.py:188} INFO - oke
[2024-10-17T09:40:31.248+0000] {logging_mixin.py:188} INFO - oke
[2024-10-17T09:40:31.706+0000] {logging_mixin.py:188} INFO - oke
[2024-10-17T09:40:32.140+0000] {logging_mixin.py:188} INFO - oke
[2024-10-17T09:40:32.578+0000] {logging_mixin.py:188} INFO - oke
[2024-10-17T09:40:33.033+0000] {logging_mixin.py:188} INFO - oke
[2024-10-17T09:40:33.455+0000] {logging_mixin.py:188} INFO - oke
[2024-10-17T09:40:33.858+0000] {logging_mixin.py:188} INFO - oke
[2024-10-17T09:40:34.708+0000] {logging_mixin.py:188} INFO - oke
[2024-10-17T09:40:35.085+0000] {logging_mixin.py:188} INFO - oke
[2024-10-17T09:40:35.492+0000] {logging_mixin.py:188} INFO - oke
[2024-10-17T09:40:36.299+0000] {logging_mixin.py:188} INFO - oke
[2024-10-17T09:40:36.745+0000] {logging_mixin.py:188} INFO - oke
[2024-10-17T09:40:37.172+0000] {logging_mixin.py:188} INFO - oke
[2024-10-17T09:40:37.589+0000] {logging_mixin.py:188} INFO - oke
[2024-10-17T09:40:37.970+0000] {logging_mixin.py:188} INFO - oke
[2024-10-17T09:40:38.358+0000] {logging_mixin.py:188} INFO - oke
[2024-10-17T09:40:38.776+0000] {logging_mixin.py:188} INFO - oke
[2024-10-17T09:40:39.232+0000] {logging_mixin.py:188} INFO - oke
[2024-10-17T09:40:39.666+0000] {logging_mixin.py:188} INFO - oke
[2024-10-17T09:40:40.048+0000] {logging_mixin.py:188} INFO - oke
[2024-10-17T09:40:40.478+0000] {logging_mixin.py:188} INFO - oke
[2024-10-17T09:40:40.897+0000] {logging_mixin.py:188} INFO - oke
[2024-10-17T09:40:41.272+0000] {logging_mixin.py:188} INFO - oke
[2024-10-17T09:40:41.692+0000] {logging_mixin.py:188} INFO - oke
[2024-10-17T09:40:42.576+0000] {logging_mixin.py:188} INFO - oke
[2024-10-17T09:40:43.032+0000] {logging_mixin.py:188} INFO - oke
[2024-10-17T09:40:44.093+0000] {logging_mixin.py:188} INFO - oke
[2024-10-17T09:40:44.463+0000] {logging_mixin.py:188} INFO - oke
[2024-10-17T09:40:45.187+0000] {logging_mixin.py:188} INFO - oke
[2024-10-17T09:40:45.608+0000] {logging_mixin.py:188} INFO - oke
[2024-10-17T09:40:46.046+0000] {logging_mixin.py:188} INFO - oke
[2024-10-17T09:40:46.464+0000] {logging_mixin.py:188} INFO - oke
[2024-10-17T09:40:47.330+0000] {logging_mixin.py:188} INFO - oke
[2024-10-17T09:40:47.712+0000] {logging_mixin.py:188} INFO - oke
[2024-10-17T09:40:48.194+0000] {logging_mixin.py:188} INFO - oke
[2024-10-17T09:40:48.569+0000] {logging_mixin.py:188} INFO - oke
[2024-10-17T09:40:49.002+0000] {logging_mixin.py:188} INFO - oke
[2024-10-17T09:40:49.434+0000] {logging_mixin.py:188} INFO - oke
[2024-10-17T09:40:49.821+0000] {logging_mixin.py:188} INFO - oke
[2024-10-17T09:40:50.242+0000] {logging_mixin.py:188} INFO - oke
[2024-10-17T09:40:50.617+0000] {logging_mixin.py:188} INFO - oke
[2024-10-17T09:40:51.122+0000] {logging_mixin.py:188} INFO - oke
[2024-10-17T09:40:51.566+0000] {logging_mixin.py:188} INFO - oke
[2024-10-17T09:40:51.980+0000] {logging_mixin.py:188} INFO - oke
[2024-10-17T09:40:52.746+0000] {logging_mixin.py:188} INFO - oke
[2024-10-17T09:40:53.331+0000] {logging_mixin.py:188} INFO - oke
[2024-10-17T09:40:53.829+0000] {logging_mixin.py:188} INFO - oke
[2024-10-17T09:40:54.473+0000] {logging_mixin.py:188} INFO - oke
[2024-10-17T09:40:54.845+0000] {logging_mixin.py:188} INFO - oke
[2024-10-17T09:40:55.367+0000] {logging_mixin.py:188} INFO - oke
[2024-10-17T09:40:55.788+0000] {logging_mixin.py:188} INFO - oke
[2024-10-17T09:40:56.199+0000] {logging_mixin.py:188} INFO - oke
[2024-10-17T09:40:56.581+0000] {logging_mixin.py:188} INFO - oke
[2024-10-17T09:40:57.021+0000] {logging_mixin.py:188} INFO - oke
[2024-10-17T09:40:57.534+0000] {logging_mixin.py:188} INFO - oke
[2024-10-17T09:40:58.018+0000] {logging_mixin.py:188} INFO - oke
[2024-10-17T09:40:58.411+0000] {logging_mixin.py:188} INFO - oke
[2024-10-17T09:40:58.831+0000] {logging_mixin.py:188} INFO - oke
[2024-10-17T09:40:59.196+0000] {logging_mixin.py:188} INFO - oke
[2024-10-17T09:40:59.757+0000] {logging_mixin.py:188} INFO - oke
[2024-10-17T09:41:00.129+0000] {logging_mixin.py:188} INFO - oke
[2024-10-17T09:41:00.553+0000] {logging_mixin.py:188} INFO - oke
[2024-10-17T09:41:00.970+0000] {logging_mixin.py:188} INFO - oke
[2024-10-17T09:41:01.430+0000] {logging_mixin.py:188} INFO - oke
[2024-10-17T09:41:01.783+0000] {logging_mixin.py:188} INFO - oke
[2024-10-17T09:41:02.182+0000] {logging_mixin.py:188} INFO - oke
[2024-10-17T09:41:02.616+0000] {logging_mixin.py:188} INFO - oke
[2024-10-17T09:41:03.009+0000] {logging_mixin.py:188} INFO - oke
[2024-10-17T09:41:03.380+0000] {logging_mixin.py:188} INFO - oke
[2024-10-17T09:41:03.774+0000] {logging_mixin.py:188} INFO - oke
[2024-10-17T09:41:04.236+0000] {logging_mixin.py:188} INFO - oke
[2024-10-17T09:41:04.878+0000] {logging_mixin.py:188} INFO - oke
[2024-10-17T09:41:05.551+0000] {logging_mixin.py:188} INFO - oke
[2024-10-17T09:41:05.978+0000] {logging_mixin.py:188} INFO - oke
[2024-10-17T09:41:06.370+0000] {logging_mixin.py:188} INFO - oke
[2024-10-17T09:41:06.800+0000] {logging_mixin.py:188} INFO - oke
[2024-10-17T09:41:07.428+0000] {logging_mixin.py:188} INFO - oke
[2024-10-17T09:41:08.164+0000] {logging_mixin.py:188} INFO - oke
[2024-10-17T09:41:08.589+0000] {logging_mixin.py:188} INFO - oke
[2024-10-17T09:41:09.036+0000] {logging_mixin.py:188} INFO - oke
[2024-10-17T09:41:09.492+0000] {logging_mixin.py:188} INFO - oke
[2024-10-17T09:41:09.896+0000] {logging_mixin.py:188} INFO - oke
[2024-10-17T09:41:10.278+0000] {logging_mixin.py:188} INFO - oke
[2024-10-17T09:41:10.723+0000] {logging_mixin.py:188} INFO - oke
[2024-10-17T09:41:11.070+0000] {logging_mixin.py:188} INFO - oke
[2024-10-17T09:41:11.434+0000] {logging_mixin.py:188} INFO - oke
[2024-10-17T09:41:12.257+0000] {logging_mixin.py:188} INFO - oke
[2024-10-17T09:41:12.624+0000] {logging_mixin.py:188} INFO - oke
[2024-10-17T09:41:13.074+0000] {logging_mixin.py:188} INFO - oke
[2024-10-17T09:41:13.443+0000] {logging_mixin.py:188} INFO - oke
[2024-10-17T09:41:14.261+0000] {logging_mixin.py:188} INFO - oke
[2024-10-17T09:41:14.640+0000] {logging_mixin.py:188} INFO - oke
[2024-10-17T09:41:15.253+0000] {logging_mixin.py:188} INFO - oke
[2024-10-17T09:41:15.671+0000] {logging_mixin.py:188} INFO - oke
[2024-10-17T09:41:16.087+0000] {logging_mixin.py:188} INFO - oke
[2024-10-17T09:41:16.537+0000] {logging_mixin.py:188} INFO - oke
[2024-10-17T09:41:16.998+0000] {logging_mixin.py:188} INFO - oke
[2024-10-17T09:41:17.432+0000] {logging_mixin.py:188} INFO - oke
[2024-10-17T09:41:17.869+0000] {logging_mixin.py:188} INFO - oke
[2024-10-17T09:41:18.382+0000] {logging_mixin.py:188} INFO - oke
[2024-10-17T09:41:18.763+0000] {logging_mixin.py:188} INFO - oke
[2024-10-17T09:41:19.178+0000] {logging_mixin.py:188} INFO - oke
[2024-10-17T09:41:19.613+0000] {logging_mixin.py:188} INFO - oke
[2024-10-17T09:41:20.050+0000] {logging_mixin.py:188} INFO - oke
[2024-10-17T09:41:20.488+0000] {logging_mixin.py:188} INFO - oke
[2024-10-17T09:41:20.938+0000] {logging_mixin.py:188} INFO - oke
[2024-10-17T09:41:21.316+0000] {logging_mixin.py:188} INFO - oke
[2024-10-17T09:41:22.137+0000] {logging_mixin.py:188} INFO - oke
[2024-10-17T09:41:22.611+0000] {logging_mixin.py:188} INFO - oke
[2024-10-17T09:41:23.435+0000] {logging_mixin.py:188} INFO - oke
[2024-10-17T09:41:23.906+0000] {logging_mixin.py:188} INFO - oke
[2024-10-17T09:41:24.345+0000] {logging_mixin.py:188} INFO - oke
[2024-10-17T09:41:24.801+0000] {logging_mixin.py:188} INFO - oke
[2024-10-17T09:41:25.185+0000] {logging_mixin.py:188} INFO - oke
[2024-10-17T09:41:25.584+0000] {logging_mixin.py:188} INFO - oke
[2024-10-17T09:41:25.980+0000] {logging_mixin.py:188} INFO - oke
[2024-10-17T09:41:26.400+0000] {logging_mixin.py:188} INFO - oke
[2024-10-17T09:41:26.854+0000] {logging_mixin.py:188} INFO - oke
[2024-10-17T09:41:27.292+0000] {logging_mixin.py:188} INFO - oke
[2024-10-17T09:41:27.686+0000] {logging_mixin.py:188} INFO - oke
[2024-10-17T09:41:28.144+0000] {logging_mixin.py:188} INFO - oke
[2024-10-17T09:41:28.570+0000] {logging_mixin.py:188} INFO - oke
[2024-10-17T09:41:29.008+0000] {logging_mixin.py:188} INFO - oke
[2024-10-17T09:41:29.428+0000] {logging_mixin.py:188} INFO - oke
[2024-10-17T09:41:29.976+0000] {logging_mixin.py:188} INFO - oke
[2024-10-17T09:41:30.407+0000] {logging_mixin.py:188} INFO - oke
[2024-10-17T09:41:30.847+0000] {logging_mixin.py:188} INFO - oke
[2024-10-17T09:41:31.276+0000] {logging_mixin.py:188} INFO - oke
[2024-10-17T09:41:31.705+0000] {logging_mixin.py:188} INFO - oke
[2024-10-17T09:41:32.123+0000] {logging_mixin.py:188} INFO - oke
[2024-10-17T09:41:32.574+0000] {logging_mixin.py:188} INFO - oke
[2024-10-17T09:41:33.018+0000] {logging_mixin.py:188} INFO - oke
[2024-10-17T09:41:33.388+0000] {logging_mixin.py:188} INFO - oke
[2024-10-17T09:41:33.780+0000] {logging_mixin.py:188} INFO - oke
[2024-10-17T09:41:34.252+0000] {logging_mixin.py:188} INFO - oke
[2024-10-17T09:41:34.701+0000] {logging_mixin.py:188} INFO - oke
[2024-10-17T09:41:35.143+0000] {logging_mixin.py:188} INFO - oke
[2024-10-17T09:41:35.576+0000] {logging_mixin.py:188} INFO - oke
[2024-10-17T09:41:36.000+0000] {logging_mixin.py:188} INFO - oke
[2024-10-17T09:41:36.438+0000] {logging_mixin.py:188} INFO - oke
[2024-10-17T09:41:36.998+0000] {logging_mixin.py:188} INFO - oke
[2024-10-17T09:41:37.717+0000] {logging_mixin.py:188} INFO - oke
[2024-10-17T09:41:38.138+0000] {logging_mixin.py:188} INFO - oke
[2024-10-17T09:41:38.580+0000] {logging_mixin.py:188} INFO - oke
[2024-10-17T09:41:38.966+0000] {logging_mixin.py:188} INFO - oke
[2024-10-17T09:41:39.369+0000] {logging_mixin.py:188} INFO - oke
[2024-10-17T09:41:39.730+0000] {logging_mixin.py:188} INFO - oke
[2024-10-17T09:41:40.160+0000] {logging_mixin.py:188} INFO - oke
[2024-10-17T09:41:40.514+0000] {logging_mixin.py:188} INFO - oke
[2024-10-17T09:41:40.938+0000] {logging_mixin.py:188} INFO - oke
[2024-10-17T09:41:41.379+0000] {logging_mixin.py:188} INFO - oke
[2024-10-17T09:41:42.205+0000] {logging_mixin.py:188} INFO - oke
[2024-10-17T09:41:42.622+0000] {logging_mixin.py:188} INFO - oke
[2024-10-17T09:41:43.045+0000] {logging_mixin.py:188} INFO - oke
[2024-10-17T09:41:43.487+0000] {logging_mixin.py:188} INFO - oke
[2024-10-17T09:41:43.918+0000] {logging_mixin.py:188} INFO - oke
[2024-10-17T09:41:44.359+0000] {logging_mixin.py:188} INFO - oke
[2024-10-17T09:41:44.822+0000] {logging_mixin.py:188} INFO - oke
[2024-10-17T09:41:45.448+0000] {logging_mixin.py:188} INFO - oke
[2024-10-17T09:41:45.937+0000] {logging_mixin.py:188} INFO - oke
[2024-10-17T09:41:46.356+0000] {logging_mixin.py:188} INFO - oke
[2024-10-17T09:41:46.789+0000] {logging_mixin.py:188} INFO - oke
[2024-10-17T09:41:47.253+0000] {logging_mixin.py:188} INFO - oke
[2024-10-17T09:41:47.662+0000] {logging_mixin.py:188} INFO - oke
[2024-10-17T09:41:48.110+0000] {logging_mixin.py:188} INFO - oke
[2024-10-17T09:41:48.538+0000] {logging_mixin.py:188} INFO - oke
[2024-10-17T09:41:48.929+0000] {logging_mixin.py:188} INFO - oke
[2024-10-17T09:41:49.392+0000] {logging_mixin.py:188} INFO - oke
[2024-10-17T09:41:49.788+0000] {logging_mixin.py:188} INFO - oke
[2024-10-17T09:41:50.235+0000] {logging_mixin.py:188} INFO - oke
[2024-10-17T09:41:50.620+0000] {logging_mixin.py:188} INFO - oke
[2024-10-17T09:41:51.085+0000] {logging_mixin.py:188} INFO - oke
[2024-10-17T09:41:51.546+0000] {logging_mixin.py:188} INFO - oke
[2024-10-17T09:41:51.926+0000] {logging_mixin.py:188} INFO - oke
[2024-10-17T09:41:52.390+0000] {logging_mixin.py:188} INFO - oke
[2024-10-17T09:41:53.239+0000] {logging_mixin.py:188} INFO - oke
[2024-10-17T09:41:53.628+0000] {logging_mixin.py:188} INFO - oke
[2024-10-17T09:41:54.091+0000] {logging_mixin.py:188} INFO - oke
[2024-10-17T09:41:54.531+0000] {logging_mixin.py:188} INFO - oke
[2024-10-17T09:41:54.948+0000] {logging_mixin.py:188} INFO - oke
[2024-10-17T09:41:55.383+0000] {logging_mixin.py:188} INFO - oke
[2024-10-17T09:41:55.842+0000] {logging_mixin.py:188} INFO - oke
[2024-10-17T09:41:56.256+0000] {logging_mixin.py:188} INFO - oke
[2024-10-17T09:41:56.826+0000] {logging_mixin.py:188} INFO - oke
[2024-10-17T09:41:57.226+0000] {logging_mixin.py:188} INFO - oke
[2024-10-17T09:41:57.662+0000] {logging_mixin.py:188} INFO - oke
[2024-10-17T09:41:58.326+0000] {logging_mixin.py:188} INFO - oke
[2024-10-17T09:41:58.788+0000] {logging_mixin.py:188} INFO - oke
[2024-10-17T09:41:59.161+0000] {logging_mixin.py:188} INFO - oke
[2024-10-17T09:42:00.027+0000] {logging_mixin.py:188} INFO - oke
[2024-10-17T09:42:00.415+0000] {logging_mixin.py:188} INFO - oke
[2024-10-17T09:42:01.154+0000] {logging_mixin.py:188} INFO - oke
[2024-10-17T09:42:01.618+0000] {logging_mixin.py:188} INFO - oke
[2024-10-17T09:42:02.038+0000] {logging_mixin.py:188} INFO - oke
[2024-10-17T09:42:02.483+0000] {logging_mixin.py:188} INFO - oke
[2024-10-17T09:42:02.949+0000] {logging_mixin.py:188} INFO - oke
[2024-10-17T09:42:03.491+0000] {logging_mixin.py:188} INFO - oke
[2024-10-17T09:42:03.888+0000] {logging_mixin.py:188} INFO - oke
[2024-10-17T09:42:04.262+0000] {logging_mixin.py:188} INFO - oke
[2024-10-17T09:42:04.693+0000] {logging_mixin.py:188} INFO - oke
[2024-10-17T09:42:05.147+0000] {logging_mixin.py:188} INFO - oke
[2024-10-17T09:42:05.574+0000] {logging_mixin.py:188} INFO - oke
[2024-10-17T09:42:05.962+0000] {logging_mixin.py:188} INFO - oke
[2024-10-17T09:42:06.353+0000] {logging_mixin.py:188} INFO - oke
[2024-10-17T09:42:06.800+0000] {logging_mixin.py:188} INFO - oke
[2024-10-17T09:42:07.233+0000] {logging_mixin.py:188} INFO - oke
[2024-10-17T09:42:07.680+0000] {logging_mixin.py:188} INFO - oke
[2024-10-17T09:42:08.553+0000] {logging_mixin.py:188} INFO - oke
[2024-10-17T09:42:08.929+0000] {logging_mixin.py:188} INFO - oke
[2024-10-17T09:42:09.371+0000] {logging_mixin.py:188} INFO - oke
[2024-10-17T09:42:10.208+0000] {logging_mixin.py:188} INFO - oke
[2024-10-17T09:42:10.750+0000] {logging_mixin.py:188} INFO - oke
[2024-10-17T09:42:11.126+0000] {logging_mixin.py:188} INFO - oke
[2024-10-17T09:42:11.570+0000] {logging_mixin.py:188} INFO - oke
[2024-10-17T09:42:12.006+0000] {logging_mixin.py:188} INFO - oke
[2024-10-17T09:42:12.432+0000] {logging_mixin.py:188} INFO - oke
[2024-10-17T09:42:12.828+0000] {logging_mixin.py:188} INFO - oke
[2024-10-17T09:42:13.255+0000] {logging_mixin.py:188} INFO - oke
[2024-10-17T09:42:13.694+0000] {logging_mixin.py:188} INFO - oke
[2024-10-17T09:42:14.110+0000] {logging_mixin.py:188} INFO - oke
[2024-10-17T09:42:14.515+0000] {logging_mixin.py:188} INFO - oke
[2024-10-17T09:42:14.949+0000] {logging_mixin.py:188} INFO - oke
[2024-10-17T09:42:15.387+0000] {logging_mixin.py:188} INFO - oke
[2024-10-17T09:42:15.773+0000] {logging_mixin.py:188} INFO - oke
[2024-10-17T09:42:16.305+0000] {logging_mixin.py:188} INFO - oke
[2024-10-17T09:42:17.232+0000] {logging_mixin.py:188} INFO - oke
[2024-10-17T09:42:17.654+0000] {logging_mixin.py:188} INFO - oke
[2024-10-17T09:42:18.089+0000] {logging_mixin.py:188} INFO - oke
[2024-10-17T09:42:18.480+0000] {logging_mixin.py:188} INFO - oke
[2024-10-17T09:42:18.955+0000] {logging_mixin.py:188} INFO - oke
[2024-10-17T09:42:19.323+0000] {logging_mixin.py:188} INFO - oke
[2024-10-17T09:42:20.269+0000] {logging_mixin.py:188} INFO - oke
[2024-10-17T09:42:20.794+0000] {logging_mixin.py:188} INFO - oke
[2024-10-17T09:42:21.172+0000] {logging_mixin.py:188} INFO - oke
[2024-10-17T09:42:21.544+0000] {logging_mixin.py:188} INFO - oke
[2024-10-17T09:42:21.990+0000] {logging_mixin.py:188} INFO - oke
[2024-10-17T09:42:22.429+0000] {logging_mixin.py:188} INFO - oke
[2024-10-17T09:42:22.869+0000] {logging_mixin.py:188} INFO - oke
[2024-10-17T09:42:23.248+0000] {logging_mixin.py:188} INFO - oke
[2024-10-17T09:42:23.713+0000] {logging_mixin.py:188} INFO - oke
[2024-10-17T09:42:24.099+0000] {logging_mixin.py:188} INFO - oke
[2024-10-17T09:42:24.898+0000] {logging_mixin.py:188} INFO - oke
[2024-10-17T09:42:25.390+0000] {logging_mixin.py:188} INFO - oke
[2024-10-17T09:42:25.794+0000] {logging_mixin.py:188} INFO - oke
[2024-10-17T09:42:26.163+0000] {logging_mixin.py:188} INFO - oke
[2024-10-17T09:42:26.550+0000] {logging_mixin.py:188} INFO - oke
[2024-10-17T09:42:26.983+0000] {logging_mixin.py:188} INFO - oke
[2024-10-17T09:42:27.430+0000] {logging_mixin.py:188} INFO - oke
[2024-10-17T09:42:28.311+0000] {logging_mixin.py:188} INFO - oke
[2024-10-17T09:42:28.733+0000] {logging_mixin.py:188} INFO - oke
[2024-10-17T09:42:29.150+0000] {logging_mixin.py:188} INFO - oke
[2024-10-17T09:42:29.530+0000] {logging_mixin.py:188} INFO - oke
[2024-10-17T09:42:30.103+0000] {logging_mixin.py:188} INFO - oke
[2024-10-17T09:42:30.515+0000] {logging_mixin.py:188} INFO - oke
[2024-10-17T09:42:30.906+0000] {logging_mixin.py:188} INFO - oke
[2024-10-17T09:42:31.364+0000] {logging_mixin.py:188} INFO - oke
[2024-10-17T09:42:31.791+0000] {logging_mixin.py:188} INFO - oke
[2024-10-17T09:42:32.201+0000] {logging_mixin.py:188} INFO - oke
[2024-10-17T09:42:32.620+0000] {logging_mixin.py:188} INFO - oke
[2024-10-17T09:42:33.056+0000] {logging_mixin.py:188} INFO - oke
[2024-10-17T09:42:34.065+0000] {logging_mixin.py:188} INFO - oke
[2024-10-17T09:42:34.488+0000] {logging_mixin.py:188} INFO - oke
[2024-10-17T09:42:34.875+0000] {logging_mixin.py:188} INFO - oke
[2024-10-17T09:42:35.300+0000] {logging_mixin.py:188} INFO - oke
[2024-10-17T09:42:35.677+0000] {logging_mixin.py:188} INFO - oke
[2024-10-17T09:42:36.114+0000] {logging_mixin.py:188} INFO - oke
[2024-10-17T09:42:36.500+0000] {logging_mixin.py:188} INFO - oke
[2024-10-17T09:42:37.466+0000] {logging_mixin.py:188} INFO - oke
[2024-10-17T09:42:37.879+0000] {logging_mixin.py:188} INFO - oke
[2024-10-17T09:42:38.250+0000] {logging_mixin.py:188} INFO - oke
[2024-10-17T09:42:38.692+0000] {logging_mixin.py:188} INFO - oke
[2024-10-17T09:42:39.117+0000] {logging_mixin.py:188} INFO - oke
[2024-10-17T09:42:39.531+0000] {logging_mixin.py:188} INFO - oke
[2024-10-17T09:42:39.955+0000] {logging_mixin.py:188} INFO - oke
[2024-10-17T09:42:40.322+0000] {logging_mixin.py:188} INFO - oke
[2024-10-17T09:42:40.767+0000] {logging_mixin.py:188} INFO - oke
[2024-10-17T09:42:41.204+0000] {logging_mixin.py:188} INFO - oke
[2024-10-17T09:42:41.651+0000] {logging_mixin.py:188} INFO - oke
[2024-10-17T09:42:42.042+0000] {logging_mixin.py:188} INFO - oke
[2024-10-17T09:42:42.474+0000] {logging_mixin.py:188} INFO - oke
[2024-10-17T09:42:42.897+0000] {logging_mixin.py:188} INFO - oke
[2024-10-17T09:42:43.438+0000] {logging_mixin.py:188} INFO - oke
[2024-10-17T09:42:43.959+0000] {logging_mixin.py:188} INFO - oke
[2024-10-17T09:42:44.379+0000] {logging_mixin.py:188} INFO - oke
[2024-10-17T09:42:44.822+0000] {logging_mixin.py:188} INFO - oke
[2024-10-17T09:42:45.225+0000] {logging_mixin.py:188} INFO - oke
[2024-10-17T09:42:45.669+0000] {logging_mixin.py:188} INFO - oke
[2024-10-17T09:42:47.907+0000] {logging_mixin.py:188} INFO - oke
[2024-10-17T09:42:48.301+0000] {logging_mixin.py:188} INFO - oke
[2024-10-17T09:42:48.734+0000] {logging_mixin.py:188} INFO - oke
[2024-10-17T09:42:49.155+0000] {logging_mixin.py:188} INFO - oke
[2024-10-17T09:42:49.564+0000] {logging_mixin.py:188} INFO - oke
[2024-10-17T09:42:49.991+0000] {logging_mixin.py:188} INFO - oke
[2024-10-17T09:42:50.406+0000] {logging_mixin.py:188} INFO - oke
[2024-10-17T09:42:50.877+0000] {logging_mixin.py:188} INFO - oke
[2024-10-17T09:42:51.362+0000] {logging_mixin.py:188} INFO - oke
[2024-10-17T09:42:51.773+0000] {logging_mixin.py:188} INFO - oke
[2024-10-17T09:42:52.254+0000] {logging_mixin.py:188} INFO - oke
[2024-10-17T09:42:52.708+0000] {logging_mixin.py:188} INFO - oke
[2024-10-17T09:42:53.242+0000] {logging_mixin.py:188} INFO - oke
[2024-10-17T09:42:53.687+0000] {logging_mixin.py:188} INFO - oke
[2024-10-17T09:42:54.138+0000] {logging_mixin.py:188} INFO - oke
[2024-10-17T09:42:54.650+0000] {logging_mixin.py:188} INFO - oke
[2024-10-17T09:42:55.079+0000] {logging_mixin.py:188} INFO - oke
[2024-10-17T09:42:55.452+0000] {logging_mixin.py:188} INFO - oke
[2024-10-17T09:42:55.894+0000] {logging_mixin.py:188} INFO - oke
[2024-10-17T09:42:56.314+0000] {logging_mixin.py:188} INFO - oke
[2024-10-17T09:42:56.688+0000] {logging_mixin.py:188} INFO - oke
[2024-10-17T09:42:57.119+0000] {logging_mixin.py:188} INFO - oke
[2024-10-17T09:42:58.006+0000] {logging_mixin.py:188} INFO - oke
[2024-10-17T09:42:58.451+0000] {logging_mixin.py:188} INFO - oke
[2024-10-17T09:42:58.862+0000] {logging_mixin.py:188} INFO - oke
[2024-10-17T09:42:59.229+0000] {logging_mixin.py:188} INFO - oke
[2024-10-17T09:42:59.620+0000] {logging_mixin.py:188} INFO - oke
[2024-10-17T09:43:00.074+0000] {logging_mixin.py:188} INFO - oke
[2024-10-17T09:43:00.937+0000] {logging_mixin.py:188} INFO - oke
[2024-10-17T09:43:01.324+0000] {logging_mixin.py:188} INFO - oke
[2024-10-17T09:43:02.201+0000] {logging_mixin.py:188} INFO - oke
[2024-10-17T09:43:02.640+0000] {logging_mixin.py:188} INFO - oke
[2024-10-17T09:43:03.021+0000] {logging_mixin.py:188} INFO - oke
[2024-10-17T09:43:03.448+0000] {logging_mixin.py:188} INFO - oke
[2024-10-17T09:43:03.849+0000] {logging_mixin.py:188} INFO - oke
[2024-10-17T09:43:04.565+0000] {logging_mixin.py:188} INFO - oke
[2024-10-17T09:43:05.227+0000] {logging_mixin.py:188} INFO - oke
[2024-10-17T09:43:05.666+0000] {logging_mixin.py:188} INFO - oke
[2024-10-17T09:43:06.142+0000] {logging_mixin.py:188} INFO - oke
[2024-10-17T09:43:06.566+0000] {logging_mixin.py:188} INFO - oke
[2024-10-17T09:43:07.000+0000] {logging_mixin.py:188} INFO - oke
[2024-10-17T09:43:07.469+0000] {logging_mixin.py:188} INFO - oke
[2024-10-17T09:43:08.018+0000] {logging_mixin.py:188} INFO - oke
[2024-10-17T09:43:08.405+0000] {logging_mixin.py:188} INFO - oke
[2024-10-17T09:43:08.845+0000] {logging_mixin.py:188} INFO - oke
[2024-10-17T09:43:09.266+0000] {logging_mixin.py:188} INFO - oke
[2024-10-17T09:43:09.694+0000] {logging_mixin.py:188} INFO - oke
[2024-10-17T09:43:10.132+0000] {logging_mixin.py:188} INFO - oke
[2024-10-17T09:43:10.543+0000] {logging_mixin.py:188} INFO - oke
[2024-10-17T09:43:11.444+0000] {logging_mixin.py:188} INFO - oke
[2024-10-17T09:43:11.802+0000] {logging_mixin.py:188} INFO - oke
[2024-10-17T09:43:12.230+0000] {logging_mixin.py:188} INFO - oke
[2024-10-17T09:43:12.691+0000] {logging_mixin.py:188} INFO - oke
[2024-10-17T09:43:13.568+0000] {logging_mixin.py:188} INFO - oke
[2024-10-17T09:43:13.996+0000] {logging_mixin.py:188} INFO - oke
[2024-10-17T09:43:14.394+0000] {logging_mixin.py:188} INFO - oke
[2024-10-17T09:43:14.781+0000] {logging_mixin.py:188} INFO - oke
[2024-10-17T09:43:15.248+0000] {logging_mixin.py:188} INFO - oke
[2024-10-17T09:43:15.674+0000] {logging_mixin.py:188} INFO - oke
[2024-10-17T09:43:16.039+0000] {logging_mixin.py:188} INFO - oke
[2024-10-17T09:43:16.465+0000] {logging_mixin.py:188} INFO - oke
[2024-10-17T09:43:16.887+0000] {logging_mixin.py:188} INFO - oke
[2024-10-17T09:43:17.673+0000] {logging_mixin.py:188} INFO - oke
[2024-10-17T09:43:18.191+0000] {logging_mixin.py:188} INFO - oke
[2024-10-17T09:43:18.680+0000] {logging_mixin.py:188} INFO - oke
[2024-10-17T09:43:19.154+0000] {logging_mixin.py:188} INFO - oke
[2024-10-17T09:43:19.576+0000] {logging_mixin.py:188} INFO - oke
[2024-10-17T09:43:20.005+0000] {logging_mixin.py:188} INFO - oke
[2024-10-17T09:43:20.395+0000] {logging_mixin.py:188} INFO - oke
[2024-10-17T09:43:20.775+0000] {logging_mixin.py:188} INFO - oke
[2024-10-17T09:43:21.201+0000] {logging_mixin.py:188} INFO - oke
[2024-10-17T09:43:22.117+0000] {logging_mixin.py:188} INFO - oke
[2024-10-17T09:43:22.532+0000] {logging_mixin.py:188} INFO - oke
[2024-10-17T09:43:22.907+0000] {logging_mixin.py:188} INFO - oke
[2024-10-17T09:43:23.336+0000] {logging_mixin.py:188} INFO - oke
[2024-10-17T09:43:23.759+0000] {logging_mixin.py:188} INFO - oke
[2024-10-17T09:43:24.634+0000] {logging_mixin.py:188} INFO - oke
[2024-10-17T09:43:25.044+0000] {logging_mixin.py:188} INFO - oke
[2024-10-17T09:43:25.525+0000] {logging_mixin.py:188} INFO - oke
[2024-10-17T09:43:25.966+0000] {logging_mixin.py:188} INFO - oke
[2024-10-17T09:43:26.365+0000] {logging_mixin.py:188} INFO - oke
[2024-10-17T09:43:26.803+0000] {logging_mixin.py:188} INFO - oke
[2024-10-17T09:43:27.212+0000] {logging_mixin.py:188} INFO - oke
[2024-10-17T09:43:27.640+0000] {logging_mixin.py:188} INFO - oke
[2024-10-17T09:43:28.029+0000] {logging_mixin.py:188} INFO - oke
[2024-10-17T09:43:28.428+0000] {logging_mixin.py:188} INFO - oke
[2024-10-17T09:43:28.846+0000] {logging_mixin.py:188} INFO - oke
[2024-10-17T09:43:29.267+0000] {logging_mixin.py:188} INFO - oke
[2024-10-17T09:43:29.649+0000] {logging_mixin.py:188} INFO - oke
[2024-10-17T09:43:30.066+0000] {logging_mixin.py:188} INFO - oke
[2024-10-17T09:43:31.141+0000] {logging_mixin.py:188} INFO - oke
[2024-10-17T09:43:31.553+0000] {logging_mixin.py:188} INFO - oke
[2024-10-17T09:43:31.983+0000] {logging_mixin.py:188} INFO - oke
[2024-10-17T09:43:32.423+0000] {logging_mixin.py:188} INFO - oke
[2024-10-17T09:43:32.847+0000] {logging_mixin.py:188} INFO - oke
[2024-10-17T09:43:33.210+0000] {logging_mixin.py:188} INFO - oke
[2024-10-17T09:43:33.673+0000] {logging_mixin.py:188} INFO - oke
[2024-10-17T09:43:34.105+0000] {logging_mixin.py:188} INFO - oke
[2024-10-17T09:43:34.580+0000] {logging_mixin.py:188} INFO - oke
[2024-10-17T09:43:35.025+0000] {logging_mixin.py:188} INFO - oke
[2024-10-17T09:43:35.449+0000] {logging_mixin.py:188} INFO - oke
[2024-10-17T09:43:35.899+0000] {logging_mixin.py:188} INFO - oke
[2024-10-17T09:43:36.380+0000] {logging_mixin.py:188} INFO - oke
[2024-10-17T09:43:36.749+0000] {logging_mixin.py:188} INFO - oke
[2024-10-17T09:43:37.189+0000] {logging_mixin.py:188} INFO - oke
[2024-10-17T09:43:37.626+0000] {logging_mixin.py:188} INFO - oke
[2024-10-17T09:43:37.998+0000] {logging_mixin.py:188} INFO - oke
[2024-10-17T09:43:38.399+0000] {logging_mixin.py:188} INFO - oke
[2024-10-17T09:43:38.833+0000] {logging_mixin.py:188} INFO - oke
[2024-10-17T09:43:39.260+0000] {logging_mixin.py:188} INFO - oke
[2024-10-17T09:43:39.630+0000] {logging_mixin.py:188} INFO - oke
[2024-10-17T09:43:40.077+0000] {logging_mixin.py:188} INFO - oke
[2024-10-17T09:43:40.526+0000] {logging_mixin.py:188} INFO - oke
[2024-10-17T09:43:40.953+0000] {logging_mixin.py:188} INFO - oke
[2024-10-17T09:43:41.319+0000] {logging_mixin.py:188} INFO - oke
[2024-10-17T09:43:42.197+0000] {logging_mixin.py:188} INFO - oke
[2024-10-17T09:43:42.641+0000] {logging_mixin.py:188} INFO - oke
[2024-10-17T09:43:43.184+0000] {logging_mixin.py:188} INFO - oke
[2024-10-17T09:43:43.622+0000] {logging_mixin.py:188} INFO - oke
[2024-10-17T09:43:44.003+0000] {logging_mixin.py:188} INFO - oke
[2024-10-17T09:43:44.435+0000] {logging_mixin.py:188} INFO - oke
[2024-10-17T09:43:44.796+0000] {logging_mixin.py:188} INFO - oke
[2024-10-17T09:43:45.244+0000] {logging_mixin.py:188} INFO - oke
[2024-10-17T09:43:45.674+0000] {logging_mixin.py:188} INFO - oke
[2024-10-17T09:43:46.656+0000] {logging_mixin.py:188} INFO - oke
[2024-10-17T09:43:47.118+0000] {logging_mixin.py:188} INFO - oke
[2024-10-17T09:43:47.496+0000] {logging_mixin.py:188} INFO - oke
[2024-10-17T09:43:47.972+0000] {logging_mixin.py:188} INFO - oke
[2024-10-17T09:43:48.534+0000] {logging_mixin.py:188} INFO - oke
[2024-10-17T09:43:49.109+0000] {logging_mixin.py:188} INFO - oke
[2024-10-17T09:43:49.614+0000] {logging_mixin.py:188} INFO - oke
[2024-10-17T09:43:50.133+0000] {logging_mixin.py:188} INFO - oke
[2024-10-17T09:43:50.681+0000] {logging_mixin.py:188} INFO - oke
[2024-10-17T09:43:51.189+0000] {logging_mixin.py:188} INFO - oke
[2024-10-17T09:43:51.636+0000] {logging_mixin.py:188} INFO - oke
[2024-10-17T09:43:52.074+0000] {logging_mixin.py:188} INFO - oke
[2024-10-17T09:43:53.022+0000] {logging_mixin.py:188} INFO - oke
[2024-10-17T09:43:53.739+0000] {logging_mixin.py:188} INFO - oke
[2024-10-17T09:43:54.120+0000] {logging_mixin.py:188} INFO - oke
[2024-10-17T09:43:54.583+0000] {logging_mixin.py:188} INFO - oke
[2024-10-17T09:43:55.017+0000] {logging_mixin.py:188} INFO - oke
[2024-10-17T09:43:55.448+0000] {logging_mixin.py:188} INFO - oke
[2024-10-17T09:43:55.886+0000] {logging_mixin.py:188} INFO - oke
[2024-10-17T09:43:56.351+0000] {logging_mixin.py:188} INFO - oke
[2024-10-17T09:43:56.739+0000] {logging_mixin.py:188} INFO - oke
[2024-10-17T09:43:57.172+0000] {logging_mixin.py:188} INFO - oke
[2024-10-17T09:43:57.624+0000] {logging_mixin.py:188} INFO - oke
[2024-10-17T09:43:58.075+0000] {logging_mixin.py:188} INFO - oke
[2024-10-17T09:43:58.757+0000] {logging_mixin.py:188} INFO - oke
[2024-10-17T09:43:59.154+0000] {logging_mixin.py:188} INFO - oke
[2024-10-17T09:43:59.708+0000] {logging_mixin.py:188} INFO - oke
[2024-10-17T09:44:00.670+0000] {logging_mixin.py:188} INFO - oke
[2024-10-17T09:44:01.100+0000] {logging_mixin.py:188} INFO - oke
[2024-10-17T09:44:01.562+0000] {logging_mixin.py:188} INFO - oke
[2024-10-17T09:44:01.999+0000] {logging_mixin.py:188} INFO - oke
[2024-10-17T09:44:02.434+0000] {logging_mixin.py:188} INFO - oke
[2024-10-17T09:44:02.930+0000] {logging_mixin.py:188} INFO - oke
[2024-10-17T09:44:03.331+0000] {logging_mixin.py:188} INFO - oke
[2024-10-17T09:44:03.881+0000] {logging_mixin.py:188} INFO - oke
[2024-10-17T09:44:04.356+0000] {logging_mixin.py:188} INFO - oke
[2024-10-17T09:44:04.783+0000] {logging_mixin.py:188} INFO - oke
[2024-10-17T09:44:05.318+0000] {logging_mixin.py:188} INFO - oke
[2024-10-17T09:44:05.761+0000] {logging_mixin.py:188} INFO - oke
[2024-10-17T09:44:06.758+0000] {logging_mixin.py:188} INFO - oke
[2024-10-17T09:44:07.138+0000] {logging_mixin.py:188} INFO - oke
[2024-10-17T09:44:07.624+0000] {logging_mixin.py:188} INFO - oke
[2024-10-17T09:44:08.187+0000] {logging_mixin.py:188} INFO - oke
[2024-10-17T09:44:08.936+0000] {logging_mixin.py:188} INFO - oke
[2024-10-17T09:44:09.383+0000] {logging_mixin.py:188} INFO - oke
[2024-10-17T09:44:09.747+0000] {logging_mixin.py:188} INFO - oke
[2024-10-17T09:44:10.171+0000] {logging_mixin.py:188} INFO - oke
[2024-10-17T09:44:10.613+0000] {logging_mixin.py:188} INFO - oke
[2024-10-17T09:44:11.029+0000] {logging_mixin.py:188} INFO - oke
[2024-10-17T09:44:11.441+0000] {logging_mixin.py:188} INFO - oke
[2024-10-17T09:44:11.893+0000] {logging_mixin.py:188} INFO - oke
[2024-10-17T09:44:12.321+0000] {logging_mixin.py:188} INFO - oke
[2024-10-17T09:44:12.777+0000] {logging_mixin.py:188} INFO - oke
[2024-10-17T09:44:13.258+0000] {logging_mixin.py:188} INFO - oke
[2024-10-17T09:44:13.648+0000] {logging_mixin.py:188} INFO - oke
[2024-10-17T09:44:14.047+0000] {logging_mixin.py:188} INFO - oke
[2024-10-17T09:44:14.453+0000] {logging_mixin.py:188} INFO - oke
[2024-10-17T09:44:14.903+0000] {logging_mixin.py:188} INFO - oke
[2024-10-17T09:44:15.278+0000] {logging_mixin.py:188} INFO - oke
[2024-10-17T09:44:15.696+0000] {logging_mixin.py:188} INFO - oke
[2024-10-17T09:44:16.125+0000] {logging_mixin.py:188} INFO - oke
[2024-10-17T09:44:16.555+0000] {logging_mixin.py:188} INFO - oke
[2024-10-17T09:44:16.981+0000] {logging_mixin.py:188} INFO - oke
[2024-10-17T09:44:17.391+0000] {logging_mixin.py:188} INFO - oke
[2024-10-17T09:44:18.261+0000] {logging_mixin.py:188} INFO - oke
[2024-10-17T09:44:18.735+0000] {logging_mixin.py:188} INFO - oke
[2024-10-17T09:44:19.223+0000] {logging_mixin.py:188} INFO - oke
[2024-10-17T09:44:20.110+0000] {logging_mixin.py:188} INFO - oke
[2024-10-17T09:44:20.536+0000] {logging_mixin.py:188} INFO - oke
[2024-10-17T09:44:21.207+0000] {logging_mixin.py:188} INFO - oke
[2024-10-17T09:44:21.685+0000] {logging_mixin.py:188} INFO - oke
[2024-10-17T09:44:22.124+0000] {logging_mixin.py:188} INFO - oke
[2024-10-17T09:44:22.676+0000] {logging_mixin.py:188} INFO - oke
[2024-10-17T09:44:23.062+0000] {logging_mixin.py:188} INFO - oke
[2024-10-17T09:44:23.925+0000] {logging_mixin.py:188} INFO - oke
[2024-10-17T09:44:24.316+0000] {logging_mixin.py:188} INFO - oke
[2024-10-17T09:44:24.753+0000] {logging_mixin.py:188} INFO - oke
[2024-10-17T09:44:25.156+0000] {logging_mixin.py:188} INFO - oke
[2024-10-17T09:44:25.531+0000] {logging_mixin.py:188} INFO - oke
[2024-10-17T09:44:25.958+0000] {logging_mixin.py:188} INFO - oke
[2024-10-17T09:44:26.622+0000] {logging_mixin.py:188} INFO - oke
[2024-10-17T09:44:27.132+0000] {logging_mixin.py:188} INFO - oke
[2024-10-17T09:44:27.572+0000] {logging_mixin.py:188} INFO - oke
[2024-10-17T09:44:28.050+0000] {logging_mixin.py:188} INFO - oke
[2024-10-17T09:44:28.935+0000] {logging_mixin.py:188} INFO - oke
[2024-10-17T09:44:29.396+0000] {logging_mixin.py:188} INFO - oke
[2024-10-17T09:44:29.899+0000] {logging_mixin.py:188} INFO - oke
[2024-10-17T09:44:30.356+0000] {logging_mixin.py:188} INFO - oke
[2024-10-17T09:44:30.843+0000] {logging_mixin.py:188} INFO - oke
[2024-10-17T09:44:31.257+0000] {logging_mixin.py:188} INFO - oke
[2024-10-17T09:44:31.749+0000] {logging_mixin.py:188} INFO - oke
[2024-10-17T09:44:32.196+0000] {logging_mixin.py:188} INFO - oke
[2024-10-17T09:44:32.690+0000] {logging_mixin.py:188} INFO - oke
[2024-10-17T09:44:33.367+0000] {logging_mixin.py:188} INFO - oke
[2024-10-17T09:44:33.740+0000] {logging_mixin.py:188} INFO - oke
[2024-10-17T09:44:34.108+0000] {logging_mixin.py:188} INFO - oke
[2024-10-17T09:44:34.592+0000] {logging_mixin.py:188} INFO - oke
[2024-10-17T09:44:35.056+0000] {logging_mixin.py:188} INFO - oke
[2024-10-17T09:44:35.434+0000] {logging_mixin.py:188} INFO - oke
[2024-10-17T09:44:35.868+0000] {logging_mixin.py:188} INFO - oke
[2024-10-17T09:44:36.290+0000] {logging_mixin.py:188} INFO - oke
[2024-10-17T09:44:36.675+0000] {logging_mixin.py:188} INFO - oke
[2024-10-17T09:44:37.054+0000] {logging_mixin.py:188} INFO - oke
[2024-10-17T09:44:37.478+0000] {logging_mixin.py:188} INFO - oke
[2024-10-17T09:44:37.927+0000] {logging_mixin.py:188} INFO - oke
[2024-10-17T09:44:38.342+0000] {logging_mixin.py:188} INFO - oke
[2024-10-17T09:44:38.759+0000] {logging_mixin.py:188} INFO - oke
[2024-10-17T09:44:39.719+0000] {logging_mixin.py:188} INFO - oke
[2024-10-17T09:44:40.509+0000] {logging_mixin.py:188} INFO - oke
[2024-10-17T09:44:40.963+0000] {logging_mixin.py:188} INFO - oke
[2024-10-17T09:44:41.348+0000] {logging_mixin.py:188} INFO - oke
[2024-10-17T09:44:41.788+0000] {logging_mixin.py:188} INFO - oke
[2024-10-17T09:44:42.207+0000] {logging_mixin.py:188} INFO - oke
[2024-10-17T09:44:42.892+0000] {logging_mixin.py:188} INFO - oke
[2024-10-17T09:44:43.259+0000] {logging_mixin.py:188} INFO - oke
[2024-10-17T09:44:43.687+0000] {logging_mixin.py:188} INFO - oke
[2024-10-17T09:44:44.138+0000] {logging_mixin.py:188} INFO - oke
[2024-10-17T09:44:44.524+0000] {logging_mixin.py:188} INFO - oke
[2024-10-17T09:44:44.975+0000] {logging_mixin.py:188} INFO - oke
[2024-10-17T09:44:45.421+0000] {logging_mixin.py:188} INFO - oke
[2024-10-17T09:44:45.825+0000] {logging_mixin.py:188} INFO - oke
[2024-10-17T09:44:46.272+0000] {logging_mixin.py:188} INFO - oke
[2024-10-17T09:44:46.750+0000] {logging_mixin.py:188} INFO - oke
[2024-10-17T09:44:47.219+0000] {logging_mixin.py:188} INFO - oke
[2024-10-17T09:44:48.260+0000] {logging_mixin.py:188} INFO - oke
[2024-10-17T09:44:48.695+0000] {logging_mixin.py:188} INFO - oke
[2024-10-17T09:44:49.271+0000] {logging_mixin.py:188} INFO - oke
[2024-10-17T09:44:49.719+0000] {logging_mixin.py:188} INFO - oke
[2024-10-17T09:44:50.322+0000] {logging_mixin.py:188} INFO - oke
[2024-10-17T09:44:50.800+0000] {logging_mixin.py:188} INFO - oke
[2024-10-17T09:44:51.182+0000] {logging_mixin.py:188} INFO - oke
[2024-10-17T09:44:51.641+0000] {logging_mixin.py:188} INFO - oke
[2024-10-17T09:44:52.140+0000] {logging_mixin.py:188} INFO - oke
[2024-10-17T09:44:52.615+0000] {logging_mixin.py:188} INFO - oke
[2024-10-17T09:44:53.106+0000] {logging_mixin.py:188} INFO - oke
[2024-10-17T09:44:53.675+0000] {logging_mixin.py:188} INFO - oke
[2024-10-17T09:44:54.069+0000] {logging_mixin.py:188} INFO - oke
[2024-10-17T09:44:55.051+0000] {logging_mixin.py:188} INFO - oke
[2024-10-17T09:44:55.456+0000] {logging_mixin.py:188} INFO - oke
[2024-10-17T09:44:55.938+0000] {logging_mixin.py:188} INFO - oke
[2024-10-17T09:44:56.414+0000] {logging_mixin.py:188} INFO - oke
[2024-10-17T09:44:56.797+0000] {logging_mixin.py:188} INFO - oke
[2024-10-17T09:44:57.261+0000] {logging_mixin.py:188} INFO - oke
[2024-10-17T09:44:57.737+0000] {logging_mixin.py:188} INFO - oke
[2024-10-17T09:44:58.738+0000] {logging_mixin.py:188} INFO - oke
[2024-10-17T09:44:59.303+0000] {logging_mixin.py:188} INFO - oke
[2024-10-17T09:44:59.788+0000] {logging_mixin.py:188} INFO - oke
[2024-10-17T09:45:00.238+0000] {logging_mixin.py:188} INFO - oke
[2024-10-17T09:45:00.664+0000] {logging_mixin.py:188} INFO - oke
[2024-10-17T09:45:01.172+0000] {logging_mixin.py:188} INFO - oke
[2024-10-17T09:45:02.043+0000] {logging_mixin.py:188} INFO - oke
[2024-10-17T09:45:02.487+0000] {logging_mixin.py:188} INFO - oke
[2024-10-17T09:45:02.935+0000] {logging_mixin.py:188} INFO - oke
[2024-10-17T09:45:03.366+0000] {logging_mixin.py:188} INFO - oke
[2024-10-17T09:45:04.288+0000] {logging_mixin.py:188} INFO - oke
[2024-10-17T09:45:07.817+0000] {logging_mixin.py:188} INFO - oke
[2024-10-17T09:45:10.551+0000] {logging_mixin.py:188} INFO - oke
[2024-10-17T09:45:11.547+0000] {logging_mixin.py:188} INFO - oke
[2024-10-17T09:45:12.447+0000] {logging_mixin.py:188} INFO - oke
[2024-10-17T09:45:12.856+0000] {logging_mixin.py:188} INFO - oke
[2024-10-17T09:45:13.323+0000] {logging_mixin.py:188} INFO - oke
[2024-10-17T09:45:14.061+0000] {logging_mixin.py:188} INFO - oke
[2024-10-17T09:45:14.951+0000] {logging_mixin.py:188} INFO - oke
[2024-10-17T09:45:15.596+0000] {logging_mixin.py:188} INFO - oke
[2024-10-17T09:45:16.039+0000] {logging_mixin.py:188} INFO - oke
[2024-10-17T09:45:16.507+0000] {logging_mixin.py:188} INFO - oke
[2024-10-17T09:45:17.219+0000] {logging_mixin.py:188} INFO - oke
[2024-10-17T09:45:17.769+0000] {logging_mixin.py:188} INFO - oke
[2024-10-17T09:45:18.451+0000] {logging_mixin.py:188} INFO - oke
[2024-10-17T09:45:18.851+0000] {logging_mixin.py:188} INFO - oke
[2024-10-17T09:45:19.368+0000] {logging_mixin.py:188} INFO - oke
[2024-10-17T09:45:19.813+0000] {logging_mixin.py:188} INFO - oke
[2024-10-17T09:45:20.276+0000] {logging_mixin.py:188} INFO - oke
[2024-10-17T09:45:20.802+0000] {logging_mixin.py:188} INFO - oke
[2024-10-17T09:45:21.267+0000] {logging_mixin.py:188} INFO - oke
[2024-10-17T09:45:21.936+0000] {logging_mixin.py:188} INFO - oke
[2024-10-17T09:45:22.429+0000] {logging_mixin.py:188} INFO - oke
[2024-10-17T09:45:22.951+0000] {logging_mixin.py:188} INFO - oke
[2024-10-17T09:45:23.377+0000] {logging_mixin.py:188} INFO - oke
[2024-10-17T09:45:23.845+0000] {logging_mixin.py:188} INFO - oke
[2024-10-17T09:45:24.333+0000] {logging_mixin.py:188} INFO - oke
[2024-10-17T09:45:25.207+0000] {logging_mixin.py:188} INFO - oke
[2024-10-17T09:45:25.661+0000] {logging_mixin.py:188} INFO - oke
[2024-10-17T09:45:26.200+0000] {logging_mixin.py:188} INFO - oke
[2024-10-17T09:45:26.677+0000] {logging_mixin.py:188} INFO - oke
[2024-10-17T09:45:27.148+0000] {logging_mixin.py:188} INFO - oke
[2024-10-17T09:45:27.552+0000] {logging_mixin.py:188} INFO - oke
[2024-10-17T09:45:27.986+0000] {logging_mixin.py:188} INFO - oke
[2024-10-17T09:45:28.388+0000] {logging_mixin.py:188} INFO - oke
[2024-10-17T09:45:28.785+0000] {logging_mixin.py:188} INFO - oke
[2024-10-17T09:45:29.239+0000] {logging_mixin.py:188} INFO - oke
[2024-10-17T09:45:29.665+0000] {logging_mixin.py:188} INFO - oke
[2024-10-17T09:45:30.091+0000] {logging_mixin.py:188} INFO - oke
[2024-10-17T09:45:30.558+0000] {logging_mixin.py:188} INFO - oke
[2024-10-17T09:45:30.942+0000] {logging_mixin.py:188} INFO - oke
[2024-10-17T09:45:31.415+0000] {logging_mixin.py:188} INFO - oke
[2024-10-17T09:45:31.902+0000] {logging_mixin.py:188} INFO - oke
[2024-10-17T09:45:32.385+0000] {logging_mixin.py:188} INFO - oke
[2024-10-17T09:45:32.777+0000] {logging_mixin.py:188} INFO - oke
[2024-10-17T09:45:33.240+0000] {logging_mixin.py:188} INFO - oke
[2024-10-17T09:45:33.693+0000] {logging_mixin.py:188} INFO - oke
[2024-10-17T09:45:34.137+0000] {logging_mixin.py:188} INFO - oke
[2024-10-17T09:45:34.588+0000] {logging_mixin.py:188} INFO - oke
[2024-10-17T09:45:35.290+0000] {logging_mixin.py:188} INFO - oke
[2024-10-17T09:45:35.781+0000] {logging_mixin.py:188} INFO - oke
[2024-10-17T09:45:36.221+0000] {logging_mixin.py:188} INFO - oke
[2024-10-17T09:45:38.746+0000] {logging_mixin.py:188} INFO - oke
[2024-10-17T09:45:41.417+0000] {logging_mixin.py:188} INFO - oke
[2024-10-17T09:45:42.453+0000] {logging_mixin.py:188} INFO - oke
[2024-10-17T09:45:42.927+0000] {logging_mixin.py:188} INFO - oke
[2024-10-17T09:45:43.412+0000] {logging_mixin.py:188} INFO - oke
[2024-10-17T09:45:43.813+0000] {logging_mixin.py:188} INFO - oke
[2024-10-17T09:45:44.623+0000] {logging_mixin.py:188} INFO - oke
[2024-10-17T09:45:45.056+0000] {logging_mixin.py:188} INFO - oke
[2024-10-17T09:45:45.528+0000] {logging_mixin.py:188} INFO - oke
[2024-10-17T09:45:45.917+0000] {logging_mixin.py:188} INFO - oke
[2024-10-17T09:45:46.349+0000] {logging_mixin.py:188} INFO - oke
[2024-10-17T09:45:47.305+0000] {logging_mixin.py:188} INFO - oke
[2024-10-17T09:45:47.735+0000] {logging_mixin.py:188} INFO - oke
[2024-10-17T09:45:48.175+0000] {logging_mixin.py:188} INFO - oke
[2024-10-17T09:45:48.667+0000] {logging_mixin.py:188} INFO - oke
[2024-10-17T09:45:49.130+0000] {logging_mixin.py:188} INFO - oke
[2024-10-17T09:45:49.744+0000] {logging_mixin.py:188} INFO - oke
[2024-10-17T09:45:50.214+0000] {logging_mixin.py:188} INFO - oke
[2024-10-17T09:45:51.475+0000] {logging_mixin.py:188} INFO - oke
[2024-10-17T09:45:51.941+0000] {logging_mixin.py:188} INFO - oke
[2024-10-17T09:45:52.303+0000] {logging_mixin.py:188} INFO - oke
[2024-10-17T09:45:52.845+0000] {logging_mixin.py:188} INFO - oke
[2024-10-17T09:45:53.220+0000] {logging_mixin.py:188} INFO - oke
[2024-10-17T09:45:53.653+0000] {logging_mixin.py:188} INFO - oke
[2024-10-17T09:45:54.101+0000] {logging_mixin.py:188} INFO - oke
[2024-10-17T09:45:54.580+0000] {logging_mixin.py:188} INFO - oke
[2024-10-17T09:45:54.975+0000] {logging_mixin.py:188} INFO - oke
[2024-10-17T09:45:55.406+0000] {logging_mixin.py:188} INFO - oke
[2024-10-17T09:45:55.861+0000] {logging_mixin.py:188} INFO - oke
[2024-10-17T09:45:56.242+0000] {logging_mixin.py:188} INFO - oke
[2024-10-17T09:45:56.669+0000] {logging_mixin.py:188} INFO - oke
[2024-10-17T09:45:57.229+0000] {logging_mixin.py:188} INFO - oke
[2024-10-17T09:45:57.596+0000] {logging_mixin.py:188} INFO - oke
[2024-10-17T09:45:58.047+0000] {logging_mixin.py:188} INFO - oke
[2024-10-17T09:45:58.427+0000] {logging_mixin.py:188} INFO - oke
[2024-10-17T09:45:58.814+0000] {logging_mixin.py:188} INFO - oke
[2024-10-17T09:45:59.235+0000] {logging_mixin.py:188} INFO - oke
[2024-10-17T09:45:59.658+0000] {logging_mixin.py:188} INFO - oke
[2024-10-17T09:46:00.099+0000] {logging_mixin.py:188} INFO - oke
[2024-10-17T09:46:00.509+0000] {logging_mixin.py:188} INFO - oke
[2024-10-17T09:46:00.972+0000] {logging_mixin.py:188} INFO - oke
[2024-10-17T09:46:01.341+0000] {logging_mixin.py:188} INFO - oke
[2024-10-17T09:46:01.841+0000] {logging_mixin.py:188} INFO - oke
[2024-10-17T09:46:02.291+0000] {logging_mixin.py:188} INFO - oke
[2024-10-17T09:46:04.690+0000] {logging_mixin.py:188} INFO - oke
[2024-10-17T09:46:05.723+0000] {logging_mixin.py:188} INFO - oke
[2024-10-17T09:46:06.408+0000] {logging_mixin.py:188} INFO - oke
[2024-10-17T09:46:06.914+0000] {logging_mixin.py:188} INFO - oke
[2024-10-17T09:46:07.442+0000] {logging_mixin.py:188} INFO - oke
[2024-10-17T09:46:07.867+0000] {logging_mixin.py:188} INFO - oke
[2024-10-17T09:46:08.246+0000] {logging_mixin.py:188} INFO - oke
[2024-10-17T09:46:08.696+0000] {logging_mixin.py:188} INFO - oke
[2024-10-17T09:46:09.618+0000] {logging_mixin.py:188} INFO - oke
[2024-10-17T09:46:10.095+0000] {logging_mixin.py:188} INFO - oke
[2024-10-17T09:46:10.486+0000] {logging_mixin.py:188} INFO - oke
[2024-10-17T09:46:10.863+0000] {logging_mixin.py:188} INFO - oke
[2024-10-17T09:46:11.238+0000] {logging_mixin.py:188} INFO - oke
[2024-10-17T09:46:11.733+0000] {logging_mixin.py:188} INFO - oke
[2024-10-17T09:46:12.298+0000] {logging_mixin.py:188} INFO - oke
[2024-10-17T09:46:12.780+0000] {logging_mixin.py:188} INFO - oke
[2024-10-17T09:46:13.213+0000] {logging_mixin.py:188} INFO - oke
[2024-10-17T09:46:13.706+0000] {logging_mixin.py:188} INFO - oke
[2024-10-17T09:46:14.593+0000] {logging_mixin.py:188} INFO - oke
[2024-10-17T09:46:15.054+0000] {logging_mixin.py:188} INFO - oke
[2024-10-17T09:46:15.600+0000] {logging_mixin.py:188} INFO - oke
[2024-10-17T09:46:16.053+0000] {logging_mixin.py:188} INFO - oke
[2024-10-17T09:46:16.479+0000] {logging_mixin.py:188} INFO - oke
[2024-10-17T09:46:16.951+0000] {logging_mixin.py:188} INFO - oke
[2024-10-17T09:46:17.395+0000] {logging_mixin.py:188} INFO - oke
[2024-10-17T09:46:17.790+0000] {logging_mixin.py:188} INFO - oke
[2024-10-17T09:46:18.175+0000] {logging_mixin.py:188} INFO - oke
[2024-10-17T09:46:18.671+0000] {logging_mixin.py:188} INFO - oke
[2024-10-17T09:46:19.181+0000] {logging_mixin.py:188} INFO - oke
[2024-10-17T09:46:19.612+0000] {logging_mixin.py:188} INFO - oke
[2024-10-17T09:46:20.791+0000] {logging_mixin.py:188} INFO - oke
[2024-10-17T09:46:21.436+0000] {logging_mixin.py:188} INFO - oke
[2024-10-17T09:46:21.852+0000] {logging_mixin.py:188} INFO - oke
[2024-10-17T09:46:22.344+0000] {logging_mixin.py:188} INFO - oke
[2024-10-17T09:46:22.751+0000] {logging_mixin.py:188} INFO - oke
[2024-10-17T09:46:23.631+0000] {logging_mixin.py:188} INFO - oke
[2024-10-17T09:46:24.095+0000] {logging_mixin.py:188} INFO - oke
[2024-10-17T09:46:24.542+0000] {logging_mixin.py:188} INFO - oke
[2024-10-17T09:46:24.972+0000] {logging_mixin.py:188} INFO - oke
[2024-10-17T09:46:25.413+0000] {logging_mixin.py:188} INFO - oke
[2024-10-17T09:46:25.796+0000] {logging_mixin.py:188} INFO - oke
[2024-10-17T09:46:26.179+0000] {logging_mixin.py:188} INFO - oke
[2024-10-17T09:46:26.618+0000] {logging_mixin.py:188} INFO - oke
[2024-10-17T09:46:27.066+0000] {logging_mixin.py:188} INFO - oke
[2024-10-17T09:46:27.538+0000] {logging_mixin.py:188} INFO - oke
[2024-10-17T09:46:27.929+0000] {logging_mixin.py:188} INFO - oke
[2024-10-17T09:46:28.446+0000] {logging_mixin.py:188} INFO - oke
[2024-10-17T09:46:28.882+0000] {logging_mixin.py:188} INFO - oke
[2024-10-17T09:46:29.795+0000] {logging_mixin.py:188} INFO - oke
[2024-10-17T09:46:30.188+0000] {logging_mixin.py:188} INFO - oke
[2024-10-17T09:46:30.550+0000] {logging_mixin.py:188} INFO - oke
[2024-10-17T09:46:30.971+0000] {logging_mixin.py:188} INFO - oke
[2024-10-17T09:46:31.402+0000] {logging_mixin.py:188} INFO - oke
[2024-10-17T09:46:31.839+0000] {logging_mixin.py:188} INFO - oke
[2024-10-17T09:46:32.211+0000] {logging_mixin.py:188} INFO - oke
[2024-10-17T09:46:32.636+0000] {logging_mixin.py:188} INFO - oke
[2024-10-17T09:46:33.030+0000] {logging_mixin.py:188} INFO - oke
[2024-10-17T09:46:33.422+0000] {logging_mixin.py:188} INFO - oke
[2024-10-17T09:46:33.794+0000] {logging_mixin.py:188} INFO - oke
[2024-10-17T09:46:34.218+0000] {logging_mixin.py:188} INFO - oke
[2024-10-17T09:46:34.636+0000] {logging_mixin.py:188} INFO - oke
[2024-10-17T09:46:35.061+0000] {logging_mixin.py:188} INFO - oke
[2024-10-17T09:46:35.437+0000] {logging_mixin.py:188} INFO - oke
[2024-10-17T09:46:35.919+0000] {logging_mixin.py:188} INFO - oke
[2024-10-17T09:46:36.355+0000] {logging_mixin.py:188} INFO - oke
[2024-10-17T09:46:36.715+0000] {logging_mixin.py:188} INFO - oke
[2024-10-17T09:46:37.144+0000] {logging_mixin.py:188} INFO - oke
[2024-10-17T09:46:37.578+0000] {logging_mixin.py:188} INFO - oke
[2024-10-17T09:46:38.122+0000] {logging_mixin.py:188} INFO - oke
[2024-10-17T09:46:38.568+0000] {logging_mixin.py:188} INFO - oke
[2024-10-17T09:46:39.498+0000] {logging_mixin.py:188} INFO - oke
[2024-10-17T09:46:39.926+0000] {logging_mixin.py:188} INFO - oke
[2024-10-17T09:46:40.322+0000] {logging_mixin.py:188} INFO - oke
[2024-10-17T09:46:40.748+0000] {logging_mixin.py:188} INFO - oke
[2024-10-17T09:46:41.191+0000] {logging_mixin.py:188} INFO - oke
[2024-10-17T09:46:41.624+0000] {logging_mixin.py:188} INFO - oke
[2024-10-17T09:46:42.045+0000] {logging_mixin.py:188} INFO - oke
[2024-10-17T09:46:42.569+0000] {logging_mixin.py:188} INFO - oke
[2024-10-17T09:46:43.057+0000] {logging_mixin.py:188} INFO - oke
[2024-10-17T09:46:43.446+0000] {logging_mixin.py:188} INFO - oke
[2024-10-17T09:46:43.945+0000] {logging_mixin.py:188} INFO - oke
[2024-10-17T09:46:44.676+0000] {logging_mixin.py:188} INFO - oke
[2024-10-17T09:46:45.252+0000] {logging_mixin.py:188} INFO - oke
[2024-10-17T09:46:45.665+0000] {logging_mixin.py:188} INFO - oke
[2024-10-17T09:46:46.224+0000] {logging_mixin.py:188} INFO - oke
[2024-10-17T09:46:46.859+0000] {logging_mixin.py:188} INFO - oke
[2024-10-17T09:46:47.356+0000] {logging_mixin.py:188} INFO - oke
[2024-10-17T09:46:47.816+0000] {logging_mixin.py:188} INFO - oke
[2024-10-17T09:46:48.362+0000] {logging_mixin.py:188} INFO - oke
[2024-10-17T09:46:48.893+0000] {logging_mixin.py:188} INFO - oke
[2024-10-17T09:46:49.258+0000] {logging_mixin.py:188} INFO - oke
[2024-10-17T09:46:49.626+0000] {logging_mixin.py:188} INFO - oke
[2024-10-17T09:46:50.020+0000] {logging_mixin.py:188} INFO - oke
[2024-10-17T09:46:50.434+0000] {logging_mixin.py:188} INFO - oke
[2024-10-17T09:46:50.807+0000] {logging_mixin.py:188} INFO - oke
[2024-10-17T09:46:51.659+0000] {logging_mixin.py:188} INFO - oke
[2024-10-17T09:46:52.083+0000] {logging_mixin.py:188} INFO - oke
[2024-10-17T09:46:52.744+0000] {logging_mixin.py:188} INFO - oke
[2024-10-17T09:46:53.121+0000] {logging_mixin.py:188} INFO - oke
[2024-10-17T09:46:53.474+0000] {logging_mixin.py:188} INFO - oke
[2024-10-17T09:46:53.860+0000] {logging_mixin.py:188} INFO - oke
[2024-10-17T09:46:54.334+0000] {logging_mixin.py:188} INFO - oke
[2024-10-17T09:46:54.742+0000] {logging_mixin.py:188} INFO - oke
[2024-10-17T09:46:55.313+0000] {logging_mixin.py:188} INFO - oke
[2024-10-17T09:46:55.766+0000] {logging_mixin.py:188} INFO - oke
[2024-10-17T09:46:56.205+0000] {logging_mixin.py:188} INFO - oke
[2024-10-17T09:46:56.632+0000] {logging_mixin.py:188} INFO - oke
[2024-10-17T09:46:57.065+0000] {logging_mixin.py:188} INFO - oke
[2024-10-17T09:46:57.512+0000] {logging_mixin.py:188} INFO - oke
[2024-10-17T09:46:57.999+0000] {logging_mixin.py:188} INFO - oke
[2024-10-17T09:46:58.450+0000] {logging_mixin.py:188} INFO - oke
[2024-10-17T09:46:58.905+0000] {logging_mixin.py:188} INFO - oke
[2024-10-17T09:46:59.317+0000] {logging_mixin.py:188} INFO - oke
[2024-10-17T09:46:59.729+0000] {logging_mixin.py:188} INFO - oke
[2024-10-17T09:47:00.526+0000] {logging_mixin.py:188} INFO - oke
[2024-10-17T09:47:00.984+0000] {logging_mixin.py:188} INFO - oke
[2024-10-17T09:47:01.467+0000] {logging_mixin.py:188} INFO - oke
[2024-10-17T09:47:02.085+0000] {logging_mixin.py:188} INFO - oke
[2024-10-17T09:47:02.491+0000] {logging_mixin.py:188} INFO - oke
[2024-10-17T09:47:02.950+0000] {logging_mixin.py:188} INFO - oke
[2024-10-17T09:47:03.500+0000] {logging_mixin.py:188} INFO - oke
[2024-10-17T09:47:03.977+0000] {logging_mixin.py:188} INFO - oke
[2024-10-17T09:47:04.638+0000] {logging_mixin.py:188} INFO - oke
[2024-10-17T09:47:05.121+0000] {logging_mixin.py:188} INFO - oke
[2024-10-17T09:47:05.675+0000] {logging_mixin.py:188} INFO - oke
[2024-10-17T09:47:06.184+0000] {logging_mixin.py:188} INFO - oke
[2024-10-17T09:47:06.663+0000] {logging_mixin.py:188} INFO - oke
[2024-10-17T09:47:07.070+0000] {logging_mixin.py:188} INFO - oke
[2024-10-17T09:47:07.582+0000] {logging_mixin.py:188} INFO - oke
[2024-10-17T09:47:08.010+0000] {logging_mixin.py:188} INFO - oke
[2024-10-17T09:47:08.549+0000] {logging_mixin.py:188} INFO - oke
[2024-10-17T09:47:09.456+0000] {logging_mixin.py:188} INFO - oke
[2024-10-17T09:47:09.962+0000] {logging_mixin.py:188} INFO - oke
[2024-10-17T09:47:10.337+0000] {logging_mixin.py:188} INFO - oke
[2024-10-17T09:47:10.791+0000] {logging_mixin.py:188} INFO - oke
[2024-10-17T09:47:11.238+0000] {logging_mixin.py:188} INFO - oke
[2024-10-17T09:47:11.636+0000] {logging_mixin.py:188} INFO - oke
[2024-10-17T09:47:12.019+0000] {logging_mixin.py:188} INFO - oke
[2024-10-17T09:47:12.523+0000] {logging_mixin.py:188} INFO - oke
[2024-10-17T09:47:13.019+0000] {logging_mixin.py:188} INFO - oke
[2024-10-17T09:47:13.513+0000] {logging_mixin.py:188} INFO - oke
[2024-10-17T09:47:13.894+0000] {logging_mixin.py:188} INFO - oke
[2024-10-17T09:47:14.281+0000] {logging_mixin.py:188} INFO - oke
[2024-10-17T09:47:14.736+0000] {logging_mixin.py:188} INFO - oke
[2024-10-17T09:47:15.101+0000] {logging_mixin.py:188} INFO - oke
[2024-10-17T09:47:15.561+0000] {logging_mixin.py:188} INFO - oke
[2024-10-17T09:47:15.995+0000] {logging_mixin.py:188} INFO - oke
[2024-10-17T09:47:16.522+0000] {logging_mixin.py:188} INFO - oke
[2024-10-17T09:47:16.895+0000] {logging_mixin.py:188} INFO - oke
[2024-10-17T09:47:17.503+0000] {logging_mixin.py:188} INFO - oke
[2024-10-17T09:47:17.925+0000] {logging_mixin.py:188} INFO - oke
[2024-10-17T09:47:18.307+0000] {logging_mixin.py:188} INFO - oke
[2024-10-17T09:47:18.740+0000] {logging_mixin.py:188} INFO - oke
[2024-10-17T09:47:19.636+0000] {logging_mixin.py:188} INFO - oke
[2024-10-17T09:47:20.040+0000] {logging_mixin.py:188} INFO - oke
[2024-10-17T09:47:20.434+0000] {logging_mixin.py:188} INFO - oke
[2024-10-17T09:47:20.799+0000] {logging_mixin.py:188} INFO - oke
[2024-10-17T09:47:21.159+0000] {logging_mixin.py:188} INFO - oke
[2024-10-17T09:47:21.583+0000] {logging_mixin.py:188} INFO - oke
[2024-10-17T09:47:22.030+0000] {logging_mixin.py:188} INFO - oke
[2024-10-17T09:47:22.541+0000] {logging_mixin.py:188} INFO - oke
[2024-10-17T09:47:26.084+0000] {logging_mixin.py:188} INFO - oke
[2024-10-17T09:47:27.450+0000] {logging_mixin.py:188} INFO - oke
[2024-10-17T09:47:27.869+0000] {logging_mixin.py:188} INFO - oke
[2024-10-17T09:47:28.260+0000] {logging_mixin.py:188} INFO - oke
[2024-10-17T09:47:28.695+0000] {logging_mixin.py:188} INFO - oke
[2024-10-17T09:47:29.125+0000] {logging_mixin.py:188} INFO - oke
[2024-10-17T09:47:29.639+0000] {logging_mixin.py:188} INFO - oke
[2024-10-17T09:47:30.083+0000] {logging_mixin.py:188} INFO - oke
[2024-10-17T09:47:30.541+0000] {logging_mixin.py:188} INFO - oke
[2024-10-17T09:47:30.992+0000] {logging_mixin.py:188} INFO - oke
[2024-10-17T09:47:31.424+0000] {logging_mixin.py:188} INFO - oke
[2024-10-17T09:47:31.885+0000] {logging_mixin.py:188} INFO - oke
[2024-10-17T09:47:32.748+0000] {logging_mixin.py:188} INFO - oke
[2024-10-17T09:47:33.156+0000] {logging_mixin.py:188} INFO - oke
[2024-10-17T09:47:33.621+0000] {logging_mixin.py:188} INFO - oke
[2024-10-17T09:47:34.112+0000] {logging_mixin.py:188} INFO - oke
[2024-10-17T09:47:34.566+0000] {logging_mixin.py:188} INFO - oke
[2024-10-17T09:47:34.959+0000] {logging_mixin.py:188} INFO - oke
[2024-10-17T09:47:35.374+0000] {logging_mixin.py:188} INFO - oke
[2024-10-17T09:47:36.479+0000] {logging_mixin.py:188} INFO - oke
[2024-10-17T09:47:37.011+0000] {logging_mixin.py:188} INFO - oke
[2024-10-17T09:47:37.455+0000] {logging_mixin.py:188} INFO - oke
[2024-10-17T09:47:37.846+0000] {logging_mixin.py:188} INFO - oke
[2024-10-17T09:47:38.285+0000] {logging_mixin.py:188} INFO - oke
[2024-10-17T09:47:38.655+0000] {logging_mixin.py:188} INFO - oke
[2024-10-17T09:47:39.045+0000] {logging_mixin.py:188} INFO - oke
[2024-10-17T09:47:39.877+0000] {logging_mixin.py:188} INFO - oke
[2024-10-17T09:47:40.249+0000] {logging_mixin.py:188} INFO - oke
[2024-10-17T09:47:40.625+0000] {logging_mixin.py:188} INFO - oke
[2024-10-17T09:47:41.008+0000] {logging_mixin.py:188} INFO - oke
[2024-10-17T09:47:41.475+0000] {logging_mixin.py:188} INFO - oke
[2024-10-17T09:47:42.172+0000] {logging_mixin.py:188} INFO - oke
[2024-10-17T09:47:42.736+0000] {logging_mixin.py:188} INFO - oke
[2024-10-17T09:47:43.664+0000] {logging_mixin.py:188} INFO - oke
[2024-10-17T09:47:44.081+0000] {logging_mixin.py:188} INFO - oke
[2024-10-17T09:47:44.524+0000] {logging_mixin.py:188} INFO - oke
[2024-10-17T09:47:44.960+0000] {logging_mixin.py:188} INFO - oke
[2024-10-17T09:47:45.344+0000] {logging_mixin.py:188} INFO - oke
[2024-10-17T09:47:46.302+0000] {logging_mixin.py:188} INFO - oke
[2024-10-17T09:47:46.785+0000] {logging_mixin.py:188} INFO - oke
[2024-10-17T09:47:47.255+0000] {logging_mixin.py:188} INFO - oke
[2024-10-17T09:47:47.678+0000] {logging_mixin.py:188} INFO - oke
[2024-10-17T09:47:48.126+0000] {logging_mixin.py:188} INFO - oke
[2024-10-17T09:47:48.611+0000] {logging_mixin.py:188} INFO - oke
[2024-10-17T09:47:49.058+0000] {logging_mixin.py:188} INFO - oke
[2024-10-17T09:47:49.423+0000] {logging_mixin.py:188} INFO - oke
[2024-10-17T09:47:49.846+0000] {logging_mixin.py:188} INFO - oke
[2024-10-17T09:47:50.269+0000] {logging_mixin.py:188} INFO - oke
[2024-10-17T09:47:50.836+0000] {logging_mixin.py:188} INFO - oke
[2024-10-17T09:47:51.293+0000] {logging_mixin.py:188} INFO - oke
[2024-10-17T09:47:51.727+0000] {logging_mixin.py:188} INFO - oke
[2024-10-17T09:47:52.565+0000] {logging_mixin.py:188} INFO - oke
[2024-10-17T09:47:53.179+0000] {logging_mixin.py:188} INFO - oke
[2024-10-17T09:47:53.630+0000] {logging_mixin.py:188} INFO - oke
[2024-10-17T09:47:54.076+0000] {logging_mixin.py:188} INFO - oke
[2024-10-17T09:47:54.524+0000] {logging_mixin.py:188} INFO - oke
[2024-10-17T09:47:54.951+0000] {logging_mixin.py:188} INFO - oke
[2024-10-17T09:47:55.354+0000] {logging_mixin.py:188} INFO - oke
[2024-10-17T09:47:55.783+0000] {logging_mixin.py:188} INFO - oke
[2024-10-17T09:47:56.163+0000] {logging_mixin.py:188} INFO - oke
[2024-10-17T09:47:56.590+0000] {logging_mixin.py:188} INFO - oke
[2024-10-17T09:47:57.055+0000] {logging_mixin.py:188} INFO - oke
[2024-10-17T09:47:57.494+0000] {logging_mixin.py:188} INFO - oke
[2024-10-17T09:47:57.920+0000] {logging_mixin.py:188} INFO - oke
[2024-10-17T09:47:58.346+0000] {logging_mixin.py:188} INFO - oke
[2024-10-17T09:47:58.844+0000] {logging_mixin.py:188} INFO - oke
[2024-10-17T09:47:59.276+0000] {logging_mixin.py:188} INFO - oke
[2024-10-17T09:47:59.650+0000] {logging_mixin.py:188} INFO - oke
[2024-10-17T09:48:00.019+0000] {logging_mixin.py:188} INFO - oke
[2024-10-17T09:48:00.418+0000] {logging_mixin.py:188} INFO - oke
[2024-10-17T09:48:00.876+0000] {logging_mixin.py:188} INFO - oke
[2024-10-17T09:48:01.257+0000] {logging_mixin.py:188} INFO - oke
[2024-10-17T09:48:01.260+0000] {conn.py:919} INFO - <BrokerConnection node_id=1 host=broker:29092 <connected> [IPv4 ('172.18.0.15', 29092)]>: Closing connection. 
[2024-10-17T09:48:01.261+0000] {python.py:202} INFO - Done. Returned value was: None
[2024-10-17T09:48:01.271+0000] {taskinstance.py:1149} INFO - Marking task as SUCCESS. dag_id=user_automation, task_id=stream_data_from_api, execution_date=20241017T093800, start_date=20241017T093800, end_date=20241017T094801
[2024-10-17T09:48:01.321+0000] {local_task_job_runner.py:234} INFO - Task exited with return code 0
[2024-10-17T09:48:01.335+0000] {taskinstance.py:3312} INFO - 0 downstream tasks scheduled from follow-on schedule check
