[2024-10-17T04:26:56.082+0000] {taskinstance.py:1979} INFO - Dependencies all met for dep_context=non-requeueable deps ti=<TaskInstance: user_automation.stream_data_from_api manual__2024-10-17T04:26:55.221052+00:00 [queued]>
[2024-10-17T04:26:56.091+0000] {taskinstance.py:1979} INFO - Dependencies all met for dep_context=requeueable deps ti=<TaskInstance: user_automation.stream_data_from_api manual__2024-10-17T04:26:55.221052+00:00 [queued]>
[2024-10-17T04:26:56.092+0000] {taskinstance.py:2193} INFO - Starting attempt 1 of 1
[2024-10-17T04:26:56.105+0000] {taskinstance.py:2217} INFO - Executing <Task(PythonOperator): stream_data_from_api> on 2024-10-17 04:26:55.221052+00:00
[2024-10-17T04:26:56.109+0000] {standard_task_runner.py:60} INFO - Started process 996 to run task
[2024-10-17T04:26:56.113+0000] {standard_task_runner.py:87} INFO - Running: ['***', 'tasks', 'run', 'user_automation', 'stream_data_from_api', 'manual__2024-10-17T04:26:55.221052+00:00', '--job-id', '8', '--raw', '--subdir', 'DAGS_FOLDER/my_dag.py', '--cfg-path', '/tmp/tmp23c_istc']
[2024-10-17T04:26:56.114+0000] {standard_task_runner.py:88} INFO - Job 8: Subtask stream_data_from_api
[2024-10-17T04:26:56.160+0000] {task_command.py:423} INFO - Running <TaskInstance: user_automation.stream_data_from_api manual__2024-10-17T04:26:55.221052+00:00 [running]> on host 5e2d829f4d1d
[2024-10-17T04:26:56.246+0000] {taskinstance.py:2513} INFO - Exporting env vars: AIRFLOW_CTX_DAG_OWNER='airscholar' AIRFLOW_CTX_DAG_ID='user_automation' AIRFLOW_CTX_TASK_ID='stream_data_from_api' AIRFLOW_CTX_EXECUTION_DATE='2024-10-17T04:26:55.221052+00:00' AIRFLOW_CTX_TRY_NUMBER='1' AIRFLOW_CTX_DAG_RUN_ID='manual__2024-10-17T04:26:55.221052+00:00'
[2024-10-17T04:26:56.293+0000] {conn.py:380} INFO - <BrokerConnection node_id=bootstrap-0 host=broker:29092 <connecting> [IPv4 ('172.18.0.15', 29092)]>: connecting to broker:29092 [('172.18.0.15', 29092) IPv4]
[2024-10-17T04:26:56.294+0000] {conn.py:1205} INFO - Probing node bootstrap-0 broker version
[2024-10-17T04:26:56.295+0000] {conn.py:410} INFO - <BrokerConnection node_id=bootstrap-0 host=broker:29092 <connecting> [IPv4 ('172.18.0.15', 29092)]>: Connection complete.
[2024-10-17T04:26:56.402+0000] {conn.py:1267} INFO - Broker version identified as 2.5.0
[2024-10-17T04:26:56.403+0000] {conn.py:1268} INFO - Set configuration api_version=(2, 5, 0) to skip auto check_version requests on startup
[2024-10-17T04:26:56.833+0000] {logging_mixin.py:188} INFO - oke
[2024-10-17T04:26:56.836+0000] {conn.py:380} INFO - <BrokerConnection node_id=1 host=broker:29092 <connecting> [IPv4 ('172.18.0.15', 29092)]>: connecting to broker:29092 [('172.18.0.15', 29092) IPv4]
[2024-10-17T04:26:56.837+0000] {conn.py:410} INFO - <BrokerConnection node_id=1 host=broker:29092 <connecting> [IPv4 ('172.18.0.15', 29092)]>: Connection complete.
[2024-10-17T04:26:56.837+0000] {conn.py:919} INFO - <BrokerConnection node_id=bootstrap-0 host=broker:29092 <connected> [IPv4 ('172.18.0.15', 29092)]>: Closing connection. 
[2024-10-17T04:26:57.196+0000] {logging_mixin.py:188} INFO - oke
[2024-10-17T04:26:57.792+0000] {logging_mixin.py:188} INFO - oke
[2024-10-17T04:26:58.218+0000] {logging_mixin.py:188} INFO - oke
[2024-10-17T04:26:58.635+0000] {logging_mixin.py:188} INFO - oke
[2024-10-17T04:26:59.000+0000] {logging_mixin.py:188} INFO - oke
[2024-10-17T04:26:59.371+0000] {logging_mixin.py:188} INFO - oke
[2024-10-17T04:26:59.795+0000] {logging_mixin.py:188} INFO - oke
[2024-10-17T04:27:00.143+0000] {logging_mixin.py:188} INFO - oke
[2024-10-17T04:27:00.660+0000] {logging_mixin.py:188} INFO - oke
[2024-10-17T04:27:01.003+0000] {logging_mixin.py:188} INFO - oke
[2024-10-17T04:27:01.356+0000] {logging_mixin.py:188} INFO - oke
[2024-10-17T04:27:01.759+0000] {logging_mixin.py:188} INFO - oke
[2024-10-17T04:27:02.162+0000] {logging_mixin.py:188} INFO - oke
[2024-10-17T04:27:02.569+0000] {logging_mixin.py:188} INFO - oke
[2024-10-17T04:27:02.986+0000] {logging_mixin.py:188} INFO - oke
[2024-10-17T04:27:03.387+0000] {logging_mixin.py:188} INFO - oke
[2024-10-17T04:27:04.205+0000] {logging_mixin.py:188} INFO - oke
[2024-10-17T04:27:04.603+0000] {logging_mixin.py:188} INFO - oke
[2024-10-17T04:27:04.970+0000] {logging_mixin.py:188} INFO - oke
[2024-10-17T04:27:05.373+0000] {logging_mixin.py:188} INFO - oke
[2024-10-17T04:27:05.790+0000] {logging_mixin.py:188} INFO - oke
[2024-10-17T04:27:06.206+0000] {logging_mixin.py:188} INFO - oke
[2024-10-17T04:27:06.585+0000] {logging_mixin.py:188} INFO - oke
[2024-10-17T04:27:06.587+0000] {conn.py:919} INFO - <BrokerConnection node_id=1 host=broker:29092 <connected> [IPv4 ('172.18.0.15', 29092)]>: Closing connection. 
[2024-10-17T04:27:06.589+0000] {python.py:202} INFO - Done. Returned value was: None
[2024-10-17T04:27:06.600+0000] {taskinstance.py:1149} INFO - Marking task as SUCCESS. dag_id=user_automation, task_id=stream_data_from_api, execution_date=20241017T042655, start_date=20241017T042656, end_date=20241017T042706
[2024-10-17T04:27:06.639+0000] {local_task_job_runner.py:234} INFO - Task exited with return code 0
[2024-10-17T04:27:06.655+0000] {taskinstance.py:3312} INFO - 0 downstream tasks scheduled from follow-on schedule check
