[2024-10-15T07:50:35.880+0000] {taskinstance.py:1979} INFO - Dependencies all met for dep_context=non-requeueable deps ti=<TaskInstance: user_automation.stream_data_from_api manual__2024-10-15T07:50:34.889093+00:00 [queued]>
[2024-10-15T07:50:35.889+0000] {taskinstance.py:1979} INFO - Dependencies all met for dep_context=requeueable deps ti=<TaskInstance: user_automation.stream_data_from_api manual__2024-10-15T07:50:34.889093+00:00 [queued]>
[2024-10-15T07:50:35.890+0000] {taskinstance.py:2193} INFO - Starting attempt 1 of 1
[2024-10-15T07:50:35.906+0000] {taskinstance.py:2217} INFO - Executing <Task(PythonOperator): stream_data_from_api> on 2024-10-15 07:50:34.889093+00:00
[2024-10-15T07:50:35.910+0000] {standard_task_runner.py:60} INFO - Started process 1172 to run task
[2024-10-15T07:50:35.914+0000] {standard_task_runner.py:87} INFO - Running: ['***', 'tasks', 'run', 'user_automation', 'stream_data_from_api', 'manual__2024-10-15T07:50:34.889093+00:00', '--job-id', '22', '--raw', '--subdir', 'DAGS_FOLDER/my_dag.py', '--cfg-path', '/tmp/tmp0m64qno5']
[2024-10-15T07:50:35.915+0000] {standard_task_runner.py:88} INFO - Job 22: Subtask stream_data_from_api
[2024-10-15T07:50:35.966+0000] {task_command.py:423} INFO - Running <TaskInstance: user_automation.stream_data_from_api manual__2024-10-15T07:50:34.889093+00:00 [running]> on host 5644afbf65e2
[2024-10-15T07:50:36.053+0000] {taskinstance.py:2513} INFO - Exporting env vars: AIRFLOW_CTX_DAG_OWNER='airscholar' AIRFLOW_CTX_DAG_ID='user_automation' AIRFLOW_CTX_TASK_ID='stream_data_from_api' AIRFLOW_CTX_EXECUTION_DATE='2024-10-15T07:50:34.889093+00:00' AIRFLOW_CTX_TRY_NUMBER='1' AIRFLOW_CTX_DAG_RUN_ID='manual__2024-10-15T07:50:34.889093+00:00'
[2024-10-15T07:50:36.093+0000] {conn.py:380} INFO - <BrokerConnection node_id=bootstrap-0 host=broker:29092 <connecting> [IPv4 ('172.18.0.14', 29092)]>: connecting to broker:29092 [('172.18.0.14', 29092) IPv4]
[2024-10-15T07:50:36.094+0000] {conn.py:1205} INFO - Probing node bootstrap-0 broker version
[2024-10-15T07:50:36.095+0000] {conn.py:410} INFO - <BrokerConnection node_id=bootstrap-0 host=broker:29092 <connecting> [IPv4 ('172.18.0.14', 29092)]>: Connection complete.
[2024-10-15T07:50:36.200+0000] {conn.py:1267} INFO - Broker version identified as 2.5.0
[2024-10-15T07:50:36.201+0000] {conn.py:1268} INFO - Set configuration api_version=(2, 5, 0) to skip auto check_version requests on startup
[2024-10-15T07:50:36.713+0000] {logging_mixin.py:188} INFO - oke
[2024-10-15T07:50:36.716+0000] {conn.py:380} INFO - <BrokerConnection node_id=1 host=broker:29092 <connecting> [IPv4 ('172.18.0.14', 29092)]>: connecting to broker:29092 [('172.18.0.14', 29092) IPv4]
[2024-10-15T07:50:36.718+0000] {conn.py:410} INFO - <BrokerConnection node_id=1 host=broker:29092 <connecting> [IPv4 ('172.18.0.14', 29092)]>: Connection complete.
[2024-10-15T07:50:36.719+0000] {conn.py:919} INFO - <BrokerConnection node_id=bootstrap-0 host=broker:29092 <connected> [IPv4 ('172.18.0.14', 29092)]>: Closing connection. 
[2024-10-15T07:50:37.068+0000] {logging_mixin.py:188} INFO - oke
[2024-10-15T07:50:37.479+0000] {logging_mixin.py:188} INFO - oke
[2024-10-15T07:50:37.900+0000] {logging_mixin.py:188} INFO - oke
[2024-10-15T07:50:38.316+0000] {logging_mixin.py:188} INFO - oke
[2024-10-15T07:50:38.772+0000] {logging_mixin.py:188} INFO - oke
[2024-10-15T07:50:39.203+0000] {logging_mixin.py:188} INFO - oke
[2024-10-15T07:50:39.581+0000] {logging_mixin.py:188} INFO - oke
[2024-10-15T07:50:40.013+0000] {logging_mixin.py:188} INFO - oke
[2024-10-15T07:50:40.484+0000] {logging_mixin.py:188} INFO - oke
[2024-10-15T07:50:40.902+0000] {logging_mixin.py:188} INFO - oke
[2024-10-15T07:50:41.309+0000] {logging_mixin.py:188} INFO - oke
[2024-10-15T07:50:41.746+0000] {logging_mixin.py:188} INFO - oke
[2024-10-15T07:50:42.600+0000] {logging_mixin.py:188} INFO - oke
[2024-10-15T07:50:43.220+0000] {logging_mixin.py:188} INFO - oke
[2024-10-15T07:50:43.644+0000] {logging_mixin.py:188} INFO - oke
[2024-10-15T07:50:44.168+0000] {logging_mixin.py:188} INFO - oke
[2024-10-15T07:50:44.576+0000] {logging_mixin.py:188} INFO - oke
[2024-10-15T07:50:45.013+0000] {logging_mixin.py:188} INFO - oke
[2024-10-15T07:50:45.416+0000] {logging_mixin.py:188} INFO - oke
[2024-10-15T07:50:45.797+0000] {logging_mixin.py:188} INFO - oke
[2024-10-15T07:50:46.239+0000] {logging_mixin.py:188} INFO - oke
[2024-10-15T07:50:46.242+0000] {conn.py:919} INFO - <BrokerConnection node_id=1 host=broker:29092 <connected> [IPv4 ('172.18.0.14', 29092)]>: Closing connection. 
[2024-10-15T07:50:46.243+0000] {python.py:202} INFO - Done. Returned value was: None
[2024-10-15T07:50:46.253+0000] {taskinstance.py:1149} INFO - Marking task as SUCCESS. dag_id=user_automation, task_id=stream_data_from_api, execution_date=20241015T075034, start_date=20241015T075035, end_date=20241015T075046
[2024-10-15T07:50:46.307+0000] {local_task_job_runner.py:234} INFO - Task exited with return code 0
[2024-10-15T07:50:46.322+0000] {taskinstance.py:3312} INFO - 0 downstream tasks scheduled from follow-on schedule check
