[2024-10-14T08:47:08.323+0000] {taskinstance.py:1979} INFO - Dependencies all met for dep_context=non-requeueable deps ti=<TaskInstance: user_automation.stream_data_from_api manual__2024-10-14T08:47:07.317711+00:00 [queued]>
[2024-10-14T08:47:08.334+0000] {taskinstance.py:1979} INFO - Dependencies all met for dep_context=requeueable deps ti=<TaskInstance: user_automation.stream_data_from_api manual__2024-10-14T08:47:07.317711+00:00 [queued]>
[2024-10-14T08:47:08.334+0000] {taskinstance.py:2193} INFO - Starting attempt 1 of 1
[2024-10-14T08:47:08.356+0000] {taskinstance.py:2217} INFO - Executing <Task(PythonOperator): stream_data_from_api> on 2024-10-14 08:47:07.317711+00:00
[2024-10-14T08:47:08.362+0000] {standard_task_runner.py:60} INFO - Started process 196 to run task
[2024-10-14T08:47:08.365+0000] {standard_task_runner.py:87} INFO - Running: ['***', 'tasks', 'run', 'user_automation', 'stream_data_from_api', 'manual__2024-10-14T08:47:07.317711+00:00', '--job-id', '9', '--raw', '--subdir', 'DAGS_FOLDER/my_dag.py', '--cfg-path', '/tmp/tmpzj9b34dp']
[2024-10-14T08:47:08.366+0000] {standard_task_runner.py:88} INFO - Job 9: Subtask stream_data_from_api
[2024-10-14T08:47:08.417+0000] {task_command.py:423} INFO - Running <TaskInstance: user_automation.stream_data_from_api manual__2024-10-14T08:47:07.317711+00:00 [running]> on host 5644afbf65e2
[2024-10-14T08:47:08.488+0000] {taskinstance.py:2513} INFO - Exporting env vars: AIRFLOW_CTX_DAG_OWNER='airscholar' AIRFLOW_CTX_DAG_ID='user_automation' AIRFLOW_CTX_TASK_ID='stream_data_from_api' AIRFLOW_CTX_EXECUTION_DATE='2024-10-14T08:47:07.317711+00:00' AIRFLOW_CTX_TRY_NUMBER='1' AIRFLOW_CTX_DAG_RUN_ID='manual__2024-10-14T08:47:07.317711+00:00'
[2024-10-14T08:47:08.546+0000] {conn.py:380} INFO - <BrokerConnection node_id=bootstrap-0 host=broker:29092 <connecting> [IPv4 ('172.18.0.11', 29092)]>: connecting to broker:29092 [('172.18.0.11', 29092) IPv4]
[2024-10-14T08:47:08.547+0000] {conn.py:1205} INFO - Probing node bootstrap-0 broker version
[2024-10-14T08:47:08.553+0000] {conn.py:410} INFO - <BrokerConnection node_id=bootstrap-0 host=broker:29092 <connecting> [IPv4 ('172.18.0.11', 29092)]>: Connection complete.
[2024-10-14T08:47:08.661+0000] {conn.py:1267} INFO - Broker version identified as 2.5.0
[2024-10-14T08:47:08.662+0000] {conn.py:1268} INFO - Set configuration api_version=(2, 5, 0) to skip auto check_version requests on startup
[2024-10-14T08:47:09.298+0000] {conn.py:380} INFO - <BrokerConnection node_id=1 host=broker:29092 <connecting> [IPv4 ('172.18.0.11', 29092)]>: connecting to broker:29092 [('172.18.0.11', 29092) IPv4]
[2024-10-14T08:47:09.299+0000] {conn.py:410} INFO - <BrokerConnection node_id=1 host=broker:29092 <connecting> [IPv4 ('172.18.0.11', 29092)]>: Connection complete.
[2024-10-14T08:47:09.300+0000] {conn.py:919} INFO - <BrokerConnection node_id=bootstrap-0 host=broker:29092 <connected> [IPv4 ('172.18.0.11', 29092)]>: Closing connection. 
[2024-10-14T08:47:09.440+0000] {logging_mixin.py:188} INFO - oke
[2024-10-14T08:47:09.860+0000] {logging_mixin.py:188} INFO - oke
[2024-10-14T08:47:10.226+0000] {logging_mixin.py:188} INFO - oke
[2024-10-14T08:47:10.675+0000] {logging_mixin.py:188} INFO - oke
[2024-10-14T08:47:11.080+0000] {logging_mixin.py:188} INFO - oke
[2024-10-14T08:47:11.448+0000] {logging_mixin.py:188} INFO - oke
[2024-10-14T08:47:12.117+0000] {logging_mixin.py:188} INFO - oke
[2024-10-14T08:47:12.540+0000] {logging_mixin.py:188} INFO - oke
[2024-10-14T08:47:12.978+0000] {logging_mixin.py:188} INFO - oke
[2024-10-14T08:47:13.411+0000] {logging_mixin.py:188} INFO - oke
[2024-10-14T08:47:14.290+0000] {logging_mixin.py:188} INFO - oke
[2024-10-14T08:47:14.638+0000] {logging_mixin.py:188} INFO - oke
[2024-10-14T08:47:15.079+0000] {logging_mixin.py:188} INFO - oke
[2024-10-14T08:47:15.557+0000] {logging_mixin.py:188} INFO - oke
[2024-10-14T08:47:15.967+0000] {logging_mixin.py:188} INFO - oke
[2024-10-14T08:47:16.370+0000] {logging_mixin.py:188} INFO - oke
[2024-10-14T08:47:16.818+0000] {logging_mixin.py:188} INFO - oke
[2024-10-14T08:47:17.208+0000] {logging_mixin.py:188} INFO - oke
[2024-10-14T08:47:17.634+0000] {logging_mixin.py:188} INFO - oke
[2024-10-14T08:47:18.071+0000] {logging_mixin.py:188} INFO - oke
[2024-10-14T08:47:18.487+0000] {logging_mixin.py:188} INFO - oke
[2024-10-14T08:47:19.091+0000] {logging_mixin.py:188} INFO - oke
[2024-10-14T08:47:19.097+0000] {conn.py:919} INFO - <BrokerConnection node_id=1 host=broker:29092 <connected> [IPv4 ('172.18.0.11', 29092)]>: Closing connection. 
[2024-10-14T08:47:19.100+0000] {python.py:202} INFO - Done. Returned value was: None
[2024-10-14T08:47:19.115+0000] {taskinstance.py:1149} INFO - Marking task as SUCCESS. dag_id=user_automation, task_id=stream_data_from_api, execution_date=20241014T084707, start_date=20241014T084708, end_date=20241014T084719
[2024-10-14T08:47:19.176+0000] {local_task_job_runner.py:234} INFO - Task exited with return code 0
[2024-10-14T08:47:19.207+0000] {taskinstance.py:3312} INFO - 0 downstream tasks scheduled from follow-on schedule check
