[2024-10-14T08:51:13.776+0000] {taskinstance.py:1979} INFO - Dependencies all met for dep_context=non-requeueable deps ti=<TaskInstance: user_automation.stream_data_from_api manual__2024-10-14T08:51:12.278683+00:00 [queued]>
[2024-10-14T08:51:13.785+0000] {taskinstance.py:1979} INFO - Dependencies all met for dep_context=requeueable deps ti=<TaskInstance: user_automation.stream_data_from_api manual__2024-10-14T08:51:12.278683+00:00 [queued]>
[2024-10-14T08:51:13.786+0000] {taskinstance.py:2193} INFO - Starting attempt 1 of 1
[2024-10-14T08:51:13.799+0000] {taskinstance.py:2217} INFO - Executing <Task(PythonOperator): stream_data_from_api> on 2024-10-14 08:51:12.278683+00:00
[2024-10-14T08:51:13.805+0000] {standard_task_runner.py:60} INFO - Started process 263 to run task
[2024-10-14T08:51:13.808+0000] {standard_task_runner.py:87} INFO - Running: ['***', 'tasks', 'run', 'user_automation', 'stream_data_from_api', 'manual__2024-10-14T08:51:12.278683+00:00', '--job-id', '10', '--raw', '--subdir', 'DAGS_FOLDER/my_dag.py', '--cfg-path', '/tmp/tmpinj8igg5']
[2024-10-14T08:51:13.809+0000] {standard_task_runner.py:88} INFO - Job 10: Subtask stream_data_from_api
[2024-10-14T08:51:13.862+0000] {task_command.py:423} INFO - Running <TaskInstance: user_automation.stream_data_from_api manual__2024-10-14T08:51:12.278683+00:00 [running]> on host 5644afbf65e2
[2024-10-14T08:51:13.938+0000] {taskinstance.py:2513} INFO - Exporting env vars: AIRFLOW_CTX_DAG_OWNER='airscholar' AIRFLOW_CTX_DAG_ID='user_automation' AIRFLOW_CTX_TASK_ID='stream_data_from_api' AIRFLOW_CTX_EXECUTION_DATE='2024-10-14T08:51:12.278683+00:00' AIRFLOW_CTX_TRY_NUMBER='1' AIRFLOW_CTX_DAG_RUN_ID='manual__2024-10-14T08:51:12.278683+00:00'
[2024-10-14T08:51:13.978+0000] {conn.py:380} INFO - <BrokerConnection node_id=bootstrap-0 host=broker:29092 <connecting> [IPv4 ('172.18.0.11', 29092)]>: connecting to broker:29092 [('172.18.0.11', 29092) IPv4]
[2024-10-14T08:51:13.978+0000] {conn.py:1205} INFO - Probing node bootstrap-0 broker version
[2024-10-14T08:51:13.980+0000] {conn.py:410} INFO - <BrokerConnection node_id=bootstrap-0 host=broker:29092 <connecting> [IPv4 ('172.18.0.11', 29092)]>: Connection complete.
[2024-10-14T08:51:14.087+0000] {conn.py:1267} INFO - Broker version identified as 2.5.0
[2024-10-14T08:51:14.088+0000] {conn.py:1268} INFO - Set configuration api_version=(2, 5, 0) to skip auto check_version requests on startup
[2024-10-14T08:51:14.605+0000] {logging_mixin.py:188} INFO - oke
[2024-10-14T08:51:14.606+0000] {conn.py:380} INFO - <BrokerConnection node_id=1 host=broker:29092 <connecting> [IPv4 ('172.18.0.11', 29092)]>: connecting to broker:29092 [('172.18.0.11', 29092) IPv4]
[2024-10-14T08:51:14.609+0000] {conn.py:410} INFO - <BrokerConnection node_id=1 host=broker:29092 <connecting> [IPv4 ('172.18.0.11', 29092)]>: Connection complete.
[2024-10-14T08:51:14.610+0000] {conn.py:919} INFO - <BrokerConnection node_id=bootstrap-0 host=broker:29092 <connected> [IPv4 ('172.18.0.11', 29092)]>: Closing connection. 
[2024-10-14T08:51:14.965+0000] {logging_mixin.py:188} INFO - oke
[2024-10-14T08:51:15.721+0000] {logging_mixin.py:188} INFO - oke
[2024-10-14T08:51:16.128+0000] {logging_mixin.py:188} INFO - oke
[2024-10-14T08:51:16.484+0000] {logging_mixin.py:188} INFO - oke
[2024-10-14T08:51:16.854+0000] {logging_mixin.py:188} INFO - oke
[2024-10-14T08:51:17.310+0000] {logging_mixin.py:188} INFO - oke
[2024-10-14T08:51:18.153+0000] {logging_mixin.py:188} INFO - oke
[2024-10-14T08:51:18.815+0000] {logging_mixin.py:188} INFO - oke
[2024-10-14T08:51:19.225+0000] {logging_mixin.py:188} INFO - oke
[2024-10-14T08:51:19.636+0000] {logging_mixin.py:188} INFO - oke
[2024-10-14T08:51:20.003+0000] {logging_mixin.py:188} INFO - oke
[2024-10-14T08:51:20.425+0000] {logging_mixin.py:188} INFO - oke
[2024-10-14T08:51:20.840+0000] {logging_mixin.py:188} INFO - oke
[2024-10-14T08:51:21.636+0000] {logging_mixin.py:188} INFO - oke
[2024-10-14T08:51:22.073+0000] {logging_mixin.py:188} INFO - oke
[2024-10-14T08:51:22.495+0000] {logging_mixin.py:188} INFO - oke
[2024-10-14T08:51:22.939+0000] {logging_mixin.py:188} INFO - oke
[2024-10-14T08:51:23.316+0000] {logging_mixin.py:188} INFO - oke
[2024-10-14T08:51:23.801+0000] {logging_mixin.py:188} INFO - oke
[2024-10-14T08:51:24.232+0000] {logging_mixin.py:188} INFO - oke
[2024-10-14T08:51:24.234+0000] {conn.py:919} INFO - <BrokerConnection node_id=1 host=broker:29092 <connected> [IPv4 ('172.18.0.11', 29092)]>: Closing connection. 
[2024-10-14T08:51:24.235+0000] {python.py:202} INFO - Done. Returned value was: None
[2024-10-14T08:51:24.244+0000] {taskinstance.py:1149} INFO - Marking task as SUCCESS. dag_id=user_automation, task_id=stream_data_from_api, execution_date=20241014T085112, start_date=20241014T085113, end_date=20241014T085124
[2024-10-14T08:51:24.299+0000] {local_task_job_runner.py:234} INFO - Task exited with return code 0
[2024-10-14T08:51:24.313+0000] {taskinstance.py:3312} INFO - 0 downstream tasks scheduled from follow-on schedule check
