[2024-10-15T07:50:14.283+0000] {taskinstance.py:1979} INFO - Dependencies all met for dep_context=non-requeueable deps ti=<TaskInstance: user_automation.stream_data_from_api manual__2024-10-15T07:50:11.955737+00:00 [queued]>
[2024-10-15T07:50:14.327+0000] {taskinstance.py:1979} INFO - Dependencies all met for dep_context=requeueable deps ti=<TaskInstance: user_automation.stream_data_from_api manual__2024-10-15T07:50:11.955737+00:00 [queued]>
[2024-10-15T07:50:14.328+0000] {taskinstance.py:2193} INFO - Starting attempt 1 of 1
[2024-10-15T07:50:14.351+0000] {taskinstance.py:2217} INFO - Executing <Task(PythonOperator): stream_data_from_api> on 2024-10-15 07:50:11.955737+00:00
[2024-10-15T07:50:14.356+0000] {standard_task_runner.py:60} INFO - Started process 1169 to run task
[2024-10-15T07:50:14.358+0000] {standard_task_runner.py:87} INFO - Running: ['***', 'tasks', 'run', 'user_automation', 'stream_data_from_api', 'manual__2024-10-15T07:50:11.955737+00:00', '--job-id', '21', '--raw', '--subdir', 'DAGS_FOLDER/my_dag.py', '--cfg-path', '/tmp/tmprq1gisl5']
[2024-10-15T07:50:14.360+0000] {standard_task_runner.py:88} INFO - Job 21: Subtask stream_data_from_api
[2024-10-15T07:50:14.417+0000] {task_command.py:423} INFO - Running <TaskInstance: user_automation.stream_data_from_api manual__2024-10-15T07:50:11.955737+00:00 [running]> on host 5644afbf65e2
[2024-10-15T07:50:14.518+0000] {taskinstance.py:2513} INFO - Exporting env vars: AIRFLOW_CTX_DAG_OWNER='airscholar' AIRFLOW_CTX_DAG_ID='user_automation' AIRFLOW_CTX_TASK_ID='stream_data_from_api' AIRFLOW_CTX_EXECUTION_DATE='2024-10-15T07:50:11.955737+00:00' AIRFLOW_CTX_TRY_NUMBER='1' AIRFLOW_CTX_DAG_RUN_ID='manual__2024-10-15T07:50:11.955737+00:00'
[2024-10-15T07:50:14.639+0000] {conn.py:380} INFO - <BrokerConnection node_id=bootstrap-0 host=broker:29092 <connecting> [IPv4 ('172.18.0.14', 29092)]>: connecting to broker:29092 [('172.18.0.14', 29092) IPv4]
[2024-10-15T07:50:14.640+0000] {conn.py:1205} INFO - Probing node bootstrap-0 broker version
[2024-10-15T07:50:14.641+0000] {conn.py:410} INFO - <BrokerConnection node_id=bootstrap-0 host=broker:29092 <connecting> [IPv4 ('172.18.0.14', 29092)]>: Connection complete.
[2024-10-15T07:50:14.746+0000] {conn.py:1267} INFO - Broker version identified as 2.5.0
[2024-10-15T07:50:14.748+0000] {conn.py:1268} INFO - Set configuration api_version=(2, 5, 0) to skip auto check_version requests on startup
[2024-10-15T07:50:15.348+0000] {logging_mixin.py:188} INFO - oke
[2024-10-15T07:50:15.354+0000] {conn.py:380} INFO - <BrokerConnection node_id=1 host=broker:29092 <connecting> [IPv4 ('172.18.0.14', 29092)]>: connecting to broker:29092 [('172.18.0.14', 29092) IPv4]
[2024-10-15T07:50:15.356+0000] {conn.py:410} INFO - <BrokerConnection node_id=1 host=broker:29092 <connecting> [IPv4 ('172.18.0.14', 29092)]>: Connection complete.
[2024-10-15T07:50:15.357+0000] {conn.py:919} INFO - <BrokerConnection node_id=bootstrap-0 host=broker:29092 <connected> [IPv4 ('172.18.0.14', 29092)]>: Closing connection. 
[2024-10-15T07:50:15.739+0000] {logging_mixin.py:188} INFO - oke
[2024-10-15T07:50:16.112+0000] {logging_mixin.py:188} INFO - oke
[2024-10-15T07:50:16.530+0000] {logging_mixin.py:188} INFO - oke
[2024-10-15T07:50:16.966+0000] {logging_mixin.py:188} INFO - oke
[2024-10-15T07:50:17.421+0000] {logging_mixin.py:188} INFO - oke
[2024-10-15T07:50:17.840+0000] {logging_mixin.py:188} INFO - oke
[2024-10-15T07:50:18.487+0000] {logging_mixin.py:188} INFO - oke
[2024-10-15T07:50:18.918+0000] {logging_mixin.py:188} INFO - oke
[2024-10-15T07:50:19.348+0000] {logging_mixin.py:188} INFO - oke
[2024-10-15T07:50:19.773+0000] {logging_mixin.py:188} INFO - oke
[2024-10-15T07:50:20.245+0000] {logging_mixin.py:188} INFO - oke
[2024-10-15T07:50:20.726+0000] {logging_mixin.py:188} INFO - oke
[2024-10-15T07:50:21.128+0000] {logging_mixin.py:188} INFO - oke
[2024-10-15T07:50:21.601+0000] {logging_mixin.py:188} INFO - oke
[2024-10-15T07:50:22.074+0000] {logging_mixin.py:188} INFO - oke
[2024-10-15T07:50:22.573+0000] {logging_mixin.py:188} INFO - oke
[2024-10-15T07:50:22.980+0000] {logging_mixin.py:188} INFO - oke
[2024-10-15T07:50:23.464+0000] {logging_mixin.py:188} INFO - oke
[2024-10-15T07:50:23.850+0000] {logging_mixin.py:188} INFO - oke
[2024-10-15T07:50:24.253+0000] {logging_mixin.py:188} INFO - oke
[2024-10-15T07:50:24.694+0000] {logging_mixin.py:188} INFO - oke
[2024-10-15T07:50:25.107+0000] {logging_mixin.py:188} INFO - oke
[2024-10-15T07:50:25.112+0000] {conn.py:919} INFO - <BrokerConnection node_id=1 host=broker:29092 <connected> [IPv4 ('172.18.0.14', 29092)]>: Closing connection. 
[2024-10-15T07:50:25.113+0000] {python.py:202} INFO - Done. Returned value was: None
[2024-10-15T07:50:25.123+0000] {taskinstance.py:1149} INFO - Marking task as SUCCESS. dag_id=user_automation, task_id=stream_data_from_api, execution_date=20241015T075011, start_date=20241015T075014, end_date=20241015T075025
[2024-10-15T07:50:25.178+0000] {local_task_job_runner.py:234} INFO - Task exited with return code 0
[2024-10-15T07:50:25.193+0000] {taskinstance.py:3312} INFO - 0 downstream tasks scheduled from follow-on schedule check
