[2024-11-06T06:08:22.175+0000] {taskinstance.py:1979} INFO - Dependencies all met for dep_context=non-requeueable deps ti=<TaskInstance: user_automation.stream_data_from_api scheduled__2024-11-05T00:00:00+00:00 [queued]>
[2024-11-06T06:08:22.188+0000] {taskinstance.py:1979} INFO - Dependencies all met for dep_context=requeueable deps ti=<TaskInstance: user_automation.stream_data_from_api scheduled__2024-11-05T00:00:00+00:00 [queued]>
[2024-11-06T06:08:22.189+0000] {taskinstance.py:2193} INFO - Starting attempt 1 of 1
[2024-11-06T06:08:22.208+0000] {taskinstance.py:2217} INFO - Executing <Task(PythonOperator): stream_data_from_api> on 2024-11-05 00:00:00+00:00
[2024-11-06T06:08:22.214+0000] {standard_task_runner.py:60} INFO - Started process 68 to run task
[2024-11-06T06:08:22.219+0000] {standard_task_runner.py:87} INFO - Running: ['***', 'tasks', 'run', 'user_automation', 'stream_data_from_api', 'scheduled__2024-11-05T00:00:00+00:00', '--job-id', '24', '--raw', '--subdir', 'DAGS_FOLDER/my_dag.py', '--cfg-path', '/tmp/tmpdrdif4io']
[2024-11-06T06:08:22.221+0000] {standard_task_runner.py:88} INFO - Job 24: Subtask stream_data_from_api
[2024-11-06T06:08:22.288+0000] {task_command.py:423} INFO - Running <TaskInstance: user_automation.stream_data_from_api scheduled__2024-11-05T00:00:00+00:00 [running]> on host 40a6e359d100
[2024-11-06T06:08:22.396+0000] {taskinstance.py:2513} INFO - Exporting env vars: AIRFLOW_CTX_DAG_OWNER='airscholar' AIRFLOW_CTX_DAG_ID='user_automation' AIRFLOW_CTX_TASK_ID='stream_data_from_api' AIRFLOW_CTX_EXECUTION_DATE='2024-11-05T00:00:00+00:00' AIRFLOW_CTX_TRY_NUMBER='1' AIRFLOW_CTX_DAG_RUN_ID='scheduled__2024-11-05T00:00:00+00:00'
[2024-11-06T06:08:22.487+0000] {conn.py:380} INFO - <BrokerConnection node_id=bootstrap-0 host=broker:29092 <connecting> [IPv4 ('172.18.0.11', 29092)]>: connecting to broker:29092 [('172.18.0.11', 29092) IPv4]
[2024-11-06T06:08:22.488+0000] {conn.py:1205} INFO - Probing node bootstrap-0 broker version
[2024-11-06T06:08:22.490+0000] {conn.py:410} INFO - <BrokerConnection node_id=bootstrap-0 host=broker:29092 <connecting> [IPv4 ('172.18.0.11', 29092)]>: Connection complete.
[2024-11-06T06:08:24.258+0000] {conn.py:1267} INFO - Broker version identified as 2.5.0
[2024-11-06T06:08:24.260+0000] {conn.py:1268} INFO - Set configuration api_version=(2, 5, 0) to skip auto check_version requests on startup
[2024-11-06T06:08:24.930+0000] {conn.py:380} INFO - <BrokerConnection node_id=1 host=broker:29092 <connecting> [IPv4 ('172.18.0.11', 29092)]>: connecting to broker:29092 [('172.18.0.11', 29092) IPv4]
[2024-11-06T06:08:24.931+0000] {conn.py:410} INFO - <BrokerConnection node_id=1 host=broker:29092 <connecting> [IPv4 ('172.18.0.11', 29092)]>: Connection complete.
[2024-11-06T06:08:24.932+0000] {conn.py:919} INFO - <BrokerConnection node_id=bootstrap-0 host=broker:29092 <connected> [IPv4 ('172.18.0.11', 29092)]>: Closing connection. 
[2024-11-06T06:08:24.946+0000] {logging_mixin.py:188} INFO - oke
[2024-11-06T06:08:25.449+0000] {logging_mixin.py:188} INFO - oke
[2024-11-06T06:08:25.969+0000] {logging_mixin.py:188} INFO - oke
[2024-11-06T06:08:26.578+0000] {logging_mixin.py:188} INFO - oke
[2024-11-06T06:08:27.190+0000] {logging_mixin.py:188} INFO - oke
[2024-11-06T06:08:27.802+0000] {logging_mixin.py:188} INFO - oke
[2024-11-06T06:08:28.321+0000] {logging_mixin.py:188} INFO - oke
[2024-11-06T06:08:28.730+0000] {logging_mixin.py:188} INFO - oke
[2024-11-06T06:08:29.191+0000] {logging_mixin.py:188} INFO - oke
[2024-11-06T06:08:29.819+0000] {logging_mixin.py:188} INFO - oke
[2024-11-06T06:08:30.365+0000] {logging_mixin.py:188} INFO - oke
[2024-11-06T06:08:30.882+0000] {logging_mixin.py:188} INFO - oke
[2024-11-06T06:08:31.387+0000] {logging_mixin.py:188} INFO - oke
[2024-11-06T06:08:31.899+0000] {logging_mixin.py:188} INFO - oke
[2024-11-06T06:08:32.409+0000] {logging_mixin.py:188} INFO - oke
[2024-11-06T06:08:32.844+0000] {logging_mixin.py:188} INFO - oke
[2024-11-06T06:08:33.331+0000] {logging_mixin.py:188} INFO - oke
[2024-11-06T06:08:33.946+0000] {logging_mixin.py:188} INFO - oke
[2024-11-06T06:08:34.457+0000] {logging_mixin.py:188} INFO - oke
[2024-11-06T06:08:34.971+0000] {logging_mixin.py:188} INFO - oke
[2024-11-06T06:08:35.425+0000] {logging_mixin.py:188} INFO - oke
[2024-11-06T06:08:35.981+0000] {logging_mixin.py:188} INFO - oke
[2024-11-06T06:08:36.508+0000] {logging_mixin.py:188} INFO - oke
[2024-11-06T06:08:37.019+0000] {logging_mixin.py:188} INFO - oke
[2024-11-06T06:08:37.429+0000] {logging_mixin.py:188} INFO - oke
[2024-11-06T06:08:37.849+0000] {logging_mixin.py:188} INFO - oke
[2024-11-06T06:08:38.349+0000] {logging_mixin.py:188} INFO - oke
[2024-11-06T06:08:38.861+0000] {logging_mixin.py:188} INFO - oke
[2024-11-06T06:08:39.275+0000] {logging_mixin.py:188} INFO - oke
[2024-11-06T06:08:39.763+0000] {logging_mixin.py:188} INFO - oke
[2024-11-06T06:08:40.195+0000] {logging_mixin.py:188} INFO - oke
[2024-11-06T06:08:40.705+0000] {logging_mixin.py:188} INFO - oke
[2024-11-06T06:08:41.134+0000] {logging_mixin.py:188} INFO - oke
[2024-11-06T06:08:41.631+0000] {logging_mixin.py:188} INFO - oke
[2024-11-06T06:08:42.547+0000] {logging_mixin.py:188} INFO - oke
[2024-11-06T06:08:42.968+0000] {logging_mixin.py:188} INFO - oke
[2024-11-06T06:08:43.385+0000] {logging_mixin.py:188} INFO - oke
[2024-11-06T06:08:43.780+0000] {logging_mixin.py:188} INFO - oke
[2024-11-06T06:08:44.290+0000] {logging_mixin.py:188} INFO - oke
[2024-11-06T06:08:44.654+0000] {logging_mixin.py:188} INFO - oke
[2024-11-06T06:08:45.110+0000] {logging_mixin.py:188} INFO - oke
[2024-11-06T06:08:45.623+0000] {logging_mixin.py:188} INFO - oke
[2024-11-06T06:08:46.095+0000] {logging_mixin.py:188} INFO - oke
[2024-11-06T06:08:46.542+0000] {logging_mixin.py:188} INFO - oke
[2024-11-06T06:08:47.054+0000] {logging_mixin.py:188} INFO - oke
[2024-11-06T06:08:47.568+0000] {logging_mixin.py:188} INFO - oke
[2024-11-06T06:08:48.080+0000] {logging_mixin.py:188} INFO - oke
[2024-11-06T06:08:48.591+0000] {logging_mixin.py:188} INFO - oke
[2024-11-06T06:08:49.000+0000] {logging_mixin.py:188} INFO - oke
[2024-11-06T06:08:49.514+0000] {logging_mixin.py:188} INFO - oke
[2024-11-06T06:08:50.028+0000] {logging_mixin.py:188} INFO - oke
[2024-11-06T06:08:50.436+0000] {logging_mixin.py:188} INFO - oke
[2024-11-06T06:08:50.848+0000] {logging_mixin.py:188} INFO - oke
[2024-11-06T06:08:51.358+0000] {logging_mixin.py:188} INFO - oke
[2024-11-06T06:08:51.872+0000] {logging_mixin.py:188} INFO - oke
[2024-11-06T06:08:52.486+0000] {logging_mixin.py:188} INFO - oke
[2024-11-06T06:08:52.922+0000] {logging_mixin.py:188} INFO - oke
[2024-11-06T06:08:53.405+0000] {logging_mixin.py:188} INFO - oke
[2024-11-06T06:08:53.918+0000] {logging_mixin.py:188} INFO - oke
[2024-11-06T06:08:54.432+0000] {logging_mixin.py:188} INFO - oke
[2024-11-06T06:08:54.436+0000] {conn.py:919} INFO - <BrokerConnection node_id=1 host=broker:29092 <connected> [IPv4 ('172.18.0.11', 29092)]>: Closing connection. 
[2024-11-06T06:08:54.438+0000] {python.py:202} INFO - Done. Returned value was: None
[2024-11-06T06:08:54.449+0000] {taskinstance.py:1149} INFO - Marking task as SUCCESS. dag_id=user_automation, task_id=stream_data_from_api, execution_date=20241105T000000, start_date=20241106T060822, end_date=20241106T060854
[2024-11-06T06:08:54.496+0000] {local_task_job_runner.py:234} INFO - Task exited with return code 0
[2024-11-06T06:08:54.514+0000] {taskinstance.py:3312} INFO - 0 downstream tasks scheduled from follow-on schedule check
