[2024-10-15T06:28:41.664+0000] {taskinstance.py:1979} INFO - Dependencies all met for dep_context=non-requeueable deps ti=<TaskInstance: user_automation.stream_data_from_api manual__2024-10-15T06:28:40.869215+00:00 [queued]>
[2024-10-15T06:28:41.675+0000] {taskinstance.py:1979} INFO - Dependencies all met for dep_context=requeueable deps ti=<TaskInstance: user_automation.stream_data_from_api manual__2024-10-15T06:28:40.869215+00:00 [queued]>
[2024-10-15T06:28:41.675+0000] {taskinstance.py:2193} INFO - Starting attempt 1 of 1
[2024-10-15T06:28:41.694+0000] {taskinstance.py:2217} INFO - Executing <Task(PythonOperator): stream_data_from_api> on 2024-10-15 06:28:40.869215+00:00
[2024-10-15T06:28:41.701+0000] {standard_task_runner.py:60} INFO - Started process 343 to run task
[2024-10-15T06:28:41.705+0000] {standard_task_runner.py:87} INFO - Running: ['***', 'tasks', 'run', 'user_automation', 'stream_data_from_api', 'manual__2024-10-15T06:28:40.869215+00:00', '--job-id', '20', '--raw', '--subdir', 'DAGS_FOLDER/my_dag.py', '--cfg-path', '/tmp/tmp1j8yqavj']
[2024-10-15T06:28:41.707+0000] {standard_task_runner.py:88} INFO - Job 20: Subtask stream_data_from_api
[2024-10-15T06:28:41.773+0000] {task_command.py:423} INFO - Running <TaskInstance: user_automation.stream_data_from_api manual__2024-10-15T06:28:40.869215+00:00 [running]> on host 5644afbf65e2
[2024-10-15T06:28:41.849+0000] {taskinstance.py:2513} INFO - Exporting env vars: AIRFLOW_CTX_DAG_OWNER='airscholar' AIRFLOW_CTX_DAG_ID='user_automation' AIRFLOW_CTX_TASK_ID='stream_data_from_api' AIRFLOW_CTX_EXECUTION_DATE='2024-10-15T06:28:40.869215+00:00' AIRFLOW_CTX_TRY_NUMBER='1' AIRFLOW_CTX_DAG_RUN_ID='manual__2024-10-15T06:28:40.869215+00:00'
[2024-10-15T06:28:41.889+0000] {conn.py:380} INFO - <BrokerConnection node_id=bootstrap-0 host=broker:29092 <connecting> [IPv4 ('172.18.0.14', 29092)]>: connecting to broker:29092 [('172.18.0.14', 29092) IPv4]
[2024-10-15T06:28:41.890+0000] {conn.py:1205} INFO - Probing node bootstrap-0 broker version
[2024-10-15T06:28:41.891+0000] {conn.py:410} INFO - <BrokerConnection node_id=bootstrap-0 host=broker:29092 <connecting> [IPv4 ('172.18.0.14', 29092)]>: Connection complete.
[2024-10-15T06:28:42.000+0000] {conn.py:1267} INFO - Broker version identified as 2.5.0
[2024-10-15T06:28:42.003+0000] {conn.py:1268} INFO - Set configuration api_version=(2, 5, 0) to skip auto check_version requests on startup
[2024-10-15T06:28:42.548+0000] {logging_mixin.py:188} INFO - oke
[2024-10-15T06:28:42.549+0000] {conn.py:380} INFO - <BrokerConnection node_id=1 host=broker:29092 <connecting> [IPv4 ('172.18.0.14', 29092)]>: connecting to broker:29092 [('172.18.0.14', 29092) IPv4]
[2024-10-15T06:28:42.551+0000] {conn.py:410} INFO - <BrokerConnection node_id=1 host=broker:29092 <connecting> [IPv4 ('172.18.0.14', 29092)]>: Connection complete.
[2024-10-15T06:28:42.552+0000] {conn.py:919} INFO - <BrokerConnection node_id=bootstrap-0 host=broker:29092 <connected> [IPv4 ('172.18.0.14', 29092)]>: Closing connection. 
[2024-10-15T06:28:42.955+0000] {logging_mixin.py:188} INFO - oke
[2024-10-15T06:28:43.388+0000] {logging_mixin.py:188} INFO - oke
[2024-10-15T06:28:43.796+0000] {logging_mixin.py:188} INFO - oke
[2024-10-15T06:28:44.211+0000] {logging_mixin.py:188} INFO - oke
[2024-10-15T06:28:44.630+0000] {logging_mixin.py:188} INFO - oke
[2024-10-15T06:28:45.048+0000] {logging_mixin.py:188} INFO - oke
[2024-10-15T06:28:45.419+0000] {logging_mixin.py:188} INFO - oke
[2024-10-15T06:28:45.835+0000] {logging_mixin.py:188} INFO - oke
[2024-10-15T06:28:46.246+0000] {logging_mixin.py:188} INFO - oke
[2024-10-15T06:28:46.693+0000] {logging_mixin.py:188} INFO - oke
[2024-10-15T06:28:47.062+0000] {logging_mixin.py:188} INFO - oke
[2024-10-15T06:28:47.471+0000] {logging_mixin.py:188} INFO - oke
[2024-10-15T06:28:47.898+0000] {logging_mixin.py:188} INFO - oke
[2024-10-15T06:28:48.338+0000] {logging_mixin.py:188} INFO - oke
[2024-10-15T06:28:48.800+0000] {logging_mixin.py:188} INFO - oke
[2024-10-15T06:28:49.186+0000] {logging_mixin.py:188} INFO - oke
[2024-10-15T06:28:49.554+0000] {logging_mixin.py:188} INFO - oke
[2024-10-15T06:28:50.124+0000] {logging_mixin.py:188} INFO - oke
[2024-10-15T06:28:50.540+0000] {logging_mixin.py:188} INFO - oke
[2024-10-15T06:28:51.310+0000] {logging_mixin.py:188} INFO - oke
[2024-10-15T06:28:51.712+0000] {logging_mixin.py:188} INFO - oke
[2024-10-15T06:28:52.168+0000] {logging_mixin.py:188} INFO - oke
[2024-10-15T06:28:52.171+0000] {conn.py:919} INFO - <BrokerConnection node_id=1 host=broker:29092 <connected> [IPv4 ('172.18.0.14', 29092)]>: Closing connection. 
[2024-10-15T06:28:52.171+0000] {python.py:202} INFO - Done. Returned value was: None
[2024-10-15T06:28:52.179+0000] {taskinstance.py:1149} INFO - Marking task as SUCCESS. dag_id=user_automation, task_id=stream_data_from_api, execution_date=20241015T062840, start_date=20241015T062841, end_date=20241015T062852
[2024-10-15T06:28:52.234+0000] {local_task_job_runner.py:234} INFO - Task exited with return code 0
[2024-10-15T06:28:52.247+0000] {taskinstance.py:3312} INFO - 0 downstream tasks scheduled from follow-on schedule check
