[2024-10-28T06:58:11.174+0000] {taskinstance.py:1979} INFO - Dependencies all met for dep_context=non-requeueable deps ti=<TaskInstance: user_automation.stream_data_from_api manual__2024-10-28T06:58:09.888009+00:00 [queued]>
[2024-10-28T06:58:11.186+0000] {taskinstance.py:1979} INFO - Dependencies all met for dep_context=requeueable deps ti=<TaskInstance: user_automation.stream_data_from_api manual__2024-10-28T06:58:09.888009+00:00 [queued]>
[2024-10-28T06:58:11.187+0000] {taskinstance.py:2193} INFO - Starting attempt 1 of 1
[2024-10-28T06:58:11.202+0000] {taskinstance.py:2217} INFO - Executing <Task(PythonOperator): stream_data_from_api> on 2024-10-28 06:58:09.888009+00:00
[2024-10-28T06:58:11.208+0000] {standard_task_runner.py:60} INFO - Started process 6813 to run task
[2024-10-28T06:58:11.211+0000] {standard_task_runner.py:87} INFO - Running: ['***', 'tasks', 'run', 'user_automation', 'stream_data_from_api', 'manual__2024-10-28T06:58:09.888009+00:00', '--job-id', '11', '--raw', '--subdir', 'DAGS_FOLDER/my_dag.py', '--cfg-path', '/tmp/tmpc8mr9fm_']
[2024-10-28T06:58:11.213+0000] {standard_task_runner.py:88} INFO - Job 11: Subtask stream_data_from_api
[2024-10-28T06:58:11.268+0000] {task_command.py:423} INFO - Running <TaskInstance: user_automation.stream_data_from_api manual__2024-10-28T06:58:09.888009+00:00 [running]> on host 40a6e359d100
[2024-10-28T06:58:11.351+0000] {taskinstance.py:2513} INFO - Exporting env vars: AIRFLOW_CTX_DAG_OWNER='airscholar' AIRFLOW_CTX_DAG_ID='user_automation' AIRFLOW_CTX_TASK_ID='stream_data_from_api' AIRFLOW_CTX_EXECUTION_DATE='2024-10-28T06:58:09.888009+00:00' AIRFLOW_CTX_TRY_NUMBER='1' AIRFLOW_CTX_DAG_RUN_ID='manual__2024-10-28T06:58:09.888009+00:00'
[2024-10-28T06:58:11.426+0000] {conn.py:380} INFO - <BrokerConnection node_id=bootstrap-0 host=broker:29092 <connecting> [IPv4 ('172.18.0.11', 29092)]>: connecting to broker:29092 [('172.18.0.11', 29092) IPv4]
[2024-10-28T06:58:11.427+0000] {conn.py:1205} INFO - Probing node bootstrap-0 broker version
[2024-10-28T06:58:11.428+0000] {conn.py:410} INFO - <BrokerConnection node_id=bootstrap-0 host=broker:29092 <connecting> [IPv4 ('172.18.0.11', 29092)]>: Connection complete.
[2024-10-28T06:58:11.534+0000] {conn.py:1267} INFO - Broker version identified as 2.5.0
[2024-10-28T06:58:11.535+0000] {conn.py:1268} INFO - Set configuration api_version=(2, 5, 0) to skip auto check_version requests on startup
[2024-10-28T06:58:12.022+0000] {logging_mixin.py:188} INFO - oke
[2024-10-28T06:58:12.026+0000] {conn.py:380} INFO - <BrokerConnection node_id=1 host=broker:29092 <connecting> [IPv4 ('172.18.0.11', 29092)]>: connecting to broker:29092 [('172.18.0.11', 29092) IPv4]
[2024-10-28T06:58:12.027+0000] {conn.py:410} INFO - <BrokerConnection node_id=1 host=broker:29092 <connecting> [IPv4 ('172.18.0.11', 29092)]>: Connection complete.
[2024-10-28T06:58:12.028+0000] {conn.py:919} INFO - <BrokerConnection node_id=bootstrap-0 host=broker:29092 <connected> [IPv4 ('172.18.0.11', 29092)]>: Closing connection. 
[2024-10-28T06:58:12.446+0000] {logging_mixin.py:188} INFO - oke
[2024-10-28T06:58:12.799+0000] {logging_mixin.py:188} INFO - oke
[2024-10-28T06:58:13.146+0000] {logging_mixin.py:188} INFO - oke
[2024-10-28T06:58:13.506+0000] {logging_mixin.py:188} INFO - oke
[2024-10-28T06:58:13.878+0000] {logging_mixin.py:188} INFO - oke
[2024-10-28T06:58:14.294+0000] {logging_mixin.py:188} INFO - oke
[2024-10-28T06:58:14.652+0000] {logging_mixin.py:188} INFO - oke
[2024-10-28T06:58:15.068+0000] {logging_mixin.py:188} INFO - oke
[2024-10-28T06:58:15.474+0000] {logging_mixin.py:188} INFO - oke
[2024-10-28T06:58:15.899+0000] {logging_mixin.py:188} INFO - oke
[2024-10-28T06:58:16.614+0000] {logging_mixin.py:188} INFO - oke
[2024-10-28T06:58:17.014+0000] {logging_mixin.py:188} INFO - oke
[2024-10-28T06:58:17.424+0000] {logging_mixin.py:188} INFO - oke
[2024-10-28T06:58:17.793+0000] {logging_mixin.py:188} INFO - oke
[2024-10-28T06:58:18.215+0000] {logging_mixin.py:188} INFO - oke
[2024-10-28T06:58:18.617+0000] {logging_mixin.py:188} INFO - oke
[2024-10-28T06:58:19.049+0000] {logging_mixin.py:188} INFO - oke
[2024-10-28T06:58:19.412+0000] {logging_mixin.py:188} INFO - oke
[2024-10-28T06:58:19.823+0000] {logging_mixin.py:188} INFO - oke
[2024-10-28T06:58:20.184+0000] {logging_mixin.py:188} INFO - oke
[2024-10-28T06:58:21.069+0000] {logging_mixin.py:188} INFO - oke
[2024-10-28T06:58:21.452+0000] {logging_mixin.py:188} INFO - oke
[2024-10-28T06:58:21.824+0000] {logging_mixin.py:188} INFO - oke
[2024-10-28T06:58:22.267+0000] {logging_mixin.py:188} INFO - oke
[2024-10-28T06:58:22.673+0000] {logging_mixin.py:188} INFO - oke
[2024-10-28T06:58:23.167+0000] {logging_mixin.py:188} INFO - oke
[2024-10-28T06:58:23.513+0000] {logging_mixin.py:188} INFO - oke
[2024-10-28T06:58:23.928+0000] {logging_mixin.py:188} INFO - oke
[2024-10-28T06:58:24.285+0000] {logging_mixin.py:188} INFO - oke
[2024-10-28T06:58:24.673+0000] {logging_mixin.py:188} INFO - oke
[2024-10-28T06:58:25.045+0000] {logging_mixin.py:188} INFO - oke
[2024-10-28T06:58:25.475+0000] {logging_mixin.py:188} INFO - oke
[2024-10-28T06:58:25.872+0000] {logging_mixin.py:188} INFO - oke
[2024-10-28T06:58:26.296+0000] {logging_mixin.py:188} INFO - oke
[2024-10-28T06:58:26.757+0000] {logging_mixin.py:188} INFO - oke
[2024-10-28T06:58:27.191+0000] {logging_mixin.py:188} INFO - oke
[2024-10-28T06:58:27.564+0000] {logging_mixin.py:188} INFO - oke
[2024-10-28T06:58:27.989+0000] {logging_mixin.py:188} INFO - oke
[2024-10-28T06:58:28.395+0000] {logging_mixin.py:188} INFO - oke
[2024-10-28T06:58:28.831+0000] {logging_mixin.py:188} INFO - oke
[2024-10-28T06:58:29.304+0000] {logging_mixin.py:188} INFO - oke
[2024-10-28T06:58:29.695+0000] {logging_mixin.py:188} INFO - oke
[2024-10-28T06:58:30.529+0000] {logging_mixin.py:188} INFO - oke
[2024-10-28T06:58:30.946+0000] {logging_mixin.py:188} INFO - oke
[2024-10-28T06:58:31.319+0000] {logging_mixin.py:188} INFO - oke
[2024-10-28T06:58:31.719+0000] {logging_mixin.py:188} INFO - oke
[2024-10-28T06:58:32.162+0000] {logging_mixin.py:188} INFO - oke
[2024-10-28T06:58:32.549+0000] {logging_mixin.py:188} INFO - oke
[2024-10-28T06:58:32.979+0000] {logging_mixin.py:188} INFO - oke
[2024-10-28T06:58:33.405+0000] {logging_mixin.py:188} INFO - oke
[2024-10-28T06:58:33.761+0000] {logging_mixin.py:188} INFO - oke
[2024-10-28T06:58:34.098+0000] {logging_mixin.py:188} INFO - oke
[2024-10-28T06:58:34.495+0000] {logging_mixin.py:188} INFO - oke
[2024-10-28T06:58:34.881+0000] {logging_mixin.py:188} INFO - oke
[2024-10-28T06:58:35.293+0000] {logging_mixin.py:188} INFO - oke
[2024-10-28T06:58:35.649+0000] {logging_mixin.py:188} INFO - oke
[2024-10-28T06:58:36.056+0000] {logging_mixin.py:188} INFO - oke
[2024-10-28T06:58:36.464+0000] {logging_mixin.py:188} INFO - oke
[2024-10-28T06:58:36.869+0000] {logging_mixin.py:188} INFO - oke
[2024-10-28T06:58:37.661+0000] {logging_mixin.py:188} INFO - oke
[2024-10-28T06:58:38.093+0000] {logging_mixin.py:188} INFO - oke
[2024-10-28T06:58:38.733+0000] {logging_mixin.py:188} INFO - oke
[2024-10-28T06:58:39.146+0000] {logging_mixin.py:188} INFO - oke
[2024-10-28T06:58:39.582+0000] {logging_mixin.py:188} INFO - oke
[2024-10-28T06:58:40.007+0000] {logging_mixin.py:188} INFO - oke
[2024-10-28T06:58:40.932+0000] {logging_mixin.py:188} INFO - oke
[2024-10-28T06:58:41.325+0000] {logging_mixin.py:188} INFO - oke
[2024-10-28T06:58:41.770+0000] {logging_mixin.py:188} INFO - oke
[2024-10-28T06:58:41.775+0000] {conn.py:919} INFO - <BrokerConnection node_id=1 host=broker:29092 <connected> [IPv4 ('172.18.0.11', 29092)]>: Closing connection. 
[2024-10-28T06:58:41.778+0000] {python.py:202} INFO - Done. Returned value was: None
[2024-10-28T06:58:41.791+0000] {taskinstance.py:1149} INFO - Marking task as SUCCESS. dag_id=user_automation, task_id=stream_data_from_api, execution_date=20241028T065809, start_date=20241028T065811, end_date=20241028T065841
[2024-10-28T06:58:41.840+0000] {local_task_job_runner.py:234} INFO - Task exited with return code 0
[2024-10-28T06:58:41.858+0000] {taskinstance.py:3312} INFO - 0 downstream tasks scheduled from follow-on schedule check
