[2024-10-27T11:04:36.720+0000] {taskinstance.py:1979} INFO - Dependencies all met for dep_context=non-requeueable deps ti=<TaskInstance: user_automation.stream_data_from_api manual__2024-10-27T11:04:35.595257+00:00 [queued]>
[2024-10-27T11:04:36.730+0000] {taskinstance.py:1979} INFO - Dependencies all met for dep_context=requeueable deps ti=<TaskInstance: user_automation.stream_data_from_api manual__2024-10-27T11:04:35.595257+00:00 [queued]>
[2024-10-27T11:04:36.731+0000] {taskinstance.py:2193} INFO - Starting attempt 1 of 1
[2024-10-27T11:04:36.744+0000] {taskinstance.py:2217} INFO - Executing <Task(PythonOperator): stream_data_from_api> on 2024-10-27 11:04:35.595257+00:00
[2024-10-27T11:04:36.750+0000] {standard_task_runner.py:60} INFO - Started process 567 to run task
[2024-10-27T11:04:36.753+0000] {standard_task_runner.py:87} INFO - Running: ['***', 'tasks', 'run', 'user_automation', 'stream_data_from_api', 'manual__2024-10-27T11:04:35.595257+00:00', '--job-id', '69', '--raw', '--subdir', 'DAGS_FOLDER/my_dag.py', '--cfg-path', '/tmp/tmp27ponhom']
[2024-10-27T11:04:36.755+0000] {standard_task_runner.py:88} INFO - Job 69: Subtask stream_data_from_api
[2024-10-27T11:04:36.807+0000] {task_command.py:423} INFO - Running <TaskInstance: user_automation.stream_data_from_api manual__2024-10-27T11:04:35.595257+00:00 [running]> on host 5e2d829f4d1d
[2024-10-27T11:04:36.883+0000] {taskinstance.py:2513} INFO - Exporting env vars: AIRFLOW_CTX_DAG_OWNER='airscholar' AIRFLOW_CTX_DAG_ID='user_automation' AIRFLOW_CTX_TASK_ID='stream_data_from_api' AIRFLOW_CTX_EXECUTION_DATE='2024-10-27T11:04:35.595257+00:00' AIRFLOW_CTX_TRY_NUMBER='1' AIRFLOW_CTX_DAG_RUN_ID='manual__2024-10-27T11:04:35.595257+00:00'
[2024-10-27T11:04:36.943+0000] {conn.py:380} INFO - <BrokerConnection node_id=bootstrap-0 host=broker:29092 <connecting> [IPv4 ('172.18.0.17', 29092)]>: connecting to broker:29092 [('172.18.0.17', 29092) IPv4]
[2024-10-27T11:04:36.944+0000] {conn.py:1205} INFO - Probing node bootstrap-0 broker version
[2024-10-27T11:04:36.945+0000] {conn.py:410} INFO - <BrokerConnection node_id=bootstrap-0 host=broker:29092 <connecting> [IPv4 ('172.18.0.17', 29092)]>: Connection complete.
[2024-10-27T11:04:37.050+0000] {conn.py:1267} INFO - Broker version identified as 2.5.0
[2024-10-27T11:04:37.051+0000] {conn.py:1268} INFO - Set configuration api_version=(2, 5, 0) to skip auto check_version requests on startup
[2024-10-27T11:04:37.651+0000] {logging_mixin.py:188} INFO - oke
[2024-10-27T11:04:37.653+0000] {conn.py:380} INFO - <BrokerConnection node_id=1 host=broker:29092 <connecting> [IPv4 ('172.18.0.17', 29092)]>: connecting to broker:29092 [('172.18.0.17', 29092) IPv4]
[2024-10-27T11:04:37.656+0000] {conn.py:410} INFO - <BrokerConnection node_id=1 host=broker:29092 <connecting> [IPv4 ('172.18.0.17', 29092)]>: Connection complete.
[2024-10-27T11:04:37.657+0000] {conn.py:919} INFO - <BrokerConnection node_id=bootstrap-0 host=broker:29092 <connected> [IPv4 ('172.18.0.17', 29092)]>: Closing connection. 
[2024-10-27T11:04:38.018+0000] {logging_mixin.py:188} INFO - oke
[2024-10-27T11:04:38.378+0000] {logging_mixin.py:188} INFO - oke
[2024-10-27T11:04:38.747+0000] {logging_mixin.py:188} INFO - oke
[2024-10-27T11:04:39.113+0000] {logging_mixin.py:188} INFO - oke
[2024-10-27T11:04:39.480+0000] {logging_mixin.py:188} INFO - oke
[2024-10-27T11:04:39.852+0000] {logging_mixin.py:188} INFO - oke
[2024-10-27T11:04:40.220+0000] {logging_mixin.py:188} INFO - oke
[2024-10-27T11:04:40.582+0000] {logging_mixin.py:188} INFO - oke
[2024-10-27T11:04:40.936+0000] {logging_mixin.py:188} INFO - oke
[2024-10-27T11:04:41.294+0000] {logging_mixin.py:188} INFO - oke
[2024-10-27T11:04:41.675+0000] {logging_mixin.py:188} INFO - oke
[2024-10-27T11:04:42.034+0000] {logging_mixin.py:188} INFO - oke
[2024-10-27T11:04:42.432+0000] {logging_mixin.py:188} INFO - oke
[2024-10-27T11:04:43.209+0000] {logging_mixin.py:188} INFO - oke
[2024-10-27T11:04:43.559+0000] {logging_mixin.py:188} INFO - oke
[2024-10-27T11:04:43.922+0000] {logging_mixin.py:188} INFO - oke
[2024-10-27T11:04:44.269+0000] {logging_mixin.py:188} INFO - oke
[2024-10-27T11:04:44.630+0000] {logging_mixin.py:188} INFO - oke
[2024-10-27T11:04:44.977+0000] {logging_mixin.py:188} INFO - oke
[2024-10-27T11:04:45.338+0000] {logging_mixin.py:188} INFO - oke
[2024-10-27T11:04:45.711+0000] {logging_mixin.py:188} INFO - oke
[2024-10-27T11:04:46.086+0000] {logging_mixin.py:188} INFO - oke
[2024-10-27T11:04:46.453+0000] {logging_mixin.py:188} INFO - oke
[2024-10-27T11:04:46.809+0000] {logging_mixin.py:188} INFO - oke
[2024-10-27T11:04:47.156+0000] {logging_mixin.py:188} INFO - oke
[2024-10-27T11:04:47.159+0000] {conn.py:919} INFO - <BrokerConnection node_id=1 host=broker:29092 <connected> [IPv4 ('172.18.0.17', 29092)]>: Closing connection. 
[2024-10-27T11:04:47.160+0000] {python.py:202} INFO - Done. Returned value was: None
[2024-10-27T11:04:47.169+0000] {taskinstance.py:1149} INFO - Marking task as SUCCESS. dag_id=user_automation, task_id=stream_data_from_api, execution_date=20241027T110435, start_date=20241027T110436, end_date=20241027T110447
[2024-10-27T11:04:47.201+0000] {local_task_job_runner.py:234} INFO - Task exited with return code 0
[2024-10-27T11:04:47.216+0000] {taskinstance.py:3312} INFO - 0 downstream tasks scheduled from follow-on schedule check
