[2024-10-27T11:05:25.380+0000] {taskinstance.py:1979} INFO - Dependencies all met for dep_context=non-requeueable deps ti=<TaskInstance: user_automation.stream_data_from_api manual__2024-10-27T11:05:24.483091+00:00 [queued]>
[2024-10-27T11:05:25.390+0000] {taskinstance.py:1979} INFO - Dependencies all met for dep_context=requeueable deps ti=<TaskInstance: user_automation.stream_data_from_api manual__2024-10-27T11:05:24.483091+00:00 [queued]>
[2024-10-27T11:05:25.390+0000] {taskinstance.py:2193} INFO - Starting attempt 1 of 1
[2024-10-27T11:05:25.404+0000] {taskinstance.py:2217} INFO - Executing <Task(PythonOperator): stream_data_from_api> on 2024-10-27 11:05:24.483091+00:00
[2024-10-27T11:05:25.410+0000] {standard_task_runner.py:60} INFO - Started process 578 to run task
[2024-10-27T11:05:25.414+0000] {standard_task_runner.py:87} INFO - Running: ['***', 'tasks', 'run', 'user_automation', 'stream_data_from_api', 'manual__2024-10-27T11:05:24.483091+00:00', '--job-id', '70', '--raw', '--subdir', 'DAGS_FOLDER/my_dag.py', '--cfg-path', '/tmp/tmpc69e7k30']
[2024-10-27T11:05:25.415+0000] {standard_task_runner.py:88} INFO - Job 70: Subtask stream_data_from_api
[2024-10-27T11:05:25.469+0000] {task_command.py:423} INFO - Running <TaskInstance: user_automation.stream_data_from_api manual__2024-10-27T11:05:24.483091+00:00 [running]> on host 5e2d829f4d1d
[2024-10-27T11:05:25.549+0000] {taskinstance.py:2513} INFO - Exporting env vars: AIRFLOW_CTX_DAG_OWNER='airscholar' AIRFLOW_CTX_DAG_ID='user_automation' AIRFLOW_CTX_TASK_ID='stream_data_from_api' AIRFLOW_CTX_EXECUTION_DATE='2024-10-27T11:05:24.483091+00:00' AIRFLOW_CTX_TRY_NUMBER='1' AIRFLOW_CTX_DAG_RUN_ID='manual__2024-10-27T11:05:24.483091+00:00'
[2024-10-27T11:05:25.592+0000] {conn.py:380} INFO - <BrokerConnection node_id=bootstrap-0 host=broker:29092 <connecting> [IPv4 ('172.18.0.17', 29092)]>: connecting to broker:29092 [('172.18.0.17', 29092) IPv4]
[2024-10-27T11:05:25.593+0000] {conn.py:1205} INFO - Probing node bootstrap-0 broker version
[2024-10-27T11:05:25.595+0000] {conn.py:410} INFO - <BrokerConnection node_id=bootstrap-0 host=broker:29092 <connecting> [IPv4 ('172.18.0.17', 29092)]>: Connection complete.
[2024-10-27T11:05:25.707+0000] {conn.py:1267} INFO - Broker version identified as 2.5.0
[2024-10-27T11:05:25.707+0000] {conn.py:1268} INFO - Set configuration api_version=(2, 5, 0) to skip auto check_version requests on startup
[2024-10-27T11:05:26.083+0000] {logging_mixin.py:188} INFO - oke
[2024-10-27T11:05:26.087+0000] {conn.py:380} INFO - <BrokerConnection node_id=1 host=broker:29092 <connecting> [IPv4 ('172.18.0.17', 29092)]>: connecting to broker:29092 [('172.18.0.17', 29092) IPv4]
[2024-10-27T11:05:26.088+0000] {conn.py:410} INFO - <BrokerConnection node_id=1 host=broker:29092 <connecting> [IPv4 ('172.18.0.17', 29092)]>: Connection complete.
[2024-10-27T11:05:26.089+0000] {conn.py:919} INFO - <BrokerConnection node_id=bootstrap-0 host=broker:29092 <connected> [IPv4 ('172.18.0.17', 29092)]>: Closing connection. 
[2024-10-27T11:05:26.444+0000] {logging_mixin.py:188} INFO - oke
[2024-10-27T11:05:26.831+0000] {logging_mixin.py:188} INFO - oke
[2024-10-27T11:05:27.190+0000] {logging_mixin.py:188} INFO - oke
[2024-10-27T11:05:27.563+0000] {logging_mixin.py:188} INFO - oke
[2024-10-27T11:05:27.919+0000] {logging_mixin.py:188} INFO - oke
[2024-10-27T11:05:28.315+0000] {logging_mixin.py:188} INFO - oke
[2024-10-27T11:05:28.676+0000] {logging_mixin.py:188} INFO - oke
[2024-10-27T11:05:29.071+0000] {logging_mixin.py:188} INFO - oke
[2024-10-27T11:05:29.439+0000] {logging_mixin.py:188} INFO - oke
[2024-10-27T11:05:29.790+0000] {logging_mixin.py:188} INFO - oke
[2024-10-27T11:05:30.188+0000] {logging_mixin.py:188} INFO - oke
[2024-10-27T11:05:30.544+0000] {logging_mixin.py:188} INFO - oke
[2024-10-27T11:05:30.917+0000] {logging_mixin.py:188} INFO - oke
[2024-10-27T11:05:31.276+0000] {logging_mixin.py:188} INFO - oke
[2024-10-27T11:05:31.654+0000] {logging_mixin.py:188} INFO - oke
[2024-10-27T11:05:32.068+0000] {logging_mixin.py:188} INFO - oke
[2024-10-27T11:05:32.463+0000] {logging_mixin.py:188} INFO - oke
[2024-10-27T11:05:32.850+0000] {logging_mixin.py:188} INFO - oke
[2024-10-27T11:05:33.308+0000] {logging_mixin.py:188} INFO - oke
[2024-10-27T11:05:33.706+0000] {logging_mixin.py:188} INFO - oke
[2024-10-27T11:05:34.089+0000] {logging_mixin.py:188} INFO - oke
[2024-10-27T11:05:34.462+0000] {logging_mixin.py:188} INFO - oke
[2024-10-27T11:05:34.869+0000] {logging_mixin.py:188} INFO - oke
[2024-10-27T11:05:35.250+0000] {logging_mixin.py:188} INFO - oke
[2024-10-27T11:05:35.645+0000] {logging_mixin.py:188} INFO - oke
[2024-10-27T11:05:36.017+0000] {logging_mixin.py:188} INFO - oke
[2024-10-27T11:05:36.020+0000] {conn.py:919} INFO - <BrokerConnection node_id=1 host=broker:29092 <connected> [IPv4 ('172.18.0.17', 29092)]>: Closing connection. 
[2024-10-27T11:05:36.021+0000] {python.py:202} INFO - Done. Returned value was: None
[2024-10-27T11:05:36.030+0000] {taskinstance.py:1149} INFO - Marking task as SUCCESS. dag_id=user_automation, task_id=stream_data_from_api, execution_date=20241027T110524, start_date=20241027T110525, end_date=20241027T110536
[2024-10-27T11:05:36.067+0000] {local_task_job_runner.py:234} INFO - Task exited with return code 0
[2024-10-27T11:05:36.085+0000] {taskinstance.py:3312} INFO - 0 downstream tasks scheduled from follow-on schedule check
