[2024-10-27T10:52:38.670+0000] {taskinstance.py:1979} INFO - Dependencies all met for dep_context=non-requeueable deps ti=<TaskInstance: user_automation.stream_data_from_api manual__2024-10-27T10:52:36.516333+00:00 [queued]>
[2024-10-27T10:52:38.681+0000] {taskinstance.py:1979} INFO - Dependencies all met for dep_context=requeueable deps ti=<TaskInstance: user_automation.stream_data_from_api manual__2024-10-27T10:52:36.516333+00:00 [queued]>
[2024-10-27T10:52:38.682+0000] {taskinstance.py:2193} INFO - Starting attempt 1 of 1
[2024-10-27T10:52:38.695+0000] {taskinstance.py:2217} INFO - Executing <Task(PythonOperator): stream_data_from_api> on 2024-10-27 10:52:36.516333+00:00
[2024-10-27T10:52:38.701+0000] {standard_task_runner.py:60} INFO - Started process 381 to run task
[2024-10-27T10:52:38.704+0000] {standard_task_runner.py:87} INFO - Running: ['***', 'tasks', 'run', 'user_automation', 'stream_data_from_api', 'manual__2024-10-27T10:52:36.516333+00:00', '--job-id', '68', '--raw', '--subdir', 'DAGS_FOLDER/my_dag.py', '--cfg-path', '/tmp/tmplnyfy3ux']
[2024-10-27T10:52:38.706+0000] {standard_task_runner.py:88} INFO - Job 68: Subtask stream_data_from_api
[2024-10-27T10:52:38.756+0000] {task_command.py:423} INFO - Running <TaskInstance: user_automation.stream_data_from_api manual__2024-10-27T10:52:36.516333+00:00 [running]> on host 5e2d829f4d1d
[2024-10-27T10:52:38.843+0000] {taskinstance.py:2513} INFO - Exporting env vars: AIRFLOW_CTX_DAG_OWNER='airscholar' AIRFLOW_CTX_DAG_ID='user_automation' AIRFLOW_CTX_TASK_ID='stream_data_from_api' AIRFLOW_CTX_EXECUTION_DATE='2024-10-27T10:52:36.516333+00:00' AIRFLOW_CTX_TRY_NUMBER='1' AIRFLOW_CTX_DAG_RUN_ID='manual__2024-10-27T10:52:36.516333+00:00'
[2024-10-27T10:52:38.928+0000] {conn.py:380} INFO - <BrokerConnection node_id=bootstrap-0 host=broker:29092 <connecting> [IPv4 ('172.18.0.17', 29092)]>: connecting to broker:29092 [('172.18.0.17', 29092) IPv4]
[2024-10-27T10:52:38.930+0000] {conn.py:1205} INFO - Probing node bootstrap-0 broker version
[2024-10-27T10:52:38.931+0000] {conn.py:410} INFO - <BrokerConnection node_id=bootstrap-0 host=broker:29092 <connecting> [IPv4 ('172.18.0.17', 29092)]>: Connection complete.
[2024-10-27T10:52:39.039+0000] {conn.py:1267} INFO - Broker version identified as 2.5.0
[2024-10-27T10:52:39.041+0000] {conn.py:1268} INFO - Set configuration api_version=(2, 5, 0) to skip auto check_version requests on startup
[2024-10-27T10:52:40.275+0000] {logging_mixin.py:188} INFO - oke
[2024-10-27T10:52:40.278+0000] {conn.py:380} INFO - <BrokerConnection node_id=1 host=broker:29092 <connecting> [IPv4 ('172.18.0.17', 29092)]>: connecting to broker:29092 [('172.18.0.17', 29092) IPv4]
[2024-10-27T10:52:40.280+0000] {conn.py:410} INFO - <BrokerConnection node_id=1 host=broker:29092 <connecting> [IPv4 ('172.18.0.17', 29092)]>: Connection complete.
[2024-10-27T10:52:40.280+0000] {conn.py:919} INFO - <BrokerConnection node_id=bootstrap-0 host=broker:29092 <connected> [IPv4 ('172.18.0.17', 29092)]>: Closing connection. 
[2024-10-27T10:52:40.628+0000] {logging_mixin.py:188} INFO - oke
[2024-10-27T10:52:40.996+0000] {logging_mixin.py:188} INFO - oke
[2024-10-27T10:52:41.357+0000] {logging_mixin.py:188} INFO - oke
[2024-10-27T10:52:41.707+0000] {logging_mixin.py:188} INFO - oke
[2024-10-27T10:52:42.153+0000] {logging_mixin.py:188} INFO - oke
[2024-10-27T10:52:42.519+0000] {logging_mixin.py:188} INFO - oke
[2024-10-27T10:52:42.955+0000] {logging_mixin.py:188} INFO - oke
[2024-10-27T10:52:43.417+0000] {logging_mixin.py:188} INFO - oke
[2024-10-27T10:52:43.794+0000] {logging_mixin.py:188} INFO - oke
[2024-10-27T10:52:44.590+0000] {logging_mixin.py:188} INFO - oke
[2024-10-27T10:52:44.949+0000] {logging_mixin.py:188} INFO - oke
[2024-10-27T10:52:45.302+0000] {logging_mixin.py:188} INFO - oke
[2024-10-27T10:52:45.659+0000] {logging_mixin.py:188} INFO - oke
[2024-10-27T10:52:46.013+0000] {logging_mixin.py:188} INFO - oke
[2024-10-27T10:52:46.362+0000] {logging_mixin.py:188} INFO - oke
[2024-10-27T10:52:46.715+0000] {logging_mixin.py:188} INFO - oke
[2024-10-27T10:52:47.070+0000] {logging_mixin.py:188} INFO - oke
[2024-10-27T10:52:47.421+0000] {logging_mixin.py:188} INFO - oke
[2024-10-27T10:52:47.775+0000] {logging_mixin.py:188} INFO - oke
[2024-10-27T10:52:48.323+0000] {logging_mixin.py:188} INFO - oke
[2024-10-27T10:52:48.686+0000] {logging_mixin.py:188} INFO - oke
[2024-10-27T10:52:49.064+0000] {logging_mixin.py:188} INFO - oke
[2024-10-27T10:52:49.066+0000] {conn.py:919} INFO - <BrokerConnection node_id=1 host=broker:29092 <connected> [IPv4 ('172.18.0.17', 29092)]>: Closing connection. 
[2024-10-27T10:52:49.068+0000] {python.py:202} INFO - Done. Returned value was: None
[2024-10-27T10:52:49.077+0000] {taskinstance.py:1149} INFO - Marking task as SUCCESS. dag_id=user_automation, task_id=stream_data_from_api, execution_date=20241027T105236, start_date=20241027T105238, end_date=20241027T105249
[2024-10-27T10:52:49.112+0000] {local_task_job_runner.py:234} INFO - Task exited with return code 0
[2024-10-27T10:52:49.128+0000] {taskinstance.py:3312} INFO - 0 downstream tasks scheduled from follow-on schedule check
