[2024-10-16T07:22:34.265+0000] {taskinstance.py:1979} INFO - Dependencies all met for dep_context=non-requeueable deps ti=<TaskInstance: user_automation.stream_data_from_api manual__2024-10-16T07:22:33.236538+00:00 [queued]>
[2024-10-16T07:22:34.277+0000] {taskinstance.py:1979} INFO - Dependencies all met for dep_context=requeueable deps ti=<TaskInstance: user_automation.stream_data_from_api manual__2024-10-16T07:22:33.236538+00:00 [queued]>
[2024-10-16T07:22:34.278+0000] {taskinstance.py:2193} INFO - Starting attempt 1 of 1
[2024-10-16T07:22:34.316+0000] {taskinstance.py:2217} INFO - Executing <Task(PythonOperator): stream_data_from_api> on 2024-10-16 07:22:33.236538+00:00
[2024-10-16T07:22:34.321+0000] {standard_task_runner.py:60} INFO - Started process 251 to run task
[2024-10-16T07:22:34.325+0000] {standard_task_runner.py:87} INFO - Running: ['***', 'tasks', 'run', 'user_automation', 'stream_data_from_api', 'manual__2024-10-16T07:22:33.236538+00:00', '--job-id', '34', '--raw', '--subdir', 'DAGS_FOLDER/my_dag.py', '--cfg-path', '/tmp/tmpvpbx_0f6']
[2024-10-16T07:22:34.327+0000] {standard_task_runner.py:88} INFO - Job 34: Subtask stream_data_from_api
[2024-10-16T07:22:34.390+0000] {task_command.py:423} INFO - Running <TaskInstance: user_automation.stream_data_from_api manual__2024-10-16T07:22:33.236538+00:00 [running]> on host 0b70451349c6
[2024-10-16T07:22:34.485+0000] {taskinstance.py:2513} INFO - Exporting env vars: AIRFLOW_CTX_DAG_OWNER='airscholar' AIRFLOW_CTX_DAG_ID='user_automation' AIRFLOW_CTX_TASK_ID='stream_data_from_api' AIRFLOW_CTX_EXECUTION_DATE='2024-10-16T07:22:33.236538+00:00' AIRFLOW_CTX_TRY_NUMBER='1' AIRFLOW_CTX_DAG_RUN_ID='manual__2024-10-16T07:22:33.236538+00:00'
[2024-10-16T07:22:34.608+0000] {conn.py:380} INFO - <BrokerConnection node_id=bootstrap-0 host=broker:29092 <connecting> [IPv4 ('172.18.0.13', 29092)]>: connecting to broker:29092 [('172.18.0.13', 29092) IPv4]
[2024-10-16T07:22:34.609+0000] {conn.py:1205} INFO - Probing node bootstrap-0 broker version
[2024-10-16T07:22:34.610+0000] {conn.py:410} INFO - <BrokerConnection node_id=bootstrap-0 host=broker:29092 <connecting> [IPv4 ('172.18.0.13', 29092)]>: Connection complete.
[2024-10-16T07:22:34.717+0000] {conn.py:1267} INFO - Broker version identified as 2.5.0
[2024-10-16T07:22:34.719+0000] {conn.py:1268} INFO - Set configuration api_version=(2, 5, 0) to skip auto check_version requests on startup
[2024-10-16T07:22:35.236+0000] {logging_mixin.py:188} INFO - oke
[2024-10-16T07:22:35.239+0000] {conn.py:380} INFO - <BrokerConnection node_id=1 host=broker:29092 <connecting> [IPv4 ('172.18.0.13', 29092)]>: connecting to broker:29092 [('172.18.0.13', 29092) IPv4]
[2024-10-16T07:22:35.240+0000] {conn.py:410} INFO - <BrokerConnection node_id=1 host=broker:29092 <connecting> [IPv4 ('172.18.0.13', 29092)]>: Connection complete.
[2024-10-16T07:22:35.241+0000] {conn.py:919} INFO - <BrokerConnection node_id=bootstrap-0 host=broker:29092 <connected> [IPv4 ('172.18.0.13', 29092)]>: Closing connection. 
[2024-10-16T07:22:35.595+0000] {logging_mixin.py:188} INFO - oke
[2024-10-16T07:22:36.256+0000] {logging_mixin.py:188} INFO - oke
[2024-10-16T07:22:36.753+0000] {logging_mixin.py:188} INFO - oke
[2024-10-16T07:22:37.278+0000] {logging_mixin.py:188} INFO - oke
[2024-10-16T07:22:37.688+0000] {logging_mixin.py:188} INFO - oke
[2024-10-16T07:22:38.199+0000] {logging_mixin.py:188} INFO - oke
[2024-10-16T07:22:38.614+0000] {logging_mixin.py:188} INFO - oke
[2024-10-16T07:22:39.022+0000] {logging_mixin.py:188} INFO - oke
[2024-10-16T07:22:39.531+0000] {logging_mixin.py:188} INFO - oke
[2024-10-16T07:22:39.942+0000] {logging_mixin.py:188} INFO - oke
[2024-10-16T07:22:40.454+0000] {logging_mixin.py:188} INFO - oke
[2024-10-16T07:22:40.865+0000] {logging_mixin.py:188} INFO - oke
[2024-10-16T07:22:41.350+0000] {logging_mixin.py:188} INFO - oke
[2024-10-16T07:22:41.888+0000] {logging_mixin.py:188} INFO - oke
[2024-10-16T07:22:42.501+0000] {logging_mixin.py:188} INFO - oke
[2024-10-16T07:22:43.422+0000] {logging_mixin.py:188} INFO - oke
[2024-10-16T07:22:43.936+0000] {logging_mixin.py:188} INFO - oke
[2024-10-16T07:22:44.857+0000] {logging_mixin.py:188} INFO - oke
[2024-10-16T07:22:44.860+0000] {conn.py:919} INFO - <BrokerConnection node_id=1 host=broker:29092 <connected> [IPv4 ('172.18.0.13', 29092)]>: Closing connection. 
[2024-10-16T07:22:44.861+0000] {python.py:202} INFO - Done. Returned value was: None
[2024-10-16T07:22:44.870+0000] {taskinstance.py:1149} INFO - Marking task as SUCCESS. dag_id=user_automation, task_id=stream_data_from_api, execution_date=20241016T072233, start_date=20241016T072234, end_date=20241016T072244
[2024-10-16T07:22:44.892+0000] {local_task_job_runner.py:234} INFO - Task exited with return code 0
[2024-10-16T07:22:44.907+0000] {taskinstance.py:3312} INFO - 0 downstream tasks scheduled from follow-on schedule check
