[2024-10-27T19:00:25.121+0000] {taskinstance.py:1979} INFO - Dependencies all met for dep_context=non-requeueable deps ti=<TaskInstance: user_automation.stream_data_from_api manual__2024-10-27T19:00:23.400512+00:00 [queued]>
[2024-10-27T19:00:25.135+0000] {taskinstance.py:1979} INFO - Dependencies all met for dep_context=requeueable deps ti=<TaskInstance: user_automation.stream_data_from_api manual__2024-10-27T19:00:23.400512+00:00 [queued]>
[2024-10-27T19:00:25.136+0000] {taskinstance.py:2193} INFO - Starting attempt 1 of 1
[2024-10-27T19:00:25.153+0000] {taskinstance.py:2217} INFO - Executing <Task(PythonOperator): stream_data_from_api> on 2024-10-27 19:00:23.400512+00:00
[2024-10-27T19:00:25.160+0000] {standard_task_runner.py:60} INFO - Started process 5972 to run task
[2024-10-27T19:00:25.166+0000] {standard_task_runner.py:87} INFO - Running: ['***', 'tasks', 'run', 'user_automation', 'stream_data_from_api', 'manual__2024-10-27T19:00:23.400512+00:00', '--job-id', '6', '--raw', '--subdir', 'DAGS_FOLDER/my_dag.py', '--cfg-path', '/tmp/tmpp515x_b6']
[2024-10-27T19:00:25.168+0000] {standard_task_runner.py:88} INFO - Job 6: Subtask stream_data_from_api
[2024-10-27T19:00:25.250+0000] {task_command.py:423} INFO - Running <TaskInstance: user_automation.stream_data_from_api manual__2024-10-27T19:00:23.400512+00:00 [running]> on host 40a6e359d100
[2024-10-27T19:00:25.354+0000] {taskinstance.py:2513} INFO - Exporting env vars: AIRFLOW_CTX_DAG_OWNER='airscholar' AIRFLOW_CTX_DAG_ID='user_automation' AIRFLOW_CTX_TASK_ID='stream_data_from_api' AIRFLOW_CTX_EXECUTION_DATE='2024-10-27T19:00:23.400512+00:00' AIRFLOW_CTX_TRY_NUMBER='1' AIRFLOW_CTX_DAG_RUN_ID='manual__2024-10-27T19:00:23.400512+00:00'
[2024-10-27T19:00:25.481+0000] {conn.py:380} INFO - <BrokerConnection node_id=bootstrap-0 host=broker:29092 <connecting> [IPv4 ('172.18.0.11', 29092)]>: connecting to broker:29092 [('172.18.0.11', 29092) IPv4]
[2024-10-27T19:00:25.482+0000] {conn.py:1205} INFO - Probing node bootstrap-0 broker version
[2024-10-27T19:00:25.483+0000] {conn.py:410} INFO - <BrokerConnection node_id=bootstrap-0 host=broker:29092 <connecting> [IPv4 ('172.18.0.11', 29092)]>: Connection complete.
[2024-10-27T19:00:25.590+0000] {conn.py:1267} INFO - Broker version identified as 2.5.0
[2024-10-27T19:00:25.591+0000] {conn.py:1268} INFO - Set configuration api_version=(2, 5, 0) to skip auto check_version requests on startup
[2024-10-27T19:00:26.145+0000] {logging_mixin.py:188} INFO - oke
[2024-10-27T19:00:26.148+0000] {conn.py:380} INFO - <BrokerConnection node_id=1 host=broker:29092 <connecting> [IPv4 ('172.18.0.11', 29092)]>: connecting to broker:29092 [('172.18.0.11', 29092) IPv4]
[2024-10-27T19:00:26.151+0000] {conn.py:410} INFO - <BrokerConnection node_id=1 host=broker:29092 <connecting> [IPv4 ('172.18.0.11', 29092)]>: Connection complete.
[2024-10-27T19:00:26.152+0000] {conn.py:919} INFO - <BrokerConnection node_id=bootstrap-0 host=broker:29092 <connected> [IPv4 ('172.18.0.11', 29092)]>: Closing connection. 
[2024-10-27T19:00:26.511+0000] {logging_mixin.py:188} INFO - oke
[2024-10-27T19:00:26.884+0000] {logging_mixin.py:188} INFO - oke
[2024-10-27T19:00:27.266+0000] {logging_mixin.py:188} INFO - oke
[2024-10-27T19:00:27.657+0000] {logging_mixin.py:188} INFO - oke
[2024-10-27T19:00:28.006+0000] {logging_mixin.py:188} INFO - oke
[2024-10-27T19:00:28.391+0000] {logging_mixin.py:188} INFO - oke
[2024-10-27T19:00:28.773+0000] {logging_mixin.py:188} INFO - oke
[2024-10-27T19:00:29.598+0000] {logging_mixin.py:188} INFO - oke
[2024-10-27T19:00:30.007+0000] {logging_mixin.py:188} INFO - oke
[2024-10-27T19:00:30.495+0000] {logging_mixin.py:188} INFO - oke
[2024-10-27T19:00:31.906+0000] {logging_mixin.py:188} INFO - oke
[2024-10-27T19:00:32.416+0000] {logging_mixin.py:188} INFO - oke
[2024-10-27T19:00:32.852+0000] {logging_mixin.py:188} INFO - oke
[2024-10-27T19:00:33.254+0000] {logging_mixin.py:188} INFO - oke
[2024-10-27T19:00:33.726+0000] {logging_mixin.py:188} INFO - oke
[2024-10-27T19:00:34.986+0000] {logging_mixin.py:188} INFO - oke
[2024-10-27T19:00:37.070+0000] {logging_mixin.py:188} INFO - oke
[2024-10-27T19:00:37.616+0000] {logging_mixin.py:188} INFO - oke
[2024-10-27T19:00:37.985+0000] {logging_mixin.py:188} INFO - oke
[2024-10-27T19:00:38.390+0000] {logging_mixin.py:188} INFO - oke
[2024-10-27T19:00:39.238+0000] {logging_mixin.py:188} INFO - oke
[2024-10-27T19:00:39.732+0000] {logging_mixin.py:188} INFO - oke
[2024-10-27T19:00:40.080+0000] {logging_mixin.py:188} INFO - oke
[2024-10-27T19:00:40.662+0000] {logging_mixin.py:188} INFO - oke
[2024-10-27T19:00:41.038+0000] {logging_mixin.py:188} INFO - oke
[2024-10-27T19:00:41.381+0000] {logging_mixin.py:188} INFO - oke
[2024-10-27T19:00:41.748+0000] {logging_mixin.py:188} INFO - oke
[2024-10-27T19:00:42.098+0000] {logging_mixin.py:188} INFO - oke
[2024-10-27T19:00:42.669+0000] {logging_mixin.py:188} INFO - oke
[2024-10-27T19:00:43.021+0000] {logging_mixin.py:188} INFO - oke
[2024-10-27T19:00:43.849+0000] {logging_mixin.py:188} INFO - oke
[2024-10-27T19:00:44.213+0000] {logging_mixin.py:188} INFO - oke
[2024-10-27T19:00:44.593+0000] {logging_mixin.py:188} INFO - oke
[2024-10-27T19:00:44.957+0000] {logging_mixin.py:188} INFO - oke
[2024-10-27T19:00:45.327+0000] {logging_mixin.py:188} INFO - oke
[2024-10-27T19:00:45.677+0000] {logging_mixin.py:188} INFO - oke
[2024-10-27T19:00:46.020+0000] {logging_mixin.py:188} INFO - oke
[2024-10-27T19:00:46.369+0000] {logging_mixin.py:188} INFO - oke
[2024-10-27T19:00:46.714+0000] {logging_mixin.py:188} INFO - oke
[2024-10-27T19:00:47.075+0000] {logging_mixin.py:188} INFO - oke
[2024-10-27T19:00:47.578+0000] {logging_mixin.py:188} INFO - oke
[2024-10-27T19:00:47.942+0000] {logging_mixin.py:188} INFO - oke
[2024-10-27T19:00:48.310+0000] {logging_mixin.py:188} INFO - oke
[2024-10-27T19:00:48.679+0000] {logging_mixin.py:188} INFO - oke
[2024-10-27T19:00:49.031+0000] {logging_mixin.py:188} INFO - oke
[2024-10-27T19:00:49.384+0000] {logging_mixin.py:188} INFO - oke
[2024-10-27T19:00:49.749+0000] {logging_mixin.py:188} INFO - oke
[2024-10-27T19:00:50.197+0000] {logging_mixin.py:188} INFO - oke
[2024-10-27T19:00:50.549+0000] {logging_mixin.py:188} INFO - oke
[2024-10-27T19:00:50.898+0000] {logging_mixin.py:188} INFO - oke
[2024-10-27T19:00:51.257+0000] {logging_mixin.py:188} INFO - oke
[2024-10-27T19:00:51.620+0000] {logging_mixin.py:188} INFO - oke
[2024-10-27T19:00:52.450+0000] {logging_mixin.py:188} INFO - oke
[2024-10-27T19:00:53.023+0000] {logging_mixin.py:188} INFO - oke
[2024-10-27T19:00:53.485+0000] {logging_mixin.py:188} INFO - oke
[2024-10-27T19:00:53.960+0000] {logging_mixin.py:188} INFO - oke
[2024-10-27T19:00:54.331+0000] {logging_mixin.py:188} INFO - oke
[2024-10-27T19:00:54.806+0000] {logging_mixin.py:188} INFO - oke
[2024-10-27T19:00:55.163+0000] {logging_mixin.py:188} INFO - oke
[2024-10-27T19:00:55.515+0000] {logging_mixin.py:188} INFO - oke
[2024-10-27T19:00:55.859+0000] {logging_mixin.py:188} INFO - oke
[2024-10-27T19:00:55.862+0000] {conn.py:919} INFO - <BrokerConnection node_id=1 host=broker:29092 <connected> [IPv4 ('172.18.0.11', 29092)]>: Closing connection. 
[2024-10-27T19:00:55.864+0000] {python.py:202} INFO - Done. Returned value was: None
[2024-10-27T19:00:55.883+0000] {taskinstance.py:1149} INFO - Marking task as SUCCESS. dag_id=user_automation, task_id=stream_data_from_api, execution_date=20241027T190023, start_date=20241027T190025, end_date=20241027T190055
[2024-10-27T19:00:55.961+0000] {local_task_job_runner.py:234} INFO - Task exited with return code 0
[2024-10-27T19:00:55.984+0000] {taskinstance.py:3312} INFO - 0 downstream tasks scheduled from follow-on schedule check
