[2024-10-30T06:23:55.124+0000] {taskinstance.py:1979} INFO - Dependencies all met for dep_context=non-requeueable deps ti=<TaskInstance: user_automation.stream_data_from_api manual__2024-10-30T06:23:54.036049+00:00 [queued]>
[2024-10-30T06:23:55.133+0000] {taskinstance.py:1979} INFO - Dependencies all met for dep_context=requeueable deps ti=<TaskInstance: user_automation.stream_data_from_api manual__2024-10-30T06:23:54.036049+00:00 [queued]>
[2024-10-30T06:23:55.134+0000] {taskinstance.py:2193} INFO - Starting attempt 1 of 1
[2024-10-30T06:23:55.147+0000] {taskinstance.py:2217} INFO - Executing <Task(PythonOperator): stream_data_from_api> on 2024-10-30 06:23:54.036049+00:00
[2024-10-30T06:23:55.153+0000] {standard_task_runner.py:60} INFO - Started process 226 to run task
[2024-10-30T06:23:55.156+0000] {standard_task_runner.py:87} INFO - Running: ['***', 'tasks', 'run', 'user_automation', 'stream_data_from_api', 'manual__2024-10-30T06:23:54.036049+00:00', '--job-id', '20', '--raw', '--subdir', 'DAGS_FOLDER/my_dag.py', '--cfg-path', '/tmp/tmpzvyuljws']
[2024-10-30T06:23:55.157+0000] {standard_task_runner.py:88} INFO - Job 20: Subtask stream_data_from_api
[2024-10-30T06:23:55.208+0000] {task_command.py:423} INFO - Running <TaskInstance: user_automation.stream_data_from_api manual__2024-10-30T06:23:54.036049+00:00 [running]> on host 40a6e359d100
[2024-10-30T06:23:55.309+0000] {taskinstance.py:2513} INFO - Exporting env vars: AIRFLOW_CTX_DAG_OWNER='airscholar' AIRFLOW_CTX_DAG_ID='user_automation' AIRFLOW_CTX_TASK_ID='stream_data_from_api' AIRFLOW_CTX_EXECUTION_DATE='2024-10-30T06:23:54.036049+00:00' AIRFLOW_CTX_TRY_NUMBER='1' AIRFLOW_CTX_DAG_RUN_ID='manual__2024-10-30T06:23:54.036049+00:00'
[2024-10-30T06:23:55.345+0000] {conn.py:380} INFO - <BrokerConnection node_id=bootstrap-0 host=broker:29092 <connecting> [IPv4 ('172.18.0.10', 29092)]>: connecting to broker:29092 [('172.18.0.10', 29092) IPv4]
[2024-10-30T06:23:55.346+0000] {conn.py:1205} INFO - Probing node bootstrap-0 broker version
[2024-10-30T06:23:55.347+0000] {conn.py:410} INFO - <BrokerConnection node_id=bootstrap-0 host=broker:29092 <connecting> [IPv4 ('172.18.0.10', 29092)]>: Connection complete.
[2024-10-30T06:23:55.451+0000] {conn.py:1267} INFO - Broker version identified as 2.5.0
[2024-10-30T06:23:55.453+0000] {conn.py:1268} INFO - Set configuration api_version=(2, 5, 0) to skip auto check_version requests on startup
[2024-10-30T06:23:55.880+0000] {logging_mixin.py:188} INFO - oke
[2024-10-30T06:23:55.881+0000] {conn.py:380} INFO - <BrokerConnection node_id=1 host=broker:29092 <connecting> [IPv4 ('172.18.0.10', 29092)]>: connecting to broker:29092 [('172.18.0.10', 29092) IPv4]
[2024-10-30T06:23:55.884+0000] {conn.py:410} INFO - <BrokerConnection node_id=1 host=broker:29092 <connecting> [IPv4 ('172.18.0.10', 29092)]>: Connection complete.
[2024-10-30T06:23:55.884+0000] {conn.py:919} INFO - <BrokerConnection node_id=bootstrap-0 host=broker:29092 <connected> [IPv4 ('172.18.0.10', 29092)]>: Closing connection. 
[2024-10-30T06:23:56.292+0000] {logging_mixin.py:188} INFO - oke
[2024-10-30T06:23:56.644+0000] {logging_mixin.py:188} INFO - oke
[2024-10-30T06:23:57.001+0000] {logging_mixin.py:188} INFO - oke
[2024-10-30T06:23:57.405+0000] {logging_mixin.py:188} INFO - oke
[2024-10-30T06:23:57.809+0000] {logging_mixin.py:188} INFO - oke
[2024-10-30T06:23:58.210+0000] {logging_mixin.py:188} INFO - oke
[2024-10-30T06:23:58.619+0000] {logging_mixin.py:188} INFO - oke
[2024-10-30T06:23:59.092+0000] {logging_mixin.py:188} INFO - oke
[2024-10-30T06:23:59.719+0000] {logging_mixin.py:188} INFO - oke
[2024-10-30T06:24:00.418+0000] {logging_mixin.py:188} INFO - oke
[2024-10-30T06:24:00.932+0000] {logging_mixin.py:188} INFO - oke
[2024-10-30T06:24:01.329+0000] {logging_mixin.py:188} INFO - oke
[2024-10-30T06:24:01.763+0000] {logging_mixin.py:188} INFO - oke
[2024-10-30T06:24:02.591+0000] {logging_mixin.py:188} INFO - oke
[2024-10-30T06:24:03.026+0000] {logging_mixin.py:188} INFO - oke
[2024-10-30T06:24:03.540+0000] {logging_mixin.py:188} INFO - oke
[2024-10-30T06:24:04.221+0000] {logging_mixin.py:188} INFO - oke
[2024-10-30T06:24:05.047+0000] {logging_mixin.py:188} INFO - oke
[2024-10-30T06:24:05.397+0000] {logging_mixin.py:188} INFO - oke
[2024-10-30T06:24:05.751+0000] {logging_mixin.py:188} INFO - oke
[2024-10-30T06:24:06.311+0000] {logging_mixin.py:188} INFO - oke
[2024-10-30T06:24:06.744+0000] {logging_mixin.py:188} INFO - oke
[2024-10-30T06:24:07.107+0000] {logging_mixin.py:188} INFO - oke
[2024-10-30T06:24:07.521+0000] {logging_mixin.py:188} INFO - oke
[2024-10-30T06:24:07.888+0000] {logging_mixin.py:188} INFO - oke
[2024-10-30T06:24:08.302+0000] {logging_mixin.py:188} INFO - oke
[2024-10-30T06:24:08.707+0000] {logging_mixin.py:188} INFO - oke
[2024-10-30T06:24:09.131+0000] {logging_mixin.py:188} INFO - oke
[2024-10-30T06:24:09.553+0000] {logging_mixin.py:188} INFO - oke
[2024-10-30T06:24:09.946+0000] {logging_mixin.py:188} INFO - oke
[2024-10-30T06:24:10.352+0000] {logging_mixin.py:188} INFO - oke
[2024-10-30T06:24:10.754+0000] {logging_mixin.py:188} INFO - oke
[2024-10-30T06:24:11.132+0000] {logging_mixin.py:188} INFO - oke
[2024-10-30T06:24:11.549+0000] {logging_mixin.py:188} INFO - oke
[2024-10-30T06:24:11.937+0000] {logging_mixin.py:188} INFO - oke
[2024-10-30T06:24:12.338+0000] {logging_mixin.py:188} INFO - oke
[2024-10-30T06:24:12.769+0000] {logging_mixin.py:188} INFO - oke
[2024-10-30T06:24:13.186+0000] {logging_mixin.py:188} INFO - oke
[2024-10-30T06:24:14.043+0000] {logging_mixin.py:188} INFO - oke
[2024-10-30T06:24:14.446+0000] {logging_mixin.py:188} INFO - oke
[2024-10-30T06:24:14.855+0000] {logging_mixin.py:188} INFO - oke
[2024-10-30T06:24:15.220+0000] {logging_mixin.py:188} INFO - oke
[2024-10-30T06:24:15.588+0000] {logging_mixin.py:188} INFO - oke
[2024-10-30T06:24:15.990+0000] {logging_mixin.py:188} INFO - oke
[2024-10-30T06:24:16.381+0000] {logging_mixin.py:188} INFO - oke
[2024-10-30T06:24:16.742+0000] {logging_mixin.py:188} INFO - oke
[2024-10-30T06:24:17.107+0000] {logging_mixin.py:188} INFO - oke
[2024-10-30T06:24:17.934+0000] {logging_mixin.py:188} INFO - oke
[2024-10-30T06:24:18.342+0000] {logging_mixin.py:188} INFO - oke
[2024-10-30T06:24:18.734+0000] {logging_mixin.py:188} INFO - oke
[2024-10-30T06:24:19.089+0000] {logging_mixin.py:188} INFO - oke
[2024-10-30T06:24:19.538+0000] {logging_mixin.py:188} INFO - oke
[2024-10-30T06:24:20.010+0000] {logging_mixin.py:188} INFO - oke
[2024-10-30T06:24:20.427+0000] {logging_mixin.py:188} INFO - oke
[2024-10-30T06:24:20.832+0000] {logging_mixin.py:188} INFO - oke
[2024-10-30T06:24:21.522+0000] {logging_mixin.py:188} INFO - oke
[2024-10-30T06:24:23.284+0000] {logging_mixin.py:188} INFO - oke
[2024-10-30T06:24:24.642+0000] {logging_mixin.py:188} INFO - oke
[2024-10-30T06:24:25.012+0000] {logging_mixin.py:188} INFO - oke
[2024-10-30T06:24:25.797+0000] {logging_mixin.py:188} INFO - oke
[2024-10-30T06:24:25.801+0000] {conn.py:919} INFO - <BrokerConnection node_id=1 host=broker:29092 <connected> [IPv4 ('172.18.0.10', 29092)]>: Closing connection. 
[2024-10-30T06:24:25.802+0000] {python.py:202} INFO - Done. Returned value was: None
[2024-10-30T06:24:25.811+0000] {taskinstance.py:1149} INFO - Marking task as SUCCESS. dag_id=user_automation, task_id=stream_data_from_api, execution_date=20241030T062354, start_date=20241030T062355, end_date=20241030T062425
[2024-10-30T06:24:25.839+0000] {local_task_job_runner.py:234} INFO - Task exited with return code 0
[2024-10-30T06:24:25.856+0000] {taskinstance.py:3312} INFO - 0 downstream tasks scheduled from follow-on schedule check
