[2024-10-17T09:33:55.089+0000] {taskinstance.py:1979} INFO - Dependencies all met for dep_context=non-requeueable deps ti=<TaskInstance: user_automation.stream_data_from_api manual__2024-10-17T09:33:53.708668+00:00 [queued]>
[2024-10-17T09:33:55.102+0000] {taskinstance.py:1979} INFO - Dependencies all met for dep_context=requeueable deps ti=<TaskInstance: user_automation.stream_data_from_api manual__2024-10-17T09:33:53.708668+00:00 [queued]>
[2024-10-17T09:33:55.103+0000] {taskinstance.py:2193} INFO - Starting attempt 1 of 1
[2024-10-17T09:33:55.118+0000] {taskinstance.py:2217} INFO - Executing <Task(PythonOperator): stream_data_from_api> on 2024-10-17 09:33:53.708668+00:00
[2024-10-17T09:33:55.124+0000] {standard_task_runner.py:60} INFO - Started process 4752 to run task
[2024-10-17T09:33:55.127+0000] {standard_task_runner.py:87} INFO - Running: ['***', 'tasks', 'run', 'user_automation', 'stream_data_from_api', 'manual__2024-10-17T09:33:53.708668+00:00', '--job-id', '13', '--raw', '--subdir', 'DAGS_FOLDER/my_dag.py', '--cfg-path', '/tmp/tmpp0drvxkt']
[2024-10-17T09:33:55.128+0000] {standard_task_runner.py:88} INFO - Job 13: Subtask stream_data_from_api
[2024-10-17T09:33:55.171+0000] {task_command.py:423} INFO - Running <TaskInstance: user_automation.stream_data_from_api manual__2024-10-17T09:33:53.708668+00:00 [running]> on host 5e2d829f4d1d
[2024-10-17T09:33:55.291+0000] {taskinstance.py:2513} INFO - Exporting env vars: AIRFLOW_CTX_DAG_OWNER='airscholar' AIRFLOW_CTX_DAG_ID='user_automation' AIRFLOW_CTX_TASK_ID='stream_data_from_api' AIRFLOW_CTX_EXECUTION_DATE='2024-10-17T09:33:53.708668+00:00' AIRFLOW_CTX_TRY_NUMBER='1' AIRFLOW_CTX_DAG_RUN_ID='manual__2024-10-17T09:33:53.708668+00:00'
[2024-10-17T09:33:55.396+0000] {conn.py:380} INFO - <BrokerConnection node_id=bootstrap-0 host=broker:29092 <connecting> [IPv4 ('172.18.0.15', 29092)]>: connecting to broker:29092 [('172.18.0.15', 29092) IPv4]
[2024-10-17T09:33:55.398+0000] {conn.py:1205} INFO - Probing node bootstrap-0 broker version
[2024-10-17T09:33:55.399+0000] {conn.py:410} INFO - <BrokerConnection node_id=bootstrap-0 host=broker:29092 <connecting> [IPv4 ('172.18.0.15', 29092)]>: Connection complete.
[2024-10-17T09:33:55.504+0000] {conn.py:1267} INFO - Broker version identified as 2.5.0
[2024-10-17T09:33:55.505+0000] {conn.py:1268} INFO - Set configuration api_version=(2, 5, 0) to skip auto check_version requests on startup
[2024-10-17T09:33:56.066+0000] {logging_mixin.py:188} INFO - oke
[2024-10-17T09:33:56.069+0000] {conn.py:380} INFO - <BrokerConnection node_id=1 host=broker:29092 <connecting> [IPv4 ('172.18.0.15', 29092)]>: connecting to broker:29092 [('172.18.0.15', 29092) IPv4]
[2024-10-17T09:33:56.070+0000] {conn.py:410} INFO - <BrokerConnection node_id=1 host=broker:29092 <connecting> [IPv4 ('172.18.0.15', 29092)]>: Connection complete.
[2024-10-17T09:33:56.071+0000] {conn.py:919} INFO - <BrokerConnection node_id=bootstrap-0 host=broker:29092 <connected> [IPv4 ('172.18.0.15', 29092)]>: Closing connection. 
[2024-10-17T09:33:56.500+0000] {logging_mixin.py:188} INFO - oke
[2024-10-17T09:33:56.905+0000] {logging_mixin.py:188} INFO - oke
[2024-10-17T09:33:57.321+0000] {logging_mixin.py:188} INFO - oke
[2024-10-17T09:33:57.788+0000] {logging_mixin.py:188} INFO - oke
[2024-10-17T09:33:58.278+0000] {logging_mixin.py:188} INFO - oke
[2024-10-17T09:33:58.702+0000] {logging_mixin.py:188} INFO - oke
[2024-10-17T09:33:59.136+0000] {logging_mixin.py:188} INFO - oke
[2024-10-17T09:33:59.514+0000] {logging_mixin.py:188} INFO - oke
[2024-10-17T09:33:59.954+0000] {logging_mixin.py:188} INFO - oke
[2024-10-17T09:34:00.389+0000] {logging_mixin.py:188} INFO - oke
[2024-10-17T09:34:00.805+0000] {logging_mixin.py:188} INFO - oke
[2024-10-17T09:34:01.228+0000] {logging_mixin.py:188} INFO - oke
[2024-10-17T09:34:01.672+0000] {logging_mixin.py:188} INFO - oke
[2024-10-17T09:34:02.101+0000] {logging_mixin.py:188} INFO - oke
[2024-10-17T09:34:02.465+0000] {logging_mixin.py:188} INFO - oke
[2024-10-17T09:34:02.909+0000] {logging_mixin.py:188} INFO - oke
[2024-10-17T09:34:03.359+0000] {logging_mixin.py:188} INFO - oke
[2024-10-17T09:34:03.755+0000] {logging_mixin.py:188} INFO - oke
[2024-10-17T09:34:04.206+0000] {logging_mixin.py:188} INFO - oke
[2024-10-17T09:34:04.638+0000] {logging_mixin.py:188} INFO - oke
[2024-10-17T09:34:05.089+0000] {logging_mixin.py:188} INFO - oke
[2024-10-17T09:34:06.173+0000] {logging_mixin.py:188} INFO - oke
[2024-10-17T09:34:06.745+0000] {logging_mixin.py:188} INFO - oke
[2024-10-17T09:34:07.130+0000] {logging_mixin.py:188} INFO - oke
[2024-10-17T09:34:07.590+0000] {logging_mixin.py:188} INFO - oke
[2024-10-17T09:34:08.021+0000] {logging_mixin.py:188} INFO - oke
[2024-10-17T09:34:08.472+0000] {logging_mixin.py:188} INFO - oke
[2024-10-17T09:34:08.917+0000] {logging_mixin.py:188} INFO - oke
[2024-10-17T09:34:09.385+0000] {logging_mixin.py:188} INFO - oke
[2024-10-17T09:34:09.838+0000] {logging_mixin.py:188} INFO - oke
[2024-10-17T09:34:10.293+0000] {logging_mixin.py:188} INFO - oke
[2024-10-17T09:34:11.438+0000] {logging_mixin.py:188} INFO - oke
[2024-10-17T09:34:11.862+0000] {logging_mixin.py:188} INFO - oke
[2024-10-17T09:34:12.287+0000] {logging_mixin.py:188} INFO - oke
[2024-10-17T09:34:12.685+0000] {logging_mixin.py:188} INFO - oke
[2024-10-17T09:34:13.123+0000] {logging_mixin.py:188} INFO - oke
[2024-10-17T09:34:13.495+0000] {logging_mixin.py:188} INFO - oke
[2024-10-17T09:34:13.920+0000] {logging_mixin.py:188} INFO - oke
[2024-10-17T09:34:14.346+0000] {logging_mixin.py:188} INFO - oke
[2024-10-17T09:34:14.728+0000] {logging_mixin.py:188} INFO - oke
[2024-10-17T09:34:15.151+0000] {logging_mixin.py:188} INFO - oke
[2024-10-17T09:34:15.584+0000] {logging_mixin.py:188} INFO - oke
[2024-10-17T09:34:15.966+0000] {logging_mixin.py:188} INFO - oke
[2024-10-17T09:34:16.409+0000] {logging_mixin.py:188} INFO - oke
[2024-10-17T09:34:16.768+0000] {logging_mixin.py:188} INFO - oke
[2024-10-17T09:34:17.211+0000] {logging_mixin.py:188} INFO - oke
[2024-10-17T09:34:17.679+0000] {logging_mixin.py:188} INFO - oke
[2024-10-17T09:34:18.595+0000] {logging_mixin.py:188} INFO - oke
[2024-10-17T09:34:19.046+0000] {logging_mixin.py:188} INFO - oke
[2024-10-17T09:34:19.430+0000] {logging_mixin.py:188} INFO - oke
[2024-10-17T09:34:19.875+0000] {logging_mixin.py:188} INFO - oke
[2024-10-17T09:34:20.474+0000] {logging_mixin.py:188} INFO - oke
[2024-10-17T09:34:20.915+0000] {logging_mixin.py:188} INFO - oke
[2024-10-17T09:34:21.295+0000] {logging_mixin.py:188} INFO - oke
[2024-10-17T09:34:21.733+0000] {logging_mixin.py:188} INFO - oke
[2024-10-17T09:34:22.165+0000] {logging_mixin.py:188} INFO - oke
[2024-10-17T09:34:22.546+0000] {logging_mixin.py:188} INFO - oke
[2024-10-17T09:34:22.986+0000] {logging_mixin.py:188} INFO - oke
[2024-10-17T09:34:23.428+0000] {logging_mixin.py:188} INFO - oke
[2024-10-17T09:34:23.898+0000] {logging_mixin.py:188} INFO - oke
[2024-10-17T09:34:24.315+0000] {logging_mixin.py:188} INFO - oke
[2024-10-17T09:34:24.775+0000] {logging_mixin.py:188} INFO - oke
[2024-10-17T09:34:25.156+0000] {logging_mixin.py:188} INFO - oke
[2024-10-17T09:34:25.907+0000] {logging_mixin.py:188} INFO - oke
[2024-10-17T09:34:26.365+0000] {logging_mixin.py:188} INFO - oke
[2024-10-17T09:34:27.229+0000] {logging_mixin.py:188} INFO - oke
[2024-10-17T09:34:27.692+0000] {logging_mixin.py:188} INFO - oke
[2024-10-17T09:34:28.165+0000] {logging_mixin.py:188} INFO - oke
[2024-10-17T09:34:28.558+0000] {logging_mixin.py:188} INFO - oke
[2024-10-17T09:34:29.015+0000] {logging_mixin.py:188} INFO - oke
[2024-10-17T09:34:29.460+0000] {logging_mixin.py:188} INFO - oke
[2024-10-17T09:34:30.382+0000] {logging_mixin.py:188} INFO - oke
[2024-10-17T09:34:30.794+0000] {logging_mixin.py:188} INFO - oke
[2024-10-17T09:34:31.229+0000] {logging_mixin.py:188} INFO - oke
[2024-10-17T09:34:31.655+0000] {logging_mixin.py:188} INFO - oke
[2024-10-17T09:34:32.154+0000] {logging_mixin.py:188} INFO - oke
[2024-10-17T09:34:32.602+0000] {logging_mixin.py:188} INFO - oke
[2024-10-17T09:34:33.105+0000] {logging_mixin.py:188} INFO - oke
[2024-10-17T09:34:35.861+0000] {logging_mixin.py:188} INFO - oke
[2024-10-17T09:34:36.604+0000] {logging_mixin.py:188} INFO - oke
[2024-10-17T09:34:37.062+0000] {logging_mixin.py:188} INFO - oke
[2024-10-17T09:34:37.566+0000] {logging_mixin.py:188} INFO - oke
[2024-10-17T09:34:37.991+0000] {logging_mixin.py:188} INFO - oke
[2024-10-17T09:34:38.414+0000] {logging_mixin.py:188} INFO - oke
[2024-10-17T09:34:38.806+0000] {logging_mixin.py:188} INFO - oke
[2024-10-17T09:34:39.666+0000] {logging_mixin.py:188} INFO - oke
[2024-10-17T09:34:40.067+0000] {logging_mixin.py:188} INFO - oke
[2024-10-17T09:34:40.539+0000] {logging_mixin.py:188} INFO - oke
[2024-10-17T09:34:40.947+0000] {logging_mixin.py:188} INFO - oke
[2024-10-17T09:34:41.398+0000] {logging_mixin.py:188} INFO - oke
[2024-10-17T09:34:41.814+0000] {logging_mixin.py:188} INFO - oke
[2024-10-17T09:34:42.238+0000] {logging_mixin.py:188} INFO - oke
[2024-10-17T09:34:42.606+0000] {logging_mixin.py:188} INFO - oke
[2024-10-17T09:34:43.045+0000] {logging_mixin.py:188} INFO - oke
[2024-10-17T09:34:43.504+0000] {logging_mixin.py:188} INFO - oke
[2024-10-17T09:34:43.927+0000] {logging_mixin.py:188} INFO - oke
[2024-10-17T09:34:44.825+0000] {logging_mixin.py:188} INFO - oke
[2024-10-17T09:34:45.193+0000] {logging_mixin.py:188} INFO - oke
[2024-10-17T09:34:45.641+0000] {logging_mixin.py:188} INFO - oke
[2024-10-17T09:34:46.078+0000] {logging_mixin.py:188} INFO - oke
[2024-10-17T09:34:46.451+0000] {logging_mixin.py:188} INFO - oke
[2024-10-17T09:34:46.862+0000] {logging_mixin.py:188} INFO - oke
[2024-10-17T09:34:47.249+0000] {logging_mixin.py:188} INFO - oke
[2024-10-17T09:34:47.625+0000] {logging_mixin.py:188} INFO - oke
[2024-10-17T09:34:48.063+0000] {logging_mixin.py:188} INFO - oke
[2024-10-17T09:34:48.690+0000] {logging_mixin.py:188} INFO - oke
[2024-10-17T09:34:49.212+0000] {logging_mixin.py:188} INFO - oke
[2024-10-17T09:34:49.672+0000] {logging_mixin.py:188} INFO - oke
[2024-10-17T09:34:50.038+0000] {logging_mixin.py:188} INFO - oke
[2024-10-17T09:34:50.485+0000] {logging_mixin.py:188} INFO - oke
[2024-10-17T09:34:50.921+0000] {logging_mixin.py:188} INFO - oke
[2024-10-17T09:34:51.344+0000] {logging_mixin.py:188} INFO - oke
[2024-10-17T09:34:51.770+0000] {logging_mixin.py:188} INFO - oke
[2024-10-17T09:34:52.216+0000] {logging_mixin.py:188} INFO - oke
[2024-10-17T09:34:52.695+0000] {logging_mixin.py:188} INFO - oke
[2024-10-17T09:34:53.108+0000] {logging_mixin.py:188} INFO - oke
[2024-10-17T09:34:53.624+0000] {logging_mixin.py:188} INFO - oke
[2024-10-17T09:34:54.063+0000] {logging_mixin.py:188} INFO - oke
[2024-10-17T09:34:54.440+0000] {logging_mixin.py:188} INFO - oke
[2024-10-17T09:34:54.839+0000] {logging_mixin.py:188} INFO - oke
[2024-10-17T09:34:55.902+0000] {logging_mixin.py:188} INFO - oke
[2024-10-17T09:34:55.905+0000] {conn.py:919} INFO - <BrokerConnection node_id=1 host=broker:29092 <connected> [IPv4 ('172.18.0.15', 29092)]>: Closing connection. 
[2024-10-17T09:34:55.906+0000] {python.py:202} INFO - Done. Returned value was: None
[2024-10-17T09:34:55.921+0000] {taskinstance.py:1149} INFO - Marking task as SUCCESS. dag_id=user_automation, task_id=stream_data_from_api, execution_date=20241017T093353, start_date=20241017T093355, end_date=20241017T093455
[2024-10-17T09:34:55.968+0000] {local_task_job_runner.py:234} INFO - Task exited with return code 0
[2024-10-17T09:34:55.992+0000] {taskinstance.py:3312} INFO - 0 downstream tasks scheduled from follow-on schedule check
