[2024-10-27T19:30:18.510+0000] {taskinstance.py:1979} INFO - Dependencies all met for dep_context=non-requeueable deps ti=<TaskInstance: user_automation.stream_data_from_api manual__2024-10-27T19:30:16.968584+00:00 [queued]>
[2024-10-27T19:30:18.526+0000] {taskinstance.py:1979} INFO - Dependencies all met for dep_context=requeueable deps ti=<TaskInstance: user_automation.stream_data_from_api manual__2024-10-27T19:30:16.968584+00:00 [queued]>
[2024-10-27T19:30:18.527+0000] {taskinstance.py:2193} INFO - Starting attempt 1 of 1
[2024-10-27T19:30:18.542+0000] {taskinstance.py:2217} INFO - Executing <Task(PythonOperator): stream_data_from_api> on 2024-10-27 19:30:16.968584+00:00
[2024-10-27T19:30:18.550+0000] {standard_task_runner.py:60} INFO - Started process 6417 to run task
[2024-10-27T19:30:18.554+0000] {standard_task_runner.py:87} INFO - Running: ['***', 'tasks', 'run', 'user_automation', 'stream_data_from_api', 'manual__2024-10-27T19:30:16.968584+00:00', '--job-id', '8', '--raw', '--subdir', 'DAGS_FOLDER/my_dag.py', '--cfg-path', '/tmp/tmp_6wwt760']
[2024-10-27T19:30:18.555+0000] {standard_task_runner.py:88} INFO - Job 8: Subtask stream_data_from_api
[2024-10-27T19:30:18.615+0000] {task_command.py:423} INFO - Running <TaskInstance: user_automation.stream_data_from_api manual__2024-10-27T19:30:16.968584+00:00 [running]> on host 40a6e359d100
[2024-10-27T19:30:18.701+0000] {taskinstance.py:2513} INFO - Exporting env vars: AIRFLOW_CTX_DAG_OWNER='airscholar' AIRFLOW_CTX_DAG_ID='user_automation' AIRFLOW_CTX_TASK_ID='stream_data_from_api' AIRFLOW_CTX_EXECUTION_DATE='2024-10-27T19:30:16.968584+00:00' AIRFLOW_CTX_TRY_NUMBER='1' AIRFLOW_CTX_DAG_RUN_ID='manual__2024-10-27T19:30:16.968584+00:00'
[2024-10-27T19:30:18.753+0000] {conn.py:380} INFO - <BrokerConnection node_id=bootstrap-0 host=broker:29092 <connecting> [IPv4 ('172.18.0.11', 29092)]>: connecting to broker:29092 [('172.18.0.11', 29092) IPv4]
[2024-10-27T19:30:18.754+0000] {conn.py:1205} INFO - Probing node bootstrap-0 broker version
[2024-10-27T19:30:18.756+0000] {conn.py:410} INFO - <BrokerConnection node_id=bootstrap-0 host=broker:29092 <connecting> [IPv4 ('172.18.0.11', 29092)]>: Connection complete.
[2024-10-27T19:30:18.863+0000] {conn.py:1267} INFO - Broker version identified as 2.5.0
[2024-10-27T19:30:18.865+0000] {conn.py:1268} INFO - Set configuration api_version=(2, 5, 0) to skip auto check_version requests on startup
[2024-10-27T19:30:19.288+0000] {logging_mixin.py:188} INFO - oke
[2024-10-27T19:30:19.290+0000] {conn.py:380} INFO - <BrokerConnection node_id=1 host=broker:29092 <connecting> [IPv4 ('172.18.0.11', 29092)]>: connecting to broker:29092 [('172.18.0.11', 29092) IPv4]
[2024-10-27T19:30:19.293+0000] {conn.py:410} INFO - <BrokerConnection node_id=1 host=broker:29092 <connecting> [IPv4 ('172.18.0.11', 29092)]>: Connection complete.
[2024-10-27T19:30:19.294+0000] {conn.py:919} INFO - <BrokerConnection node_id=bootstrap-0 host=broker:29092 <connected> [IPv4 ('172.18.0.11', 29092)]>: Closing connection. 
[2024-10-27T19:30:19.671+0000] {logging_mixin.py:188} INFO - oke
[2024-10-27T19:30:20.018+0000] {logging_mixin.py:188} INFO - oke
[2024-10-27T19:30:20.366+0000] {logging_mixin.py:188} INFO - oke
[2024-10-27T19:30:20.722+0000] {logging_mixin.py:188} INFO - oke
[2024-10-27T19:30:21.086+0000] {logging_mixin.py:188} INFO - oke
[2024-10-27T19:30:21.444+0000] {logging_mixin.py:188} INFO - oke
[2024-10-27T19:30:21.829+0000] {logging_mixin.py:188} INFO - oke
[2024-10-27T19:30:22.175+0000] {logging_mixin.py:188} INFO - oke
[2024-10-27T19:30:22.520+0000] {logging_mixin.py:188} INFO - oke
[2024-10-27T19:30:22.863+0000] {logging_mixin.py:188} INFO - oke
[2024-10-27T19:30:23.230+0000] {logging_mixin.py:188} INFO - oke
[2024-10-27T19:30:23.604+0000] {logging_mixin.py:188} INFO - oke
[2024-10-27T19:30:24.177+0000] {logging_mixin.py:188} INFO - oke
[2024-10-27T19:30:24.615+0000] {logging_mixin.py:188} INFO - oke
[2024-10-27T19:30:25.220+0000] {logging_mixin.py:188} INFO - oke
[2024-10-27T19:30:25.639+0000] {logging_mixin.py:188} INFO - oke
[2024-10-27T19:30:26.011+0000] {logging_mixin.py:188} INFO - oke
[2024-10-27T19:30:26.360+0000] {logging_mixin.py:188} INFO - oke
[2024-10-27T19:30:26.733+0000] {logging_mixin.py:188} INFO - oke
[2024-10-27T19:30:27.073+0000] {logging_mixin.py:188} INFO - oke
[2024-10-27T19:30:27.424+0000] {logging_mixin.py:188} INFO - oke
[2024-10-27T19:30:28.064+0000] {logging_mixin.py:188} INFO - oke
[2024-10-27T19:30:28.419+0000] {logging_mixin.py:188} INFO - oke
[2024-10-27T19:30:28.769+0000] {logging_mixin.py:188} INFO - oke
[2024-10-27T19:30:29.136+0000] {logging_mixin.py:188} INFO - oke
[2024-10-27T19:30:29.507+0000] {logging_mixin.py:188} INFO - oke
[2024-10-27T19:30:29.958+0000] {logging_mixin.py:188} INFO - oke
[2024-10-27T19:30:30.340+0000] {logging_mixin.py:188} INFO - oke
[2024-10-27T19:30:30.701+0000] {logging_mixin.py:188} INFO - oke
[2024-10-27T19:30:31.046+0000] {logging_mixin.py:188} INFO - oke
[2024-10-27T19:30:31.405+0000] {logging_mixin.py:188} INFO - oke
[2024-10-27T19:30:31.844+0000] {logging_mixin.py:188} INFO - oke
[2024-10-27T19:30:32.229+0000] {logging_mixin.py:188} INFO - oke
[2024-10-27T19:30:32.738+0000] {logging_mixin.py:188} INFO - oke
[2024-10-27T19:30:33.083+0000] {logging_mixin.py:188} INFO - oke
[2024-10-27T19:30:34.148+0000] {logging_mixin.py:188} INFO - oke
[2024-10-27T19:30:34.500+0000] {logging_mixin.py:188} INFO - oke
[2024-10-27T19:30:34.850+0000] {logging_mixin.py:188} INFO - oke
[2024-10-27T19:30:35.250+0000] {logging_mixin.py:188} INFO - oke
[2024-10-27T19:30:35.655+0000] {logging_mixin.py:188} INFO - oke
[2024-10-27T19:30:36.003+0000] {logging_mixin.py:188} INFO - oke
[2024-10-27T19:30:37.063+0000] {logging_mixin.py:188} INFO - oke
[2024-10-27T19:30:37.402+0000] {logging_mixin.py:188} INFO - oke
[2024-10-27T19:30:37.745+0000] {logging_mixin.py:188} INFO - oke
[2024-10-27T19:30:38.095+0000] {logging_mixin.py:188} INFO - oke
[2024-10-27T19:30:38.627+0000] {logging_mixin.py:188} INFO - oke
[2024-10-27T19:30:38.981+0000] {logging_mixin.py:188} INFO - oke
[2024-10-27T19:30:39.336+0000] {logging_mixin.py:188} INFO - oke
[2024-10-27T19:30:39.713+0000] {logging_mixin.py:188} INFO - oke
[2024-10-27T19:30:40.067+0000] {logging_mixin.py:188} INFO - oke
[2024-10-27T19:30:40.538+0000] {logging_mixin.py:188} INFO - oke
[2024-10-27T19:30:40.895+0000] {logging_mixin.py:188} INFO - oke
[2024-10-27T19:30:41.257+0000] {logging_mixin.py:188} INFO - oke
[2024-10-27T19:30:41.615+0000] {logging_mixin.py:188} INFO - oke
[2024-10-27T19:30:42.131+0000] {logging_mixin.py:188} INFO - oke
[2024-10-27T19:30:42.487+0000] {logging_mixin.py:188} INFO - oke
[2024-10-27T19:30:42.852+0000] {logging_mixin.py:188} INFO - oke
[2024-10-27T19:30:43.203+0000] {logging_mixin.py:188} INFO - oke
[2024-10-27T19:30:43.602+0000] {logging_mixin.py:188} INFO - oke
[2024-10-27T19:30:43.989+0000] {logging_mixin.py:188} INFO - oke
[2024-10-27T19:30:44.379+0000] {logging_mixin.py:188} INFO - oke
[2024-10-27T19:30:44.738+0000] {logging_mixin.py:188} INFO - oke
[2024-10-27T19:30:45.085+0000] {logging_mixin.py:188} INFO - oke
[2024-10-27T19:30:45.422+0000] {logging_mixin.py:188} INFO - oke
[2024-10-27T19:30:45.765+0000] {logging_mixin.py:188} INFO - oke
[2024-10-27T19:30:46.153+0000] {logging_mixin.py:188} INFO - oke
[2024-10-27T19:30:46.529+0000] {logging_mixin.py:188} INFO - oke
[2024-10-27T19:30:46.898+0000] {logging_mixin.py:188} INFO - oke
[2024-10-27T19:30:47.409+0000] {logging_mixin.py:188} INFO - oke
[2024-10-27T19:30:47.781+0000] {logging_mixin.py:188} INFO - oke
[2024-10-27T19:30:48.529+0000] {logging_mixin.py:188} INFO - oke
[2024-10-27T19:30:49.109+0000] {logging_mixin.py:188} INFO - oke
[2024-10-27T19:30:49.113+0000] {conn.py:919} INFO - <BrokerConnection node_id=1 host=broker:29092 <connected> [IPv4 ('172.18.0.11', 29092)]>: Closing connection. 
[2024-10-27T19:30:49.114+0000] {python.py:202} INFO - Done. Returned value was: None
[2024-10-27T19:30:49.126+0000] {taskinstance.py:1149} INFO - Marking task as SUCCESS. dag_id=user_automation, task_id=stream_data_from_api, execution_date=20241027T193016, start_date=20241027T193018, end_date=20241027T193049
[2024-10-27T19:30:49.163+0000] {local_task_job_runner.py:234} INFO - Task exited with return code 0
[2024-10-27T19:30:49.183+0000] {taskinstance.py:3312} INFO - 0 downstream tasks scheduled from follow-on schedule check
