[2024-10-27T11:28:15.163+0000] {taskinstance.py:1979} INFO - Dependencies all met for dep_context=non-requeueable deps ti=<TaskInstance: user_automation.stream_data_from_api manual__2024-10-27T11:28:14.288489+00:00 [queued]>
[2024-10-27T11:28:15.172+0000] {taskinstance.py:1979} INFO - Dependencies all met for dep_context=requeueable deps ti=<TaskInstance: user_automation.stream_data_from_api manual__2024-10-27T11:28:14.288489+00:00 [queued]>
[2024-10-27T11:28:15.173+0000] {taskinstance.py:2193} INFO - Starting attempt 1 of 1
[2024-10-27T11:28:15.187+0000] {taskinstance.py:2217} INFO - Executing <Task(PythonOperator): stream_data_from_api> on 2024-10-27 11:28:14.288489+00:00
[2024-10-27T11:28:15.193+0000] {standard_task_runner.py:60} INFO - Started process 229 to run task
[2024-10-27T11:28:15.196+0000] {standard_task_runner.py:87} INFO - Running: ['***', 'tasks', 'run', 'user_automation', 'stream_data_from_api', 'manual__2024-10-27T11:28:14.288489+00:00', '--job-id', '4', '--raw', '--subdir', 'DAGS_FOLDER/my_dag.py', '--cfg-path', '/tmp/tmpkamdq5gs']
[2024-10-27T11:28:15.198+0000] {standard_task_runner.py:88} INFO - Job 4: Subtask stream_data_from_api
[2024-10-27T11:28:15.249+0000] {task_command.py:423} INFO - Running <TaskInstance: user_automation.stream_data_from_api manual__2024-10-27T11:28:14.288489+00:00 [running]> on host 40a6e359d100
[2024-10-27T11:28:15.328+0000] {taskinstance.py:2513} INFO - Exporting env vars: AIRFLOW_CTX_DAG_OWNER='airscholar' AIRFLOW_CTX_DAG_ID='user_automation' AIRFLOW_CTX_TASK_ID='stream_data_from_api' AIRFLOW_CTX_EXECUTION_DATE='2024-10-27T11:28:14.288489+00:00' AIRFLOW_CTX_TRY_NUMBER='1' AIRFLOW_CTX_DAG_RUN_ID='manual__2024-10-27T11:28:14.288489+00:00'
[2024-10-27T11:28:15.380+0000] {conn.py:380} INFO - <BrokerConnection node_id=bootstrap-0 host=broker:29092 <connecting> [IPv4 ('172.18.0.11', 29092)]>: connecting to broker:29092 [('172.18.0.11', 29092) IPv4]
[2024-10-27T11:28:15.381+0000] {conn.py:1205} INFO - Probing node bootstrap-0 broker version
[2024-10-27T11:28:15.383+0000] {conn.py:410} INFO - <BrokerConnection node_id=bootstrap-0 host=broker:29092 <connecting> [IPv4 ('172.18.0.11', 29092)]>: Connection complete.
[2024-10-27T11:28:15.489+0000] {conn.py:1267} INFO - Broker version identified as 2.5.0
[2024-10-27T11:28:15.490+0000] {conn.py:1268} INFO - Set configuration api_version=(2, 5, 0) to skip auto check_version requests on startup
[2024-10-27T11:28:15.857+0000] {logging_mixin.py:188} INFO - oke
[2024-10-27T11:28:15.858+0000] {conn.py:380} INFO - <BrokerConnection node_id=1 host=broker:29092 <connecting> [IPv4 ('172.18.0.11', 29092)]>: connecting to broker:29092 [('172.18.0.11', 29092) IPv4]
[2024-10-27T11:28:15.861+0000] {conn.py:410} INFO - <BrokerConnection node_id=1 host=broker:29092 <connecting> [IPv4 ('172.18.0.11', 29092)]>: Connection complete.
[2024-10-27T11:28:15.862+0000] {conn.py:919} INFO - <BrokerConnection node_id=bootstrap-0 host=broker:29092 <connected> [IPv4 ('172.18.0.11', 29092)]>: Closing connection. 
[2024-10-27T11:28:16.201+0000] {logging_mixin.py:188} INFO - oke
[2024-10-27T11:28:16.558+0000] {logging_mixin.py:188} INFO - oke
[2024-10-27T11:28:16.934+0000] {logging_mixin.py:188} INFO - oke
[2024-10-27T11:28:17.603+0000] {logging_mixin.py:188} INFO - oke
[2024-10-27T11:28:17.965+0000] {logging_mixin.py:188} INFO - oke
[2024-10-27T11:28:18.336+0000] {logging_mixin.py:188} INFO - oke
[2024-10-27T11:28:18.795+0000] {logging_mixin.py:188} INFO - oke
[2024-10-27T11:28:19.352+0000] {logging_mixin.py:188} INFO - oke
[2024-10-27T11:28:19.722+0000] {logging_mixin.py:188} INFO - oke
[2024-10-27T11:28:20.093+0000] {logging_mixin.py:188} INFO - oke
[2024-10-27T11:28:20.448+0000] {logging_mixin.py:188} INFO - oke
[2024-10-27T11:28:20.820+0000] {logging_mixin.py:188} INFO - oke
[2024-10-27T11:28:21.197+0000] {logging_mixin.py:188} INFO - oke
[2024-10-27T11:28:22.064+0000] {logging_mixin.py:188} INFO - oke
[2024-10-27T11:28:22.423+0000] {logging_mixin.py:188} INFO - oke
[2024-10-27T11:28:22.795+0000] {logging_mixin.py:188} INFO - oke
[2024-10-27T11:28:23.140+0000] {logging_mixin.py:188} INFO - oke
[2024-10-27T11:28:23.503+0000] {logging_mixin.py:188} INFO - oke
[2024-10-27T11:28:23.850+0000] {logging_mixin.py:188} INFO - oke
[2024-10-27T11:28:24.210+0000] {logging_mixin.py:188} INFO - oke
[2024-10-27T11:28:24.600+0000] {logging_mixin.py:188} INFO - oke
[2024-10-27T11:28:24.972+0000] {logging_mixin.py:188} INFO - oke
[2024-10-27T11:28:25.339+0000] {logging_mixin.py:188} INFO - oke
[2024-10-27T11:28:25.700+0000] {logging_mixin.py:188} INFO - oke
[2024-10-27T11:28:26.069+0000] {logging_mixin.py:188} INFO - oke
[2024-10-27T11:28:26.434+0000] {logging_mixin.py:188} INFO - oke
[2024-10-27T11:28:26.794+0000] {logging_mixin.py:188} INFO - oke
[2024-10-27T11:28:27.168+0000] {logging_mixin.py:188} INFO - oke
[2024-10-27T11:28:27.523+0000] {logging_mixin.py:188} INFO - oke
[2024-10-27T11:28:27.940+0000] {logging_mixin.py:188} INFO - oke
[2024-10-27T11:28:28.301+0000] {logging_mixin.py:188} INFO - oke
[2024-10-27T11:28:28.668+0000] {logging_mixin.py:188} INFO - oke
[2024-10-27T11:28:29.016+0000] {logging_mixin.py:188} INFO - oke
[2024-10-27T11:28:29.370+0000] {logging_mixin.py:188} INFO - oke
[2024-10-27T11:28:29.752+0000] {logging_mixin.py:188} INFO - oke
[2024-10-27T11:28:30.123+0000] {logging_mixin.py:188} INFO - oke
[2024-10-27T11:28:30.475+0000] {logging_mixin.py:188} INFO - oke
[2024-10-27T11:28:30.843+0000] {logging_mixin.py:188} INFO - oke
[2024-10-27T11:28:31.220+0000] {logging_mixin.py:188} INFO - oke
[2024-10-27T11:28:31.956+0000] {logging_mixin.py:188} INFO - oke
[2024-10-27T11:28:32.332+0000] {logging_mixin.py:188} INFO - oke
[2024-10-27T11:28:33.112+0000] {logging_mixin.py:188} INFO - oke
[2024-10-27T11:28:33.490+0000] {logging_mixin.py:188} INFO - oke
[2024-10-27T11:28:33.884+0000] {logging_mixin.py:188} INFO - oke
[2024-10-27T11:28:34.679+0000] {logging_mixin.py:188} INFO - oke
[2024-10-27T11:28:35.037+0000] {logging_mixin.py:188} INFO - oke
[2024-10-27T11:28:35.628+0000] {logging_mixin.py:188} INFO - oke
[2024-10-27T11:28:35.995+0000] {logging_mixin.py:188} INFO - oke
[2024-10-27T11:28:36.368+0000] {logging_mixin.py:188} INFO - oke
[2024-10-27T11:28:36.735+0000] {logging_mixin.py:188} INFO - oke
[2024-10-27T11:28:37.097+0000] {logging_mixin.py:188} INFO - oke
[2024-10-27T11:28:37.469+0000] {logging_mixin.py:188} INFO - oke
[2024-10-27T11:28:37.818+0000] {logging_mixin.py:188} INFO - oke
[2024-10-27T11:28:38.190+0000] {logging_mixin.py:188} INFO - oke
[2024-10-27T11:28:38.547+0000] {logging_mixin.py:188} INFO - oke
[2024-10-27T11:28:38.913+0000] {logging_mixin.py:188} INFO - oke
[2024-10-27T11:28:39.317+0000] {logging_mixin.py:188} INFO - oke
[2024-10-27T11:28:39.852+0000] {logging_mixin.py:188} INFO - oke
[2024-10-27T11:28:40.219+0000] {logging_mixin.py:188} INFO - oke
[2024-10-27T11:28:40.573+0000] {logging_mixin.py:188} INFO - oke
[2024-10-27T11:28:40.941+0000] {logging_mixin.py:188} INFO - oke
[2024-10-27T11:28:41.295+0000] {logging_mixin.py:188} INFO - oke
[2024-10-27T11:28:41.652+0000] {logging_mixin.py:188} INFO - oke
[2024-10-27T11:28:42.472+0000] {logging_mixin.py:188} INFO - oke
[2024-10-27T11:28:42.865+0000] {logging_mixin.py:188} INFO - oke
[2024-10-27T11:28:43.251+0000] {logging_mixin.py:188} INFO - oke
[2024-10-27T11:28:43.622+0000] {logging_mixin.py:188} INFO - oke
[2024-10-27T11:28:43.986+0000] {logging_mixin.py:188} INFO - oke
[2024-10-27T11:28:45.002+0000] {logging_mixin.py:188} INFO - oke
[2024-10-27T11:28:45.360+0000] {logging_mixin.py:188} INFO - oke
[2024-10-27T11:28:45.732+0000] {logging_mixin.py:188} INFO - oke
[2024-10-27T11:28:45.735+0000] {conn.py:919} INFO - <BrokerConnection node_id=1 host=broker:29092 <connected> [IPv4 ('172.18.0.11', 29092)]>: Closing connection. 
[2024-10-27T11:28:45.736+0000] {python.py:202} INFO - Done. Returned value was: None
[2024-10-27T11:28:45.748+0000] {taskinstance.py:1149} INFO - Marking task as SUCCESS. dag_id=user_automation, task_id=stream_data_from_api, execution_date=20241027T112814, start_date=20241027T112815, end_date=20241027T112845
[2024-10-27T11:28:45.782+0000] {local_task_job_runner.py:234} INFO - Task exited with return code 0
[2024-10-27T11:28:45.799+0000] {taskinstance.py:3312} INFO - 0 downstream tasks scheduled from follow-on schedule check
