[2024-11-06T06:50:04.761+0000] {taskinstance.py:1979} INFO - Dependencies all met for dep_context=non-requeueable deps ti=<TaskInstance: user_automation.stream_data_from_api manual__2024-11-06T06:50:03.383743+00:00 [queued]>
[2024-11-06T06:50:04.775+0000] {taskinstance.py:1979} INFO - Dependencies all met for dep_context=requeueable deps ti=<TaskInstance: user_automation.stream_data_from_api manual__2024-11-06T06:50:03.383743+00:00 [queued]>
[2024-11-06T06:50:04.776+0000] {taskinstance.py:2193} INFO - Starting attempt 1 of 1
[2024-11-06T06:50:04.796+0000] {taskinstance.py:2217} INFO - Executing <Task(PythonOperator): stream_data_from_api> on 2024-11-06 06:50:03.383743+00:00
[2024-11-06T06:50:04.802+0000] {standard_task_runner.py:60} INFO - Started process 683 to run task
[2024-11-06T06:50:04.805+0000] {standard_task_runner.py:87} INFO - Running: ['***', 'tasks', 'run', 'user_automation', 'stream_data_from_api', 'manual__2024-11-06T06:50:03.383743+00:00', '--job-id', '26', '--raw', '--subdir', 'DAGS_FOLDER/my_dag.py', '--cfg-path', '/tmp/tmp9rh91w5y']
[2024-11-06T06:50:04.807+0000] {standard_task_runner.py:88} INFO - Job 26: Subtask stream_data_from_api
[2024-11-06T06:50:04.874+0000] {task_command.py:423} INFO - Running <TaskInstance: user_automation.stream_data_from_api manual__2024-11-06T06:50:03.383743+00:00 [running]> on host 40a6e359d100
[2024-11-06T06:50:04.981+0000] {taskinstance.py:2513} INFO - Exporting env vars: AIRFLOW_CTX_DAG_OWNER='airscholar' AIRFLOW_CTX_DAG_ID='user_automation' AIRFLOW_CTX_TASK_ID='stream_data_from_api' AIRFLOW_CTX_EXECUTION_DATE='2024-11-06T06:50:03.383743+00:00' AIRFLOW_CTX_TRY_NUMBER='1' AIRFLOW_CTX_DAG_RUN_ID='manual__2024-11-06T06:50:03.383743+00:00'
[2024-11-06T06:50:05.088+0000] {conn.py:380} INFO - <BrokerConnection node_id=bootstrap-0 host=broker:29092 <connecting> [IPv4 ('172.18.0.11', 29092)]>: connecting to broker:29092 [('172.18.0.11', 29092) IPv4]
[2024-11-06T06:50:05.090+0000] {conn.py:1205} INFO - Probing node bootstrap-0 broker version
[2024-11-06T06:50:05.092+0000] {conn.py:410} INFO - <BrokerConnection node_id=bootstrap-0 host=broker:29092 <connecting> [IPv4 ('172.18.0.11', 29092)]>: Connection complete.
[2024-11-06T06:50:05.199+0000] {conn.py:1267} INFO - Broker version identified as 2.5.0
[2024-11-06T06:50:05.200+0000] {conn.py:1268} INFO - Set configuration api_version=(2, 5, 0) to skip auto check_version requests on startup
[2024-11-06T06:50:06.308+0000] {logging_mixin.py:188} INFO - oke
[2024-11-06T06:50:06.309+0000] {conn.py:380} INFO - <BrokerConnection node_id=1 host=broker:29092 <connecting> [IPv4 ('172.18.0.11', 29092)]>: connecting to broker:29092 [('172.18.0.11', 29092) IPv4]
[2024-11-06T06:50:06.312+0000] {conn.py:410} INFO - <BrokerConnection node_id=1 host=broker:29092 <connecting> [IPv4 ('172.18.0.11', 29092)]>: Connection complete.
[2024-11-06T06:50:06.313+0000] {conn.py:919} INFO - <BrokerConnection node_id=bootstrap-0 host=broker:29092 <connected> [IPv4 ('172.18.0.11', 29092)]>: Closing connection. 
[2024-11-06T06:50:06.864+0000] {logging_mixin.py:188} INFO - oke
[2024-11-06T06:50:07.340+0000] {logging_mixin.py:188} INFO - oke
[2024-11-06T06:50:08.149+0000] {logging_mixin.py:188} INFO - oke
[2024-11-06T06:50:08.561+0000] {logging_mixin.py:188} INFO - oke
[2024-11-06T06:50:09.071+0000] {logging_mixin.py:188} INFO - oke
[2024-11-06T06:50:09.481+0000] {logging_mixin.py:188} INFO - oke
[2024-11-06T06:50:09.994+0000] {logging_mixin.py:188} INFO - oke
[2024-11-06T06:50:10.505+0000] {logging_mixin.py:188} INFO - oke
[2024-11-06T06:50:11.630+0000] {logging_mixin.py:188} INFO - oke
[2024-11-06T06:50:12.145+0000] {logging_mixin.py:188} INFO - oke
[2024-11-06T06:50:12.826+0000] {logging_mixin.py:188} INFO - oke
[2024-11-06T06:50:13.373+0000] {logging_mixin.py:188} INFO - oke
[2024-11-06T06:50:14.038+0000] {logging_mixin.py:188} INFO - oke
[2024-11-06T06:50:14.498+0000] {logging_mixin.py:188} INFO - oke
[2024-11-06T06:50:15.011+0000] {logging_mixin.py:188} INFO - oke
[2024-11-06T06:50:15.523+0000] {logging_mixin.py:188} INFO - oke
[2024-11-06T06:50:16.035+0000] {logging_mixin.py:188} INFO - oke
[2024-11-06T06:50:16.491+0000] {logging_mixin.py:188} INFO - oke
[2024-11-06T06:50:17.060+0000] {logging_mixin.py:188} INFO - oke
[2024-11-06T06:50:17.570+0000] {logging_mixin.py:188} INFO - oke
[2024-11-06T06:50:18.083+0000] {logging_mixin.py:188} INFO - oke
[2024-11-06T06:50:18.596+0000] {logging_mixin.py:188} INFO - oke
[2024-11-06T06:50:19.114+0000] {logging_mixin.py:188} INFO - oke
[2024-11-06T06:50:19.830+0000] {logging_mixin.py:188} INFO - oke
[2024-11-06T06:50:20.337+0000] {logging_mixin.py:188} INFO - oke
[2024-11-06T06:50:21.363+0000] {logging_mixin.py:188} INFO - oke
[2024-11-06T06:50:21.871+0000] {logging_mixin.py:188} INFO - oke
[2024-11-06T06:50:22.382+0000] {logging_mixin.py:188} INFO - oke
[2024-11-06T06:50:22.896+0000] {logging_mixin.py:188} INFO - oke
[2024-11-06T06:50:23.409+0000] {logging_mixin.py:188} INFO - oke
[2024-11-06T06:50:23.867+0000] {logging_mixin.py:188} INFO - oke
[2024-11-06T06:50:24.316+0000] {logging_mixin.py:188} INFO - oke
[2024-11-06T06:50:24.703+0000] {logging_mixin.py:188} INFO - oke
[2024-11-06T06:50:25.147+0000] {logging_mixin.py:188} INFO - oke
[2024-11-06T06:50:25.660+0000] {logging_mixin.py:188} INFO - oke
[2024-11-06T06:50:26.171+0000] {logging_mixin.py:188} INFO - oke
[2024-11-06T06:50:26.682+0000] {logging_mixin.py:188} INFO - oke
[2024-11-06T06:50:27.195+0000] {logging_mixin.py:188} INFO - oke
[2024-11-06T06:50:27.707+0000] {logging_mixin.py:188} INFO - oke
[2024-11-06T06:50:28.116+0000] {logging_mixin.py:188} INFO - oke
[2024-11-06T06:50:28.634+0000] {logging_mixin.py:188} INFO - oke
[2024-11-06T06:50:29.141+0000] {logging_mixin.py:188} INFO - oke
[2024-11-06T06:50:29.559+0000] {logging_mixin.py:188} INFO - oke
[2024-11-06T06:50:30.063+0000] {logging_mixin.py:188} INFO - oke
[2024-11-06T06:50:30.472+0000] {logging_mixin.py:188} INFO - oke
[2024-11-06T06:50:30.985+0000] {logging_mixin.py:188} INFO - oke
[2024-11-06T06:50:31.377+0000] {logging_mixin.py:188} INFO - oke
[2024-11-06T06:50:32.008+0000] {logging_mixin.py:188} INFO - oke
[2024-11-06T06:50:32.520+0000] {logging_mixin.py:188} INFO - oke
[2024-11-06T06:50:33.033+0000] {logging_mixin.py:188} INFO - oke
[2024-11-06T06:50:33.547+0000] {logging_mixin.py:188} INFO - oke
[2024-11-06T06:50:33.901+0000] {logging_mixin.py:188} INFO - oke
[2024-11-06T06:50:34.363+0000] {logging_mixin.py:188} INFO - oke
[2024-11-06T06:50:34.875+0000] {logging_mixin.py:188} INFO - oke
[2024-11-06T06:50:35.388+0000] {logging_mixin.py:188} INFO - oke
[2024-11-06T06:50:35.390+0000] {conn.py:919} INFO - <BrokerConnection node_id=1 host=broker:29092 <connected> [IPv4 ('172.18.0.11', 29092)]>: Closing connection. 
[2024-11-06T06:50:35.392+0000] {python.py:202} INFO - Done. Returned value was: None
[2024-11-06T06:50:35.404+0000] {taskinstance.py:1149} INFO - Marking task as SUCCESS. dag_id=user_automation, task_id=stream_data_from_api, execution_date=20241106T065003, start_date=20241106T065004, end_date=20241106T065035
[2024-11-06T06:50:35.427+0000] {local_task_job_runner.py:234} INFO - Task exited with return code 0
[2024-11-06T06:50:35.448+0000] {taskinstance.py:3312} INFO - 0 downstream tasks scheduled from follow-on schedule check
