[2024-12-21T06:39:00.838+0000] {taskinstance.py:1979} INFO - Dependencies all met for dep_context=non-requeueable deps ti=<TaskInstance: user_automation.stream_data_from_api manual__2024-12-21T06:38:59.794118+00:00 [queued]>
[2024-12-21T06:39:00.850+0000] {taskinstance.py:1979} INFO - Dependencies all met for dep_context=requeueable deps ti=<TaskInstance: user_automation.stream_data_from_api manual__2024-12-21T06:38:59.794118+00:00 [queued]>
[2024-12-21T06:39:00.851+0000] {taskinstance.py:2193} INFO - Starting attempt 1 of 1
[2024-12-21T06:39:00.869+0000] {taskinstance.py:2217} INFO - Executing <Task(PythonOperator): stream_data_from_api> on 2024-12-21 06:38:59.794118+00:00
[2024-12-21T06:39:00.877+0000] {standard_task_runner.py:60} INFO - Started process 679 to run task
[2024-12-21T06:39:00.880+0000] {standard_task_runner.py:87} INFO - Running: ['***', 'tasks', 'run', 'user_automation', 'stream_data_from_api', 'manual__2024-12-21T06:38:59.794118+00:00', '--job-id', '35', '--raw', '--subdir', 'DAGS_FOLDER/kafka_streaming.py', '--cfg-path', '/tmp/tmpgeao1c9e']
[2024-12-21T06:39:00.882+0000] {standard_task_runner.py:88} INFO - Job 35: Subtask stream_data_from_api
[2024-12-21T06:39:00.940+0000] {task_command.py:423} INFO - Running <TaskInstance: user_automation.stream_data_from_api manual__2024-12-21T06:38:59.794118+00:00 [running]> on host f6efe59a6eda
[2024-12-21T06:39:01.027+0000] {taskinstance.py:2513} INFO - Exporting env vars: AIRFLOW_CTX_DAG_OWNER='airscholar' AIRFLOW_CTX_DAG_ID='user_automation' AIRFLOW_CTX_TASK_ID='stream_data_from_api' AIRFLOW_CTX_EXECUTION_DATE='2024-12-21T06:38:59.794118+00:00' AIRFLOW_CTX_TRY_NUMBER='1' AIRFLOW_CTX_DAG_RUN_ID='manual__2024-12-21T06:38:59.794118+00:00'
[2024-12-21T06:39:01.095+0000] {conn.py:380} INFO - <BrokerConnection node_id=bootstrap-0 host=broker:29092 <connecting> [IPv4 ('172.18.0.13', 29092)]>: connecting to broker:29092 [('172.18.0.13', 29092) IPv4]
[2024-12-21T06:39:01.096+0000] {conn.py:1205} INFO - Probing node bootstrap-0 broker version
[2024-12-21T06:39:01.098+0000] {conn.py:410} INFO - <BrokerConnection node_id=bootstrap-0 host=broker:29092 <connecting> [IPv4 ('172.18.0.13', 29092)]>: Connection complete.
[2024-12-21T06:39:01.210+0000] {conn.py:1267} INFO - Broker version identified as 2.5.0
[2024-12-21T06:39:01.210+0000] {conn.py:1268} INFO - Set configuration api_version=(2, 5, 0) to skip auto check_version requests on startup
[2024-12-21T06:39:01.753+0000] {logging_mixin.py:188} INFO - {'id': '4f26c1c2-db19-4d8e-953e-9ad0270f8d1b', 'first_name': 'Gavin', 'last_name': 'Bates', 'gender': 'male', 'address': '5795 Preston Rd, Australian Capital Territory, Australian Capital Territory, Australia', 'post_code': 9208, 'email': 'gavin.bates@example.com', 'username': 'yellowpeacock437', 'dob': '1998-03-25T10:35:23.972Z', 'registered_date': '2021-12-19T09:06:22.604Z', 'phone': '00-3396-3817', 'picture': 'https://randomuser.me/api/portraits/med/men/99.jpg'}
[2024-12-21T06:39:01.756+0000] {conn.py:380} INFO - <BrokerConnection node_id=1 host=broker:29092 <connecting> [IPv4 ('172.18.0.13', 29092)]>: connecting to broker:29092 [('172.18.0.13', 29092) IPv4]
[2024-12-21T06:39:01.757+0000] {conn.py:410} INFO - <BrokerConnection node_id=1 host=broker:29092 <connecting> [IPv4 ('172.18.0.13', 29092)]>: Connection complete.
[2024-12-21T06:39:01.759+0000] {conn.py:919} INFO - <BrokerConnection node_id=bootstrap-0 host=broker:29092 <connected> [IPv4 ('172.18.0.13', 29092)]>: Closing connection. 
[2024-12-21T06:39:02.264+0000] {logging_mixin.py:188} INFO - {'id': 'e0b9a728-5ca1-4d6f-8fd6-68e0b2a14de6', 'first_name': 'Chafik', 'last_name': 'Jongedijk', 'gender': 'male', 'address': '9330 Beursweg, Olst, Zuid-Holland, Netherlands', 'post_code': '3713 OP', 'email': 'chafik.jongedijk@example.com', 'username': 'lazytiger344', 'dob': '1994-02-02T11:26:32.858Z', 'registered_date': '2004-11-14T07:18:44.137Z', 'phone': '(0361) 934980', 'picture': 'https://randomuser.me/api/portraits/med/men/76.jpg'}
[2024-12-21T06:39:02.743+0000] {logging_mixin.py:188} INFO - {'id': 'e2f8a9f8-801a-4e41-b703-901b76f6456e', 'first_name': 'Matilda', 'last_name': 'Wuollet', 'gender': 'female', 'address': '7031 Suvantokatu, Kokemäki, Uusimaa, Finland', 'post_code': 88580, 'email': 'matilda.wuollet@example.com', 'username': 'angrygoose892', 'dob': '1971-05-10T06:16:59.003Z', 'registered_date': '2012-12-03T09:47:27.437Z', 'phone': '06-597-279', 'picture': 'https://randomuser.me/api/portraits/med/women/80.jpg'}
[2024-12-21T06:39:03.203+0000] {logging_mixin.py:188} INFO - {'id': '64456542-34bd-45f7-b8a2-e3fe7bce3b40', 'first_name': 'Naomi', 'last_name': 'Lambert', 'gender': 'female', 'address': '9376 Avenue du Fort-Caire, Colombes, Oise, France', 'post_code': 37963, 'email': 'naomi.lambert@example.com', 'username': 'smalltiger658', 'dob': '1946-11-15T22:22:47.476Z', 'registered_date': '2016-03-01T13:54:23.169Z', 'phone': '04-36-90-33-49', 'picture': 'https://randomuser.me/api/portraits/med/women/61.jpg'}
[2024-12-21T06:39:03.578+0000] {logging_mixin.py:188} INFO - {'id': 'acf418f5-87c8-4f66-8bc6-9e5b25a8c620', 'first_name': 'Raúl', 'last_name': 'Suarez', 'gender': 'male', 'address': '1270 Ronda de Toledo, Almería, Islas Baleares, Spain', 'post_code': 38996, 'email': 'raul.suarez@example.com', 'username': 'browngorilla696', 'dob': '1960-10-15T09:08:51.720Z', 'registered_date': '2012-11-29T21:30:14.265Z', 'phone': '977-590-699', 'picture': 'https://randomuser.me/api/portraits/med/men/58.jpg'}
[2024-12-21T06:39:04.092+0000] {logging_mixin.py:188} INFO - {'id': 'cc4a6811-fa7c-4470-bf85-b74574bed05e', 'first_name': 'Ege', 'last_name': 'Düşenkalkar', 'gender': 'female', 'address': '3742 Fatih Sultan Mehmet Cd, İzmir, Kars, Turkey', 'post_code': 55809, 'email': 'ege.dusenkalkar@example.com', 'username': 'bluepeacock207', 'dob': '1960-11-05T09:14:24.832Z', 'registered_date': '2019-01-05T15:55:57.638Z', 'phone': '(668)-514-1778', 'picture': 'https://randomuser.me/api/portraits/med/women/90.jpg'}
[2024-12-21T06:39:04.453+0000] {logging_mixin.py:188} INFO - {'id': '9f3fc2a7-6129-4506-9011-71a4b591c2b8', 'first_name': 'Johnni', 'last_name': 'Scott', 'gender': 'male', 'address': '926 West Street, York, Oxfordshire, United Kingdom', 'post_code': 'E2E 5ZF', 'email': 'johnni.scott@example.com', 'username': 'smallbird569', 'dob': '1999-05-08T01:48:45.523Z', 'registered_date': '2007-04-05T05:13:32.198Z', 'phone': '019467 57850', 'picture': 'https://randomuser.me/api/portraits/med/men/74.jpg'}
[2024-12-21T06:39:04.881+0000] {logging_mixin.py:188} INFO - {'id': '2de8dc30-c6d6-4604-b00a-feb107ab3701', 'first_name': 'Leslie', 'last_name': 'Graves', 'gender': 'male', 'address': '8042 Victoria Road, Bristol, County Londonderry, United Kingdom', 'post_code': 'S80 1XH', 'email': 'leslie.graves@example.com', 'username': 'ticklishpanda575', 'dob': '2000-06-14T07:05:08.374Z', 'registered_date': '2013-09-04T13:12:06.460Z', 'phone': '016977 8962', 'picture': 'https://randomuser.me/api/portraits/med/men/14.jpg'}
[2024-12-21T06:39:05.277+0000] {logging_mixin.py:188} INFO - {'id': 'e8585f0f-8b4e-4358-b933-868b77c7ec03', 'first_name': 'Dijana', 'last_name': 'Šarović', 'gender': 'female', 'address': '5095 Orlovačka, Štrpce, Kosovo-Pomoravlje, Serbia', 'post_code': 66279, 'email': 'dijana.sarovic@example.com', 'username': 'lazyleopard483', 'dob': '1947-10-07T12:06:00.124Z', 'registered_date': '2018-10-07T02:28:33.449Z', 'phone': '012-5091-471', 'picture': 'https://randomuser.me/api/portraits/med/women/51.jpg'}
[2024-12-21T06:39:05.655+0000] {logging_mixin.py:188} INFO - {'id': 'b70c201f-77f9-44ca-92af-d2b2567d8c69', 'first_name': 'Geraldine', 'last_name': 'Fernandes', 'gender': 'female', 'address': '2418 Rua São José , Maringá, Roraima, Brazil', 'post_code': 43710, 'email': 'geraldine.fernandes@example.com', 'username': 'yellowpanda441', 'dob': '1982-11-13T07:18:59.701Z', 'registered_date': '2005-03-10T17:45:50.427Z', 'phone': '(43) 3132-6697', 'picture': 'https://randomuser.me/api/portraits/med/women/72.jpg'}
[2024-12-21T06:39:06.065+0000] {logging_mixin.py:188} INFO - {'id': '0f5a9cba-9890-4012-9e2f-77627bc0b47c', 'first_name': 'Ugo', 'last_name': 'Joly', 'gender': 'male', 'address': "9330 Place de L'Europe, Saint-Étienne, Charente-Maritime, France", 'post_code': 64402, 'email': 'ugo.joly@example.com', 'username': 'greenrabbit329', 'dob': '1959-12-27T10:37:42.378Z', 'registered_date': '2008-03-08T02:54:29.574Z', 'phone': '05-32-75-95-30', 'picture': 'https://randomuser.me/api/portraits/med/men/91.jpg'}
[2024-12-21T06:39:06.694+0000] {logging_mixin.py:188} INFO - {'id': '0817d216-f16c-4743-be6c-078fe8cb4edc', 'first_name': 'Inmaculada', 'last_name': 'Campos', 'gender': 'female', 'address': '7183 Calle de Bravo Murillo, Mérida, Comunidad Valenciana, Spain', 'post_code': 14959, 'email': 'inmaculada.campos@example.com', 'username': 'goldensnake575', 'dob': '1990-11-12T12:50:40.525Z', 'registered_date': '2021-10-08T15:58:43.169Z', 'phone': '911-525-045', 'picture': 'https://randomuser.me/api/portraits/med/women/1.jpg'}
[2024-12-21T06:39:07.065+0000] {logging_mixin.py:188} INFO - {'id': '31a7c858-7eff-4f8b-b74a-058de6f32813', 'first_name': 'Liam', 'last_name': 'Wood', 'gender': 'male', 'address': "6283 South Western Arterial, Lower Hutt, Hawke'S Bay, New Zealand", 'post_code': 61277, 'email': 'liam.wood@example.com', 'username': 'beautifulzebra609', 'dob': '1952-07-11T00:46:28.231Z', 'registered_date': '2006-01-11T00:50:59.304Z', 'phone': '(419)-234-2843', 'picture': 'https://randomuser.me/api/portraits/med/men/53.jpg'}
[2024-12-21T06:39:07.451+0000] {logging_mixin.py:188} INFO - {'id': '67e1cf33-d416-491f-87fb-5d7ac7498c41', 'first_name': 'Caroline', 'last_name': 'Christensen', 'gender': 'female', 'address': '1112 Gudenåvej, Jerslev Sj, Hovedstaden, Denmark', 'post_code': 17835, 'email': 'caroline.christensen@example.com', 'username': 'happytiger626', 'dob': '2001-01-14T13:41:18.153Z', 'registered_date': '2017-12-10T04:24:27.806Z', 'phone': '63813490', 'picture': 'https://randomuser.me/api/portraits/med/women/45.jpg'}
[2024-12-21T06:39:07.795+0000] {logging_mixin.py:188} INFO - {'id': 'fa1c25cb-6f1e-47ca-b348-f3ba1379d61f', 'first_name': 'آرمیتا', 'last_name': 'گلشن', 'gender': 'female', 'address': '9105 شهید استاد حسن بنا, کاشان, یزد, Iran', 'post_code': 81855, 'email': 'armyt.glshn@example.com', 'username': 'bluezebra784', 'dob': '1961-09-30T01:13:02.033Z', 'registered_date': '2005-01-04T07:32:36.499Z', 'phone': '064-05776474', 'picture': 'https://randomuser.me/api/portraits/med/women/70.jpg'}
[2024-12-21T06:39:08.167+0000] {logging_mixin.py:188} INFO - {'id': 'dd7e6483-0648-4f51-9ff9-d44408ccdb9b', 'first_name': 'Janice', 'last_name': 'Shelton', 'gender': 'female', 'address': '6584 E Little York Rd, Rochester, Connecticut, United States', 'post_code': 21930, 'email': 'janice.shelton@example.com', 'username': 'purplemouse464', 'dob': '1991-03-06T13:27:36.215Z', 'registered_date': '2022-03-24T00:18:09.008Z', 'phone': '(463) 396-1204', 'picture': 'https://randomuser.me/api/portraits/med/women/60.jpg'}
[2024-12-21T06:39:08.546+0000] {logging_mixin.py:188} INFO - {'id': 'fa3c4aa9-3fd8-4c1d-977b-d01ab1f96f7a', 'first_name': 'Bento', 'last_name': 'Van Vianen', 'gender': 'male', 'address': '5428 Jan Pieterszoon Coenlaan, Odoorn, Zuid-Holland, Netherlands', 'post_code': '9533 UQ', 'email': 'bento.vanvianen@example.com', 'username': 'smallwolf790', 'dob': '1967-06-09T21:14:53.363Z', 'registered_date': '2019-12-16T22:58:50.133Z', 'phone': '(0835) 296811', 'picture': 'https://randomuser.me/api/portraits/med/men/28.jpg'}
[2024-12-21T06:39:08.920+0000] {logging_mixin.py:188} INFO - {'id': 'abce8b75-ffb2-41a2-8a52-cb547c7ca200', 'first_name': 'Maude', 'last_name': 'Perez', 'gender': 'female', 'address': "5874 Place de L'Abbé-Basset, Ascona, Jura, Switzerland", 'post_code': 7262, 'email': 'maude.perez@example.com', 'username': 'heavykoala331', 'dob': '1952-06-01T17:42:12.407Z', 'registered_date': '2008-10-05T22:23:19.148Z', 'phone': '075 965 77 80', 'picture': 'https://randomuser.me/api/portraits/med/women/65.jpg'}
[2024-12-21T06:39:09.308+0000] {logging_mixin.py:188} INFO - {'id': '94739c7a-5271-4882-be31-5bcb1963c749', 'first_name': 'Lilly', 'last_name': 'Williams', 'gender': 'female', 'address': '9923 Botany Road, Upper Hutt, Taranaki, New Zealand', 'post_code': 77629, 'email': 'lilly.williams@example.com', 'username': 'happykoala875', 'dob': '1949-12-10T17:35:05.048Z', 'registered_date': '2021-11-24T07:46:35.825Z', 'phone': '(834)-407-6570', 'picture': 'https://randomuser.me/api/portraits/med/women/36.jpg'}
[2024-12-21T06:39:09.712+0000] {logging_mixin.py:188} INFO - {'id': '6355797c-51b8-4b72-b670-8d4ab8257f06', 'first_name': 'Jenny', 'last_name': 'Williams', 'gender': 'female', 'address': '8720 Galway Road, Roscrea, Sligo, Ireland', 'post_code': 61527, 'email': 'jenny.williams@example.com', 'username': 'whiteswan951', 'dob': '1974-10-13T22:41:51.616Z', 'registered_date': '2016-03-14T09:40:34.601Z', 'phone': '061-555-4438', 'picture': 'https://randomuser.me/api/portraits/med/women/13.jpg'}
[2024-12-21T06:39:26.546+0000] {logging_mixin.py:188} INFO - {'id': '297289ee-bf7e-414d-b97a-39476ba65aa6', 'first_name': 'Emmy', 'last_name': 'Caron', 'gender': 'female', 'address': '7741 Rue Bossuet, Metz, Sarthe, France', 'post_code': 73866, 'email': 'emmy.caron@example.com', 'username': 'yellowduck293', 'dob': '1988-09-17T00:12:45.118Z', 'registered_date': '2019-10-23T01:35:00.532Z', 'phone': '02-69-49-21-00', 'picture': 'https://randomuser.me/api/portraits/med/women/55.jpg'}
[2024-12-21T06:39:10.478+0000] {logging_mixin.py:188} INFO - {'id': 'c5c352c3-fba5-4185-93c2-8e2870c47028', 'first_name': 'Alicia', 'last_name': 'Lopez', 'gender': 'female', 'address': '9805 Rue Abel, Le Havre, Loir-et-Cher, France', 'post_code': 82437, 'email': 'alicia.lopez@example.com', 'username': 'beautifulfrog882', 'dob': '1995-06-07T00:37:51.018Z', 'registered_date': '2017-01-31T06:47:05.704Z', 'phone': '02-34-48-90-30', 'picture': 'https://randomuser.me/api/portraits/med/women/29.jpg'}
[2024-12-21T06:39:10.839+0000] {logging_mixin.py:188} INFO - {'id': 'b3885749-21f0-43fb-883e-932873ff06cf', 'first_name': 'كيان', 'last_name': 'گلشن', 'gender': 'male', 'address': '98 شورا, نجف\u200cآباد, آذربایجان شرقی, Iran', 'post_code': 61563, 'email': 'kyn.glshn@example.com', 'username': 'yellowbird687', 'dob': '1961-09-22T04:28:00.119Z', 'registered_date': '2014-07-24T14:21:40.426Z', 'phone': '024-68340069', 'picture': 'https://randomuser.me/api/portraits/med/men/11.jpg'}
[2024-12-21T06:39:11.628+0000] {logging_mixin.py:188} INFO - {'id': '957b01ba-089d-4b5a-9fec-100f60ba2c76', 'first_name': 'Zlatomir', 'last_name': 'Kalenichenko', 'gender': 'male', 'address': '5598 Doli, Krasnoperekopsk, Zaporizka, Ukraine', 'post_code': 76024, 'email': 'zlatomir.kalenichenko@example.com', 'username': 'redgorilla954', 'dob': '1962-01-19T21:59:39.926Z', 'registered_date': '2002-05-12T06:14:31.485Z', 'phone': '(068) V72-9907', 'picture': 'https://randomuser.me/api/portraits/med/men/7.jpg'}
[2024-12-21T06:39:12.015+0000] {logging_mixin.py:188} INFO - {'id': 'a0428627-a740-4829-87d8-a509ecd2a435', 'first_name': 'Mechislava', 'last_name': 'Vaskiv', 'gender': 'female', 'address': '2174 Provulok Hristofora Baranovskogo, Novomirgorod, Avtonomna Respublika Krim, Ukraine', 'post_code': 29214, 'email': 'mechislava.vaskiv@example.com', 'username': 'sadfish340', 'dob': '1945-01-01T05:41:59.029Z', 'registered_date': '2004-03-26T19:00:58.620Z', 'phone': '(097) F06-0353', 'picture': 'https://randomuser.me/api/portraits/med/women/14.jpg'}
[2024-12-21T06:39:12.375+0000] {logging_mixin.py:188} INFO - {'id': 'a3d617ad-5415-4301-9fbd-00a7951fd1f1', 'first_name': 'محمدعلی', 'last_name': 'محمدخان', 'gender': 'male', 'address': '7514 پارک ارم, خمینی\u200cشهر, همدان, Iran', 'post_code': 91827, 'email': 'mhmdaaly.mhmdkhn@example.com', 'username': 'beautifulgoose194', 'dob': '1993-09-06T03:49:09.953Z', 'registered_date': '2005-01-30T01:45:37.767Z', 'phone': '075-87563371', 'picture': 'https://randomuser.me/api/portraits/med/men/34.jpg'}
[2024-12-21T06:39:12.816+0000] {logging_mixin.py:188} INFO - {'id': '954316b4-864e-4ca6-b647-ebc948d216b7', 'first_name': 'Delia', 'last_name': 'Benavídez', 'gender': 'female', 'address': '6701 Privada Tejada, Mixquiahuala, Quintana Roo, Mexico', 'post_code': 12031, 'email': 'delia.benavidez@example.com', 'username': 'lazymouse260', 'dob': '1963-05-28T01:24:27.918Z', 'registered_date': '2014-07-14T06:34:33.144Z', 'phone': '(603) 094 9405', 'picture': 'https://randomuser.me/api/portraits/med/women/14.jpg'}
[2024-12-21T06:39:13.194+0000] {logging_mixin.py:188} INFO - {'id': '9a1414f3-f78d-4fb5-bbdd-c2767cc2682e', 'first_name': 'Anatole', 'last_name': 'Fleury', 'gender': 'male', 'address': '2662 Avenue Paul Eluard, Nice, Pas-de-Calais, France', 'post_code': 73023, 'email': 'anatole.fleury@example.com', 'username': 'crazycat318', 'dob': '1999-10-13T07:31:14.748Z', 'registered_date': '2011-08-01T12:20:54.553Z', 'phone': '05-61-40-15-35', 'picture': 'https://randomuser.me/api/portraits/med/men/72.jpg'}
[2024-12-21T06:39:13.570+0000] {logging_mixin.py:188} INFO - {'id': '216d768f-82b2-4c46-afb0-b9b8c7045ea8', 'first_name': 'Momir', 'last_name': 'Tasić', 'gender': 'male', 'address': '7082 Abadžijska, Preševo, Toplica, Serbia', 'post_code': 22531, 'email': 'momir.tasic@example.com', 'username': 'bluegorilla527', 'dob': '1995-10-04T21:54:03.497Z', 'registered_date': '2009-03-02T21:23:33.133Z', 'phone': '024-7507-342', 'picture': 'https://randomuser.me/api/portraits/med/men/8.jpg'}
[2024-12-21T06:39:13.923+0000] {logging_mixin.py:188} INFO - {'id': '2eddd54e-0fda-452d-964b-1fa50083f13e', 'first_name': 'دینا', 'last_name': 'جعفری', 'gender': 'female', 'address': '342 شهید بهشتی, قائم\u200cشهر, مرکزی, Iran', 'post_code': 31486, 'email': 'dyn.jaafry@example.com', 'username': 'blackgorilla826', 'dob': '1999-01-12T10:36:57.496Z', 'registered_date': '2018-11-25T13:22:12.460Z', 'phone': '071-06897760', 'picture': 'https://randomuser.me/api/portraits/med/women/21.jpg'}
[2024-12-21T06:39:14.271+0000] {logging_mixin.py:188} INFO - {'id': '56ac7daf-8f87-4c99-8b93-75be34f331eb', 'first_name': 'Mustafa', 'last_name': 'Akal', 'gender': 'male', 'address': '2349 Mevlana Cd, Hakkâri, Tunceli, Turkey', 'post_code': 31821, 'email': 'mustafa.akal@example.com', 'username': 'purpletiger454', 'dob': '1962-05-18T06:34:11.243Z', 'registered_date': '2009-06-13T22:29:26.381Z', 'phone': '(503)-114-6512', 'picture': 'https://randomuser.me/api/portraits/med/men/22.jpg'}
[2024-12-21T06:39:14.675+0000] {logging_mixin.py:188} INFO - {'id': 'e525a7f2-1883-47c4-bd36-d7bbe345d94c', 'first_name': 'Tayfun', 'last_name': 'Ebbers', 'gender': 'male', 'address': '28 Burgemeester Liesestraat, Ferwerd, Zeeland, Netherlands', 'post_code': '8165 EZ', 'email': 'tayfun.ebbers@example.com', 'username': 'whitebird539', 'dob': '1958-09-29T12:06:49.413Z', 'registered_date': '2005-03-26T19:51:15.185Z', 'phone': '(000) 5460355', 'picture': 'https://randomuser.me/api/portraits/med/men/45.jpg'}
[2024-12-21T06:39:31.539+0000] {logging_mixin.py:188} INFO - {'id': '108b7b18-d43f-4a17-84ff-3cccd2fc2aa1', 'first_name': 'آیناز', 'last_name': 'رضاییان', 'gender': 'female', 'address': '9528 ستارخان, یزد, یزد, Iran', 'post_code': 59354, 'email': 'aynz.rdyyn@example.com', 'username': 'blackbird512', 'dob': '1946-05-03T23:25:14.940Z', 'registered_date': '2013-10-27T10:52:47.546Z', 'phone': '046-63917722', 'picture': 'https://randomuser.me/api/portraits/med/women/72.jpg'}
[2024-12-21T06:39:15.537+0000] {logging_mixin.py:188} INFO - {'id': 'd0feda3e-dab0-4e01-8b07-a30d14333662', 'first_name': 'Leigh', 'last_name': 'Spee', 'gender': 'female', 'address': '410 Kafmolenweide, Bovenkarspel, Friesland, Netherlands', 'post_code': '2903 PH', 'email': 'leigh.spee@example.com', 'username': 'bigzebra239', 'dob': '1947-01-16T12:39:30.127Z', 'registered_date': '2014-05-18T23:11:14.415Z', 'phone': '(0690) 824747', 'picture': 'https://randomuser.me/api/portraits/med/women/66.jpg'}
[2024-12-21T06:39:15.925+0000] {logging_mixin.py:188} INFO - {'id': '3cd0a01a-d224-42e4-8b9e-d9e3d5d869ee', 'first_name': 'Freya', 'last_name': 'Evans', 'gender': 'female', 'address': '1885 Chatham Road, Lower Hutt, Nelson, New Zealand', 'post_code': 47159, 'email': 'freya.evans@example.com', 'username': 'angryostrich740', 'dob': '1950-08-28T02:29:48.449Z', 'registered_date': '2011-11-08T02:27:41.654Z', 'phone': '(476)-615-6522', 'picture': 'https://randomuser.me/api/portraits/med/women/80.jpg'}
[2024-12-21T06:39:16.299+0000] {logging_mixin.py:188} INFO - {'id': '7303a487-8a11-429f-a447-55646521b2d4', 'first_name': 'Bertram', 'last_name': 'Kristensen', 'gender': 'male', 'address': '8837 Korsgade, Roedovre, Hovedstaden, Denmark', 'post_code': 41442, 'email': 'bertram.kristensen@example.com', 'username': 'ticklishsnake906', 'dob': '1979-06-24T14:19:40.750Z', 'registered_date': '2015-12-16T06:12:41.911Z', 'phone': '94647739', 'picture': 'https://randomuser.me/api/portraits/med/men/8.jpg'}
[2024-12-21T06:39:21.480+0000] {logging_mixin.py:188} INFO - {'id': 'c8bf8ab9-2ccd-45b4-8218-d0fbcd65be20', 'first_name': 'Jules', 'last_name': 'Gerard', 'gender': 'male', 'address': '4152 Rue Pierre-Delore, Saint-Étienne, Sarthe, France', 'post_code': 19718, 'email': 'jules.gerard@example.com', 'username': 'smallwolf648', 'dob': '1977-10-31T23:26:22.505Z', 'registered_date': '2018-05-02T19:41:44.896Z', 'phone': '04-51-48-52-11', 'picture': 'https://randomuser.me/api/portraits/med/men/31.jpg'}
[2024-12-21T06:39:25.658+0000] {logging_mixin.py:188} INFO - {'id': '2e18cfd3-9e6d-46d9-8bd6-1c8a98459725', 'first_name': 'Minna', 'last_name': 'Schlichting', 'gender': 'female', 'address': '1422 Poststraße, Künzelsau, Berlin, Germany', 'post_code': 25176, 'email': 'minna.schlichting@example.com', 'username': 'organicmouse473', 'dob': '1958-07-02T07:55:48.661Z', 'registered_date': '2012-10-28T21:38:33.498Z', 'phone': '0288-4166912', 'picture': 'https://randomuser.me/api/portraits/med/women/64.jpg'}
[2024-12-21T06:39:41.230+0000] {kafka_streaming.py:59} ERROR - An error occured: HTTPSConnectionPool(host='randomuser.me', port=443): Max retries exceeded with url: /api/ (Caused by NewConnectionError('<urllib3.connection.HTTPSConnection object at 0x7ff41389b9a0>: Failed to establish a new connection: [Errno -3] Temporary failure in name resolution'))
[2024-12-21T06:39:44.975+0000] {job.py:213} ERROR - Job heartbeat got an exception
Traceback (most recent call last):
  File "/home/airflow/.local/lib/python3.8/site-packages/sqlalchemy/engine/base.py", line 3371, in _wrap_pool_connect
    return fn()
  File "/home/airflow/.local/lib/python3.8/site-packages/sqlalchemy/pool/base.py", line 327, in connect
    return _ConnectionFairy._checkout(self)
  File "/home/airflow/.local/lib/python3.8/site-packages/sqlalchemy/pool/base.py", line 894, in _checkout
    fairy = _ConnectionRecord.checkout(pool)
  File "/home/airflow/.local/lib/python3.8/site-packages/sqlalchemy/pool/base.py", line 493, in checkout
    rec = pool._do_get()
  File "/home/airflow/.local/lib/python3.8/site-packages/sqlalchemy/pool/impl.py", line 256, in _do_get
    return self._create_connection()
  File "/home/airflow/.local/lib/python3.8/site-packages/sqlalchemy/pool/base.py", line 273, in _create_connection
    return _ConnectionRecord(self)
  File "/home/airflow/.local/lib/python3.8/site-packages/sqlalchemy/pool/base.py", line 388, in __init__
    self.__connect()
  File "/home/airflow/.local/lib/python3.8/site-packages/sqlalchemy/pool/base.py", line 691, in __connect
    pool.logger.debug("Error on connect(): %s", e)
  File "/home/airflow/.local/lib/python3.8/site-packages/sqlalchemy/util/langhelpers.py", line 70, in __exit__
    compat.raise_(
  File "/home/airflow/.local/lib/python3.8/site-packages/sqlalchemy/util/compat.py", line 211, in raise_
    raise exception
  File "/home/airflow/.local/lib/python3.8/site-packages/sqlalchemy/pool/base.py", line 686, in __connect
    self.dbapi_connection = connection = pool._invoke_creator(self)
  File "/home/airflow/.local/lib/python3.8/site-packages/sqlalchemy/engine/create.py", line 574, in connect
    return dialect.connect(*cargs, **cparams)
  File "/home/airflow/.local/lib/python3.8/site-packages/sqlalchemy/engine/default.py", line 598, in connect
    return self.dbapi.connect(*cargs, **cparams)
  File "/home/airflow/.local/lib/python3.8/site-packages/psycopg2/__init__.py", line 122, in connect
    conn = _connect(dsn, connection_factory=connection_factory, **kwasync)
psycopg2.OperationalError: could not translate host name "postgres" to address: Temporary failure in name resolution


The above exception was the direct cause of the following exception:

Traceback (most recent call last):
  File "/home/airflow/.local/lib/python3.8/site-packages/airflow/jobs/job.py", line 187, in heartbeat
    self._merge_from(Job._fetch_from_db(self, session))
  File "/home/airflow/.local/lib/python3.8/site-packages/airflow/api_internal/internal_api_call.py", line 114, in wrapper
    return func(*args, **kwargs)
  File "/home/airflow/.local/lib/python3.8/site-packages/airflow/utils/session.py", line 76, in wrapper
    return func(*args, **kwargs)
  File "/home/airflow/.local/lib/python3.8/site-packages/airflow/jobs/job.py", line 308, in _fetch_from_db
    session.merge(job)
  File "/home/airflow/.local/lib/python3.8/site-packages/sqlalchemy/orm/session.py", line 3056, in merge
    return self._merge(
  File "/home/airflow/.local/lib/python3.8/site-packages/sqlalchemy/orm/session.py", line 3136, in _merge
    merged = self.get(
  File "/home/airflow/.local/lib/python3.8/site-packages/sqlalchemy/orm/session.py", line 2853, in get
    return self._get_impl(
  File "/home/airflow/.local/lib/python3.8/site-packages/sqlalchemy/orm/session.py", line 2975, in _get_impl
    return db_load_fn(
  File "/home/airflow/.local/lib/python3.8/site-packages/sqlalchemy/orm/loading.py", line 530, in load_on_pk_identity
    session.execute(
  File "/home/airflow/.local/lib/python3.8/site-packages/sqlalchemy/orm/session.py", line 1716, in execute
    conn = self._connection_for_bind(bind)
  File "/home/airflow/.local/lib/python3.8/site-packages/sqlalchemy/orm/session.py", line 1555, in _connection_for_bind
    return self._transaction._connection_for_bind(
  File "/home/airflow/.local/lib/python3.8/site-packages/sqlalchemy/orm/session.py", line 750, in _connection_for_bind
    conn = bind.connect()
  File "/home/airflow/.local/lib/python3.8/site-packages/sqlalchemy/future/engine.py", line 412, in connect
    return super(Engine, self).connect()
  File "/home/airflow/.local/lib/python3.8/site-packages/sqlalchemy/engine/base.py", line 3325, in connect
    return self._connection_cls(self, close_with_result=close_with_result)
  File "/home/airflow/.local/lib/python3.8/site-packages/sqlalchemy/engine/base.py", line 96, in __init__
    else engine.raw_connection()
  File "/home/airflow/.local/lib/python3.8/site-packages/sqlalchemy/engine/base.py", line 3404, in raw_connection
    return self._wrap_pool_connect(self.pool.connect, _connection)
  File "/home/airflow/.local/lib/python3.8/site-packages/sqlalchemy/engine/base.py", line 3374, in _wrap_pool_connect
    Connection._handle_dbapi_exception_noconnection(
  File "/home/airflow/.local/lib/python3.8/site-packages/sqlalchemy/engine/base.py", line 2208, in _handle_dbapi_exception_noconnection
    util.raise_(
  File "/home/airflow/.local/lib/python3.8/site-packages/sqlalchemy/util/compat.py", line 211, in raise_
    raise exception
  File "/home/airflow/.local/lib/python3.8/site-packages/sqlalchemy/engine/base.py", line 3371, in _wrap_pool_connect
    return fn()
  File "/home/airflow/.local/lib/python3.8/site-packages/sqlalchemy/pool/base.py", line 327, in connect
    return _ConnectionFairy._checkout(self)
  File "/home/airflow/.local/lib/python3.8/site-packages/sqlalchemy/pool/base.py", line 894, in _checkout
    fairy = _ConnectionRecord.checkout(pool)
  File "/home/airflow/.local/lib/python3.8/site-packages/sqlalchemy/pool/base.py", line 493, in checkout
    rec = pool._do_get()
  File "/home/airflow/.local/lib/python3.8/site-packages/sqlalchemy/pool/impl.py", line 256, in _do_get
    return self._create_connection()
  File "/home/airflow/.local/lib/python3.8/site-packages/sqlalchemy/pool/base.py", line 273, in _create_connection
    return _ConnectionRecord(self)
  File "/home/airflow/.local/lib/python3.8/site-packages/sqlalchemy/pool/base.py", line 388, in __init__
    self.__connect()
  File "/home/airflow/.local/lib/python3.8/site-packages/sqlalchemy/pool/base.py", line 691, in __connect
    pool.logger.debug("Error on connect(): %s", e)
  File "/home/airflow/.local/lib/python3.8/site-packages/sqlalchemy/util/langhelpers.py", line 70, in __exit__
    compat.raise_(
  File "/home/airflow/.local/lib/python3.8/site-packages/sqlalchemy/util/compat.py", line 211, in raise_
    raise exception
  File "/home/airflow/.local/lib/python3.8/site-packages/sqlalchemy/pool/base.py", line 686, in __connect
    self.dbapi_connection = connection = pool._invoke_creator(self)
  File "/home/airflow/.local/lib/python3.8/site-packages/sqlalchemy/engine/create.py", line 574, in connect
    return dialect.connect(*cargs, **cparams)
  File "/home/airflow/.local/lib/python3.8/site-packages/sqlalchemy/engine/default.py", line 598, in connect
    return self.dbapi.connect(*cargs, **cparams)
  File "/home/airflow/.local/lib/python3.8/site-packages/psycopg2/__init__.py", line 122, in connect
    conn = _connect(dsn, connection_factory=connection_factory, **kwasync)
sqlalchemy.exc.OperationalError: (psycopg2.OperationalError) could not translate host name "postgres" to address: Temporary failure in name resolution

(Background on this error at: https://sqlalche.me/e/14/e3q8)
[2024-12-21T06:40:07.158+0000] {job.py:221} ERROR - Job heartbeat failed with error. Scheduler is in unhealthy state
[2024-12-21T06:40:07.164+0000] {conn.py:919} INFO - <BrokerConnection node_id=1 host=broker:29092 <connected> [IPv4 ('172.18.0.13', 29092)]>: Closing connection. KafkaConnectionError: Socket EVENT_READ without in-flight-requests
[2024-12-21T06:40:07.171+0000] {client_async.py:331} WARNING - Node 1 connection failed -- refreshing metadata
[2024-12-21T06:39:51.065+0000] {conn.py:380} INFO - <BrokerConnection node_id=1 host=broker:29092 <connecting> [IPv4 ('172.18.0.13', 29092)]>: connecting to broker:29092 [('172.18.0.13', 29092) IPv4]
[2024-12-21T06:39:51.066+0000] {conn.py:418} ERROR - Connect attempt to <BrokerConnection node_id=1 host=broker:29092 <connecting> [IPv4 ('172.18.0.13', 29092)]> returned error 111. Disconnecting.
[2024-12-21T06:39:51.068+0000] {conn.py:919} INFO - <BrokerConnection node_id=1 host=broker:29092 <connecting> [IPv4 ('172.18.0.13', 29092)]>: Closing connection. KafkaConnectionError: 111 ECONNREFUSED
[2024-12-21T06:39:51.069+0000] {client_async.py:331} WARNING - Node 1 connection failed -- refreshing metadata
[2024-12-21T06:39:51.602+0000] {logging_mixin.py:188} INFO - {'id': '0d517f60-9620-4690-a98f-99ee45a84489', 'first_name': 'Aćim', 'last_name': 'Živković', 'gender': 'male', 'address': '6225 Žiže Markovića, Aleksinac, Kolubara, Serbia', 'post_code': 53375, 'email': 'acim.zivkovic@example.com', 'username': 'whitefrog777', 'dob': '1971-04-02T21:56:56.240Z', 'registered_date': '2004-09-24T10:23:30.445Z', 'phone': '031-3455-706', 'picture': 'https://randomuser.me/api/portraits/med/men/31.jpg'}
[2024-12-21T06:39:52.224+0000] {logging_mixin.py:188} INFO - {'id': '08cd0924-ed86-47df-86bf-ff1b80b31f43', 'first_name': 'William', 'last_name': 'Wright', 'gender': 'male', 'address': '178 Oxford Terrace, Gisborne, Otago, New Zealand', 'post_code': 20384, 'email': 'william.wright@example.com', 'username': 'angryswan635', 'dob': '1950-12-13T16:03:21.729Z', 'registered_date': '2021-07-06T02:37:34.044Z', 'phone': '(323)-664-4150', 'picture': 'https://randomuser.me/api/portraits/med/men/8.jpg'}
[2024-12-21T06:39:52.613+0000] {logging_mixin.py:188} INFO - {'id': '353a72ef-dab4-479c-bc41-2043cd54e6b5', 'first_name': 'Oya', 'last_name': 'Elçiboğa', 'gender': 'female', 'address': '4240 Mevlana Cd, Konya, Amasya, Turkey', 'post_code': 48799, 'email': 'oya.elciboga@example.com', 'username': 'tinyswan766', 'dob': '1999-01-12T11:26:49.200Z', 'registered_date': '2019-06-25T02:42:42.129Z', 'phone': '(105)-237-4377', 'picture': 'https://randomuser.me/api/portraits/med/women/59.jpg'}
[2024-12-21T06:39:52.979+0000] {logging_mixin.py:188} INFO - {'id': '27d96085-acf8-4f38-aa87-c043a78df4eb', 'first_name': 'Fred', 'last_name': 'Warren', 'gender': 'male', 'address': '2672 Killarney Road, Cashel, South Dublin, Ireland', 'post_code': 65460, 'email': 'fred.warren@example.com', 'username': 'happybutterfly131', 'dob': '1975-09-22T03:55:40.599Z', 'registered_date': '2005-12-16T16:08:11.538Z', 'phone': '071-221-4305', 'picture': 'https://randomuser.me/api/portraits/med/men/41.jpg'}
[2024-12-21T06:39:53.460+0000] {logging_mixin.py:188} INFO - {'id': 'e683adab-9fbf-41b8-a2ab-5cba42fc4e35', 'first_name': 'Benjamin', 'last_name': 'Tucker', 'gender': 'male', 'address': '8209 W Dallas St, Sunshine Coast, Tasmania, Australia', 'post_code': 4853, 'email': 'benjamin.tucker@example.com', 'username': 'goldenbird505', 'dob': '1945-06-22T18:10:56.511Z', 'registered_date': '2016-03-31T09:51:12.113Z', 'phone': '08-4268-2745', 'picture': 'https://randomuser.me/api/portraits/med/men/51.jpg'}
[2024-12-21T06:39:53.846+0000] {logging_mixin.py:188} INFO - {'id': 'e2b9d356-fd0d-471c-8c74-60b53c7b1451', 'first_name': 'Rodoslava', 'last_name': 'Baklan', 'gender': 'female', 'address': '7208 Provulok Ivana Kozlovskogo, Krasnograd, Avtonomna Respublika Krim, Ukraine', 'post_code': 20786, 'email': 'rodoslava.baklan@example.com', 'username': 'happylion776', 'dob': '1990-04-10T13:12:17.165Z', 'registered_date': '2005-12-29T22:57:36.109Z', 'phone': '(096) P03-9546', 'picture': 'https://randomuser.me/api/portraits/med/women/89.jpg'}
[2024-12-21T06:39:54.235+0000] {logging_mixin.py:188} INFO - {'id': '826f9a51-0a9a-4b13-89aa-7e42f5d4980a', 'first_name': 'Maeva', 'last_name': 'Slawa', 'gender': 'female', 'address': '6388 Lakeview Ave, Sandy Lake, New Brunswick, Canada', 'post_code': 'V8T 6D1', 'email': 'maeva.slawa@example.com', 'username': 'angryduck735', 'dob': '1974-02-23T19:25:18.078Z', 'registered_date': '2014-07-22T07:53:45.719Z', 'phone': 'A71 V92-1108', 'picture': 'https://randomuser.me/api/portraits/med/women/35.jpg'}
[2024-12-21T06:39:54.620+0000] {logging_mixin.py:188} INFO - {'id': '69a2a87b-f854-4c2f-a861-4fba08aae347', 'first_name': 'Liam', 'last_name': 'Roux', 'gender': 'male', 'address': "8744 Rue de L'Abbé-Groult, Boulogne-Billancourt, Alpes-Maritimes, France", 'post_code': 58199, 'email': 'liam.roux@example.com', 'username': 'crazygorilla871', 'dob': '2000-10-25T06:15:00.549Z', 'registered_date': '2013-01-04T06:26:31.666Z', 'phone': '04-88-20-11-84', 'picture': 'https://randomuser.me/api/portraits/med/men/50.jpg'}
[2024-12-21T06:39:55.008+0000] {logging_mixin.py:188} INFO - {'id': '21359e09-255a-4fb0-8c93-856506137f9a', 'first_name': 'Jakob', 'last_name': 'Wright', 'gender': 'male', 'address': '4884 Jones Road, Nenagh, Meath, Ireland', 'post_code': 82669, 'email': 'jakob.wright@example.com', 'username': 'purplefish660', 'dob': '1967-02-26T10:48:09.668Z', 'registered_date': '2007-08-19T22:11:33.511Z', 'phone': '061-089-7442', 'picture': 'https://randomuser.me/api/portraits/med/men/40.jpg'}
[2024-12-21T06:39:55.376+0000] {logging_mixin.py:188} INFO - {'id': '1660c9e3-1183-4371-a85c-cc91552f3afa', 'first_name': 'Iida', 'last_name': 'Koskela', 'gender': 'female', 'address': '8637 Fredrikinkatu, Kauhava, Päijät-Häme, Finland', 'post_code': 51026, 'email': 'iida.koskela@example.com', 'username': 'heavymouse756', 'dob': '1986-05-21T09:25:32.981Z', 'registered_date': '2012-09-21T09:10:36.922Z', 'phone': '05-434-174', 'picture': 'https://randomuser.me/api/portraits/med/women/96.jpg'}
[2024-12-21T06:39:55.749+0000] {logging_mixin.py:188} INFO - {'id': 'a0e5f76a-4dd2-40e3-9540-7adb6973301d', 'first_name': 'Pavitra', 'last_name': 'Shroff', 'gender': 'female', 'address': '6335 Mirza Ghalib St, Jalandhar, Nagaland, India', 'post_code': 76648, 'email': 'pavitra.shroff@example.com', 'username': 'crazyfrog884', 'dob': '1954-06-03T21:22:59.167Z', 'registered_date': '2005-10-16T05:05:32.620Z', 'phone': '7586673136', 'picture': 'https://randomuser.me/api/portraits/med/women/7.jpg'}
[2024-12-21T06:40:12.541+0000] {conn.py:1527} WARNING - DNS lookup failed for broker:29092, exception was [Errno -2] Name or service not known. Is your advertised.listeners (called advertised.host.name before Kafka 9) correct and resolvable?
[2024-12-21T06:40:12.542+0000] {conn.py:315} ERROR - DNS lookup failed for broker:29092 (0)
[2024-12-21T06:40:12.570+0000] {logging_mixin.py:188} INFO - {'id': '6edfa7eb-0b2a-4fe4-b268-d18f3a8f7d00', 'first_name': 'Anna', 'last_name': 'Davis', 'gender': 'female', 'address': '5283 New Road, Coventry, Central, United Kingdom', 'post_code': 'VE2 8EA', 'email': 'anna.davis@example.com', 'username': 'crazyrabbit494', 'dob': '1956-01-13T05:32:59.565Z', 'registered_date': '2012-06-11T16:35:21.010Z', 'phone': '015242 10644', 'picture': 'https://randomuser.me/api/portraits/med/women/56.jpg'}
[2024-12-21T06:39:57.118+0000] {conn.py:1527} WARNING - DNS lookup failed for broker:29092, exception was [Errno -2] Name or service not known. Is your advertised.listeners (called advertised.host.name before Kafka 9) correct and resolvable?
[2024-12-21T06:39:57.119+0000] {conn.py:315} ERROR - DNS lookup failed for broker:29092 (0)
[2024-12-21T06:40:01.116+0000] {conn.py:1527} WARNING - DNS lookup failed for broker:29092, exception was [Errno -2] Name or service not known. Is your advertised.listeners (called advertised.host.name before Kafka 9) correct and resolvable?
[2024-12-21T06:40:01.117+0000] {conn.py:315} ERROR - DNS lookup failed for broker:29092 (0)
[2024-12-21T06:40:21.577+0000] {conn.py:1527} WARNING - DNS lookup failed for broker:29092, exception was [Errno -2] Name or service not known. Is your advertised.listeners (called advertised.host.name before Kafka 9) correct and resolvable?
[2024-12-21T06:40:21.578+0000] {conn.py:315} ERROR - DNS lookup failed for broker:29092 (0)
[2024-12-21T06:40:21.631+0000] {record_accumulator.py:73} WARNING - Produced messages to topic-partition ('users_created', 0) with base offset -1 log start offset None and error None.
[2024-12-21T06:40:21.632+0000] {record_accumulator.py:332} WARNING - Expired 1 batches in accumulator
[2024-12-21T06:40:21.669+0000] {python.py:202} INFO - Done. Returned value was: None
[2024-12-21T06:40:21.684+0000] {taskinstance.py:1149} INFO - Marking task as SUCCESS. dag_id=user_automation, task_id=stream_data_from_api, execution_date=20241221T063859, start_date=20241221T063900, end_date=20241221T064021
[2024-12-21T06:40:21.746+0000] {local_task_job_runner.py:234} INFO - Task exited with return code 0
[2024-12-21T06:40:21.761+0000] {taskinstance.py:3312} INFO - 0 downstream tasks scheduled from follow-on schedule check
