[2024-10-27T12:39:41.601+0000] {taskinstance.py:1979} INFO - Dependencies all met for dep_context=non-requeueable deps ti=<TaskInstance: user_automation.stream_data_from_api manual__2024-10-27T12:39:39.838974+00:00 [queued]>
[2024-10-27T12:39:41.615+0000] {taskinstance.py:1979} INFO - Dependencies all met for dep_context=requeueable deps ti=<TaskInstance: user_automation.stream_data_from_api manual__2024-10-27T12:39:39.838974+00:00 [queued]>
[2024-10-27T12:39:41.616+0000] {taskinstance.py:2193} INFO - Starting attempt 1 of 1
[2024-10-27T12:39:41.633+0000] {taskinstance.py:2217} INFO - Executing <Task(PythonOperator): stream_data_from_api> on 2024-10-27 12:39:39.838974+00:00
[2024-10-27T12:39:41.639+0000] {standard_task_runner.py:60} INFO - Started process 1307 to run task
[2024-10-27T12:39:41.645+0000] {standard_task_runner.py:87} INFO - Running: ['***', 'tasks', 'run', 'user_automation', 'stream_data_from_api', 'manual__2024-10-27T12:39:39.838974+00:00', '--job-id', '5', '--raw', '--subdir', 'DAGS_FOLDER/my_dag.py', '--cfg-path', '/tmp/tmpshxelby_']
[2024-10-27T12:39:41.649+0000] {standard_task_runner.py:88} INFO - Job 5: Subtask stream_data_from_api
[2024-10-27T12:39:41.749+0000] {task_command.py:423} INFO - Running <TaskInstance: user_automation.stream_data_from_api manual__2024-10-27T12:39:39.838974+00:00 [running]> on host 40a6e359d100
[2024-10-27T12:39:41.867+0000] {taskinstance.py:2513} INFO - Exporting env vars: AIRFLOW_CTX_DAG_OWNER='airscholar' AIRFLOW_CTX_DAG_ID='user_automation' AIRFLOW_CTX_TASK_ID='stream_data_from_api' AIRFLOW_CTX_EXECUTION_DATE='2024-10-27T12:39:39.838974+00:00' AIRFLOW_CTX_TRY_NUMBER='1' AIRFLOW_CTX_DAG_RUN_ID='manual__2024-10-27T12:39:39.838974+00:00'
[2024-10-27T12:39:41.969+0000] {conn.py:380} INFO - <BrokerConnection node_id=bootstrap-0 host=broker:29092 <connecting> [IPv4 ('172.18.0.11', 29092)]>: connecting to broker:29092 [('172.18.0.11', 29092) IPv4]
[2024-10-27T12:39:41.970+0000] {conn.py:1205} INFO - Probing node bootstrap-0 broker version
[2024-10-27T12:39:41.971+0000] {conn.py:410} INFO - <BrokerConnection node_id=bootstrap-0 host=broker:29092 <connecting> [IPv4 ('172.18.0.11', 29092)]>: Connection complete.
[2024-10-27T12:39:42.079+0000] {conn.py:1267} INFO - Broker version identified as 2.5.0
[2024-10-27T12:39:42.080+0000] {conn.py:1268} INFO - Set configuration api_version=(2, 5, 0) to skip auto check_version requests on startup
[2024-10-27T12:39:42.685+0000] {logging_mixin.py:188} INFO - oke
[2024-10-27T12:39:42.690+0000] {conn.py:380} INFO - <BrokerConnection node_id=1 host=broker:29092 <connecting> [IPv4 ('172.18.0.11', 29092)]>: connecting to broker:29092 [('172.18.0.11', 29092) IPv4]
[2024-10-27T12:39:42.692+0000] {conn.py:410} INFO - <BrokerConnection node_id=1 host=broker:29092 <connecting> [IPv4 ('172.18.0.11', 29092)]>: Connection complete.
[2024-10-27T12:39:42.693+0000] {conn.py:919} INFO - <BrokerConnection node_id=bootstrap-0 host=broker:29092 <connected> [IPv4 ('172.18.0.11', 29092)]>: Closing connection. 
[2024-10-27T12:39:43.084+0000] {logging_mixin.py:188} INFO - oke
[2024-10-27T12:39:43.463+0000] {logging_mixin.py:188} INFO - oke
[2024-10-27T12:39:43.837+0000] {logging_mixin.py:188} INFO - oke
[2024-10-27T12:39:44.281+0000] {logging_mixin.py:188} INFO - oke
[2024-10-27T12:39:44.772+0000] {logging_mixin.py:188} INFO - oke
[2024-10-27T12:39:46.086+0000] {logging_mixin.py:188} INFO - oke
[2024-10-27T12:39:46.567+0000] {logging_mixin.py:188} INFO - oke
[2024-10-27T12:39:46.962+0000] {logging_mixin.py:188} INFO - oke
[2024-10-27T12:39:47.325+0000] {logging_mixin.py:188} INFO - oke
[2024-10-27T12:39:47.696+0000] {logging_mixin.py:188} INFO - oke
[2024-10-27T12:39:48.078+0000] {logging_mixin.py:188} INFO - oke
[2024-10-27T12:39:48.448+0000] {logging_mixin.py:188} INFO - oke
[2024-10-27T12:39:48.818+0000] {logging_mixin.py:188} INFO - oke
[2024-10-27T12:39:49.403+0000] {logging_mixin.py:188} INFO - oke
[2024-10-27T12:39:49.770+0000] {logging_mixin.py:188} INFO - oke
[2024-10-27T12:39:50.150+0000] {logging_mixin.py:188} INFO - oke
[2024-10-27T12:39:50.919+0000] {logging_mixin.py:188} INFO - oke
[2024-10-27T12:39:51.308+0000] {logging_mixin.py:188} INFO - oke
[2024-10-27T12:39:51.982+0000] {logging_mixin.py:188} INFO - oke
[2024-10-27T12:39:52.375+0000] {logging_mixin.py:188} INFO - oke
[2024-10-27T12:39:52.771+0000] {logging_mixin.py:188} INFO - oke
[2024-10-27T12:39:53.567+0000] {logging_mixin.py:188} INFO - oke
[2024-10-27T12:39:53.933+0000] {logging_mixin.py:188} INFO - oke
[2024-10-27T12:39:54.282+0000] {logging_mixin.py:188} INFO - oke
[2024-10-27T12:39:54.638+0000] {logging_mixin.py:188} INFO - oke
[2024-10-27T12:39:55.024+0000] {logging_mixin.py:188} INFO - oke
[2024-10-27T12:39:55.373+0000] {logging_mixin.py:188} INFO - oke
[2024-10-27T12:39:55.739+0000] {logging_mixin.py:188} INFO - oke
[2024-10-27T12:39:56.121+0000] {logging_mixin.py:188} INFO - oke
[2024-10-27T12:39:56.521+0000] {logging_mixin.py:188} INFO - oke
[2024-10-27T12:39:56.899+0000] {logging_mixin.py:188} INFO - oke
[2024-10-27T12:39:57.259+0000] {logging_mixin.py:188} INFO - oke
[2024-10-27T12:39:57.643+0000] {logging_mixin.py:188} INFO - oke
[2024-10-27T12:39:58.008+0000] {logging_mixin.py:188} INFO - oke
[2024-10-27T12:39:58.371+0000] {logging_mixin.py:188} INFO - oke
[2024-10-27T12:39:58.740+0000] {logging_mixin.py:188} INFO - oke
[2024-10-27T12:39:59.122+0000] {logging_mixin.py:188} INFO - oke
[2024-10-27T12:39:59.487+0000] {logging_mixin.py:188} INFO - oke
[2024-10-27T12:40:00.154+0000] {logging_mixin.py:188} INFO - oke
[2024-10-27T12:40:00.514+0000] {logging_mixin.py:188} INFO - oke
[2024-10-27T12:40:00.909+0000] {logging_mixin.py:188} INFO - oke
[2024-10-27T12:40:01.303+0000] {logging_mixin.py:188} INFO - oke
[2024-10-27T12:40:01.780+0000] {logging_mixin.py:188} INFO - oke
[2024-10-27T12:40:02.264+0000] {logging_mixin.py:188} INFO - oke
[2024-10-27T12:40:02.973+0000] {logging_mixin.py:188} INFO - oke
[2024-10-27T12:40:04.099+0000] {logging_mixin.py:188} INFO - oke
[2024-10-27T12:40:05.104+0000] {logging_mixin.py:188} INFO - oke
[2024-10-27T12:40:05.568+0000] {logging_mixin.py:188} INFO - oke
[2024-10-27T12:40:06.029+0000] {logging_mixin.py:188} INFO - oke
[2024-10-27T12:40:07.446+0000] {logging_mixin.py:188} INFO - oke
[2024-10-27T12:40:07.996+0000] {logging_mixin.py:188} INFO - oke
[2024-10-27T12:40:08.363+0000] {logging_mixin.py:188} INFO - oke
[2024-10-27T12:40:08.748+0000] {logging_mixin.py:188} INFO - oke
[2024-10-27T12:40:09.134+0000] {logging_mixin.py:188} INFO - oke
[2024-10-27T12:40:09.574+0000] {logging_mixin.py:188} INFO - oke
[2024-10-27T12:40:10.333+0000] {logging_mixin.py:188} INFO - oke
[2024-10-27T12:40:10.684+0000] {logging_mixin.py:188} INFO - oke
[2024-10-27T12:40:11.049+0000] {logging_mixin.py:188} INFO - oke
[2024-10-27T12:40:11.438+0000] {logging_mixin.py:188} INFO - oke
[2024-10-27T12:40:11.820+0000] {logging_mixin.py:188} INFO - oke
[2024-10-27T12:40:12.195+0000] {logging_mixin.py:188} INFO - oke
[2024-10-27T12:40:12.198+0000] {conn.py:919} INFO - <BrokerConnection node_id=1 host=broker:29092 <connected> [IPv4 ('172.18.0.11', 29092)]>: Closing connection. 
[2024-10-27T12:40:12.199+0000] {python.py:202} INFO - Done. Returned value was: None
[2024-10-27T12:40:12.211+0000] {taskinstance.py:1149} INFO - Marking task as SUCCESS. dag_id=user_automation, task_id=stream_data_from_api, execution_date=20241027T123939, start_date=20241027T123941, end_date=20241027T124012
[2024-10-27T12:40:12.254+0000] {local_task_job_runner.py:234} INFO - Task exited with return code 0
[2024-10-27T12:40:12.276+0000] {taskinstance.py:3312} INFO - 0 downstream tasks scheduled from follow-on schedule check
