[2024-11-19T03:41:18.767+0000] {processor.py:161} INFO - Started process (PID=51) to work on /opt/airflow/dags/my_dag.py
[2024-11-19T03:41:18.769+0000] {processor.py:830} INFO - Processing file /opt/airflow/dags/my_dag.py for tasks to queue
[2024-11-19T03:41:18.772+0000] {logging_mixin.py:188} INFO - [2024-11-19T03:41:18.772+0000] {dagbag.py:540} INFO - Filling up the DagBag from /opt/airflow/dags/my_dag.py
[2024-11-19T03:41:18.796+0000] {processor.py:840} INFO - DAG(s) 'user_automation' retrieved from /opt/airflow/dags/my_dag.py
[2024-11-19T03:41:18.853+0000] {logging_mixin.py:188} INFO - [2024-11-19T03:41:18.853+0000] {dag.py:3047} INFO - Sync 1 DAGs
[2024-11-19T03:41:18.887+0000] {logging_mixin.py:188} INFO - [2024-11-19T03:41:18.887+0000] {dag.py:3834} INFO - Setting next_dagrun for user_automation to 2024-11-18 00:00:00+00:00, run_after=2024-11-19 00:00:00+00:00
[2024-11-19T03:41:18.915+0000] {processor.py:183} INFO - Processing /opt/airflow/dags/my_dag.py took 0.153 seconds
[2024-11-19T03:41:49.055+0000] {processor.py:161} INFO - Started process (PID=58) to work on /opt/airflow/dags/my_dag.py
[2024-11-19T03:41:49.057+0000] {processor.py:830} INFO - Processing file /opt/airflow/dags/my_dag.py for tasks to queue
[2024-11-19T03:41:49.059+0000] {logging_mixin.py:188} INFO - [2024-11-19T03:41:49.059+0000] {dagbag.py:540} INFO - Filling up the DagBag from /opt/airflow/dags/my_dag.py
[2024-11-19T03:41:49.089+0000] {processor.py:840} INFO - DAG(s) 'user_automation' retrieved from /opt/airflow/dags/my_dag.py
[2024-11-19T03:41:49.120+0000] {logging_mixin.py:188} INFO - [2024-11-19T03:41:49.120+0000] {dag.py:3047} INFO - Sync 1 DAGs
[2024-11-19T03:41:49.146+0000] {logging_mixin.py:188} INFO - [2024-11-19T03:41:49.145+0000] {dag.py:3834} INFO - Setting next_dagrun for user_automation to 2024-11-19 00:00:00+00:00, run_after=2024-11-20 00:00:00+00:00
[2024-11-19T03:41:49.171+0000] {processor.py:183} INFO - Processing /opt/airflow/dags/my_dag.py took 0.120 seconds
[2024-11-19T03:42:19.455+0000] {processor.py:161} INFO - Started process (PID=71) to work on /opt/airflow/dags/my_dag.py
[2024-11-19T03:42:19.456+0000] {processor.py:830} INFO - Processing file /opt/airflow/dags/my_dag.py for tasks to queue
[2024-11-19T03:42:19.458+0000] {logging_mixin.py:188} INFO - [2024-11-19T03:42:19.457+0000] {dagbag.py:540} INFO - Filling up the DagBag from /opt/airflow/dags/my_dag.py
[2024-11-19T03:42:19.493+0000] {processor.py:840} INFO - DAG(s) 'user_automation' retrieved from /opt/airflow/dags/my_dag.py
[2024-11-19T03:42:19.515+0000] {logging_mixin.py:188} INFO - [2024-11-19T03:42:19.515+0000] {dag.py:3047} INFO - Sync 1 DAGs
[2024-11-19T03:42:19.534+0000] {logging_mixin.py:188} INFO - [2024-11-19T03:42:19.533+0000] {dag.py:3834} INFO - Setting next_dagrun for user_automation to 2024-11-19 00:00:00+00:00, run_after=2024-11-20 00:00:00+00:00
[2024-11-19T03:42:19.554+0000] {processor.py:183} INFO - Processing /opt/airflow/dags/my_dag.py took 0.102 seconds
[2024-11-19T03:42:49.737+0000] {processor.py:161} INFO - Started process (PID=78) to work on /opt/airflow/dags/my_dag.py
[2024-11-19T03:42:49.739+0000] {processor.py:830} INFO - Processing file /opt/airflow/dags/my_dag.py for tasks to queue
[2024-11-19T03:42:49.742+0000] {logging_mixin.py:188} INFO - [2024-11-19T03:42:49.742+0000] {dagbag.py:540} INFO - Filling up the DagBag from /opt/airflow/dags/my_dag.py
[2024-11-19T03:42:49.780+0000] {processor.py:840} INFO - DAG(s) 'user_automation' retrieved from /opt/airflow/dags/my_dag.py
[2024-11-19T03:42:49.807+0000] {logging_mixin.py:188} INFO - [2024-11-19T03:42:49.807+0000] {dag.py:3047} INFO - Sync 1 DAGs
[2024-11-19T03:42:49.829+0000] {logging_mixin.py:188} INFO - [2024-11-19T03:42:49.829+0000] {dag.py:3834} INFO - Setting next_dagrun for user_automation to 2024-11-19 00:00:00+00:00, run_after=2024-11-20 00:00:00+00:00
[2024-11-19T03:42:49.855+0000] {processor.py:183} INFO - Processing /opt/airflow/dags/my_dag.py took 0.121 seconds
[2024-11-19T03:43:20.081+0000] {processor.py:161} INFO - Started process (PID=85) to work on /opt/airflow/dags/my_dag.py
[2024-11-19T03:43:20.083+0000] {processor.py:830} INFO - Processing file /opt/airflow/dags/my_dag.py for tasks to queue
[2024-11-19T03:43:20.085+0000] {logging_mixin.py:188} INFO - [2024-11-19T03:43:20.085+0000] {dagbag.py:540} INFO - Filling up the DagBag from /opt/airflow/dags/my_dag.py
[2024-11-19T03:43:20.118+0000] {processor.py:840} INFO - DAG(s) 'user_automation' retrieved from /opt/airflow/dags/my_dag.py
[2024-11-19T03:43:20.140+0000] {logging_mixin.py:188} INFO - [2024-11-19T03:43:20.140+0000] {dag.py:3047} INFO - Sync 1 DAGs
[2024-11-19T03:43:20.161+0000] {logging_mixin.py:188} INFO - [2024-11-19T03:43:20.160+0000] {dag.py:3834} INFO - Setting next_dagrun for user_automation to 2024-11-19 00:00:00+00:00, run_after=2024-11-20 00:00:00+00:00
[2024-11-19T03:43:20.181+0000] {processor.py:183} INFO - Processing /opt/airflow/dags/my_dag.py took 0.103 seconds
[2024-11-19T03:43:50.366+0000] {processor.py:161} INFO - Started process (PID=93) to work on /opt/airflow/dags/my_dag.py
[2024-11-19T03:43:50.368+0000] {processor.py:830} INFO - Processing file /opt/airflow/dags/my_dag.py for tasks to queue
[2024-11-19T03:43:50.370+0000] {logging_mixin.py:188} INFO - [2024-11-19T03:43:50.370+0000] {dagbag.py:540} INFO - Filling up the DagBag from /opt/airflow/dags/my_dag.py
[2024-11-19T03:43:50.407+0000] {processor.py:840} INFO - DAG(s) 'user_automation' retrieved from /opt/airflow/dags/my_dag.py
[2024-11-19T03:43:50.430+0000] {logging_mixin.py:188} INFO - [2024-11-19T03:43:50.430+0000] {dag.py:3047} INFO - Sync 1 DAGs
[2024-11-19T03:43:50.449+0000] {logging_mixin.py:188} INFO - [2024-11-19T03:43:50.449+0000] {dag.py:3834} INFO - Setting next_dagrun for user_automation to 2024-11-19 00:00:00+00:00, run_after=2024-11-20 00:00:00+00:00
[2024-11-19T03:43:50.470+0000] {processor.py:183} INFO - Processing /opt/airflow/dags/my_dag.py took 0.107 seconds
[2024-11-19T03:44:20.719+0000] {processor.py:161} INFO - Started process (PID=100) to work on /opt/airflow/dags/my_dag.py
[2024-11-19T03:44:20.720+0000] {processor.py:830} INFO - Processing file /opt/airflow/dags/my_dag.py for tasks to queue
[2024-11-19T03:44:20.723+0000] {logging_mixin.py:188} INFO - [2024-11-19T03:44:20.723+0000] {dagbag.py:540} INFO - Filling up the DagBag from /opt/airflow/dags/my_dag.py
[2024-11-19T03:44:20.761+0000] {processor.py:840} INFO - DAG(s) 'user_automation' retrieved from /opt/airflow/dags/my_dag.py
[2024-11-19T03:44:20.786+0000] {logging_mixin.py:188} INFO - [2024-11-19T03:44:20.786+0000] {dag.py:3047} INFO - Sync 1 DAGs
[2024-11-19T03:44:20.810+0000] {logging_mixin.py:188} INFO - [2024-11-19T03:44:20.810+0000] {dag.py:3834} INFO - Setting next_dagrun for user_automation to 2024-11-19 00:00:00+00:00, run_after=2024-11-20 00:00:00+00:00
[2024-11-19T03:44:20.833+0000] {processor.py:183} INFO - Processing /opt/airflow/dags/my_dag.py took 0.118 seconds
[2024-11-19T04:13:33.945+0000] {processor.py:161} INFO - Started process (PID=101) to work on /opt/airflow/dags/my_dag.py
[2024-11-19T04:13:33.947+0000] {processor.py:830} INFO - Processing file /opt/airflow/dags/my_dag.py for tasks to queue
[2024-11-19T04:13:33.950+0000] {logging_mixin.py:188} INFO - [2024-11-19T04:13:33.949+0000] {dagbag.py:540} INFO - Filling up the DagBag from /opt/airflow/dags/my_dag.py
[2024-11-19T04:13:33.989+0000] {processor.py:840} INFO - DAG(s) 'user_automation' retrieved from /opt/airflow/dags/my_dag.py
[2024-11-19T04:13:34.152+0000] {logging_mixin.py:188} INFO - [2024-11-19T04:13:34.152+0000] {dag.py:3047} INFO - Sync 1 DAGs
[2024-11-19T04:13:34.212+0000] {logging_mixin.py:188} INFO - [2024-11-19T04:13:34.211+0000] {dag.py:3834} INFO - Setting next_dagrun for user_automation to 2024-11-19 00:00:00+00:00, run_after=2024-11-20 00:00:00+00:00
[2024-11-19T04:13:34.283+0000] {processor.py:183} INFO - Processing /opt/airflow/dags/my_dag.py took 0.344 seconds
[2024-11-19T04:14:04.643+0000] {processor.py:161} INFO - Started process (PID=108) to work on /opt/airflow/dags/my_dag.py
[2024-11-19T04:14:04.644+0000] {processor.py:830} INFO - Processing file /opt/airflow/dags/my_dag.py for tasks to queue
[2024-11-19T04:14:04.647+0000] {logging_mixin.py:188} INFO - [2024-11-19T04:14:04.647+0000] {dagbag.py:540} INFO - Filling up the DagBag from /opt/airflow/dags/my_dag.py
[2024-11-19T04:14:04.688+0000] {processor.py:840} INFO - DAG(s) 'user_automation' retrieved from /opt/airflow/dags/my_dag.py
[2024-11-19T04:14:04.717+0000] {logging_mixin.py:188} INFO - [2024-11-19T04:14:04.717+0000] {dag.py:3047} INFO - Sync 1 DAGs
[2024-11-19T04:14:04.737+0000] {logging_mixin.py:188} INFO - [2024-11-19T04:14:04.737+0000] {dag.py:3834} INFO - Setting next_dagrun for user_automation to 2024-11-19 00:00:00+00:00, run_after=2024-11-20 00:00:00+00:00
[2024-11-19T04:14:04.758+0000] {processor.py:183} INFO - Processing /opt/airflow/dags/my_dag.py took 0.118 seconds
[2024-11-19T04:14:34.871+0000] {processor.py:161} INFO - Started process (PID=115) to work on /opt/airflow/dags/my_dag.py
[2024-11-19T04:14:34.873+0000] {processor.py:830} INFO - Processing file /opt/airflow/dags/my_dag.py for tasks to queue
[2024-11-19T04:14:34.875+0000] {logging_mixin.py:188} INFO - [2024-11-19T04:14:34.875+0000] {dagbag.py:540} INFO - Filling up the DagBag from /opt/airflow/dags/my_dag.py
[2024-11-19T04:14:34.912+0000] {processor.py:840} INFO - DAG(s) 'user_automation' retrieved from /opt/airflow/dags/my_dag.py
[2024-11-19T04:14:34.936+0000] {logging_mixin.py:188} INFO - [2024-11-19T04:14:34.935+0000] {dag.py:3047} INFO - Sync 1 DAGs
[2024-11-19T04:14:34.957+0000] {logging_mixin.py:188} INFO - [2024-11-19T04:14:34.956+0000] {dag.py:3834} INFO - Setting next_dagrun for user_automation to 2024-11-19 00:00:00+00:00, run_after=2024-11-20 00:00:00+00:00
[2024-11-19T04:14:34.978+0000] {processor.py:183} INFO - Processing /opt/airflow/dags/my_dag.py took 0.112 seconds
[2024-11-19T04:15:05.311+0000] {processor.py:161} INFO - Started process (PID=122) to work on /opt/airflow/dags/my_dag.py
[2024-11-19T04:15:05.313+0000] {processor.py:830} INFO - Processing file /opt/airflow/dags/my_dag.py for tasks to queue
[2024-11-19T04:15:05.316+0000] {logging_mixin.py:188} INFO - [2024-11-19T04:15:05.315+0000] {dagbag.py:540} INFO - Filling up the DagBag from /opt/airflow/dags/my_dag.py
[2024-11-19T04:15:05.356+0000] {processor.py:840} INFO - DAG(s) 'user_automation' retrieved from /opt/airflow/dags/my_dag.py
[2024-11-19T04:15:05.463+0000] {logging_mixin.py:188} INFO - [2024-11-19T04:15:05.463+0000] {dag.py:3047} INFO - Sync 1 DAGs
[2024-11-19T04:15:05.491+0000] {logging_mixin.py:188} INFO - [2024-11-19T04:15:05.491+0000] {dag.py:3834} INFO - Setting next_dagrun for user_automation to 2024-11-19 00:00:00+00:00, run_after=2024-11-20 00:00:00+00:00
[2024-11-19T04:15:05.510+0000] {processor.py:183} INFO - Processing /opt/airflow/dags/my_dag.py took 0.201 seconds
[2024-11-19T04:15:35.623+0000] {processor.py:161} INFO - Started process (PID=129) to work on /opt/airflow/dags/my_dag.py
[2024-11-19T04:15:35.625+0000] {processor.py:830} INFO - Processing file /opt/airflow/dags/my_dag.py for tasks to queue
[2024-11-19T04:15:35.627+0000] {logging_mixin.py:188} INFO - [2024-11-19T04:15:35.627+0000] {dagbag.py:540} INFO - Filling up the DagBag from /opt/airflow/dags/my_dag.py
[2024-11-19T04:15:35.666+0000] {processor.py:840} INFO - DAG(s) 'user_automation' retrieved from /opt/airflow/dags/my_dag.py
[2024-11-19T04:15:35.692+0000] {logging_mixin.py:188} INFO - [2024-11-19T04:15:35.691+0000] {dag.py:3047} INFO - Sync 1 DAGs
[2024-11-19T04:15:35.720+0000] {logging_mixin.py:188} INFO - [2024-11-19T04:15:35.719+0000] {dag.py:3834} INFO - Setting next_dagrun for user_automation to 2024-11-19 00:00:00+00:00, run_after=2024-11-20 00:00:00+00:00
[2024-11-19T04:15:35.748+0000] {processor.py:183} INFO - Processing /opt/airflow/dags/my_dag.py took 0.129 seconds
[2024-11-19T04:16:05.995+0000] {processor.py:161} INFO - Started process (PID=136) to work on /opt/airflow/dags/my_dag.py
[2024-11-19T04:16:05.997+0000] {processor.py:830} INFO - Processing file /opt/airflow/dags/my_dag.py for tasks to queue
[2024-11-19T04:16:05.999+0000] {logging_mixin.py:188} INFO - [2024-11-19T04:16:05.999+0000] {dagbag.py:540} INFO - Filling up the DagBag from /opt/airflow/dags/my_dag.py
[2024-11-19T04:16:06.033+0000] {processor.py:840} INFO - DAG(s) 'user_automation' retrieved from /opt/airflow/dags/my_dag.py
[2024-11-19T04:16:06.059+0000] {logging_mixin.py:188} INFO - [2024-11-19T04:16:06.058+0000] {dag.py:3047} INFO - Sync 1 DAGs
[2024-11-19T04:16:06.085+0000] {logging_mixin.py:188} INFO - [2024-11-19T04:16:06.085+0000] {dag.py:3834} INFO - Setting next_dagrun for user_automation to 2024-11-19 00:00:00+00:00, run_after=2024-11-20 00:00:00+00:00
[2024-11-19T04:16:06.112+0000] {processor.py:183} INFO - Processing /opt/airflow/dags/my_dag.py took 0.121 seconds
[2024-11-19T04:16:36.214+0000] {processor.py:161} INFO - Started process (PID=143) to work on /opt/airflow/dags/my_dag.py
[2024-11-19T04:16:36.215+0000] {processor.py:830} INFO - Processing file /opt/airflow/dags/my_dag.py for tasks to queue
[2024-11-19T04:16:36.218+0000] {logging_mixin.py:188} INFO - [2024-11-19T04:16:36.217+0000] {dagbag.py:540} INFO - Filling up the DagBag from /opt/airflow/dags/my_dag.py
[2024-11-19T04:16:36.260+0000] {processor.py:840} INFO - DAG(s) 'user_automation' retrieved from /opt/airflow/dags/my_dag.py
[2024-11-19T04:16:36.295+0000] {logging_mixin.py:188} INFO - [2024-11-19T04:16:36.295+0000] {dag.py:3047} INFO - Sync 1 DAGs
[2024-11-19T04:16:36.322+0000] {logging_mixin.py:188} INFO - [2024-11-19T04:16:36.322+0000] {dag.py:3834} INFO - Setting next_dagrun for user_automation to 2024-11-19 00:00:00+00:00, run_after=2024-11-20 00:00:00+00:00
[2024-11-19T04:16:36.343+0000] {processor.py:183} INFO - Processing /opt/airflow/dags/my_dag.py took 0.133 seconds
[2024-11-19T04:17:06.596+0000] {processor.py:161} INFO - Started process (PID=150) to work on /opt/airflow/dags/my_dag.py
[2024-11-19T04:17:06.598+0000] {processor.py:830} INFO - Processing file /opt/airflow/dags/my_dag.py for tasks to queue
[2024-11-19T04:17:06.600+0000] {logging_mixin.py:188} INFO - [2024-11-19T04:17:06.600+0000] {dagbag.py:540} INFO - Filling up the DagBag from /opt/airflow/dags/my_dag.py
[2024-11-19T04:17:06.635+0000] {processor.py:840} INFO - DAG(s) 'user_automation' retrieved from /opt/airflow/dags/my_dag.py
[2024-11-19T04:17:06.657+0000] {logging_mixin.py:188} INFO - [2024-11-19T04:17:06.657+0000] {dag.py:3047} INFO - Sync 1 DAGs
[2024-11-19T04:17:06.676+0000] {logging_mixin.py:188} INFO - [2024-11-19T04:17:06.676+0000] {dag.py:3834} INFO - Setting next_dagrun for user_automation to 2024-11-19 00:00:00+00:00, run_after=2024-11-20 00:00:00+00:00
[2024-11-19T04:17:06.698+0000] {processor.py:183} INFO - Processing /opt/airflow/dags/my_dag.py took 0.104 seconds
