[2024-10-15T06:14:43.951+0000] {taskinstance.py:1979} INFO - Dependencies all met for dep_context=non-requeueable deps ti=<TaskInstance: user_automation.stream_data_from_api manual__2024-10-15T06:14:42.763938+00:00 [queued]>
[2024-10-15T06:14:43.962+0000] {taskinstance.py:1979} INFO - Dependencies all met for dep_context=requeueable deps ti=<TaskInstance: user_automation.stream_data_from_api manual__2024-10-15T06:14:42.763938+00:00 [queued]>
[2024-10-15T06:14:43.963+0000] {taskinstance.py:2193} INFO - Starting attempt 1 of 1
[2024-10-15T06:14:43.980+0000] {taskinstance.py:2217} INFO - Executing <Task(PythonOperator): stream_data_from_api> on 2024-10-15 06:14:42.763938+00:00
[2024-10-15T06:14:43.991+0000] {standard_task_runner.py:60} INFO - Started process 131 to run task
[2024-10-15T06:14:43.995+0000] {standard_task_runner.py:87} INFO - Running: ['***', 'tasks', 'run', 'user_automation', 'stream_data_from_api', 'manual__2024-10-15T06:14:42.763938+00:00', '--job-id', '19', '--raw', '--subdir', 'DAGS_FOLDER/my_dag.py', '--cfg-path', '/tmp/tmpw12po81l']
[2024-10-15T06:14:43.997+0000] {standard_task_runner.py:88} INFO - Job 19: Subtask stream_data_from_api
[2024-10-15T06:14:44.060+0000] {task_command.py:423} INFO - Running <TaskInstance: user_automation.stream_data_from_api manual__2024-10-15T06:14:42.763938+00:00 [running]> on host 5644afbf65e2
[2024-10-15T06:14:44.163+0000] {taskinstance.py:2513} INFO - Exporting env vars: AIRFLOW_CTX_DAG_OWNER='airscholar' AIRFLOW_CTX_DAG_ID='user_automation' AIRFLOW_CTX_TASK_ID='stream_data_from_api' AIRFLOW_CTX_EXECUTION_DATE='2024-10-15T06:14:42.763938+00:00' AIRFLOW_CTX_TRY_NUMBER='1' AIRFLOW_CTX_DAG_RUN_ID='manual__2024-10-15T06:14:42.763938+00:00'
[2024-10-15T06:14:44.227+0000] {conn.py:380} INFO - <BrokerConnection node_id=bootstrap-0 host=broker:29092 <connecting> [IPv4 ('172.18.0.14', 29092)]>: connecting to broker:29092 [('172.18.0.14', 29092) IPv4]
[2024-10-15T06:14:44.228+0000] {conn.py:1205} INFO - Probing node bootstrap-0 broker version
[2024-10-15T06:14:44.230+0000] {conn.py:410} INFO - <BrokerConnection node_id=bootstrap-0 host=broker:29092 <connecting> [IPv4 ('172.18.0.14', 29092)]>: Connection complete.
[2024-10-15T06:14:44.338+0000] {conn.py:1267} INFO - Broker version identified as 2.5.0
[2024-10-15T06:14:44.339+0000] {conn.py:1268} INFO - Set configuration api_version=(2, 5, 0) to skip auto check_version requests on startup
[2024-10-15T06:14:45.175+0000] {logging_mixin.py:188} INFO - oke
[2024-10-15T06:14:45.178+0000] {conn.py:380} INFO - <BrokerConnection node_id=1 host=broker:29092 <connecting> [IPv4 ('172.18.0.14', 29092)]>: connecting to broker:29092 [('172.18.0.14', 29092) IPv4]
[2024-10-15T06:14:45.179+0000] {conn.py:410} INFO - <BrokerConnection node_id=1 host=broker:29092 <connecting> [IPv4 ('172.18.0.14', 29092)]>: Connection complete.
[2024-10-15T06:14:45.180+0000] {conn.py:919} INFO - <BrokerConnection node_id=bootstrap-0 host=broker:29092 <connected> [IPv4 ('172.18.0.14', 29092)]>: Closing connection. 
[2024-10-15T06:14:45.707+0000] {logging_mixin.py:188} INFO - oke
[2024-10-15T06:14:46.155+0000] {logging_mixin.py:188} INFO - oke
[2024-10-15T06:14:46.547+0000] {logging_mixin.py:188} INFO - oke
[2024-10-15T06:14:46.986+0000] {logging_mixin.py:188} INFO - oke
[2024-10-15T06:14:47.767+0000] {logging_mixin.py:188} INFO - oke
[2024-10-15T06:14:48.190+0000] {logging_mixin.py:188} INFO - oke
[2024-10-15T06:14:48.597+0000] {logging_mixin.py:188} INFO - oke
[2024-10-15T06:14:49.007+0000] {logging_mixin.py:188} INFO - oke
[2024-10-15T06:14:49.409+0000] {logging_mixin.py:188} INFO - oke
[2024-10-15T06:14:49.947+0000] {logging_mixin.py:188} INFO - oke
[2024-10-15T06:14:50.362+0000] {logging_mixin.py:188} INFO - oke
[2024-10-15T06:14:50.765+0000] {logging_mixin.py:188} INFO - oke
[2024-10-15T06:14:51.189+0000] {logging_mixin.py:188} INFO - oke
[2024-10-15T06:14:51.567+0000] {logging_mixin.py:188} INFO - oke
[2024-10-15T06:14:51.936+0000] {logging_mixin.py:188} INFO - oke
[2024-10-15T06:14:52.305+0000] {logging_mixin.py:188} INFO - oke
[2024-10-15T06:14:52.742+0000] {logging_mixin.py:188} INFO - oke
[2024-10-15T06:14:53.141+0000] {logging_mixin.py:188} INFO - oke
[2024-10-15T06:14:53.688+0000] {logging_mixin.py:188} INFO - oke
[2024-10-15T06:14:54.101+0000] {logging_mixin.py:188} INFO - oke
[2024-10-15T06:14:54.532+0000] {logging_mixin.py:188} INFO - oke
[2024-10-15T06:14:54.535+0000] {conn.py:919} INFO - <BrokerConnection node_id=1 host=broker:29092 <connected> [IPv4 ('172.18.0.14', 29092)]>: Closing connection. 
[2024-10-15T06:14:54.536+0000] {python.py:202} INFO - Done. Returned value was: None
[2024-10-15T06:14:54.544+0000] {taskinstance.py:1149} INFO - Marking task as SUCCESS. dag_id=user_automation, task_id=stream_data_from_api, execution_date=20241015T061442, start_date=20241015T061443, end_date=20241015T061454
[2024-10-15T06:14:54.597+0000] {local_task_job_runner.py:234} INFO - Task exited with return code 0
[2024-10-15T06:14:54.612+0000] {taskinstance.py:3312} INFO - 0 downstream tasks scheduled from follow-on schedule check
