[2024-10-17T17:16:49.261+0000] {taskinstance.py:1979} INFO - Dependencies all met for dep_context=non-requeueable deps ti=<TaskInstance: user_automation.stream_data_from_api manual__2024-10-17T17:16:47.898351+00:00 [queued]>
[2024-10-17T17:16:49.272+0000] {taskinstance.py:1979} INFO - Dependencies all met for dep_context=requeueable deps ti=<TaskInstance: user_automation.stream_data_from_api manual__2024-10-17T17:16:47.898351+00:00 [queued]>
[2024-10-17T17:16:49.272+0000] {taskinstance.py:2193} INFO - Starting attempt 1 of 1
[2024-10-17T17:16:49.284+0000] {taskinstance.py:2217} INFO - Executing <Task(PythonOperator): stream_data_from_api> on 2024-10-17 17:16:47.898351+00:00
[2024-10-17T17:16:49.288+0000] {standard_task_runner.py:60} INFO - Started process 279 to run task
[2024-10-17T17:16:49.290+0000] {standard_task_runner.py:87} INFO - Running: ['***', 'tasks', 'run', 'user_automation', 'stream_data_from_api', 'manual__2024-10-17T17:16:47.898351+00:00', '--job-id', '19', '--raw', '--subdir', 'DAGS_FOLDER/my_dag.py', '--cfg-path', '/tmp/tmpxecmvs65']
[2024-10-17T17:16:49.292+0000] {standard_task_runner.py:88} INFO - Job 19: Subtask stream_data_from_api
[2024-10-17T17:16:49.336+0000] {task_command.py:423} INFO - Running <TaskInstance: user_automation.stream_data_from_api manual__2024-10-17T17:16:47.898351+00:00 [running]> on host 5e2d829f4d1d
[2024-10-17T17:16:49.413+0000] {taskinstance.py:2513} INFO - Exporting env vars: AIRFLOW_CTX_DAG_OWNER='airscholar' AIRFLOW_CTX_DAG_ID='user_automation' AIRFLOW_CTX_TASK_ID='stream_data_from_api' AIRFLOW_CTX_EXECUTION_DATE='2024-10-17T17:16:47.898351+00:00' AIRFLOW_CTX_TRY_NUMBER='1' AIRFLOW_CTX_DAG_RUN_ID='manual__2024-10-17T17:16:47.898351+00:00'
[2024-10-17T17:16:49.503+0000] {conn.py:380} INFO - <BrokerConnection node_id=bootstrap-0 host=broker:29092 <connecting> [IPv4 ('172.18.0.11', 29092)]>: connecting to broker:29092 [('172.18.0.11', 29092) IPv4]
[2024-10-17T17:16:49.504+0000] {conn.py:1205} INFO - Probing node bootstrap-0 broker version
[2024-10-17T17:16:49.506+0000] {conn.py:410} INFO - <BrokerConnection node_id=bootstrap-0 host=broker:29092 <connecting> [IPv4 ('172.18.0.11', 29092)]>: Connection complete.
[2024-10-17T17:16:49.614+0000] {conn.py:1267} INFO - Broker version identified as 2.5.0
[2024-10-17T17:16:49.615+0000] {conn.py:1268} INFO - Set configuration api_version=(2, 5, 0) to skip auto check_version requests on startup
[2024-10-17T17:16:50.149+0000] {logging_mixin.py:188} INFO - oke
[2024-10-17T17:16:50.152+0000] {conn.py:380} INFO - <BrokerConnection node_id=1 host=broker:29092 <connecting> [IPv4 ('172.18.0.11', 29092)]>: connecting to broker:29092 [('172.18.0.11', 29092) IPv4]
[2024-10-17T17:16:50.153+0000] {conn.py:410} INFO - <BrokerConnection node_id=1 host=broker:29092 <connecting> [IPv4 ('172.18.0.11', 29092)]>: Connection complete.
[2024-10-17T17:16:50.154+0000] {conn.py:919} INFO - <BrokerConnection node_id=bootstrap-0 host=broker:29092 <connected> [IPv4 ('172.18.0.11', 29092)]>: Closing connection. 
[2024-10-17T17:16:50.753+0000] {logging_mixin.py:188} INFO - oke
[2024-10-17T17:16:51.199+0000] {logging_mixin.py:188} INFO - oke
[2024-10-17T17:16:51.655+0000] {logging_mixin.py:188} INFO - oke
[2024-10-17T17:16:52.094+0000] {logging_mixin.py:188} INFO - oke
[2024-10-17T17:16:52.515+0000] {logging_mixin.py:188} INFO - oke
[2024-10-17T17:16:52.967+0000] {logging_mixin.py:188} INFO - oke
[2024-10-17T17:16:53.386+0000] {logging_mixin.py:188} INFO - oke
[2024-10-17T17:16:53.856+0000] {logging_mixin.py:188} INFO - oke
[2024-10-17T17:16:54.721+0000] {logging_mixin.py:188} INFO - oke
[2024-10-17T17:16:55.160+0000] {logging_mixin.py:188} INFO - oke
[2024-10-17T17:16:55.545+0000] {logging_mixin.py:188} INFO - oke
[2024-10-17T17:16:55.987+0000] {logging_mixin.py:188} INFO - oke
[2024-10-17T17:16:56.421+0000] {logging_mixin.py:188} INFO - oke
[2024-10-17T17:16:56.857+0000] {logging_mixin.py:188} INFO - oke
[2024-10-17T17:16:57.287+0000] {logging_mixin.py:188} INFO - oke
[2024-10-17T17:16:58.124+0000] {logging_mixin.py:188} INFO - oke
[2024-10-17T17:16:58.547+0000] {logging_mixin.py:188} INFO - oke
[2024-10-17T17:16:59.006+0000] {logging_mixin.py:188} INFO - oke
[2024-10-17T17:16:59.442+0000] {logging_mixin.py:188} INFO - oke
[2024-10-17T17:16:59.865+0000] {logging_mixin.py:188} INFO - oke
[2024-10-17T17:16:59.868+0000] {conn.py:919} INFO - <BrokerConnection node_id=1 host=broker:29092 <connected> [IPv4 ('172.18.0.11', 29092)]>: Closing connection. 
[2024-10-17T17:16:59.869+0000] {python.py:202} INFO - Done. Returned value was: None
[2024-10-17T17:16:59.878+0000] {taskinstance.py:1149} INFO - Marking task as SUCCESS. dag_id=user_automation, task_id=stream_data_from_api, execution_date=20241017T171647, start_date=20241017T171649, end_date=20241017T171659
[2024-10-17T17:16:59.935+0000] {local_task_job_runner.py:234} INFO - Task exited with return code 0
[2024-10-17T17:16:59.951+0000] {taskinstance.py:3312} INFO - 0 downstream tasks scheduled from follow-on schedule check
