[2024-10-27T19:31:25.331+0000] {taskinstance.py:1979} INFO - Dependencies all met for dep_context=non-requeueable deps ti=<TaskInstance: user_automation.stream_data_from_api manual__2024-10-27T19:31:24.598741+00:00 [queued]>
[2024-10-27T19:31:25.345+0000] {taskinstance.py:1979} INFO - Dependencies all met for dep_context=requeueable deps ti=<TaskInstance: user_automation.stream_data_from_api manual__2024-10-27T19:31:24.598741+00:00 [queued]>
[2024-10-27T19:31:25.347+0000] {taskinstance.py:2193} INFO - Starting attempt 1 of 1
[2024-10-27T19:31:25.369+0000] {taskinstance.py:2217} INFO - Executing <Task(PythonOperator): stream_data_from_api> on 2024-10-27 19:31:24.598741+00:00
[2024-10-27T19:31:25.375+0000] {standard_task_runner.py:60} INFO - Started process 6436 to run task
[2024-10-27T19:31:25.379+0000] {standard_task_runner.py:87} INFO - Running: ['***', 'tasks', 'run', 'user_automation', 'stream_data_from_api', 'manual__2024-10-27T19:31:24.598741+00:00', '--job-id', '9', '--raw', '--subdir', 'DAGS_FOLDER/my_dag.py', '--cfg-path', '/tmp/tmpky_3llop']
[2024-10-27T19:31:25.381+0000] {standard_task_runner.py:88} INFO - Job 9: Subtask stream_data_from_api
[2024-10-27T19:31:25.437+0000] {task_command.py:423} INFO - Running <TaskInstance: user_automation.stream_data_from_api manual__2024-10-27T19:31:24.598741+00:00 [running]> on host 40a6e359d100
[2024-10-27T19:31:25.540+0000] {taskinstance.py:2513} INFO - Exporting env vars: AIRFLOW_CTX_DAG_OWNER='airscholar' AIRFLOW_CTX_DAG_ID='user_automation' AIRFLOW_CTX_TASK_ID='stream_data_from_api' AIRFLOW_CTX_EXECUTION_DATE='2024-10-27T19:31:24.598741+00:00' AIRFLOW_CTX_TRY_NUMBER='1' AIRFLOW_CTX_DAG_RUN_ID='manual__2024-10-27T19:31:24.598741+00:00'
[2024-10-27T19:31:25.587+0000] {conn.py:380} INFO - <BrokerConnection node_id=bootstrap-0 host=broker:29092 <connecting> [IPv4 ('172.18.0.11', 29092)]>: connecting to broker:29092 [('172.18.0.11', 29092) IPv4]
[2024-10-27T19:31:25.588+0000] {conn.py:1205} INFO - Probing node bootstrap-0 broker version
[2024-10-27T19:31:25.589+0000] {conn.py:410} INFO - <BrokerConnection node_id=bootstrap-0 host=broker:29092 <connecting> [IPv4 ('172.18.0.11', 29092)]>: Connection complete.
[2024-10-27T19:31:25.697+0000] {conn.py:1267} INFO - Broker version identified as 2.5.0
[2024-10-27T19:31:25.698+0000] {conn.py:1268} INFO - Set configuration api_version=(2, 5, 0) to skip auto check_version requests on startup
[2024-10-27T19:31:26.108+0000] {logging_mixin.py:188} INFO - oke
[2024-10-27T19:31:26.110+0000] {conn.py:380} INFO - <BrokerConnection node_id=1 host=broker:29092 <connecting> [IPv4 ('172.18.0.11', 29092)]>: connecting to broker:29092 [('172.18.0.11', 29092) IPv4]
[2024-10-27T19:31:26.113+0000] {conn.py:410} INFO - <BrokerConnection node_id=1 host=broker:29092 <connecting> [IPv4 ('172.18.0.11', 29092)]>: Connection complete.
[2024-10-27T19:31:26.114+0000] {conn.py:919} INFO - <BrokerConnection node_id=bootstrap-0 host=broker:29092 <connected> [IPv4 ('172.18.0.11', 29092)]>: Closing connection. 
[2024-10-27T19:31:26.468+0000] {logging_mixin.py:188} INFO - oke
[2024-10-27T19:31:26.854+0000] {logging_mixin.py:188} INFO - oke
[2024-10-27T19:31:27.222+0000] {logging_mixin.py:188} INFO - oke
[2024-10-27T19:31:27.574+0000] {logging_mixin.py:188} INFO - oke
[2024-10-27T19:31:27.943+0000] {logging_mixin.py:188} INFO - oke
[2024-10-27T19:31:28.310+0000] {logging_mixin.py:188} INFO - oke
[2024-10-27T19:31:28.684+0000] {logging_mixin.py:188} INFO - oke
[2024-10-27T19:31:29.066+0000] {logging_mixin.py:188} INFO - oke
[2024-10-27T19:31:29.418+0000] {logging_mixin.py:188} INFO - oke
[2024-10-27T19:31:29.780+0000] {logging_mixin.py:188} INFO - oke
[2024-10-27T19:31:30.120+0000] {logging_mixin.py:188} INFO - oke
[2024-10-27T19:31:30.537+0000] {logging_mixin.py:188} INFO - oke
[2024-10-27T19:31:30.928+0000] {logging_mixin.py:188} INFO - oke
[2024-10-27T19:31:31.277+0000] {logging_mixin.py:188} INFO - oke
[2024-10-27T19:31:31.658+0000] {logging_mixin.py:188} INFO - oke
[2024-10-27T19:31:32.008+0000] {logging_mixin.py:188} INFO - oke
[2024-10-27T19:31:32.382+0000] {logging_mixin.py:188} INFO - oke
[2024-10-27T19:31:32.743+0000] {logging_mixin.py:188} INFO - oke
[2024-10-27T19:31:33.078+0000] {logging_mixin.py:188} INFO - oke
[2024-10-27T19:31:33.436+0000] {logging_mixin.py:188} INFO - oke
[2024-10-27T19:31:33.807+0000] {logging_mixin.py:188} INFO - oke
[2024-10-27T19:31:34.162+0000] {logging_mixin.py:188} INFO - oke
[2024-10-27T19:31:34.519+0000] {logging_mixin.py:188} INFO - oke
[2024-10-27T19:31:34.897+0000] {logging_mixin.py:188} INFO - oke
[2024-10-27T19:31:35.247+0000] {logging_mixin.py:188} INFO - oke
[2024-10-27T19:31:35.593+0000] {logging_mixin.py:188} INFO - oke
[2024-10-27T19:31:35.946+0000] {logging_mixin.py:188} INFO - oke
[2024-10-27T19:31:36.316+0000] {logging_mixin.py:188} INFO - oke
[2024-10-27T19:31:36.658+0000] {logging_mixin.py:188} INFO - oke
[2024-10-27T19:31:37.011+0000] {logging_mixin.py:188} INFO - oke
[2024-10-27T19:31:37.384+0000] {logging_mixin.py:188} INFO - oke
[2024-10-27T19:31:37.730+0000] {logging_mixin.py:188} INFO - oke
[2024-10-27T19:31:38.215+0000] {logging_mixin.py:188} INFO - oke
[2024-10-27T19:31:38.572+0000] {logging_mixin.py:188} INFO - oke
[2024-10-27T19:31:38.927+0000] {logging_mixin.py:188} INFO - oke
[2024-10-27T19:31:39.311+0000] {logging_mixin.py:188} INFO - oke
[2024-10-27T19:31:39.666+0000] {logging_mixin.py:188} INFO - oke
[2024-10-27T19:31:40.012+0000] {logging_mixin.py:188} INFO - oke
[2024-10-27T19:31:40.368+0000] {logging_mixin.py:188} INFO - oke
[2024-10-27T19:31:40.731+0000] {logging_mixin.py:188} INFO - oke
[2024-10-27T19:31:41.077+0000] {logging_mixin.py:188} INFO - oke
[2024-10-27T19:31:41.833+0000] {logging_mixin.py:188} INFO - oke
[2024-10-27T19:31:42.187+0000] {logging_mixin.py:188} INFO - oke
[2024-10-27T19:31:42.550+0000] {logging_mixin.py:188} INFO - oke
[2024-10-27T19:31:42.907+0000] {logging_mixin.py:188} INFO - oke
[2024-10-27T19:31:43.254+0000] {logging_mixin.py:188} INFO - oke
[2024-10-27T19:31:43.602+0000] {logging_mixin.py:188} INFO - oke
[2024-10-27T19:31:43.952+0000] {logging_mixin.py:188} INFO - oke
[2024-10-27T19:31:44.691+0000] {logging_mixin.py:188} INFO - oke
[2024-10-27T19:31:45.054+0000] {logging_mixin.py:188} INFO - oke
[2024-10-27T19:31:45.449+0000] {logging_mixin.py:188} INFO - oke
[2024-10-27T19:31:45.811+0000] {logging_mixin.py:188} INFO - oke
[2024-10-27T19:31:46.178+0000] {logging_mixin.py:188} INFO - oke
[2024-10-27T19:31:46.531+0000] {logging_mixin.py:188} INFO - oke
[2024-10-27T19:31:46.919+0000] {logging_mixin.py:188} INFO - oke
[2024-10-27T19:31:47.289+0000] {logging_mixin.py:188} INFO - oke
[2024-10-27T19:31:47.644+0000] {logging_mixin.py:188} INFO - oke
[2024-10-27T19:31:48.009+0000] {logging_mixin.py:188} INFO - oke
[2024-10-27T19:31:48.422+0000] {logging_mixin.py:188} INFO - oke
[2024-10-27T19:31:48.788+0000] {logging_mixin.py:188} INFO - oke
[2024-10-27T19:31:49.146+0000] {logging_mixin.py:188} INFO - oke
[2024-10-27T19:31:49.511+0000] {logging_mixin.py:188} INFO - oke
[2024-10-27T19:31:49.858+0000] {logging_mixin.py:188} INFO - oke
[2024-10-27T19:31:50.208+0000] {logging_mixin.py:188} INFO - oke
[2024-10-27T19:31:50.575+0000] {logging_mixin.py:188} INFO - oke
[2024-10-27T19:31:50.928+0000] {logging_mixin.py:188} INFO - oke
[2024-10-27T19:31:51.272+0000] {logging_mixin.py:188} INFO - oke
[2024-10-27T19:31:51.628+0000] {logging_mixin.py:188} INFO - oke
[2024-10-27T19:31:51.977+0000] {logging_mixin.py:188} INFO - oke
[2024-10-27T19:31:52.381+0000] {logging_mixin.py:188} INFO - oke
[2024-10-27T19:31:52.744+0000] {logging_mixin.py:188} INFO - oke
[2024-10-27T19:31:53.108+0000] {logging_mixin.py:188} INFO - oke
[2024-10-27T19:31:53.462+0000] {logging_mixin.py:188} INFO - oke
[2024-10-27T19:31:53.805+0000] {logging_mixin.py:188} INFO - oke
[2024-10-27T19:31:54.148+0000] {logging_mixin.py:188} INFO - oke
[2024-10-27T19:31:54.507+0000] {logging_mixin.py:188} INFO - oke
[2024-10-27T19:31:54.898+0000] {logging_mixin.py:188} INFO - oke
[2024-10-27T19:31:55.254+0000] {logging_mixin.py:188} INFO - oke
[2024-10-27T19:31:55.614+0000] {logging_mixin.py:188} INFO - oke
[2024-10-27T19:31:55.961+0000] {logging_mixin.py:188} INFO - oke
[2024-10-27T19:31:55.964+0000] {conn.py:919} INFO - <BrokerConnection node_id=1 host=broker:29092 <connected> [IPv4 ('172.18.0.11', 29092)]>: Closing connection. 
[2024-10-27T19:31:55.966+0000] {python.py:202} INFO - Done. Returned value was: None
[2024-10-27T19:31:55.980+0000] {taskinstance.py:1149} INFO - Marking task as SUCCESS. dag_id=user_automation, task_id=stream_data_from_api, execution_date=20241027T193124, start_date=20241027T193125, end_date=20241027T193155
[2024-10-27T19:31:56.017+0000] {local_task_job_runner.py:234} INFO - Task exited with return code 0
[2024-10-27T19:31:56.033+0000] {taskinstance.py:3312} INFO - 0 downstream tasks scheduled from follow-on schedule check
